{"timestamp":"2026-07-13T17:13:42.639833Z","level":"info","event":"::group::Pre Execute","logger":"task","filename":"task_runner.py","lineno":2303}
{"timestamp":"2026-07-13T17:13:43.033922Z","level":"info","event":"DAG bundles loaded: dags-folder","dag_id":"conab_ingestion","task_id":"carregar","map_index":13,"run_id":"scheduled__2026-07-13T03:00:00+00:00","ti_id":"019f5c78-65f2-7bc3-a59e-baf2e70ef74b","try_number":1,"logger":"airflow.dag_processing.bundles.manager.DagBundlesManager","filename":"manager.py","lineno":271}
{"timestamp":"2026-07-13T17:13:43.037130Z","level":"info","event":"Filling up the DagBag from /opt/airflow/dags/conab_ingestion.py","dag_id":"conab_ingestion","task_id":"carregar","map_index":13,"run_id":"scheduled__2026-07-13T03:00:00+00:00","ti_id":"019f5c78-65f2-7bc3-a59e-baf2e70ef74b","try_number":1,"logger":"airflow.dag_processing.dagbag.BundleDagBag","filename":"dagbag.py","lineno":460}
{"timestamp":"2026-07-13T17:13:44.539958Z","level":"warning","event":"The `airflow.decorators.dag` attribute is deprecated. Please use `'airflow.sdk.dag'`.","category":"UserWarning","filename":"/opt/airflow/dags/conab_ingestion.py","lineno":17,"dag_id":"conab_ingestion","task_id":"carregar","map_index":13,"run_id":"scheduled__2026-07-13T03:00:00+00:00","ti_id":"019f5c78-65f2-7bc3-a59e-baf2e70ef74b","try_number":1,"logger":"py.warnings"}
{"timestamp":"2026-07-13T17:13:44.540459Z","level":"warning","event":"The `airflow.decorators.task` attribute is deprecated. Please use `'airflow.sdk.task'`.","category":"UserWarning","filename":"/opt/airflow/dags/conab_ingestion.py","lineno":17,"dag_id":"conab_ingestion","task_id":"carregar","map_index":13,"run_id":"scheduled__2026-07-13T03:00:00+00:00","ti_id":"019f5c78-65f2-7bc3-a59e-baf2e70ef74b","try_number":1,"logger":"py.warnings"}
{"timestamp":"2026-07-13T17:13:44.543725Z","level":"info","event":"Worker startup parse complete","bundle_name":"dags-folder","bundle_version":null,"dag_file":"conab_ingestion.py","dag_id":"conab_ingestion","bundle_prepare_ms":5,"dag_file_parse_ms":1506,"task_id":"carregar","map_index":13,"run_id":"scheduled__2026-07-13T03:00:00+00:00","ti_id":"019f5c78-65f2-7bc3-a59e-baf2e70ef74b","try_number":1,"logger":"task","filename":"task_runner.py","lineno":1062}
{"timestamp":"2026-07-13T17:13:44.830952Z","level":"info","event":"::endgroup::","dag_id":"conab_ingestion","task_id":"carregar","map_index":13,"run_id":"scheduled__2026-07-13T03:00:00+00:00","ti_id":"019f5c78-65f2-7bc3-a59e-baf2e70ef74b","try_number":1,"logger":"task","filename":"task_runner.py","lineno":2107}
{"timestamp":"2026-07-13T17:13:44.849886Z","level":"info","event":"Carregado .env de: /opt/airflow/dags/spark/.env","logger":"spark.ingest","dag_id":"conab_ingestion","task_id":"carregar","map_index":13,"run_id":"scheduled__2026-07-13T03:00:00+00:00","ti_id":"019f5c78-65f2-7bc3-a59e-baf2e70ef74b","try_number":1,"filename":"ingest.py","lineno":55}
{"timestamp":"2026-07-13T17:13:44.851115Z","level":"info","event":"Catálogo configurado — URI=https://catalog.cloudflarestorage.com/515e2015338845cbadff913ac19d97a0/agrodata | warehouse=515e2015338845cbadff913ac19d97a0_agrodata | token=cfat_GNL…2c11","logger":"spark.ingest","dag_id":"conab_ingestion","task_id":"carregar","map_index":13,"run_id":"scheduled__2026-07-13T03:00:00+00:00","ti_id":"019f5c78-65f2-7bc3-a59e-baf2e70ef74b","try_number":1,"filename":"ingest.py","lineno":76}
{"timestamp":"2026-07-13T17:13:45.783293Z","level":"error","event":"WARNING: Using incubator modules: jdk.incubator.vector","logger":"task.stderr"}
{"timestamp":"2026-07-13T17:14:08.372973Z","level":"error","event":"26/07/13 17:14:08 WARN NativeCodeLoader: Unable to load native-hadoop library for your platform... using builtin-java classes where applicable","logger":"task.stderr"}
{"timestamp":"2026-07-13T17:14:09.850591Z","level":"error","event":"Using Spark's default log4j profile: org/apache/spark/log4j2-defaults.properties","logger":"task.stderr"}
{"timestamp":"2026-07-13T17:14:09.862529Z","level":"error","event":"Setting default log level to \"WARN\".","logger":"task.stderr"}
{"timestamp":"2026-07-13T17:14:09.863809Z","level":"error","event":"To adjust logging level use sc.setLogLevel(newLevel). For SparkR, use setLogLevel(newLevel).","logger":"task.stderr"}
{"timestamp":"2026-07-13T17:17:01.768276Z","level":"info","event":"Done. Returned value was: None","dag_id":"conab_ingestion","task_id":"carregar","map_index":13,"run_id":"scheduled__2026-07-13T03:00:00+00:00","ti_id":"019f5c78-65f2-7bc3-a59e-baf2e70ef74b","try_number":1,"logger":"airflow.task.operators.airflow.providers.standard.decorators.python._PythonDecoratedOperator","filename":"python.py","lineno":233}
{"timestamp":"2026-07-13T17:17:01.768707Z","level":"info","event":"::group::Post Execute","dag_id":"conab_ingestion","task_id":"carregar","map_index":13,"run_id":"scheduled__2026-07-13T03:00:00+00:00","ti_id":"019f5c78-65f2-7bc3-a59e-baf2e70ef74b","try_number":1,"logger":"task","filename":"task_runner.py","lineno":1577}
{"timestamp":"2026-07-13T17:17:01.917194Z","level":"info","event":"::endgroup::","dag_id":"conab_ingestion","task_id":"carregar","map_index":13,"run_id":"scheduled__2026-07-13T03:00:00+00:00","ti_id":"019f5c78-65f2-7bc3-a59e-baf2e70ef74b","try_number":1,"logger":"task","filename":"task_runner.py","lineno":2270}
{"timestamp":"2026-07-13T17:17:02.792804Z","level":"error","event":"\r[Stage 0:>                                                          (0 + 0) / 1]\r\r[Stage 0:>                                                          (0 + 1) / 1]\r\r[Stage 0:===========================================================(1 + 0) / 1]\r\r                                                                                \r\r[Stage 1:>                                                          (0 + 1) / 1]\r\r                                                                                \r\r[Stage 3:>                                                          (0 + 0) / 1]\r\r[Stage 3:>                                                          (0 + 1) / 1]\r\r                                                                                \r\r[Stage 4:>                                                          (0 + 1) / 1]","logger":"task.stderr"}
{"timestamp":"2026-07-13T22:52:07.726428Z","level":"info","event":"::group::Pre Execute","logger":"task","filename":"task_runner.py","lineno":2303}
{"timestamp":"2026-07-13T22:52:08.098992Z","level":"info","event":"DAG bundles loaded: dags-folder","run_id":"scheduled__2026-07-13T03:00:00+00:00","try_number":1,"map_index":13,"dag_id":"conab_ingestion","task_id":"carregar","ti_id":"019f5dae-3ae4-75fa-8447-d2c6aca134a6","logger":"airflow.dag_processing.bundles.manager.DagBundlesManager","filename":"manager.py","lineno":271}
{"timestamp":"2026-07-13T22:52:08.105583Z","level":"info","event":"Filling up the DagBag from /opt/airflow/dags/conab_ingestion.py","run_id":"scheduled__2026-07-13T03:00:00+00:00","try_number":1,"map_index":13,"dag_id":"conab_ingestion","task_id":"carregar","ti_id":"019f5dae-3ae4-75fa-8447-d2c6aca134a6","logger":"airflow.dag_processing.dagbag.BundleDagBag","filename":"dagbag.py","lineno":460}
{"timestamp":"2026-07-13T22:52:09.934787Z","level":"warning","event":"The `airflow.decorators.dag` attribute is deprecated. Please use `'airflow.sdk.dag'`.","category":"UserWarning","filename":"/opt/airflow/dags/conab_ingestion.py","lineno":17,"run_id":"scheduled__2026-07-13T03:00:00+00:00","try_number":1,"map_index":13,"dag_id":"conab_ingestion","task_id":"carregar","ti_id":"019f5dae-3ae4-75fa-8447-d2c6aca134a6","logger":"py.warnings"}
{"timestamp":"2026-07-13T22:52:09.935060Z","level":"warning","event":"The `airflow.decorators.task` attribute is deprecated. Please use `'airflow.sdk.task'`.","category":"UserWarning","filename":"/opt/airflow/dags/conab_ingestion.py","lineno":17,"run_id":"scheduled__2026-07-13T03:00:00+00:00","try_number":1,"map_index":13,"dag_id":"conab_ingestion","task_id":"carregar","ti_id":"019f5dae-3ae4-75fa-8447-d2c6aca134a6","logger":"py.warnings"}
{"timestamp":"2026-07-13T22:52:09.939343Z","level":"info","event":"Worker startup parse complete","bundle_name":"dags-folder","bundle_version":null,"dag_file":"conab_ingestion.py","dag_id":"conab_ingestion","bundle_prepare_ms":8,"dag_file_parse_ms":1833,"run_id":"scheduled__2026-07-13T03:00:00+00:00","try_number":1,"map_index":13,"task_id":"carregar","ti_id":"019f5dae-3ae4-75fa-8447-d2c6aca134a6","logger":"task","filename":"task_runner.py","lineno":1062}
{"timestamp":"2026-07-13T22:52:13.720086Z","level":"info","event":"::endgroup::","run_id":"scheduled__2026-07-13T03:00:00+00:00","try_number":1,"map_index":13,"dag_id":"conab_ingestion","task_id":"carregar","ti_id":"019f5dae-3ae4-75fa-8447-d2c6aca134a6","logger":"task","filename":"task_runner.py","lineno":2107}
{"timestamp":"2026-07-13T22:52:13.759826Z","level":"info","event":"Carregado .env de: /opt/airflow/dags/spark/.env","logger":"spark.ingest","run_id":"scheduled__2026-07-13T03:00:00+00:00","try_number":1,"map_index":13,"dag_id":"conab_ingestion","task_id":"carregar","ti_id":"019f5dae-3ae4-75fa-8447-d2c6aca134a6","filename":"ingest.py","lineno":54}
{"timestamp":"2026-07-13T22:52:13.760327Z","level":"info","event":"Catálogo configurado — URI=https://catalog.cloudflarestorage.com/515e2015338845cbadff913ac19d97a0/agrodata | warehouse=515e2015338845cbadff913ac19d97a0_agrodata | token=cfat_GNL…2c11","logger":"spark.ingest","run_id":"scheduled__2026-07-13T03:00:00+00:00","try_number":1,"map_index":13,"dag_id":"conab_ingestion","task_id":"carregar","ti_id":"019f5dae-3ae4-75fa-8447-d2c6aca134a6","filename":"ingest.py","lineno":75}
{"timestamp":"2026-07-13T22:52:15.074906Z","level":"error","event":"WARNING: Using incubator modules: jdk.incubator.vector","logger":"task.stderr"}
{"timestamp":"2026-07-13T22:52:35.313912Z","level":"error","event":"26/07/13 22:52:35 WARN NativeCodeLoader: Unable to load native-hadoop library for your platform... using builtin-java classes where applicable","logger":"task.stderr"}
{"timestamp":"2026-07-13T22:52:40.247623Z","level":"error","event":"Using Spark's default log4j profile: org/apache/spark/log4j2-defaults.properties","logger":"task.stderr"}
{"timestamp":"2026-07-13T22:52:40.298026Z","level":"error","event":"Setting default log level to \"WARN\".","logger":"task.stderr"}
{"timestamp":"2026-07-13T22:52:40.312268Z","level":"error","event":"To adjust logging level use sc.setLogLevel(newLevel). For SparkR, use setLogLevel(newLevel).","logger":"task.stderr"}
{"timestamp":"2026-07-13T22:52:59.899450Z","level":"error","event":"Server indicated the task shouldn't be running anymore. Terminating process","detail":{"reason":"not_found","message":"Task Instance not found"},"logger":"task"}
{"timestamp":"2026-07-13T22:53:06.001461Z","level":"error","event":"Task killed!","logger":"task"}
{"timestamp":"2026-07-13T22:56:55.193076Z","level":"info","event":"::group::Pre Execute","logger":"task","filename":"task_runner.py","lineno":2303}
{"timestamp":"2026-07-13T22:56:55.503787Z","level":"info","event":"DAG bundles loaded: dags-folder","dag_id":"conab_ingestion","try_number":1,"map_index":13,"ti_id":"019f5db2-9dd5-72a0-815f-0ef3664c53c4","task_id":"carregar","run_id":"scheduled__2026-07-13T03:00:00+00:00","logger":"airflow.dag_processing.bundles.manager.DagBundlesManager","filename":"manager.py","lineno":271}
{"timestamp":"2026-07-13T22:56:55.514923Z","level":"info","event":"Filling up the DagBag from /opt/airflow/dags/conab_ingestion.py","dag_id":"conab_ingestion","try_number":1,"map_index":13,"ti_id":"019f5db2-9dd5-72a0-815f-0ef3664c53c4","task_id":"carregar","run_id":"scheduled__2026-07-13T03:00:00+00:00","logger":"airflow.dag_processing.dagbag.BundleDagBag","filename":"dagbag.py","lineno":460}
{"timestamp":"2026-07-13T22:56:59.071547Z","level":"warning","event":"The `airflow.decorators.dag` attribute is deprecated. Please use `'airflow.sdk.dag'`.","category":"UserWarning","filename":"/opt/airflow/dags/conab_ingestion.py","lineno":17,"dag_id":"conab_ingestion","try_number":1,"map_index":13,"ti_id":"019f5db2-9dd5-72a0-815f-0ef3664c53c4","task_id":"carregar","run_id":"scheduled__2026-07-13T03:00:00+00:00","logger":"py.warnings"}
{"timestamp":"2026-07-13T22:56:59.082737Z","level":"warning","event":"The `airflow.decorators.task` attribute is deprecated. Please use `'airflow.sdk.task'`.","category":"UserWarning","filename":"/opt/airflow/dags/conab_ingestion.py","lineno":17,"dag_id":"conab_ingestion","try_number":1,"map_index":13,"ti_id":"019f5db2-9dd5-72a0-815f-0ef3664c53c4","task_id":"carregar","run_id":"scheduled__2026-07-13T03:00:00+00:00","logger":"py.warnings"}
{"timestamp":"2026-07-13T22:56:59.141409Z","level":"info","event":"Worker startup parse complete","bundle_name":"dags-folder","bundle_version":null,"dag_file":"conab_ingestion.py","dag_id":"conab_ingestion","bundle_prepare_ms":12,"dag_file_parse_ms":3625,"try_number":1,"map_index":13,"ti_id":"019f5db2-9dd5-72a0-815f-0ef3664c53c4","task_id":"carregar","run_id":"scheduled__2026-07-13T03:00:00+00:00","logger":"task","filename":"task_runner.py","lineno":1062}
{"timestamp":"2026-07-13T22:57:01.301522Z","level":"info","event":"::endgroup::","dag_id":"conab_ingestion","try_number":1,"map_index":13,"ti_id":"019f5db2-9dd5-72a0-815f-0ef3664c53c4","task_id":"carregar","run_id":"scheduled__2026-07-13T03:00:00+00:00","logger":"task","filename":"task_runner.py","lineno":2107}
{"timestamp":"2026-07-13T22:57:01.325140Z","level":"info","event":"Carregado .env de: /opt/airflow/dags/spark/.env","logger":"spark.ingest","dag_id":"conab_ingestion","try_number":1,"map_index":13,"ti_id":"019f5db2-9dd5-72a0-815f-0ef3664c53c4","task_id":"carregar","run_id":"scheduled__2026-07-13T03:00:00+00:00","filename":"ingest.py","lineno":54}
{"timestamp":"2026-07-13T22:57:01.326361Z","level":"info","event":"Catálogo configurado — URI=https://catalog.cloudflarestorage.com/515e2015338845cbadff913ac19d97a0/agrodata | warehouse=515e2015338845cbadff913ac19d97a0_agrodata | token=cfat_GNL…2c11","logger":"spark.ingest","dag_id":"conab_ingestion","try_number":1,"map_index":13,"ti_id":"019f5db2-9dd5-72a0-815f-0ef3664c53c4","task_id":"carregar","run_id":"scheduled__2026-07-13T03:00:00+00:00","filename":"ingest.py","lineno":75}
{"timestamp":"2026-07-13T22:57:02.545179Z","level":"error","event":"WARNING: Using incubator modules: jdk.incubator.vector","logger":"task.stderr"}
{"timestamp":"2026-07-13T22:57:21.817853Z","level":"error","event":"26/07/13 22:57:21 WARN NativeCodeLoader: Unable to load native-hadoop library for your platform... using builtin-java classes where applicable","logger":"task.stderr"}
{"timestamp":"2026-07-13T22:57:23.207913Z","level":"error","event":"Using Spark's default log4j profile: org/apache/spark/log4j2-defaults.properties","logger":"task.stderr"}
{"timestamp":"2026-07-13T22:57:23.210938Z","level":"error","event":"Setting default log level to \"WARN\".","logger":"task.stderr"}
{"timestamp":"2026-07-13T22:57:23.212073Z","level":"error","event":"To adjust logging level use sc.setLogLevel(newLevel). For SparkR, use setLogLevel(newLevel).","logger":"task.stderr"}
{"timestamp":"2026-07-13T22:57:56.778229Z","level":"error","event":"26/07/13 22:57:56 ERROR Inbox: Ignoring error","logger":"task.stderr"}
{"timestamp":"2026-07-13T22:57:56.779846Z","level":"error","event":"java.lang.NullPointerException: Cannot invoke \"org.apache.spark.storage.BlockManagerId.executorId()\" because \"idWithoutTopologyInfo\" is null","logger":"task.stderr"}
{"timestamp":"2026-07-13T22:57:56.785939Z","level":"error","event":"\tat org.apache.spark.storage.BlockManagerMasterEndpoint.org$apache$spark$storage$BlockManagerMasterEndpoint$$register(BlockManagerMasterEndpoint.scala:696)","logger":"task.stderr"}
{"timestamp":"2026-07-13T22:57:56.787484Z","level":"error","event":"\tat org.apache.spark.storage.BlockManagerMasterEndpoint$$anonfun$receiveAndReply$1.applyOrElse(BlockManagerMasterEndpoint.scala:141)","logger":"task.stderr"}
{"timestamp":"2026-07-13T22:57:56.805352Z","level":"error","event":"\tat org.apache.spark.rpc.netty.Inbox.$anonfun$process$1(Inbox.scala:104)","logger":"task.stderr"}
{"timestamp":"2026-07-13T22:57:56.809658Z","level":"error","event":"\tat org.apache.spark.rpc.netty.Inbox.safelyCall(Inbox.scala:216)","logger":"task.stderr"}
{"timestamp":"2026-07-13T22:57:56.816617Z","level":"error","event":"\tat org.apache.spark.rpc.netty.Inbox.process(Inbox.scala:101)","logger":"task.stderr"}
{"timestamp":"2026-07-13T22:57:56.818261Z","level":"error","event":"\tat org.apache.spark.rpc.netty.MessageLoop.org$apache$spark$rpc$netty$MessageLoop$$receiveLoop(MessageLoop.scala:76)","logger":"task.stderr"}
{"timestamp":"2026-07-13T22:57:56.827653Z","level":"error","event":"\tat org.apache.spark.rpc.netty.MessageLoop$$anon$1.run(MessageLoop.scala:42)","logger":"task.stderr"}
{"timestamp":"2026-07-13T22:57:56.831177Z","level":"error","event":"\tat java.base/java.util.concurrent.ThreadPoolExecutor.runWorker(ThreadPoolExecutor.java:1136)","logger":"task.stderr"}
{"timestamp":"2026-07-13T22:57:56.832578Z","level":"error","event":"\tat java.base/java.util.concurrent.ThreadPoolExecutor$Worker.run(ThreadPoolExecutor.java:635)","logger":"task.stderr"}
{"timestamp":"2026-07-13T22:57:56.834077Z","level":"error","event":"\tat java.base/java.lang.Thread.run(Thread.java:840)","logger":"task.stderr"}
{"timestamp":"2026-07-13T22:57:56.835521Z","level":"error","event":"26/07/13 22:57:56 WARN Executor: Issue communicating with driver in heartbeater","logger":"task.stderr"}
{"timestamp":"2026-07-13T22:57:56.836508Z","level":"error","event":"org.apache.spark.SparkException: Exception thrown in awaitResult:","logger":"task.stderr"}
{"timestamp":"2026-07-13T22:57:56.837459Z","level":"error","event":"\tat org.apache.spark.util.SparkThreadUtils$.awaitResult(SparkThreadUtils.scala:53)","logger":"task.stderr"}
{"timestamp":"2026-07-13T22:57:56.838508Z","level":"error","event":"\tat org.apache.spark.util.ThreadUtils$.awaitResult(ThreadUtils.scala:359)","logger":"task.stderr"}
{"timestamp":"2026-07-13T22:57:56.854826Z","level":"error","event":"\tat org.apache.spark.rpc.RpcTimeout.awaitResult(RpcTimeout.scala:75)","logger":"task.stderr"}
{"timestamp":"2026-07-13T22:57:56.863019Z","level":"error","event":"\tat org.apache.spark.rpc.RpcEndpointRef.askSync(RpcEndpointRef.scala:101)","logger":"task.stderr"}
{"timestamp":"2026-07-13T22:57:56.864887Z","level":"error","event":"\tat org.apache.spark.rpc.RpcEndpointRef.askSync(RpcEndpointRef.scala:85)","logger":"task.stderr"}
{"timestamp":"2026-07-13T22:57:56.866341Z","level":"error","event":"\tat org.apache.spark.storage.BlockManagerMaster.registerBlockManager(BlockManagerMaster.scala:81)","logger":"task.stderr"}
{"timestamp":"2026-07-13T22:57:56.867728Z","level":"error","event":"\tat org.apache.spark.storage.BlockManager.reregister(BlockManager.scala:674)","logger":"task.stderr"}
{"timestamp":"2026-07-13T22:57:56.868898Z","level":"error","event":"\tat org.apache.spark.executor.Executor.reportHeartBeat(Executor.scala:1530)","logger":"task.stderr"}
{"timestamp":"2026-07-13T22:57:56.870356Z","level":"error","event":"\tat org.apache.spark.executor.Executor.$anonfun$heartbeater$1(Executor.scala:483)","logger":"task.stderr"}
{"timestamp":"2026-07-13T22:57:56.871708Z","level":"error","event":"\tat scala.runtime.java8.JFunction0$mcV$sp.apply(JFunction0$mcV$sp.scala:18)","logger":"task.stderr"}
{"timestamp":"2026-07-13T22:57:56.872876Z","level":"error","event":"\tat org.apache.spark.util.Utils$.logUncaughtExceptions(Utils.scala:1941)","logger":"task.stderr"}
{"timestamp":"2026-07-13T22:57:56.873922Z","level":"error","event":"\tat org.apache.spark.Heartbeater$$anon$1.run(Heartbeater.scala:46)","logger":"task.stderr"}
{"timestamp":"2026-07-13T22:57:56.874879Z","level":"error","event":"\tat java.base/java.util.concurrent.Executors$RunnableAdapter.call(Executors.java:539)","logger":"task.stderr"}
{"timestamp":"2026-07-13T22:57:56.890932Z","level":"error","event":"\tat java.base/java.util.concurrent.FutureTask.runAndReset(FutureTask.java:305)","logger":"task.stderr"}
{"timestamp":"2026-07-13T22:57:56.892377Z","level":"error","event":"\tat java.base/java.util.concurrent.ScheduledThreadPoolExecutor$ScheduledFutureTask.run(ScheduledThreadPoolExecutor.java:305)","logger":"task.stderr"}
{"timestamp":"2026-07-13T22:57:56.893529Z","level":"error","event":"\tat java.base/java.util.concurrent.ThreadPoolExecutor.runWorker(ThreadPoolExecutor.java:1136)","logger":"task.stderr"}
{"timestamp":"2026-07-13T22:57:56.896234Z","level":"error","event":"\tat java.base/java.util.concurrent.ThreadPoolExecutor$Worker.run(ThreadPoolExecutor.java:635)","logger":"task.stderr"}
{"timestamp":"2026-07-13T22:57:56.903045Z","level":"error","event":"\tat java.base/java.lang.Thread.run(Thread.java:840)","logger":"task.stderr"}
{"timestamp":"2026-07-13T22:57:56.904449Z","level":"error","event":"Caused by: java.lang.NullPointerException: Cannot invoke \"org.apache.spark.storage.BlockManagerId.executorId()\" because \"idWithoutTopologyInfo\" is null","logger":"task.stderr"}
{"timestamp":"2026-07-13T22:57:56.905563Z","level":"error","event":"\tat org.apache.spark.storage.BlockManagerMasterEndpoint.org$apache$spark$storage$BlockManagerMasterEndpoint$$register(BlockManagerMasterEndpoint.scala:696)","logger":"task.stderr"}
{"timestamp":"2026-07-13T22:57:56.906502Z","level":"error","event":"\tat org.apache.spark.storage.BlockManagerMasterEndpoint$$anonfun$receiveAndReply$1.applyOrElse(BlockManagerMasterEndpoint.scala:141)","logger":"task.stderr"}
{"timestamp":"2026-07-13T22:57:56.907454Z","level":"error","event":"\tat org.apache.spark.rpc.netty.Inbox.$anonfun$process$1(Inbox.scala:104)","logger":"task.stderr"}
{"timestamp":"2026-07-13T22:57:56.911267Z","level":"error","event":"\tat org.apache.spark.rpc.netty.Inbox.safelyCall(Inbox.scala:216)","logger":"task.stderr"}
{"timestamp":"2026-07-13T22:57:56.919579Z","level":"error","event":"\tat org.apache.spark.rpc.netty.Inbox.process(Inbox.scala:101)","logger":"task.stderr"}
{"timestamp":"2026-07-13T22:57:56.921594Z","level":"error","event":"\tat org.apache.spark.rpc.netty.MessageLoop.org$apache$spark$rpc$netty$MessageLoop$$receiveLoop(MessageLoop.scala:76)","logger":"task.stderr"}
{"timestamp":"2026-07-13T22:57:56.923061Z","level":"error","event":"\tat org.apache.spark.rpc.netty.MessageLoop$$anon$1.run(MessageLoop.scala:42)","logger":"task.stderr"}
{"timestamp":"2026-07-13T22:57:56.924210Z","level":"error","event":"\t... 3 more","logger":"task.stderr"}
{"timestamp":"2026-07-13T23:00:26.724602Z","level":"info","event":"Done. Returned value was: None","dag_id":"conab_ingestion","try_number":1,"map_index":13,"ti_id":"019f5db2-9dd5-72a0-815f-0ef3664c53c4","task_id":"carregar","run_id":"scheduled__2026-07-13T03:00:00+00:00","logger":"airflow.task.operators.airflow.providers.standard.decorators.python._PythonDecoratedOperator","filename":"python.py","lineno":233}
{"timestamp":"2026-07-13T23:00:26.757208Z","level":"info","event":"::group::Post Execute","dag_id":"conab_ingestion","try_number":1,"map_index":13,"ti_id":"019f5db2-9dd5-72a0-815f-0ef3664c53c4","task_id":"carregar","run_id":"scheduled__2026-07-13T03:00:00+00:00","logger":"task","filename":"task_runner.py","lineno":1577}
{"timestamp":"2026-07-13T23:00:26.897484Z","level":"info","event":"::endgroup::","dag_id":"conab_ingestion","try_number":1,"map_index":13,"ti_id":"019f5db2-9dd5-72a0-815f-0ef3664c53c4","task_id":"carregar","run_id":"scheduled__2026-07-13T03:00:00+00:00","logger":"task","filename":"task_runner.py","lineno":2270}
{"timestamp":"2026-07-13T23:00:27.794731Z","level":"error","event":"\r[Stage 0:>                                                          (0 + 0) / 1]\r\r[Stage 0:>                                                          (0 + 1) / 1]\r\r                                                                                \r\r[Stage 1:>                                                          (0 + 1) / 1]\r\r                                                                                \r\r[Stage 3:>                                                          (0 + 1) / 1]\r\r                                                                                \r\r[Stage 4:>                                                          (0 + 1) / 1]","logger":"task.stderr"}
