{"timestamp":"2026-07-13T17:13:42.578359Z","level":"info","event":"::group::Pre Execute","logger":"task","filename":"task_runner.py","lineno":2303}
{"timestamp":"2026-07-13T17:13:42.959076Z","level":"info","event":"DAG bundles loaded: dags-folder","try_number":1,"map_index":4,"task_id":"carregar","ti_id":"019f5c78-65e0-7508-9b0a-fd584b7ed1c0","run_id":"scheduled__2026-07-13T03:00:00+00:00","dag_id":"conab_ingestion","logger":"airflow.dag_processing.bundles.manager.DagBundlesManager","filename":"manager.py","lineno":271}
{"timestamp":"2026-07-13T17:13:42.982914Z","level":"info","event":"Filling up the DagBag from /opt/airflow/dags/conab_ingestion.py","try_number":1,"map_index":4,"task_id":"carregar","ti_id":"019f5c78-65e0-7508-9b0a-fd584b7ed1c0","run_id":"scheduled__2026-07-13T03:00:00+00:00","dag_id":"conab_ingestion","logger":"airflow.dag_processing.dagbag.BundleDagBag","filename":"dagbag.py","lineno":460}
{"timestamp":"2026-07-13T17:13:44.746171Z","level":"warning","event":"The `airflow.decorators.dag` attribute is deprecated. Please use `'airflow.sdk.dag'`.","category":"UserWarning","filename":"/opt/airflow/dags/conab_ingestion.py","lineno":17,"try_number":1,"map_index":4,"task_id":"carregar","ti_id":"019f5c78-65e0-7508-9b0a-fd584b7ed1c0","run_id":"scheduled__2026-07-13T03:00:00+00:00","dag_id":"conab_ingestion","logger":"py.warnings"}
{"timestamp":"2026-07-13T17:13:44.746583Z","level":"warning","event":"The `airflow.decorators.task` attribute is deprecated. Please use `'airflow.sdk.task'`.","category":"UserWarning","filename":"/opt/airflow/dags/conab_ingestion.py","lineno":17,"try_number":1,"map_index":4,"task_id":"carregar","ti_id":"019f5c78-65e0-7508-9b0a-fd584b7ed1c0","run_id":"scheduled__2026-07-13T03:00:00+00:00","dag_id":"conab_ingestion","logger":"py.warnings"}
{"timestamp":"2026-07-13T17:13:44.752554Z","level":"info","event":"Worker startup parse complete","bundle_name":"dags-folder","bundle_version":null,"dag_file":"conab_ingestion.py","dag_id":"conab_ingestion","bundle_prepare_ms":24,"dag_file_parse_ms":1769,"try_number":1,"map_index":4,"task_id":"carregar","ti_id":"019f5c78-65e0-7508-9b0a-fd584b7ed1c0","run_id":"scheduled__2026-07-13T03:00:00+00:00","logger":"task","filename":"task_runner.py","lineno":1062}
{"timestamp":"2026-07-13T17:13:49.585467Z","level":"info","event":"::endgroup::","try_number":1,"map_index":4,"task_id":"carregar","ti_id":"019f5c78-65e0-7508-9b0a-fd584b7ed1c0","run_id":"scheduled__2026-07-13T03:00:00+00:00","dag_id":"conab_ingestion","logger":"task","filename":"task_runner.py","lineno":2107}
{"timestamp":"2026-07-13T17:13:49.642967Z","level":"info","event":"Carregado .env de: /opt/airflow/dags/spark/.env","logger":"spark.ingest","try_number":1,"map_index":4,"task_id":"carregar","ti_id":"019f5c78-65e0-7508-9b0a-fd584b7ed1c0","run_id":"scheduled__2026-07-13T03:00:00+00:00","dag_id":"conab_ingestion","filename":"ingest.py","lineno":55}
{"timestamp":"2026-07-13T17:13:49.643533Z","level":"info","event":"Catálogo configurado — URI=https://catalog.cloudflarestorage.com/515e2015338845cbadff913ac19d97a0/agrodata | warehouse=515e2015338845cbadff913ac19d97a0_agrodata | token=cfat_GNL…2c11","logger":"spark.ingest","try_number":1,"map_index":4,"task_id":"carregar","ti_id":"019f5c78-65e0-7508-9b0a-fd584b7ed1c0","run_id":"scheduled__2026-07-13T03:00:00+00:00","dag_id":"conab_ingestion","filename":"ingest.py","lineno":76}
{"timestamp":"2026-07-13T17:13:52.205909Z","level":"error","event":"WARNING: Using incubator modules: jdk.incubator.vector","logger":"task.stderr"}
{"timestamp":"2026-07-13T17:14:10.854646Z","level":"error","event":"26/07/13 17:14:10 WARN NativeCodeLoader: Unable to load native-hadoop library for your platform... using builtin-java classes where applicable","logger":"task.stderr"}
{"timestamp":"2026-07-13T17:14:14.858523Z","level":"error","event":"Using Spark's default log4j profile: org/apache/spark/log4j2-defaults.properties","logger":"task.stderr"}
{"timestamp":"2026-07-13T17:14:14.868108Z","level":"error","event":"Setting default log level to \"WARN\".","logger":"task.stderr"}
{"timestamp":"2026-07-13T17:14:14.869135Z","level":"error","event":"To adjust logging level use sc.setLogLevel(newLevel). For SparkR, use setLogLevel(newLevel).","logger":"task.stderr"}
{"timestamp":"2026-07-13T17:17:08.952739Z","level":"info","event":"Done. Returned value was: None","try_number":1,"map_index":4,"task_id":"carregar","ti_id":"019f5c78-65e0-7508-9b0a-fd584b7ed1c0","run_id":"scheduled__2026-07-13T03:00:00+00:00","dag_id":"conab_ingestion","logger":"airflow.task.operators.airflow.providers.standard.decorators.python._PythonDecoratedOperator","filename":"python.py","lineno":233}
{"timestamp":"2026-07-13T17:17:08.954004Z","level":"info","event":"::group::Post Execute","try_number":1,"map_index":4,"task_id":"carregar","ti_id":"019f5c78-65e0-7508-9b0a-fd584b7ed1c0","run_id":"scheduled__2026-07-13T03:00:00+00:00","dag_id":"conab_ingestion","logger":"task","filename":"task_runner.py","lineno":1577}
{"timestamp":"2026-07-13T17:17:09.254045Z","level":"info","event":"::endgroup::","try_number":1,"map_index":4,"task_id":"carregar","ti_id":"019f5c78-65e0-7508-9b0a-fd584b7ed1c0","run_id":"scheduled__2026-07-13T03:00:00+00:00","dag_id":"conab_ingestion","logger":"task","filename":"task_runner.py","lineno":2270}
{"timestamp":"2026-07-13T17:17:10.093421Z","level":"error","event":"\r[Stage 0:>                                                          (0 + 0) / 1]\r\r[Stage 0:>                                                          (0 + 1) / 1]\r\r                                                                                \r\r[Stage 1:>                                                          (0 + 2) / 2]\r\r[Stage 1:=============================>                             (1 + 1) / 2]\r\r                                                                                \r\r[Stage 3:>                                                          (0 + 2) / 2]\r\r[Stage 3:=============================>                             (1 + 1) / 2]\r\r                                                                                \r\r[Stage 4:>                                                          (0 + 2) / 2]","logger":"task.stderr"}
{"timestamp":"2026-07-13T22:52:07.711479Z","level":"info","event":"::group::Pre Execute","logger":"task","filename":"task_runner.py","lineno":2303}
{"timestamp":"2026-07-13T22:52:08.078959Z","level":"info","event":"DAG bundles loaded: dags-folder","try_number":1,"dag_id":"conab_ingestion","ti_id":"019f5dae-3ad8-745a-9c89-6ec9aaebeb3c","task_id":"carregar","map_index":4,"run_id":"scheduled__2026-07-13T03:00:00+00:00","logger":"airflow.dag_processing.bundles.manager.DagBundlesManager","filename":"manager.py","lineno":271}
{"timestamp":"2026-07-13T22:52:08.085104Z","level":"info","event":"Filling up the DagBag from /opt/airflow/dags/conab_ingestion.py","try_number":1,"dag_id":"conab_ingestion","ti_id":"019f5dae-3ad8-745a-9c89-6ec9aaebeb3c","task_id":"carregar","map_index":4,"run_id":"scheduled__2026-07-13T03:00:00+00:00","logger":"airflow.dag_processing.dagbag.BundleDagBag","filename":"dagbag.py","lineno":460}
{"timestamp":"2026-07-13T22:52:09.718316Z","level":"warning","event":"The `airflow.decorators.dag` attribute is deprecated. Please use `'airflow.sdk.dag'`.","category":"UserWarning","filename":"/opt/airflow/dags/conab_ingestion.py","lineno":17,"try_number":1,"dag_id":"conab_ingestion","ti_id":"019f5dae-3ad8-745a-9c89-6ec9aaebeb3c","task_id":"carregar","map_index":4,"run_id":"scheduled__2026-07-13T03:00:00+00:00","logger":"py.warnings"}
{"timestamp":"2026-07-13T22:52:09.719157Z","level":"warning","event":"The `airflow.decorators.task` attribute is deprecated. Please use `'airflow.sdk.task'`.","category":"UserWarning","filename":"/opt/airflow/dags/conab_ingestion.py","lineno":17,"try_number":1,"dag_id":"conab_ingestion","ti_id":"019f5dae-3ad8-745a-9c89-6ec9aaebeb3c","task_id":"carregar","map_index":4,"run_id":"scheduled__2026-07-13T03:00:00+00:00","logger":"py.warnings"}
{"timestamp":"2026-07-13T22:52:09.721558Z","level":"info","event":"Worker startup parse complete","bundle_name":"dags-folder","bundle_version":null,"dag_file":"conab_ingestion.py","dag_id":"conab_ingestion","bundle_prepare_ms":6,"dag_file_parse_ms":1637,"try_number":1,"ti_id":"019f5dae-3ad8-745a-9c89-6ec9aaebeb3c","task_id":"carregar","map_index":4,"run_id":"scheduled__2026-07-13T03:00:00+00:00","logger":"task","filename":"task_runner.py","lineno":1062}
{"timestamp":"2026-07-13T22:52:13.812455Z","level":"info","event":"::endgroup::","try_number":1,"dag_id":"conab_ingestion","ti_id":"019f5dae-3ad8-745a-9c89-6ec9aaebeb3c","task_id":"carregar","map_index":4,"run_id":"scheduled__2026-07-13T03:00:00+00:00","logger":"task","filename":"task_runner.py","lineno":2107}
{"timestamp":"2026-07-13T22:52:13.836007Z","level":"info","event":"Carregado .env de: /opt/airflow/dags/spark/.env","logger":"spark.ingest","try_number":1,"dag_id":"conab_ingestion","ti_id":"019f5dae-3ad8-745a-9c89-6ec9aaebeb3c","task_id":"carregar","map_index":4,"run_id":"scheduled__2026-07-13T03:00:00+00:00","filename":"ingest.py","lineno":54}
{"timestamp":"2026-07-13T22:52:13.836383Z","level":"info","event":"Catálogo configurado — URI=https://catalog.cloudflarestorage.com/515e2015338845cbadff913ac19d97a0/agrodata | warehouse=515e2015338845cbadff913ac19d97a0_agrodata | token=cfat_GNL…2c11","logger":"spark.ingest","try_number":1,"dag_id":"conab_ingestion","ti_id":"019f5dae-3ad8-745a-9c89-6ec9aaebeb3c","task_id":"carregar","map_index":4,"run_id":"scheduled__2026-07-13T03:00:00+00:00","filename":"ingest.py","lineno":75}
{"timestamp":"2026-07-13T22:52:15.294845Z","level":"error","event":"WARNING: Using incubator modules: jdk.incubator.vector","logger":"task.stderr"}
{"timestamp":"2026-07-13T22:52:35.531913Z","level":"error","event":"26/07/13 22:52:35 WARN NativeCodeLoader: Unable to load native-hadoop library for your platform... using builtin-java classes where applicable","logger":"task.stderr"}
{"timestamp":"2026-07-13T22:52:40.505700Z","level":"error","event":"Using Spark's default log4j profile: org/apache/spark/log4j2-defaults.properties","logger":"task.stderr"}
{"timestamp":"2026-07-13T22:52:40.512650Z","level":"error","event":"Setting default log level to \"WARN\".","logger":"task.stderr"}
{"timestamp":"2026-07-13T22:52:40.519357Z","level":"error","event":"To adjust logging level use sc.setLogLevel(newLevel). For SparkR, use setLogLevel(newLevel).","logger":"task.stderr"}
{"timestamp":"2026-07-13T22:52:59.921833Z","level":"error","event":"Server indicated the task shouldn't be running anymore. Terminating process","detail":{"reason":"not_found","message":"Task Instance not found"},"logger":"task"}
{"timestamp":"2026-07-13T22:53:06.884933Z","level":"error","event":"Task killed!","logger":"task"}
{"timestamp":"2026-07-13T22:53:08.536472Z","level":"error","event":"26/07/13 22:53:08 ERROR SparkContext: Error initializing SparkContext.","logger":"task.stderr"}
{"timestamp":"2026-07-13T22:53:08.538148Z","level":"error","event":"java.nio.file.NoSuchFileException: /tmp/spark-e6407dd6-4de2-48ae-ad40-dc652c9ed3f4/userFiles-0f15b6d6-4025-42d0-bac9-2b8e3cbe3e19/fetchFileTemp8902104673371939163.tmp","logger":"task.stderr"}
{"timestamp":"2026-07-13T22:53:08.539182Z","level":"error","event":"\tat java.base/sun.nio.fs.UnixException.translateToIOException(UnixException.java:92)","logger":"task.stderr"}
{"timestamp":"2026-07-13T22:53:08.540118Z","level":"error","event":"\tat java.base/sun.nio.fs.UnixException.rethrowAsIOException(UnixException.java:106)","logger":"task.stderr"}
{"timestamp":"2026-07-13T22:53:08.541020Z","level":"error","event":"\tat java.base/sun.nio.fs.UnixException.rethrowAsIOException(UnixException.java:111)","logger":"task.stderr"}
{"timestamp":"2026-07-13T22:53:08.541702Z","level":"error","event":"\tat java.base/sun.nio.fs.UnixCopyFile.move(UnixCopyFile.java:429)","logger":"task.stderr"}
{"timestamp":"2026-07-13T22:53:08.542233Z","level":"error","event":"\tat java.base/sun.nio.fs.UnixFileSystemProvider.move(UnixFileSystemProvider.java:266)","logger":"task.stderr"}
{"timestamp":"2026-07-13T22:53:08.542739Z","level":"error","event":"\tat java.base/java.nio.file.Files.move(Files.java:1432)","logger":"task.stderr"}
{"timestamp":"2026-07-13T22:53:08.543276Z","level":"error","event":"\tat org.apache.spark.util.Utils$.copyFile(Utils.scala:592)","logger":"task.stderr"}
{"timestamp":"2026-07-13T22:53:08.543776Z","level":"error","event":"\tat org.apache.spark.util.Utils$.downloadFile(Utils.scala:527)","logger":"task.stderr"}
{"timestamp":"2026-07-13T22:53:08.544286Z","level":"error","event":"\tat org.apache.spark.util.Utils$.doFetchFile(Utils.scala:655)","logger":"task.stderr"}
{"timestamp":"2026-07-13T22:53:08.544766Z","level":"error","event":"\tat org.apache.spark.util.Utils$.fetchFile(Utils.scala:410)","logger":"task.stderr"}
{"timestamp":"2026-07-13T22:53:08.545306Z","level":"error","event":"\tat org.apache.spark.executor.Executor.$anonfun$updateDependencies$14(Executor.scala:1467)","logger":"task.stderr"}
{"timestamp":"2026-07-13T22:53:08.545814Z","level":"error","event":"\tat org.apache.spark.executor.Executor.$anonfun$updateDependencies$14$adapted(Executor.scala:1458)","logger":"task.stderr"}
{"timestamp":"2026-07-13T22:53:08.546313Z","level":"error","event":"\tat scala.collection.IterableOnceOps.foreach(IterableOnce.scala:630)","logger":"task.stderr"}
{"timestamp":"2026-07-13T22:53:08.546839Z","level":"error","event":"\tat scala.collection.IterableOnceOps.foreach$(IterableOnce.scala:628)","logger":"task.stderr"}
{"timestamp":"2026-07-13T22:53:08.547481Z","level":"error","event":"\tat scala.collection.AbstractIterable.foreach(Iterable.scala:936)","logger":"task.stderr"}
{"timestamp":"2026-07-13T22:53:08.548104Z","level":"error","event":"\tat scala.collection.IterableOps$WithFilter.foreach(Iterable.scala:906)","logger":"task.stderr"}
{"timestamp":"2026-07-13T22:53:08.548808Z","level":"error","event":"\tat org.apache.spark.executor.Executor.updateDependencies(Executor.scala:1458)","logger":"task.stderr"}
{"timestamp":"2026-07-13T22:53:08.549465Z","level":"error","event":"\tat org.apache.spark.executor.Executor.<init>(Executor.scala:519)","logger":"task.stderr"}
{"timestamp":"2026-07-13T22:53:08.551107Z","level":"error","event":"\tat org.apache.spark.scheduler.local.LocalEndpoint.<init>(LocalSchedulerBackend.scala:66)","logger":"task.stderr"}
{"timestamp":"2026-07-13T22:53:08.551840Z","level":"error","event":"\tat org.apache.spark.scheduler.local.LocalSchedulerBackend.start(LocalSchedulerBackend.scala:136)","logger":"task.stderr"}
{"timestamp":"2026-07-13T22:53:08.552390Z","level":"error","event":"\tat org.apache.spark.scheduler.TaskSchedulerImpl.start(TaskSchedulerImpl.scala:229)","logger":"task.stderr"}
{"timestamp":"2026-07-13T22:53:08.552923Z","level":"error","event":"\tat org.apache.spark.SparkContext.<init>(SparkContext.scala:629)","logger":"task.stderr"}
{"timestamp":"2026-07-13T22:53:08.553454Z","level":"error","event":"\tat org.apache.spark.api.java.JavaSparkContext.<init>(JavaSparkContext.scala:59)","logger":"task.stderr"}
{"timestamp":"2026-07-13T22:53:08.554013Z","level":"error","event":"\tat java.base/jdk.internal.reflect.NativeConstructorAccessorImpl.newInstance0(Native Method)","logger":"task.stderr"}
{"timestamp":"2026-07-13T22:53:08.554547Z","level":"error","event":"\tat java.base/jdk.internal.reflect.NativeConstructorAccessorImpl.newInstance(NativeConstructorAccessorImpl.java:77)","logger":"task.stderr"}
{"timestamp":"2026-07-13T22:53:08.555094Z","level":"error","event":"\tat java.base/jdk.internal.reflect.DelegatingConstructorAccessorImpl.newInstance(DelegatingConstructorAccessorImpl.java:45)","logger":"task.stderr"}
{"timestamp":"2026-07-13T22:53:08.555841Z","level":"error","event":"\tat java.base/java.lang.reflect.Constructor.newInstanceWithCaller(Constructor.java:500)","logger":"task.stderr"}
{"timestamp":"2026-07-13T22:53:08.557226Z","level":"error","event":"\tat java.base/java.lang.reflect.Constructor.newInstance(Constructor.java:481)","logger":"task.stderr"}
{"timestamp":"2026-07-13T22:53:08.558362Z","level":"error","event":"\tat py4j.reflection.MethodInvoker.invoke(MethodInvoker.java:247)","logger":"task.stderr"}
{"timestamp":"2026-07-13T22:53:08.559421Z","level":"error","event":"\tat py4j.reflection.ReflectionEngine.invoke(ReflectionEngine.java:374)","logger":"task.stderr"}
{"timestamp":"2026-07-13T22:53:08.560567Z","level":"error","event":"\tat py4j.Gateway.invoke(Gateway.java:238)","logger":"task.stderr"}
{"timestamp":"2026-07-13T22:53:08.561583Z","level":"error","event":"\tat py4j.commands.ConstructorCommand.invokeConstructor(ConstructorCommand.java:80)","logger":"task.stderr"}
{"timestamp":"2026-07-13T22:53:08.562548Z","level":"error","event":"\tat py4j.commands.ConstructorCommand.execute(ConstructorCommand.java:69)","logger":"task.stderr"}
{"timestamp":"2026-07-13T22:53:08.563360Z","level":"error","event":"\tat py4j.ClientServerConnection.waitForCommands(ClientServerConnection.java:184)","logger":"task.stderr"}
{"timestamp":"2026-07-13T22:53:08.564235Z","level":"error","event":"\tat py4j.ClientServerConnection.run(ClientServerConnection.java:108)","logger":"task.stderr"}
{"timestamp":"2026-07-13T22:53:08.565087Z","level":"error","event":"\tat java.base/java.lang.Thread.run(Thread.java:840)","logger":"task.stderr"}
{"timestamp":"2026-07-13T22:56:55.031309Z","level":"info","event":"::group::Pre Execute","logger":"task","filename":"task_runner.py","lineno":2303}
{"timestamp":"2026-07-13T22:56:55.141202Z","level":"info","event":"DAG bundles loaded: dags-folder","dag_id":"conab_ingestion","try_number":1,"run_id":"scheduled__2026-07-13T03:00:00+00:00","task_id":"carregar","ti_id":"019f5db2-9dca-7e75-9299-c9799a8d8d52","map_index":4,"logger":"airflow.dag_processing.bundles.manager.DagBundlesManager","filename":"manager.py","lineno":271}
{"timestamp":"2026-07-13T22:56:55.146844Z","level":"info","event":"Filling up the DagBag from /opt/airflow/dags/conab_ingestion.py","dag_id":"conab_ingestion","try_number":1,"run_id":"scheduled__2026-07-13T03:00:00+00:00","task_id":"carregar","ti_id":"019f5db2-9dca-7e75-9299-c9799a8d8d52","map_index":4,"logger":"airflow.dag_processing.dagbag.BundleDagBag","filename":"dagbag.py","lineno":460}
{"timestamp":"2026-07-13T22:56:56.475426Z","level":"warning","event":"The `airflow.decorators.dag` attribute is deprecated. Please use `'airflow.sdk.dag'`.","category":"UserWarning","filename":"/opt/airflow/dags/conab_ingestion.py","lineno":17,"dag_id":"conab_ingestion","try_number":1,"run_id":"scheduled__2026-07-13T03:00:00+00:00","task_id":"carregar","ti_id":"019f5db2-9dca-7e75-9299-c9799a8d8d52","map_index":4,"logger":"py.warnings"}
{"timestamp":"2026-07-13T22:56:56.475699Z","level":"warning","event":"The `airflow.decorators.task` attribute is deprecated. Please use `'airflow.sdk.task'`.","category":"UserWarning","filename":"/opt/airflow/dags/conab_ingestion.py","lineno":17,"dag_id":"conab_ingestion","try_number":1,"run_id":"scheduled__2026-07-13T03:00:00+00:00","task_id":"carregar","ti_id":"019f5db2-9dca-7e75-9299-c9799a8d8d52","map_index":4,"logger":"py.warnings"}
{"timestamp":"2026-07-13T22:56:56.482580Z","level":"info","event":"Worker startup parse complete","bundle_name":"dags-folder","bundle_version":null,"dag_file":"conab_ingestion.py","dag_id":"conab_ingestion","bundle_prepare_ms":11,"dag_file_parse_ms":1337,"try_number":1,"run_id":"scheduled__2026-07-13T03:00:00+00:00","task_id":"carregar","ti_id":"019f5db2-9dca-7e75-9299-c9799a8d8d52","map_index":4,"logger":"task","filename":"task_runner.py","lineno":1062}
{"timestamp":"2026-07-13T22:56:56.661612Z","level":"info","event":"::endgroup::","dag_id":"conab_ingestion","try_number":1,"run_id":"scheduled__2026-07-13T03:00:00+00:00","task_id":"carregar","ti_id":"019f5db2-9dca-7e75-9299-c9799a8d8d52","map_index":4,"logger":"task","filename":"task_runner.py","lineno":2107}
{"timestamp":"2026-07-13T22:56:56.680350Z","level":"info","event":"Carregado .env de: /opt/airflow/dags/spark/.env","logger":"spark.ingest","dag_id":"conab_ingestion","try_number":1,"run_id":"scheduled__2026-07-13T03:00:00+00:00","task_id":"carregar","ti_id":"019f5db2-9dca-7e75-9299-c9799a8d8d52","map_index":4,"filename":"ingest.py","lineno":54}
{"timestamp":"2026-07-13T22:56:56.682970Z","level":"info","event":"Catálogo configurado — URI=https://catalog.cloudflarestorage.com/515e2015338845cbadff913ac19d97a0/agrodata | warehouse=515e2015338845cbadff913ac19d97a0_agrodata | token=cfat_GNL…2c11","logger":"spark.ingest","dag_id":"conab_ingestion","try_number":1,"run_id":"scheduled__2026-07-13T03:00:00+00:00","task_id":"carregar","ti_id":"019f5db2-9dca-7e75-9299-c9799a8d8d52","map_index":4,"filename":"ingest.py","lineno":75}
{"timestamp":"2026-07-13T22:57:00.753785Z","level":"error","event":"WARNING: Using incubator modules: jdk.incubator.vector","logger":"task.stderr"}
{"timestamp":"2026-07-13T22:57:21.772032Z","level":"error","event":"26/07/13 22:57:19 WARN NativeCodeLoader: Unable to load native-hadoop library for your platform... using builtin-java classes where applicable","logger":"task.stderr"}
{"timestamp":"2026-07-13T22:57:21.855984Z","level":"error","event":"Using Spark's default log4j profile: org/apache/spark/log4j2-defaults.properties","logger":"task.stderr"}
{"timestamp":"2026-07-13T22:57:21.859700Z","level":"error","event":"Setting default log level to \"WARN\".","logger":"task.stderr"}
{"timestamp":"2026-07-13T22:57:21.864892Z","level":"error","event":"To adjust logging level use sc.setLogLevel(newLevel). For SparkR, use setLogLevel(newLevel).","logger":"task.stderr"}
{"timestamp":"2026-07-13T22:57:49.197412Z","level":"error","event":"26/07/13 22:57:49 WARN Executor: Issue communicating with driver in heartbeater","logger":"task.stderr"}
{"timestamp":"2026-07-13T22:57:49.199902Z","level":"error","event":"org.apache.spark.SparkException: Exception thrown in awaitResult:","logger":"task.stderr"}
{"timestamp":"2026-07-13T22:57:49.203140Z","level":"error","event":"\tat org.apache.spark.util.SparkThreadUtils$.awaitResult(SparkThreadUtils.scala:53)","logger":"task.stderr"}
{"timestamp":"2026-07-13T22:57:49.212505Z","level":"error","event":"\tat org.apache.spark.util.ThreadUtils$.awaitResult(ThreadUtils.scala:359)","logger":"task.stderr"}
{"timestamp":"2026-07-13T22:57:49.221298Z","level":"error","event":"\tat org.apache.spark.rpc.RpcTimeout.awaitResult(RpcTimeout.scala:75)","logger":"task.stderr"}
{"timestamp":"2026-07-13T22:57:49.229275Z","level":"error","event":"\tat org.apache.spark.rpc.RpcEndpointRef.askSync(RpcEndpointRef.scala:101)","logger":"task.stderr"}
{"timestamp":"2026-07-13T22:57:49.232705Z","level":"error","event":"\tat org.apache.spark.rpc.RpcEndpointRef.askSync(RpcEndpointRef.scala:85)","logger":"task.stderr"}
{"timestamp":"2026-07-13T22:57:49.238349Z","level":"error","event":"\tat org.apache.spark.storage.BlockManagerMaster.registerBlockManager(BlockManagerMaster.scala:81)","logger":"task.stderr"}
{"timestamp":"2026-07-13T22:57:49.245514Z","level":"error","event":"\tat org.apache.spark.storage.BlockManager.reregister(BlockManager.scala:674)","logger":"task.stderr"}
{"timestamp":"2026-07-13T22:57:49.252806Z","level":"error","event":"\tat org.apache.spark.executor.Executor.reportHeartBeat(Executor.scala:1530)","logger":"task.stderr"}
{"timestamp":"2026-07-13T22:57:49.257300Z","level":"error","event":"\tat org.apache.spark.executor.Executor.$anonfun$heartbeater$1(Executor.scala:483)","logger":"task.stderr"}
{"timestamp":"2026-07-13T22:57:49.264934Z","level":"error","event":"\tat scala.runtime.java8.JFunction0$mcV$sp.apply(JFunction0$mcV$sp.scala:18)","logger":"task.stderr"}
{"timestamp":"2026-07-13T22:57:49.271276Z","level":"error","event":"\tat org.apache.spark.util.Utils$.logUncaughtExceptions(Utils.scala:1941)","logger":"task.stderr"}
{"timestamp":"2026-07-13T22:57:49.279681Z","level":"error","event":"\tat org.apache.spark.Heartbeater$$anon$1.run(Heartbeater.scala:46)","logger":"task.stderr"}
{"timestamp":"2026-07-13T22:57:49.281711Z","level":"error","event":"\tat java.base/java.util.concurrent.Executors$RunnableAdapter.call(Executors.java:539)","logger":"task.stderr"}
{"timestamp":"2026-07-13T22:57:49.288507Z","level":"error","event":"\tat java.base/java.util.concurrent.FutureTask.runAndReset(FutureTask.java:305)","logger":"task.stderr"}
{"timestamp":"2026-07-13T22:57:49.294877Z","level":"error","event":"\tat java.base/java.util.concurrent.ScheduledThreadPoolExecutor$ScheduledFutureTask.run(ScheduledThreadPoolExecutor.java:305)","logger":"task.stderr"}
{"timestamp":"2026-07-13T22:57:49.297334Z","level":"error","event":"\tat java.base/java.util.concurrent.ThreadPoolExecutor.runWorker(ThreadPoolExecutor.java:1136)","logger":"task.stderr"}
{"timestamp":"2026-07-13T22:57:49.299676Z","level":"error","event":"\tat java.base/java.util.concurrent.ThreadPoolExecutor$Worker.run(ThreadPoolExecutor.java:635)","logger":"task.stderr"}
{"timestamp":"2026-07-13T22:57:49.302224Z","level":"error","event":"\tat java.base/java.lang.Thread.run(Thread.java:840)","logger":"task.stderr"}
{"timestamp":"2026-07-13T22:57:49.304176Z","level":"error","event":"Caused by: java.lang.NullPointerException: Cannot invoke \"org.apache.spark.storage.BlockManagerId.executorId()\" because \"idWithoutTopologyInfo\" is null","logger":"task.stderr"}
{"timestamp":"2026-07-13T22:57:49.311566Z","level":"error","event":"\tat org.apache.spark.storage.BlockManagerMasterEndpoint.org$apache$spark$storage$BlockManagerMasterEndpoint$$register(BlockManagerMasterEndpoint.scala:696)","logger":"task.stderr"}
{"timestamp":"2026-07-13T22:57:49.313580Z","level":"error","event":"\tat org.apache.spark.storage.BlockManagerMasterEndpoint$$anonfun$receiveAndReply$1.applyOrElse(BlockManagerMasterEndpoint.scala:141)","logger":"task.stderr"}
{"timestamp":"2026-07-13T22:57:49.314815Z","level":"error","event":"\tat org.apache.spark.rpc.netty.Inbox.$anonfun$process$1(Inbox.scala:104)","logger":"task.stderr"}
{"timestamp":"2026-07-13T22:57:49.316662Z","level":"error","event":"\tat org.apache.spark.rpc.netty.Inbox.safelyCall(Inbox.scala:216)","logger":"task.stderr"}
{"timestamp":"2026-07-13T22:57:49.321830Z","level":"error","event":"\tat org.apache.spark.rpc.netty.Inbox.process(Inbox.scala:101)","logger":"task.stderr"}
{"timestamp":"2026-07-13T22:57:49.325661Z","level":"error","event":"\tat org.apache.spark.rpc.netty.MessageLoop.org$apache$spark$rpc$netty$MessageLoop$$receiveLoop(MessageLoop.scala:76)","logger":"task.stderr"}
{"timestamp":"2026-07-13T22:57:49.329905Z","level":"error","event":"\tat org.apache.spark.rpc.netty.MessageLoop$$anon$1.run(MessageLoop.scala:42)","logger":"task.stderr"}
{"timestamp":"2026-07-13T22:57:49.331602Z","level":"error","event":"\t... 3 more","logger":"task.stderr"}
{"timestamp":"2026-07-13T22:57:49.333458Z","level":"error","event":"26/07/13 22:57:49 ERROR Inbox: Ignoring error","logger":"task.stderr"}
{"timestamp":"2026-07-13T22:57:49.337663Z","level":"error","event":"java.lang.NullPointerException: Cannot invoke \"org.apache.spark.storage.BlockManagerId.executorId()\" because \"idWithoutTopologyInfo\" is null","logger":"task.stderr"}
{"timestamp":"2026-07-13T22:57:49.341284Z","level":"error","event":"\tat org.apache.spark.storage.BlockManagerMasterEndpoint.org$apache$spark$storage$BlockManagerMasterEndpoint$$register(BlockManagerMasterEndpoint.scala:696)","logger":"task.stderr"}
{"timestamp":"2026-07-13T22:57:49.346426Z","level":"error","event":"\tat org.apache.spark.storage.BlockManagerMasterEndpoint$$anonfun$receiveAndReply$1.applyOrElse(BlockManagerMasterEndpoint.scala:141)","logger":"task.stderr"}
{"timestamp":"2026-07-13T22:57:49.350545Z","level":"error","event":"\tat org.apache.spark.rpc.netty.Inbox.$anonfun$process$1(Inbox.scala:104)","logger":"task.stderr"}
{"timestamp":"2026-07-13T22:57:49.354517Z","level":"error","event":"\tat org.apache.spark.rpc.netty.Inbox.safelyCall(Inbox.scala:216)","logger":"task.stderr"}
{"timestamp":"2026-07-13T22:57:49.358741Z","level":"error","event":"\tat org.apache.spark.rpc.netty.Inbox.process(Inbox.scala:101)","logger":"task.stderr"}
{"timestamp":"2026-07-13T22:57:49.362821Z","level":"error","event":"\tat org.apache.spark.rpc.netty.MessageLoop.org$apache$spark$rpc$netty$MessageLoop$$receiveLoop(MessageLoop.scala:76)","logger":"task.stderr"}
{"timestamp":"2026-07-13T22:57:49.368856Z","level":"error","event":"\tat org.apache.spark.rpc.netty.MessageLoop$$anon$1.run(MessageLoop.scala:42)","logger":"task.stderr"}
{"timestamp":"2026-07-13T22:57:49.371755Z","level":"error","event":"\tat java.base/java.util.concurrent.ThreadPoolExecutor.runWorker(ThreadPoolExecutor.java:1136)","logger":"task.stderr"}
{"timestamp":"2026-07-13T22:57:49.377110Z","level":"error","event":"\tat java.base/java.util.concurrent.ThreadPoolExecutor$Worker.run(ThreadPoolExecutor.java:635)","logger":"task.stderr"}
{"timestamp":"2026-07-13T22:57:49.380986Z","level":"error","event":"\tat java.base/java.lang.Thread.run(Thread.java:840)","logger":"task.stderr"}
{"timestamp":"2026-07-13T23:00:23.384588Z","level":"info","event":"Done. Returned value was: None","dag_id":"conab_ingestion","try_number":1,"run_id":"scheduled__2026-07-13T03:00:00+00:00","task_id":"carregar","ti_id":"019f5db2-9dca-7e75-9299-c9799a8d8d52","map_index":4,"logger":"airflow.task.operators.airflow.providers.standard.decorators.python._PythonDecoratedOperator","filename":"python.py","lineno":233}
{"timestamp":"2026-07-13T23:00:23.426663Z","level":"info","event":"::group::Post Execute","dag_id":"conab_ingestion","try_number":1,"run_id":"scheduled__2026-07-13T03:00:00+00:00","task_id":"carregar","ti_id":"019f5db2-9dca-7e75-9299-c9799a8d8d52","map_index":4,"logger":"task","filename":"task_runner.py","lineno":1577}
{"timestamp":"2026-07-13T23:00:26.120329Z","level":"info","event":"::endgroup::","dag_id":"conab_ingestion","try_number":1,"run_id":"scheduled__2026-07-13T03:00:00+00:00","task_id":"carregar","ti_id":"019f5db2-9dca-7e75-9299-c9799a8d8d52","map_index":4,"logger":"task","filename":"task_runner.py","lineno":2270}
{"timestamp":"2026-07-13T23:00:27.570656Z","level":"error","event":"\r[Stage 0:>                                                          (0 + 0) / 1]\r\r[Stage 0:>                                                          (0 + 1) / 1]\r\r                                                                                \r\r[Stage 1:>                                                          (0 + 2) / 2]\r\r[Stage 1:=============================>                             (1 + 1) / 2]\r\r                                                                                \r\r[Stage 3:>                                                          (0 + 2) / 2]\r\r[Stage 3:=============================>                             (1 + 1) / 2]\r\r                                                                                \r\r[Stage 4:>                                                          (0 + 2) / 2]","logger":"task.stderr"}
