{"timestamp":"2026-07-13T17:13:42.679620Z","level":"info","event":"::group::Pre Execute","logger":"task","filename":"task_runner.py","lineno":2303}
{"timestamp":"2026-07-13T17:13:43.033670Z","level":"info","event":"DAG bundles loaded: dags-folder","dag_id":"conab_ingestion","run_id":"scheduled__2026-07-13T03:00:00+00:00","map_index":14,"try_number":1,"ti_id":"019f5c78-65f5-7698-b74a-735b967f5405","task_id":"carregar","logger":"airflow.dag_processing.bundles.manager.DagBundlesManager","filename":"manager.py","lineno":271}
{"timestamp":"2026-07-13T17:13:43.044303Z","level":"info","event":"Filling up the DagBag from /opt/airflow/dags/conab_ingestion.py","dag_id":"conab_ingestion","run_id":"scheduled__2026-07-13T03:00:00+00:00","map_index":14,"try_number":1,"ti_id":"019f5c78-65f5-7698-b74a-735b967f5405","task_id":"carregar","logger":"airflow.dag_processing.dagbag.BundleDagBag","filename":"dagbag.py","lineno":460}
{"timestamp":"2026-07-13T17:13:44.585881Z","level":"warning","event":"The `airflow.decorators.dag` attribute is deprecated. Please use `'airflow.sdk.dag'`.","category":"UserWarning","filename":"/opt/airflow/dags/conab_ingestion.py","lineno":17,"dag_id":"conab_ingestion","run_id":"scheduled__2026-07-13T03:00:00+00:00","map_index":14,"try_number":1,"ti_id":"019f5c78-65f5-7698-b74a-735b967f5405","task_id":"carregar","logger":"py.warnings"}
{"timestamp":"2026-07-13T17:13:44.586261Z","level":"warning","event":"The `airflow.decorators.task` attribute is deprecated. Please use `'airflow.sdk.task'`.","category":"UserWarning","filename":"/opt/airflow/dags/conab_ingestion.py","lineno":17,"dag_id":"conab_ingestion","run_id":"scheduled__2026-07-13T03:00:00+00:00","map_index":14,"try_number":1,"ti_id":"019f5c78-65f5-7698-b74a-735b967f5405","task_id":"carregar","logger":"py.warnings"}
{"timestamp":"2026-07-13T17:13:44.593703Z","level":"info","event":"Worker startup parse complete","bundle_name":"dags-folder","bundle_version":null,"dag_file":"conab_ingestion.py","dag_id":"conab_ingestion","bundle_prepare_ms":12,"dag_file_parse_ms":1549,"run_id":"scheduled__2026-07-13T03:00:00+00:00","map_index":14,"try_number":1,"ti_id":"019f5c78-65f5-7698-b74a-735b967f5405","task_id":"carregar","logger":"task","filename":"task_runner.py","lineno":1062}
{"timestamp":"2026-07-13T17:13:45.009453Z","level":"info","event":"::endgroup::","dag_id":"conab_ingestion","run_id":"scheduled__2026-07-13T03:00:00+00:00","map_index":14,"try_number":1,"ti_id":"019f5c78-65f5-7698-b74a-735b967f5405","task_id":"carregar","logger":"task","filename":"task_runner.py","lineno":2107}
{"timestamp":"2026-07-13T17:13:45.029994Z","level":"info","event":"Carregado .env de: /opt/airflow/dags/spark/.env","logger":"spark.ingest","dag_id":"conab_ingestion","run_id":"scheduled__2026-07-13T03:00:00+00:00","map_index":14,"try_number":1,"ti_id":"019f5c78-65f5-7698-b74a-735b967f5405","task_id":"carregar","filename":"ingest.py","lineno":55}
{"timestamp":"2026-07-13T17:13:45.030511Z","level":"info","event":"Catálogo configurado — URI=https://catalog.cloudflarestorage.com/515e2015338845cbadff913ac19d97a0/agrodata | warehouse=515e2015338845cbadff913ac19d97a0_agrodata | token=cfat_GNL…2c11","logger":"spark.ingest","dag_id":"conab_ingestion","run_id":"scheduled__2026-07-13T03:00:00+00:00","map_index":14,"try_number":1,"ti_id":"019f5c78-65f5-7698-b74a-735b967f5405","task_id":"carregar","filename":"ingest.py","lineno":76}
{"timestamp":"2026-07-13T17:13:48.861823Z","level":"error","event":"WARNING: Using incubator modules: jdk.incubator.vector","logger":"task.stderr"}
{"timestamp":"2026-07-13T17:14:08.420277Z","level":"error","event":"26/07/13 17:14:08 WARN NativeCodeLoader: Unable to load native-hadoop library for your platform... using builtin-java classes where applicable","logger":"task.stderr"}
{"timestamp":"2026-07-13T17:14:09.364355Z","level":"error","event":"Using Spark's default log4j profile: org/apache/spark/log4j2-defaults.properties","logger":"task.stderr"}
{"timestamp":"2026-07-13T17:14:09.366395Z","level":"error","event":"Setting default log level to \"WARN\".","logger":"task.stderr"}
{"timestamp":"2026-07-13T17:14:09.368342Z","level":"error","event":"To adjust logging level use sc.setLogLevel(newLevel). For SparkR, use setLogLevel(newLevel).","logger":"task.stderr"}
{"timestamp":"2026-07-13T17:17:01.576579Z","level":"info","event":"Done. Returned value was: None","dag_id":"conab_ingestion","run_id":"scheduled__2026-07-13T03:00:00+00:00","map_index":14,"try_number":1,"ti_id":"019f5c78-65f5-7698-b74a-735b967f5405","task_id":"carregar","logger":"airflow.task.operators.airflow.providers.standard.decorators.python._PythonDecoratedOperator","filename":"python.py","lineno":233}
{"timestamp":"2026-07-13T17:17:01.578692Z","level":"info","event":"::group::Post Execute","dag_id":"conab_ingestion","run_id":"scheduled__2026-07-13T03:00:00+00:00","map_index":14,"try_number":1,"ti_id":"019f5c78-65f5-7698-b74a-735b967f5405","task_id":"carregar","logger":"task","filename":"task_runner.py","lineno":1577}
{"timestamp":"2026-07-13T17:17:01.766096Z","level":"info","event":"::endgroup::","dag_id":"conab_ingestion","run_id":"scheduled__2026-07-13T03:00:00+00:00","map_index":14,"try_number":1,"ti_id":"019f5c78-65f5-7698-b74a-735b967f5405","task_id":"carregar","logger":"task","filename":"task_runner.py","lineno":2270}
{"timestamp":"2026-07-13T17:17:02.791555Z","level":"error","event":"\r[Stage 0:>                                                          (0 + 0) / 1]\r\r[Stage 0:>                                                          (0 + 1) / 1]\r\r                                                                                \r\r[Stage 1:>                                                          (0 + 1) / 1]\r\r                                                                                \r\r[Stage 3:>                                                          (0 + 0) / 1]\r\r[Stage 3:>                                                          (0 + 1) / 1]\r\r                                                                                \r\r[Stage 4:>                                                          (0 + 1) / 1]","logger":"task.stderr"}
{"timestamp":"2026-07-13T22:52:07.748583Z","level":"info","event":"::group::Pre Execute","logger":"task","filename":"task_runner.py","lineno":2303}
{"timestamp":"2026-07-13T22:52:08.145175Z","level":"info","event":"DAG bundles loaded: dags-folder","task_id":"carregar","dag_id":"conab_ingestion","map_index":14,"ti_id":"019f5dae-3ae5-7d92-9ca6-cc5557d620f5","run_id":"scheduled__2026-07-13T03:00:00+00:00","try_number":1,"logger":"airflow.dag_processing.bundles.manager.DagBundlesManager","filename":"manager.py","lineno":271}
{"timestamp":"2026-07-13T22:52:08.157698Z","level":"info","event":"Filling up the DagBag from /opt/airflow/dags/conab_ingestion.py","task_id":"carregar","dag_id":"conab_ingestion","map_index":14,"ti_id":"019f5dae-3ae5-7d92-9ca6-cc5557d620f5","run_id":"scheduled__2026-07-13T03:00:00+00:00","try_number":1,"logger":"airflow.dag_processing.dagbag.BundleDagBag","filename":"dagbag.py","lineno":460}
{"timestamp":"2026-07-13T22:52:10.014692Z","level":"warning","event":"The `airflow.decorators.dag` attribute is deprecated. Please use `'airflow.sdk.dag'`.","category":"UserWarning","filename":"/opt/airflow/dags/conab_ingestion.py","lineno":17,"task_id":"carregar","dag_id":"conab_ingestion","map_index":14,"ti_id":"019f5dae-3ae5-7d92-9ca6-cc5557d620f5","run_id":"scheduled__2026-07-13T03:00:00+00:00","try_number":1,"logger":"py.warnings"}
{"timestamp":"2026-07-13T22:52:10.014918Z","level":"warning","event":"The `airflow.decorators.task` attribute is deprecated. Please use `'airflow.sdk.task'`.","category":"UserWarning","filename":"/opt/airflow/dags/conab_ingestion.py","lineno":17,"task_id":"carregar","dag_id":"conab_ingestion","map_index":14,"ti_id":"019f5dae-3ae5-7d92-9ca6-cc5557d620f5","run_id":"scheduled__2026-07-13T03:00:00+00:00","try_number":1,"logger":"py.warnings"}
{"timestamp":"2026-07-13T22:52:10.016873Z","level":"info","event":"Worker startup parse complete","bundle_name":"dags-folder","bundle_version":null,"dag_file":"conab_ingestion.py","dag_id":"conab_ingestion","bundle_prepare_ms":14,"dag_file_parse_ms":1859,"task_id":"carregar","map_index":14,"ti_id":"019f5dae-3ae5-7d92-9ca6-cc5557d620f5","run_id":"scheduled__2026-07-13T03:00:00+00:00","try_number":1,"logger":"task","filename":"task_runner.py","lineno":1062}
{"timestamp":"2026-07-13T22:52:13.682062Z","level":"info","event":"::endgroup::","task_id":"carregar","dag_id":"conab_ingestion","map_index":14,"ti_id":"019f5dae-3ae5-7d92-9ca6-cc5557d620f5","run_id":"scheduled__2026-07-13T03:00:00+00:00","try_number":1,"logger":"task","filename":"task_runner.py","lineno":2107}
{"timestamp":"2026-07-13T22:52:13.765589Z","level":"info","event":"Carregado .env de: /opt/airflow/dags/spark/.env","logger":"spark.ingest","task_id":"carregar","dag_id":"conab_ingestion","map_index":14,"ti_id":"019f5dae-3ae5-7d92-9ca6-cc5557d620f5","run_id":"scheduled__2026-07-13T03:00:00+00:00","try_number":1,"filename":"ingest.py","lineno":54}
{"timestamp":"2026-07-13T22:52:13.765981Z","level":"info","event":"Catálogo configurado — URI=https://catalog.cloudflarestorage.com/515e2015338845cbadff913ac19d97a0/agrodata | warehouse=515e2015338845cbadff913ac19d97a0_agrodata | token=cfat_GNL…2c11","logger":"spark.ingest","task_id":"carregar","dag_id":"conab_ingestion","map_index":14,"ti_id":"019f5dae-3ae5-7d92-9ca6-cc5557d620f5","run_id":"scheduled__2026-07-13T03:00:00+00:00","try_number":1,"filename":"ingest.py","lineno":75}
{"timestamp":"2026-07-13T22:52:15.190795Z","level":"error","event":"WARNING: Using incubator modules: jdk.incubator.vector","logger":"task.stderr"}
{"timestamp":"2026-07-13T22:52:40.076386Z","level":"error","event":"26/07/13 22:52:40 WARN NativeCodeLoader: Unable to load native-hadoop library for your platform... using builtin-java classes where applicable","logger":"task.stderr"}
{"timestamp":"2026-07-13T22:52:41.363472Z","level":"error","event":"Using Spark's default log4j profile: org/apache/spark/log4j2-defaults.properties","logger":"task.stderr"}
{"timestamp":"2026-07-13T22:52:41.370807Z","level":"error","event":"Setting default log level to \"WARN\".","logger":"task.stderr"}
{"timestamp":"2026-07-13T22:52:41.389594Z","level":"error","event":"To adjust logging level use sc.setLogLevel(newLevel). For SparkR, use setLogLevel(newLevel).","logger":"task.stderr"}
{"timestamp":"2026-07-13T22:52:59.865139Z","level":"error","event":"Server indicated the task shouldn't be running anymore. Terminating process","detail":{"reason":"not_found","message":"Task Instance not found"},"logger":"task"}
{"timestamp":"2026-07-13T22:53:05.839799Z","level":"error","event":"Task killed!","logger":"task"}
{"timestamp":"2026-07-13T22:53:07.236799Z","level":"error","event":"26/07/13 22:53:07 ERROR SparkContext: Error initializing SparkContext.","logger":"task.stderr"}
{"timestamp":"2026-07-13T22:53:07.243184Z","level":"error","event":"java.nio.file.NoSuchFileException: /tmp/spark-65b72d9f-21b1-4979-9a9a-ba8c612e1abb/userFiles-cc7c07d3-2007-49f2-afa4-b5036cdd02aa/fetchFileTemp16290036179414213036.tmp","logger":"task.stderr"}
{"timestamp":"2026-07-13T22:53:07.245787Z","level":"error","event":"\tat java.base/sun.nio.fs.UnixException.translateToIOException(UnixException.java:92)","logger":"task.stderr"}
{"timestamp":"2026-07-13T22:53:07.249606Z","level":"error","event":"\tat java.base/sun.nio.fs.UnixException.rethrowAsIOException(UnixException.java:106)","logger":"task.stderr"}
{"timestamp":"2026-07-13T22:53:07.252543Z","level":"error","event":"\tat java.base/sun.nio.fs.UnixException.rethrowAsIOException(UnixException.java:111)","logger":"task.stderr"}
{"timestamp":"2026-07-13T22:53:07.253410Z","level":"error","event":"\tat java.base/sun.nio.fs.UnixCopyFile.move(UnixCopyFile.java:429)","logger":"task.stderr"}
{"timestamp":"2026-07-13T22:53:07.254248Z","level":"error","event":"\tat java.base/sun.nio.fs.UnixFileSystemProvider.move(UnixFileSystemProvider.java:266)","logger":"task.stderr"}
{"timestamp":"2026-07-13T22:53:07.256537Z","level":"error","event":"\tat java.base/java.nio.file.Files.move(Files.java:1432)","logger":"task.stderr"}
{"timestamp":"2026-07-13T22:53:07.257972Z","level":"error","event":"\tat org.apache.spark.util.Utils$.copyFile(Utils.scala:592)","logger":"task.stderr"}
{"timestamp":"2026-07-13T22:53:07.260749Z","level":"error","event":"\tat org.apache.spark.util.Utils$.downloadFile(Utils.scala:527)","logger":"task.stderr"}
{"timestamp":"2026-07-13T22:53:07.272935Z","level":"error","event":"\tat org.apache.spark.util.Utils$.doFetchFile(Utils.scala:655)","logger":"task.stderr"}
{"timestamp":"2026-07-13T22:53:07.273758Z","level":"error","event":"\tat org.apache.spark.util.Utils$.fetchFile(Utils.scala:410)","logger":"task.stderr"}
{"timestamp":"2026-07-13T22:53:07.274495Z","level":"error","event":"\tat org.apache.spark.executor.Executor.$anonfun$updateDependencies$14(Executor.scala:1467)","logger":"task.stderr"}
{"timestamp":"2026-07-13T22:53:07.275135Z","level":"error","event":"\tat org.apache.spark.executor.Executor.$anonfun$updateDependencies$14$adapted(Executor.scala:1458)","logger":"task.stderr"}
{"timestamp":"2026-07-13T22:53:07.299997Z","level":"error","event":"\tat scala.collection.IterableOnceOps.foreach(IterableOnce.scala:630)","logger":"task.stderr"}
{"timestamp":"2026-07-13T22:53:07.308455Z","level":"error","event":"\tat scala.collection.IterableOnceOps.foreach$(IterableOnce.scala:628)","logger":"task.stderr"}
{"timestamp":"2026-07-13T22:53:07.310090Z","level":"error","event":"\tat scala.collection.AbstractIterable.foreach(Iterable.scala:936)","logger":"task.stderr"}
{"timestamp":"2026-07-13T22:53:07.311305Z","level":"error","event":"\tat scala.collection.IterableOps$WithFilter.foreach(Iterable.scala:906)","logger":"task.stderr"}
{"timestamp":"2026-07-13T22:53:07.329728Z","level":"error","event":"\tat org.apache.spark.executor.Executor.updateDependencies(Executor.scala:1458)","logger":"task.stderr"}
{"timestamp":"2026-07-13T22:53:07.331165Z","level":"error","event":"\tat org.apache.spark.executor.Executor.<init>(Executor.scala:519)","logger":"task.stderr"}
{"timestamp":"2026-07-13T22:53:07.333406Z","level":"error","event":"\tat org.apache.spark.scheduler.local.LocalEndpoint.<init>(LocalSchedulerBackend.scala:66)","logger":"task.stderr"}
{"timestamp":"2026-07-13T22:53:07.337555Z","level":"error","event":"\tat org.apache.spark.scheduler.local.LocalSchedulerBackend.start(LocalSchedulerBackend.scala:136)","logger":"task.stderr"}
{"timestamp":"2026-07-13T22:53:07.339806Z","level":"error","event":"\tat org.apache.spark.scheduler.TaskSchedulerImpl.start(TaskSchedulerImpl.scala:229)","logger":"task.stderr"}
{"timestamp":"2026-07-13T22:53:07.344437Z","level":"error","event":"\tat org.apache.spark.SparkContext.<init>(SparkContext.scala:629)","logger":"task.stderr"}
{"timestamp":"2026-07-13T22:53:07.351429Z","level":"error","event":"\tat org.apache.spark.api.java.JavaSparkContext.<init>(JavaSparkContext.scala:59)","logger":"task.stderr"}
{"timestamp":"2026-07-13T22:53:07.353602Z","level":"error","event":"\tat java.base/jdk.internal.reflect.NativeConstructorAccessorImpl.newInstance0(Native Method)","logger":"task.stderr"}
{"timestamp":"2026-07-13T22:53:07.356019Z","level":"error","event":"\tat java.base/jdk.internal.reflect.NativeConstructorAccessorImpl.newInstance(NativeConstructorAccessorImpl.java:77)","logger":"task.stderr"}
{"timestamp":"2026-07-13T22:53:07.357540Z","level":"error","event":"\tat java.base/jdk.internal.reflect.DelegatingConstructorAccessorImpl.newInstance(DelegatingConstructorAccessorImpl.java:45)","logger":"task.stderr"}
{"timestamp":"2026-07-13T22:53:07.388870Z","level":"error","event":"\tat java.base/java.lang.reflect.Constructor.newInstanceWithCaller(Constructor.java:500)","logger":"task.stderr"}
{"timestamp":"2026-07-13T22:53:07.389943Z","level":"error","event":"\tat java.base/java.lang.reflect.Constructor.newInstance(Constructor.java:481)","logger":"task.stderr"}
{"timestamp":"2026-07-13T22:53:07.393643Z","level":"error","event":"\tat py4j.reflection.MethodInvoker.invoke(MethodInvoker.java:247)","logger":"task.stderr"}
{"timestamp":"2026-07-13T22:53:07.395548Z","level":"error","event":"\tat py4j.reflection.ReflectionEngine.invoke(ReflectionEngine.java:374)","logger":"task.stderr"}
{"timestamp":"2026-07-13T22:53:07.396871Z","level":"error","event":"\tat py4j.Gateway.invoke(Gateway.java:238)","logger":"task.stderr"}
{"timestamp":"2026-07-13T22:53:07.397658Z","level":"error","event":"\tat py4j.commands.ConstructorCommand.invokeConstructor(ConstructorCommand.java:80)","logger":"task.stderr"}
{"timestamp":"2026-07-13T22:53:07.398393Z","level":"error","event":"\tat py4j.commands.ConstructorCommand.execute(ConstructorCommand.java:69)","logger":"task.stderr"}
{"timestamp":"2026-07-13T22:53:07.401613Z","level":"error","event":"\tat py4j.ClientServerConnection.waitForCommands(ClientServerConnection.java:184)","logger":"task.stderr"}
{"timestamp":"2026-07-13T22:53:07.403616Z","level":"error","event":"\tat py4j.ClientServerConnection.run(ClientServerConnection.java:108)","logger":"task.stderr"}
{"timestamp":"2026-07-13T22:53:07.411062Z","level":"error","event":"\tat java.base/java.lang.Thread.run(Thread.java:840)","logger":"task.stderr"}
{"timestamp":"2026-07-13T22:53:07.544278Z","level":"error","event":"26/07/13 22:53:07 ERROR Utils: Uncaught exception in thread Thread-4","logger":"task.stderr"}
{"timestamp":"2026-07-13T22:53:07.545791Z","level":"error","event":"java.lang.NullPointerException: Cannot invoke \"org.apache.spark.rpc.RpcEndpointRef.ask(Object, scala.reflect.ClassTag)\" because the return value of \"org.apache.spark.scheduler.local.LocalSchedulerBackend.localEndpoint()\" is null","logger":"task.stderr"}
{"timestamp":"2026-07-13T22:53:07.546885Z","level":"error","event":"\tat org.apache.spark.scheduler.local.LocalSchedulerBackend.org$apache$spark$scheduler$local$LocalSchedulerBackend$$stop(LocalSchedulerBackend.scala:178)","logger":"task.stderr"}
{"timestamp":"2026-07-13T22:53:07.556817Z","level":"error","event":"\tat org.apache.spark.scheduler.local.LocalSchedulerBackend.stop(LocalSchedulerBackend.scala:149)","logger":"task.stderr"}
{"timestamp":"2026-07-13T22:53:07.564292Z","level":"error","event":"\tat org.apache.spark.scheduler.SchedulerBackend.stop(SchedulerBackend.scala:34)","logger":"task.stderr"}
{"timestamp":"2026-07-13T22:53:07.565468Z","level":"error","event":"\tat org.apache.spark.scheduler.SchedulerBackend.stop$(SchedulerBackend.scala:34)","logger":"task.stderr"}
{"timestamp":"2026-07-13T22:53:07.568783Z","level":"error","event":"\tat org.apache.spark.scheduler.local.LocalSchedulerBackend.stop(LocalSchedulerBackend.scala:107)","logger":"task.stderr"}
{"timestamp":"2026-07-13T22:53:07.569851Z","level":"error","event":"\tat org.apache.spark.scheduler.TaskSchedulerImpl.$anonfun$stop$2(TaskSchedulerImpl.scala:933)","logger":"task.stderr"}
{"timestamp":"2026-07-13T22:53:07.574540Z","level":"error","event":"\tat org.apache.spark.util.Utils$.tryLogNonFatalError(Utils.scala:1314)","logger":"task.stderr"}
{"timestamp":"2026-07-13T22:53:07.576207Z","level":"error","event":"\tat org.apache.spark.scheduler.TaskSchedulerImpl.stop(TaskSchedulerImpl.scala:933)","logger":"task.stderr"}
{"timestamp":"2026-07-13T22:53:07.582308Z","level":"error","event":"\tat org.apache.spark.scheduler.DAGScheduler.$anonfun$stop$4(DAGScheduler.scala:3310)","logger":"task.stderr"}
{"timestamp":"2026-07-13T22:53:07.583981Z","level":"error","event":"\tat org.apache.spark.util.Utils$.tryLogNonFatalError(Utils.scala:1314)","logger":"task.stderr"}
{"timestamp":"2026-07-13T22:53:07.585075Z","level":"error","event":"\tat org.apache.spark.scheduler.DAGScheduler.stop(DAGScheduler.scala:3310)","logger":"task.stderr"}
{"timestamp":"2026-07-13T22:53:07.585960Z","level":"error","event":"\tat org.apache.spark.SparkContext.$anonfun$stop$12(SparkContext.scala:2357)","logger":"task.stderr"}
{"timestamp":"2026-07-13T22:53:07.586754Z","level":"error","event":"\tat org.apache.spark.util.Utils$.tryLogNonFatalError(Utils.scala:1314)","logger":"task.stderr"}
{"timestamp":"2026-07-13T22:53:07.587447Z","level":"error","event":"\tat org.apache.spark.SparkContext.stop(SparkContext.scala:2357)","logger":"task.stderr"}
{"timestamp":"2026-07-13T22:53:07.588067Z","level":"error","event":"\tat org.apache.spark.SparkContext.stop(SparkContext.scala:2308)","logger":"task.stderr"}
{"timestamp":"2026-07-13T22:53:07.588704Z","level":"error","event":"\tat org.apache.spark.SparkContext.<init>(SparkContext.scala:740)","logger":"task.stderr"}
{"timestamp":"2026-07-13T22:53:07.589320Z","level":"error","event":"\tat org.apache.spark.api.java.JavaSparkContext.<init>(JavaSparkContext.scala:59)","logger":"task.stderr"}
{"timestamp":"2026-07-13T22:53:07.589960Z","level":"error","event":"\tat java.base/jdk.internal.reflect.NativeConstructorAccessorImpl.newInstance0(Native Method)","logger":"task.stderr"}
{"timestamp":"2026-07-13T22:53:07.590569Z","level":"error","event":"\tat java.base/jdk.internal.reflect.NativeConstructorAccessorImpl.newInstance(NativeConstructorAccessorImpl.java:77)","logger":"task.stderr"}
{"timestamp":"2026-07-13T22:53:07.591396Z","level":"error","event":"\tat java.base/jdk.internal.reflect.DelegatingConstructorAccessorImpl.newInstance(DelegatingConstructorAccessorImpl.java:45)","logger":"task.stderr"}
{"timestamp":"2026-07-13T22:53:07.592166Z","level":"error","event":"\tat java.base/java.lang.reflect.Constructor.newInstanceWithCaller(Constructor.java:500)","logger":"task.stderr"}
{"timestamp":"2026-07-13T22:53:07.593185Z","level":"error","event":"\tat java.base/java.lang.reflect.Constructor.newInstance(Constructor.java:481)","logger":"task.stderr"}
{"timestamp":"2026-07-13T22:53:07.594278Z","level":"error","event":"\tat py4j.reflection.MethodInvoker.invoke(MethodInvoker.java:247)","logger":"task.stderr"}
{"timestamp":"2026-07-13T22:53:07.595272Z","level":"error","event":"\tat py4j.reflection.ReflectionEngine.invoke(ReflectionEngine.java:374)","logger":"task.stderr"}
{"timestamp":"2026-07-13T22:53:07.595978Z","level":"error","event":"\tat py4j.Gateway.invoke(Gateway.java:238)","logger":"task.stderr"}
{"timestamp":"2026-07-13T22:53:07.598929Z","level":"error","event":"\tat py4j.commands.ConstructorCommand.invokeConstructor(ConstructorCommand.java:80)","logger":"task.stderr"}
{"timestamp":"2026-07-13T22:53:07.600252Z","level":"error","event":"\tat py4j.commands.ConstructorCommand.execute(ConstructorCommand.java:69)","logger":"task.stderr"}
{"timestamp":"2026-07-13T22:53:07.601207Z","level":"error","event":"\tat py4j.ClientServerConnection.waitForCommands(ClientServerConnection.java:184)","logger":"task.stderr"}
{"timestamp":"2026-07-13T22:53:07.602178Z","level":"error","event":"\tat py4j.ClientServerConnection.run(ClientServerConnection.java:108)","logger":"task.stderr"}
{"timestamp":"2026-07-13T22:53:07.603008Z","level":"error","event":"\tat java.base/java.lang.Thread.run(Thread.java:840)","logger":"task.stderr"}
{"timestamp":"2026-07-13T22:53:07.668005Z","level":"error","event":"26/07/13 22:53:07 WARN MetricsSystem: Stopping a MetricsSystem that is not running","logger":"task.stderr"}
{"timestamp":"2026-07-13T22:56:55.124018Z","level":"info","event":"::group::Pre Execute","logger":"task","filename":"task_runner.py","lineno":2303}
{"timestamp":"2026-07-13T22:56:55.234410Z","level":"info","event":"DAG bundles loaded: dags-folder","map_index":14,"run_id":"scheduled__2026-07-13T03:00:00+00:00","ti_id":"019f5db2-9dd6-7e93-b2b8-7684a705c367","try_number":1,"dag_id":"conab_ingestion","task_id":"carregar","logger":"airflow.dag_processing.bundles.manager.DagBundlesManager","filename":"manager.py","lineno":271}
{"timestamp":"2026-07-13T22:56:55.236354Z","level":"info","event":"Filling up the DagBag from /opt/airflow/dags/conab_ingestion.py","map_index":14,"run_id":"scheduled__2026-07-13T03:00:00+00:00","ti_id":"019f5db2-9dd6-7e93-b2b8-7684a705c367","try_number":1,"dag_id":"conab_ingestion","task_id":"carregar","logger":"airflow.dag_processing.dagbag.BundleDagBag","filename":"dagbag.py","lineno":460}
{"timestamp":"2026-07-13T22:56:56.671257Z","level":"warning","event":"The `airflow.decorators.dag` attribute is deprecated. Please use `'airflow.sdk.dag'`.","category":"UserWarning","filename":"/opt/airflow/dags/conab_ingestion.py","lineno":17,"map_index":14,"run_id":"scheduled__2026-07-13T03:00:00+00:00","ti_id":"019f5db2-9dd6-7e93-b2b8-7684a705c367","try_number":1,"dag_id":"conab_ingestion","task_id":"carregar","logger":"py.warnings"}
{"timestamp":"2026-07-13T22:56:56.673629Z","level":"warning","event":"The `airflow.decorators.task` attribute is deprecated. Please use `'airflow.sdk.task'`.","category":"UserWarning","filename":"/opt/airflow/dags/conab_ingestion.py","lineno":17,"map_index":14,"run_id":"scheduled__2026-07-13T03:00:00+00:00","ti_id":"019f5db2-9dd6-7e93-b2b8-7684a705c367","try_number":1,"dag_id":"conab_ingestion","task_id":"carregar","logger":"py.warnings"}
{"timestamp":"2026-07-13T22:56:56.680002Z","level":"info","event":"Worker startup parse complete","bundle_name":"dags-folder","bundle_version":null,"dag_file":"conab_ingestion.py","dag_id":"conab_ingestion","bundle_prepare_ms":3,"dag_file_parse_ms":1443,"map_index":14,"run_id":"scheduled__2026-07-13T03:00:00+00:00","ti_id":"019f5db2-9dd6-7e93-b2b8-7684a705c367","try_number":1,"task_id":"carregar","logger":"task","filename":"task_runner.py","lineno":1062}
{"timestamp":"2026-07-13T22:56:56.810952Z","level":"info","event":"::endgroup::","map_index":14,"run_id":"scheduled__2026-07-13T03:00:00+00:00","ti_id":"019f5db2-9dd6-7e93-b2b8-7684a705c367","try_number":1,"dag_id":"conab_ingestion","task_id":"carregar","logger":"task","filename":"task_runner.py","lineno":2107}
{"timestamp":"2026-07-13T22:56:56.850343Z","level":"info","event":"Carregado .env de: /opt/airflow/dags/spark/.env","logger":"spark.ingest","map_index":14,"run_id":"scheduled__2026-07-13T03:00:00+00:00","ti_id":"019f5db2-9dd6-7e93-b2b8-7684a705c367","try_number":1,"dag_id":"conab_ingestion","task_id":"carregar","filename":"ingest.py","lineno":54}
{"timestamp":"2026-07-13T22:56:56.850777Z","level":"info","event":"Catálogo configurado — URI=https://catalog.cloudflarestorage.com/515e2015338845cbadff913ac19d97a0/agrodata | warehouse=515e2015338845cbadff913ac19d97a0_agrodata | token=cfat_GNL…2c11","logger":"spark.ingest","map_index":14,"run_id":"scheduled__2026-07-13T03:00:00+00:00","ti_id":"019f5db2-9dd6-7e93-b2b8-7684a705c367","try_number":1,"dag_id":"conab_ingestion","task_id":"carregar","filename":"ingest.py","lineno":75}
{"timestamp":"2026-07-13T22:57:00.904457Z","level":"error","event":"WARNING: Using incubator modules: jdk.incubator.vector","logger":"task.stderr"}
{"timestamp":"2026-07-13T22:57:16.374489Z","level":"error","event":"26/07/13 22:57:16 WARN NativeCodeLoader: Unable to load native-hadoop library for your platform... using builtin-java classes where applicable","logger":"task.stderr"}
{"timestamp":"2026-07-13T22:57:21.797425Z","level":"error","event":"Using Spark's default log4j profile: org/apache/spark/log4j2-defaults.properties","logger":"task.stderr"}
{"timestamp":"2026-07-13T22:57:21.798765Z","level":"error","event":"Setting default log level to \"WARN\".","logger":"task.stderr"}
{"timestamp":"2026-07-13T22:57:21.802177Z","level":"error","event":"To adjust logging level use sc.setLogLevel(newLevel). For SparkR, use setLogLevel(newLevel).","logger":"task.stderr"}
{"timestamp":"2026-07-13T23:00:14.289312Z","level":"info","event":"Done. Returned value was: None","map_index":14,"run_id":"scheduled__2026-07-13T03:00:00+00:00","ti_id":"019f5db2-9dd6-7e93-b2b8-7684a705c367","try_number":1,"dag_id":"conab_ingestion","task_id":"carregar","logger":"airflow.task.operators.airflow.providers.standard.decorators.python._PythonDecoratedOperator","filename":"python.py","lineno":233}
{"timestamp":"2026-07-13T23:00:14.314694Z","level":"info","event":"::group::Post Execute","map_index":14,"run_id":"scheduled__2026-07-13T03:00:00+00:00","ti_id":"019f5db2-9dd6-7e93-b2b8-7684a705c367","try_number":1,"dag_id":"conab_ingestion","task_id":"carregar","logger":"task","filename":"task_runner.py","lineno":1577}
{"timestamp":"2026-07-13T23:00:14.427887Z","level":"info","event":"::endgroup::","map_index":14,"run_id":"scheduled__2026-07-13T03:00:00+00:00","ti_id":"019f5db2-9dd6-7e93-b2b8-7684a705c367","try_number":1,"dag_id":"conab_ingestion","task_id":"carregar","logger":"task","filename":"task_runner.py","lineno":2270}
{"timestamp":"2026-07-13T23:00:15.631206Z","level":"error","event":"\r[Stage 0:>                                                          (0 + 0) / 1]\r\r[Stage 0:>                                                          (0 + 1) / 1]\r\r[Stage 0:===========================================================(1 + 0) / 1]\r\r                                                                                \r\r[Stage 1:>                                                          (0 + 1) / 1]\r\r                                                                                \r\r[Stage 4:>                                                          (0 + 1) / 1]","logger":"task.stderr"}
