{"timestamp":"2026-07-13T17:13:42.670701Z","level":"info","event":"::group::Pre Execute","logger":"task","filename":"task_runner.py","lineno":2303}
{"timestamp":"2026-07-13T17:13:43.047068Z","level":"info","event":"DAG bundles loaded: dags-folder","dag_id":"conab_ingestion","task_id":"carregar","map_index":15,"run_id":"scheduled__2026-07-13T03:00:00+00:00","ti_id":"019f5c78-65f7-7d2d-8493-1685814f0120","try_number":1,"logger":"airflow.dag_processing.bundles.manager.DagBundlesManager","filename":"manager.py","lineno":271}
{"timestamp":"2026-07-13T17:13:43.053706Z","level":"info","event":"Filling up the DagBag from /opt/airflow/dags/conab_ingestion.py","dag_id":"conab_ingestion","task_id":"carregar","map_index":15,"run_id":"scheduled__2026-07-13T03:00:00+00:00","ti_id":"019f5c78-65f7-7d2d-8493-1685814f0120","try_number":1,"logger":"airflow.dag_processing.dagbag.BundleDagBag","filename":"dagbag.py","lineno":460}
{"timestamp":"2026-07-13T17:13:44.808852Z","level":"warning","event":"The `airflow.decorators.dag` attribute is deprecated. Please use `'airflow.sdk.dag'`.","category":"UserWarning","filename":"/opt/airflow/dags/conab_ingestion.py","lineno":17,"dag_id":"conab_ingestion","task_id":"carregar","map_index":15,"run_id":"scheduled__2026-07-13T03:00:00+00:00","ti_id":"019f5c78-65f7-7d2d-8493-1685814f0120","try_number":1,"logger":"py.warnings"}
{"timestamp":"2026-07-13T17:13:44.809689Z","level":"warning","event":"The `airflow.decorators.task` attribute is deprecated. Please use `'airflow.sdk.task'`.","category":"UserWarning","filename":"/opt/airflow/dags/conab_ingestion.py","lineno":17,"dag_id":"conab_ingestion","task_id":"carregar","map_index":15,"run_id":"scheduled__2026-07-13T03:00:00+00:00","ti_id":"019f5c78-65f7-7d2d-8493-1685814f0120","try_number":1,"logger":"py.warnings"}
{"timestamp":"2026-07-13T17:13:44.813270Z","level":"info","event":"Worker startup parse complete","bundle_name":"dags-folder","bundle_version":null,"dag_file":"conab_ingestion.py","dag_id":"conab_ingestion","bundle_prepare_ms":9,"dag_file_parse_ms":1760,"task_id":"carregar","map_index":15,"run_id":"scheduled__2026-07-13T03:00:00+00:00","ti_id":"019f5c78-65f7-7d2d-8493-1685814f0120","try_number":1,"logger":"task","filename":"task_runner.py","lineno":1062}
{"timestamp":"2026-07-13T17:13:49.609285Z","level":"info","event":"::endgroup::","dag_id":"conab_ingestion","task_id":"carregar","map_index":15,"run_id":"scheduled__2026-07-13T03:00:00+00:00","ti_id":"019f5c78-65f7-7d2d-8493-1685814f0120","try_number":1,"logger":"task","filename":"task_runner.py","lineno":2107}
{"timestamp":"2026-07-13T17:13:49.636561Z","level":"info","event":"Carregado .env de: /opt/airflow/dags/spark/.env","logger":"spark.ingest","dag_id":"conab_ingestion","task_id":"carregar","map_index":15,"run_id":"scheduled__2026-07-13T03:00:00+00:00","ti_id":"019f5c78-65f7-7d2d-8493-1685814f0120","try_number":1,"filename":"ingest.py","lineno":55}
{"timestamp":"2026-07-13T17:13:49.637249Z","level":"info","event":"Catálogo configurado — URI=https://catalog.cloudflarestorage.com/515e2015338845cbadff913ac19d97a0/agrodata | warehouse=515e2015338845cbadff913ac19d97a0_agrodata | token=cfat_GNL…2c11","logger":"spark.ingest","dag_id":"conab_ingestion","task_id":"carregar","map_index":15,"run_id":"scheduled__2026-07-13T03:00:00+00:00","ti_id":"019f5c78-65f7-7d2d-8493-1685814f0120","try_number":1,"filename":"ingest.py","lineno":76}
{"timestamp":"2026-07-13T17:13:54.366733Z","level":"error","event":"WARNING: Using incubator modules: jdk.incubator.vector","logger":"task.stderr"}
{"timestamp":"2026-07-13T17:14:12.223154Z","level":"error","event":"26/07/13 17:14:12 WARN NativeCodeLoader: Unable to load native-hadoop library for your platform... using builtin-java classes where applicable","logger":"task.stderr"}
{"timestamp":"2026-07-13T17:14:15.379553Z","level":"error","event":"Using Spark's default log4j profile: org/apache/spark/log4j2-defaults.properties","logger":"task.stderr"}
{"timestamp":"2026-07-13T17:14:15.381019Z","level":"error","event":"Setting default log level to \"WARN\".","logger":"task.stderr"}
{"timestamp":"2026-07-13T17:14:15.382427Z","level":"error","event":"To adjust logging level use sc.setLogLevel(newLevel). For SparkR, use setLogLevel(newLevel).","logger":"task.stderr"}
{"timestamp":"2026-07-13T17:16:55.673787Z","level":"info","event":"Done. Returned value was: None","dag_id":"conab_ingestion","task_id":"carregar","map_index":15,"run_id":"scheduled__2026-07-13T03:00:00+00:00","ti_id":"019f5c78-65f7-7d2d-8493-1685814f0120","try_number":1,"logger":"airflow.task.operators.airflow.providers.standard.decorators.python._PythonDecoratedOperator","filename":"python.py","lineno":233}
{"timestamp":"2026-07-13T17:16:55.674756Z","level":"info","event":"::group::Post Execute","dag_id":"conab_ingestion","task_id":"carregar","map_index":15,"run_id":"scheduled__2026-07-13T03:00:00+00:00","ti_id":"019f5c78-65f7-7d2d-8493-1685814f0120","try_number":1,"logger":"task","filename":"task_runner.py","lineno":1577}
{"timestamp":"2026-07-13T17:16:55.751367Z","level":"info","event":"::endgroup::","dag_id":"conab_ingestion","task_id":"carregar","map_index":15,"run_id":"scheduled__2026-07-13T03:00:00+00:00","ti_id":"019f5c78-65f7-7d2d-8493-1685814f0120","try_number":1,"logger":"task","filename":"task_runner.py","lineno":2270}
{"timestamp":"2026-07-13T17:16:56.368818Z","level":"error","event":"\r[Stage 0:>                                                          (0 + 0) / 1]\r\r[Stage 0:>                                                          (0 + 1) / 1]\r\r                                                                                \r\r[Stage 1:>                                                          (0 + 0) / 1]\r\r[Stage 1:>                                                          (0 + 1) / 1]\r\r                                                                                \r\r[Stage 4:>                                                          (0 + 1) / 1]","logger":"task.stderr"}
{"timestamp":"2026-07-13T22:52:07.671789Z","level":"info","event":"::group::Pre Execute","logger":"task","filename":"task_runner.py","lineno":2303}
{"timestamp":"2026-07-13T22:52:07.985916Z","level":"info","event":"DAG bundles loaded: dags-folder","map_index":15,"dag_id":"conab_ingestion","ti_id":"019f5dae-3ae7-7a36-bbe2-bad44a1363c4","run_id":"scheduled__2026-07-13T03:00:00+00:00","task_id":"carregar","try_number":1,"logger":"airflow.dag_processing.bundles.manager.DagBundlesManager","filename":"manager.py","lineno":271}
{"timestamp":"2026-07-13T22:52:07.988798Z","level":"info","event":"Filling up the DagBag from /opt/airflow/dags/conab_ingestion.py","map_index":15,"dag_id":"conab_ingestion","ti_id":"019f5dae-3ae7-7a36-bbe2-bad44a1363c4","run_id":"scheduled__2026-07-13T03:00:00+00:00","task_id":"carregar","try_number":1,"logger":"airflow.dag_processing.dagbag.BundleDagBag","filename":"dagbag.py","lineno":460}
{"timestamp":"2026-07-13T22:52:09.935317Z","level":"warning","event":"The `airflow.decorators.dag` attribute is deprecated. Please use `'airflow.sdk.dag'`.","category":"UserWarning","filename":"/opt/airflow/dags/conab_ingestion.py","lineno":17,"map_index":15,"dag_id":"conab_ingestion","ti_id":"019f5dae-3ae7-7a36-bbe2-bad44a1363c4","run_id":"scheduled__2026-07-13T03:00:00+00:00","task_id":"carregar","try_number":1,"logger":"py.warnings"}
{"timestamp":"2026-07-13T22:52:09.936107Z","level":"warning","event":"The `airflow.decorators.task` attribute is deprecated. Please use `'airflow.sdk.task'`.","category":"UserWarning","filename":"/opt/airflow/dags/conab_ingestion.py","lineno":17,"map_index":15,"dag_id":"conab_ingestion","ti_id":"019f5dae-3ae7-7a36-bbe2-bad44a1363c4","run_id":"scheduled__2026-07-13T03:00:00+00:00","task_id":"carregar","try_number":1,"logger":"py.warnings"}
{"timestamp":"2026-07-13T22:52:09.941543Z","level":"info","event":"Worker startup parse complete","bundle_name":"dags-folder","bundle_version":null,"dag_file":"conab_ingestion.py","dag_id":"conab_ingestion","bundle_prepare_ms":5,"dag_file_parse_ms":1952,"map_index":15,"ti_id":"019f5dae-3ae7-7a36-bbe2-bad44a1363c4","run_id":"scheduled__2026-07-13T03:00:00+00:00","task_id":"carregar","try_number":1,"logger":"task","filename":"task_runner.py","lineno":1062}
{"timestamp":"2026-07-13T22:52:13.785913Z","level":"info","event":"::endgroup::","map_index":15,"dag_id":"conab_ingestion","ti_id":"019f5dae-3ae7-7a36-bbe2-bad44a1363c4","run_id":"scheduled__2026-07-13T03:00:00+00:00","task_id":"carregar","try_number":1,"logger":"task","filename":"task_runner.py","lineno":2107}
{"timestamp":"2026-07-13T22:52:13.805838Z","level":"info","event":"Carregado .env de: /opt/airflow/dags/spark/.env","logger":"spark.ingest","map_index":15,"dag_id":"conab_ingestion","ti_id":"019f5dae-3ae7-7a36-bbe2-bad44a1363c4","run_id":"scheduled__2026-07-13T03:00:00+00:00","task_id":"carregar","try_number":1,"filename":"ingest.py","lineno":54}
{"timestamp":"2026-07-13T22:52:13.806291Z","level":"info","event":"Catálogo configurado — URI=https://catalog.cloudflarestorage.com/515e2015338845cbadff913ac19d97a0/agrodata | warehouse=515e2015338845cbadff913ac19d97a0_agrodata | token=cfat_GNL…2c11","logger":"spark.ingest","map_index":15,"dag_id":"conab_ingestion","ti_id":"019f5dae-3ae7-7a36-bbe2-bad44a1363c4","run_id":"scheduled__2026-07-13T03:00:00+00:00","task_id":"carregar","try_number":1,"filename":"ingest.py","lineno":75}
{"timestamp":"2026-07-13T22:52:15.603317Z","level":"error","event":"WARNING: Using incubator modules: jdk.incubator.vector","logger":"task.stderr"}
{"timestamp":"2026-07-13T22:52:40.421956Z","level":"error","event":"26/07/13 22:52:40 WARN NativeCodeLoader: Unable to load native-hadoop library for your platform... using builtin-java classes where applicable","logger":"task.stderr"}
{"timestamp":"2026-07-13T22:52:41.621230Z","level":"error","event":"Using Spark's default log4j profile: org/apache/spark/log4j2-defaults.properties","logger":"task.stderr"}
{"timestamp":"2026-07-13T22:52:41.633600Z","level":"error","event":"Setting default log level to \"WARN\".","logger":"task.stderr"}
{"timestamp":"2026-07-13T22:52:41.635555Z","level":"error","event":"To adjust logging level use sc.setLogLevel(newLevel). For SparkR, use setLogLevel(newLevel).","logger":"task.stderr"}
{"timestamp":"2026-07-13T22:52:59.871030Z","level":"error","event":"Server indicated the task shouldn't be running anymore. Terminating process","detail":{"reason":"not_found","message":"Task Instance not found"},"logger":"task"}
{"timestamp":"2026-07-13T22:53:05.685776Z","level":"error","event":"Task killed!","logger":"task"}
{"timestamp":"2026-07-13T22:53:07.093066Z","level":"error","event":"26/07/13 22:53:07 ERROR SparkContext: Error initializing SparkContext.","logger":"task.stderr"}
{"timestamp":"2026-07-13T22:53:07.095839Z","level":"error","event":"java.nio.file.NoSuchFileException: /tmp/spark-d0a8079f-c1e1-4e44-b2b6-51b24efefa7c/userFiles-f83a7b39-bb18-4030-9ac6-10936a8b0e89/fetchFileTemp13734920746680276010.tmp","logger":"task.stderr"}
{"timestamp":"2026-07-13T22:53:07.097878Z","level":"error","event":"\tat java.base/sun.nio.fs.UnixException.translateToIOException(UnixException.java:92)","logger":"task.stderr"}
{"timestamp":"2026-07-13T22:53:07.106869Z","level":"error","event":"\tat java.base/sun.nio.fs.UnixException.rethrowAsIOException(UnixException.java:106)","logger":"task.stderr"}
{"timestamp":"2026-07-13T22:53:07.113274Z","level":"error","event":"\tat java.base/sun.nio.fs.UnixException.rethrowAsIOException(UnixException.java:111)","logger":"task.stderr"}
{"timestamp":"2026-07-13T22:53:07.119210Z","level":"error","event":"\tat java.base/sun.nio.fs.UnixCopyFile.move(UnixCopyFile.java:429)","logger":"task.stderr"}
{"timestamp":"2026-07-13T22:53:07.120998Z","level":"error","event":"\tat java.base/sun.nio.fs.UnixFileSystemProvider.move(UnixFileSystemProvider.java:266)","logger":"task.stderr"}
{"timestamp":"2026-07-13T22:53:07.122201Z","level":"error","event":"\tat java.base/java.nio.file.Files.move(Files.java:1432)","logger":"task.stderr"}
{"timestamp":"2026-07-13T22:53:07.144722Z","level":"error","event":"\tat org.apache.spark.util.Utils$.copyFile(Utils.scala:592)","logger":"task.stderr"}
{"timestamp":"2026-07-13T22:53:07.149180Z","level":"error","event":"\tat org.apache.spark.util.Utils$.downloadFile(Utils.scala:527)","logger":"task.stderr"}
{"timestamp":"2026-07-13T22:53:07.150318Z","level":"error","event":"\tat org.apache.spark.util.Utils$.doFetchFile(Utils.scala:655)","logger":"task.stderr"}
{"timestamp":"2026-07-13T22:53:07.156735Z","level":"error","event":"\tat org.apache.spark.util.Utils$.fetchFile(Utils.scala:410)","logger":"task.stderr"}
{"timestamp":"2026-07-13T22:53:07.164540Z","level":"error","event":"\tat org.apache.spark.executor.Executor.$anonfun$updateDependencies$14(Executor.scala:1467)","logger":"task.stderr"}
{"timestamp":"2026-07-13T22:53:07.176529Z","level":"error","event":"\tat org.apache.spark.executor.Executor.$anonfun$updateDependencies$14$adapted(Executor.scala:1458)","logger":"task.stderr"}
{"timestamp":"2026-07-13T22:53:07.181202Z","level":"error","event":"\tat scala.collection.IterableOnceOps.foreach(IterableOnce.scala:630)","logger":"task.stderr"}
{"timestamp":"2026-07-13T22:53:07.191704Z","level":"error","event":"\tat scala.collection.IterableOnceOps.foreach$(IterableOnce.scala:628)","logger":"task.stderr"}
{"timestamp":"2026-07-13T22:53:07.197081Z","level":"error","event":"\tat scala.collection.AbstractIterable.foreach(Iterable.scala:936)","logger":"task.stderr"}
{"timestamp":"2026-07-13T22:53:07.198783Z","level":"error","event":"\tat scala.collection.IterableOps$WithFilter.foreach(Iterable.scala:906)","logger":"task.stderr"}
{"timestamp":"2026-07-13T22:53:07.199662Z","level":"error","event":"\tat org.apache.spark.executor.Executor.updateDependencies(Executor.scala:1458)","logger":"task.stderr"}
{"timestamp":"2026-07-13T22:53:07.236514Z","level":"error","event":"\tat org.apache.spark.executor.Executor.<init>(Executor.scala:519)","logger":"task.stderr"}
{"timestamp":"2026-07-13T22:53:07.237891Z","level":"error","event":"\tat org.apache.spark.scheduler.local.LocalEndpoint.<init>(LocalSchedulerBackend.scala:66)","logger":"task.stderr"}
{"timestamp":"2026-07-13T22:53:07.238847Z","level":"error","event":"\tat org.apache.spark.scheduler.local.LocalSchedulerBackend.start(LocalSchedulerBackend.scala:136)","logger":"task.stderr"}
{"timestamp":"2026-07-13T22:53:07.240001Z","level":"error","event":"\tat org.apache.spark.scheduler.TaskSchedulerImpl.start(TaskSchedulerImpl.scala:229)","logger":"task.stderr"}
{"timestamp":"2026-07-13T22:53:07.241671Z","level":"error","event":"\tat org.apache.spark.SparkContext.<init>(SparkContext.scala:629)","logger":"task.stderr"}
{"timestamp":"2026-07-13T22:53:07.243030Z","level":"error","event":"\tat org.apache.spark.api.java.JavaSparkContext.<init>(JavaSparkContext.scala:59)","logger":"task.stderr"}
{"timestamp":"2026-07-13T22:53:07.244351Z","level":"error","event":"\tat java.base/jdk.internal.reflect.NativeConstructorAccessorImpl.newInstance0(Native Method)","logger":"task.stderr"}
{"timestamp":"2026-07-13T22:53:07.246432Z","level":"error","event":"\tat java.base/jdk.internal.reflect.NativeConstructorAccessorImpl.newInstance(NativeConstructorAccessorImpl.java:77)","logger":"task.stderr"}
{"timestamp":"2026-07-13T22:53:07.249242Z","level":"error","event":"\tat java.base/jdk.internal.reflect.DelegatingConstructorAccessorImpl.newInstance(DelegatingConstructorAccessorImpl.java:45)","logger":"task.stderr"}
{"timestamp":"2026-07-13T22:53:07.251234Z","level":"error","event":"\tat java.base/java.lang.reflect.Constructor.newInstanceWithCaller(Constructor.java:500)","logger":"task.stderr"}
{"timestamp":"2026-07-13T22:53:07.252738Z","level":"error","event":"\tat java.base/java.lang.reflect.Constructor.newInstance(Constructor.java:481)","logger":"task.stderr"}
{"timestamp":"2026-07-13T22:53:07.254307Z","level":"error","event":"\tat py4j.reflection.MethodInvoker.invoke(MethodInvoker.java:247)","logger":"task.stderr"}
{"timestamp":"2026-07-13T22:53:07.256459Z","level":"error","event":"\tat py4j.reflection.ReflectionEngine.invoke(ReflectionEngine.java:374)","logger":"task.stderr"}
{"timestamp":"2026-07-13T22:53:07.257740Z","level":"error","event":"\tat py4j.Gateway.invoke(Gateway.java:238)","logger":"task.stderr"}
{"timestamp":"2026-07-13T22:53:07.259366Z","level":"error","event":"\tat py4j.commands.ConstructorCommand.invokeConstructor(ConstructorCommand.java:80)","logger":"task.stderr"}
{"timestamp":"2026-07-13T22:53:07.261167Z","level":"error","event":"\tat py4j.commands.ConstructorCommand.execute(ConstructorCommand.java:69)","logger":"task.stderr"}
{"timestamp":"2026-07-13T22:53:07.264177Z","level":"error","event":"\tat py4j.ClientServerConnection.waitForCommands(ClientServerConnection.java:184)","logger":"task.stderr"}
{"timestamp":"2026-07-13T22:53:07.271204Z","level":"error","event":"\tat py4j.ClientServerConnection.run(ClientServerConnection.java:108)","logger":"task.stderr"}
{"timestamp":"2026-07-13T22:53:07.275392Z","level":"error","event":"\tat java.base/java.lang.Thread.run(Thread.java:840)","logger":"task.stderr"}
{"timestamp":"2026-07-13T22:53:07.282613Z","level":"error","event":"26/07/13 22:53:07 ERROR Utils: Uncaught exception in thread Thread-4","logger":"task.stderr"}
{"timestamp":"2026-07-13T22:53:07.295408Z","level":"error","event":"java.lang.NullPointerException: Cannot invoke \"org.apache.spark.rpc.RpcEndpointRef.ask(Object, scala.reflect.ClassTag)\" because the return value of \"org.apache.spark.scheduler.local.LocalSchedulerBackend.localEndpoint()\" is null","logger":"task.stderr"}
{"timestamp":"2026-07-13T22:53:07.300633Z","level":"error","event":"\tat org.apache.spark.scheduler.local.LocalSchedulerBackend.org$apache$spark$scheduler$local$LocalSchedulerBackend$$stop(LocalSchedulerBackend.scala:178)","logger":"task.stderr"}
{"timestamp":"2026-07-13T22:53:07.325919Z","level":"error","event":"\tat org.apache.spark.scheduler.local.LocalSchedulerBackend.stop(LocalSchedulerBackend.scala:149)","logger":"task.stderr"}
{"timestamp":"2026-07-13T22:53:07.328543Z","level":"error","event":"\tat org.apache.spark.scheduler.SchedulerBackend.stop(SchedulerBackend.scala:34)","logger":"task.stderr"}
{"timestamp":"2026-07-13T22:53:07.331802Z","level":"error","event":"\tat org.apache.spark.scheduler.SchedulerBackend.stop$(SchedulerBackend.scala:34)","logger":"task.stderr"}
{"timestamp":"2026-07-13T22:53:07.334712Z","level":"error","event":"\tat org.apache.spark.scheduler.local.LocalSchedulerBackend.stop(LocalSchedulerBackend.scala:107)","logger":"task.stderr"}
{"timestamp":"2026-07-13T22:53:07.337194Z","level":"error","event":"\tat org.apache.spark.scheduler.TaskSchedulerImpl.$anonfun$stop$2(TaskSchedulerImpl.scala:933)","logger":"task.stderr"}
{"timestamp":"2026-07-13T22:53:07.340385Z","level":"error","event":"\tat org.apache.spark.util.Utils$.tryLogNonFatalError(Utils.scala:1314)","logger":"task.stderr"}
{"timestamp":"2026-07-13T22:53:07.346443Z","level":"error","event":"\tat org.apache.spark.scheduler.TaskSchedulerImpl.stop(TaskSchedulerImpl.scala:933)","logger":"task.stderr"}
{"timestamp":"2026-07-13T22:53:07.347635Z","level":"error","event":"\tat org.apache.spark.scheduler.DAGScheduler.$anonfun$stop$4(DAGScheduler.scala:3310)","logger":"task.stderr"}
{"timestamp":"2026-07-13T22:53:07.348677Z","level":"error","event":"\tat org.apache.spark.util.Utils$.tryLogNonFatalError(Utils.scala:1314)","logger":"task.stderr"}
{"timestamp":"2026-07-13T22:53:07.349771Z","level":"error","event":"\tat org.apache.spark.scheduler.DAGScheduler.stop(DAGScheduler.scala:3310)","logger":"task.stderr"}
{"timestamp":"2026-07-13T22:53:07.352445Z","level":"error","event":"\tat org.apache.spark.SparkContext.$anonfun$stop$12(SparkContext.scala:2357)","logger":"task.stderr"}
{"timestamp":"2026-07-13T22:53:07.354051Z","level":"error","event":"\tat org.apache.spark.util.Utils$.tryLogNonFatalError(Utils.scala:1314)","logger":"task.stderr"}
{"timestamp":"2026-07-13T22:53:07.355832Z","level":"error","event":"\tat org.apache.spark.SparkContext.stop(SparkContext.scala:2357)","logger":"task.stderr"}
{"timestamp":"2026-07-13T22:53:07.357385Z","level":"error","event":"\tat org.apache.spark.SparkContext.stop(SparkContext.scala:2308)","logger":"task.stderr"}
{"timestamp":"2026-07-13T22:53:07.360342Z","level":"error","event":"\tat org.apache.spark.SparkContext.<init>(SparkContext.scala:740)","logger":"task.stderr"}
{"timestamp":"2026-07-13T22:53:07.371984Z","level":"error","event":"\tat org.apache.spark.api.java.JavaSparkContext.<init>(JavaSparkContext.scala:59)","logger":"task.stderr"}
{"timestamp":"2026-07-13T22:53:07.373310Z","level":"error","event":"\tat java.base/jdk.internal.reflect.NativeConstructorAccessorImpl.newInstance0(Native Method)","logger":"task.stderr"}
{"timestamp":"2026-07-13T22:53:07.374336Z","level":"error","event":"\tat java.base/jdk.internal.reflect.NativeConstructorAccessorImpl.newInstance(NativeConstructorAccessorImpl.java:77)","logger":"task.stderr"}
{"timestamp":"2026-07-13T22:53:07.379856Z","level":"error","event":"\tat java.base/jdk.internal.reflect.DelegatingConstructorAccessorImpl.newInstance(DelegatingConstructorAccessorImpl.java:45)","logger":"task.stderr"}
{"timestamp":"2026-07-13T22:53:07.385394Z","level":"error","event":"\tat java.base/java.lang.reflect.Constructor.newInstanceWithCaller(Constructor.java:500)","logger":"task.stderr"}
{"timestamp":"2026-07-13T22:53:07.388867Z","level":"error","event":"\tat java.base/java.lang.reflect.Constructor.newInstance(Constructor.java:481)","logger":"task.stderr"}
{"timestamp":"2026-07-13T22:53:07.394665Z","level":"error","event":"\tat py4j.reflection.MethodInvoker.invoke(MethodInvoker.java:247)","logger":"task.stderr"}
{"timestamp":"2026-07-13T22:53:07.397419Z","level":"error","event":"\tat py4j.reflection.ReflectionEngine.invoke(ReflectionEngine.java:374)","logger":"task.stderr"}
{"timestamp":"2026-07-13T22:53:07.399907Z","level":"error","event":"\tat py4j.Gateway.invoke(Gateway.java:238)","logger":"task.stderr"}
{"timestamp":"2026-07-13T22:53:07.402810Z","level":"error","event":"\tat py4j.commands.ConstructorCommand.invokeConstructor(ConstructorCommand.java:80)","logger":"task.stderr"}
{"timestamp":"2026-07-13T22:53:07.409013Z","level":"error","event":"\tat py4j.commands.ConstructorCommand.execute(ConstructorCommand.java:69)","logger":"task.stderr"}
{"timestamp":"2026-07-13T22:53:07.412502Z","level":"error","event":"\tat py4j.ClientServerConnection.waitForCommands(ClientServerConnection.java:184)","logger":"task.stderr"}
{"timestamp":"2026-07-13T22:53:07.413244Z","level":"error","event":"\tat py4j.ClientServerConnection.run(ClientServerConnection.java:108)","logger":"task.stderr"}
{"timestamp":"2026-07-13T22:53:07.414195Z","level":"error","event":"\tat java.base/java.lang.Thread.run(Thread.java:840)","logger":"task.stderr"}
{"timestamp":"2026-07-13T22:53:07.490921Z","level":"error","event":"26/07/13 22:53:07 WARN MetricsSystem: Stopping a MetricsSystem that is not running","logger":"task.stderr"}
{"timestamp":"2026-07-13T22:56:55.137852Z","level":"info","event":"::group::Pre Execute","logger":"task","filename":"task_runner.py","lineno":2303}
{"timestamp":"2026-07-13T22:56:55.368970Z","level":"info","event":"DAG bundles loaded: dags-folder","map_index":15,"run_id":"scheduled__2026-07-13T03:00:00+00:00","ti_id":"019f5db2-9dd7-7732-9300-978af7e166cd","try_number":1,"dag_id":"conab_ingestion","task_id":"carregar","logger":"airflow.dag_processing.bundles.manager.DagBundlesManager","filename":"manager.py","lineno":271}
{"timestamp":"2026-07-13T22:56:55.373485Z","level":"info","event":"Filling up the DagBag from /opt/airflow/dags/conab_ingestion.py","map_index":15,"run_id":"scheduled__2026-07-13T03:00:00+00:00","ti_id":"019f5db2-9dd7-7732-9300-978af7e166cd","try_number":1,"dag_id":"conab_ingestion","task_id":"carregar","logger":"airflow.dag_processing.dagbag.BundleDagBag","filename":"dagbag.py","lineno":460}
{"timestamp":"2026-07-13T22:56:57.730345Z","level":"warning","event":"The `airflow.decorators.dag` attribute is deprecated. Please use `'airflow.sdk.dag'`.","category":"UserWarning","filename":"/opt/airflow/dags/conab_ingestion.py","lineno":17,"map_index":15,"run_id":"scheduled__2026-07-13T03:00:00+00:00","ti_id":"019f5db2-9dd7-7732-9300-978af7e166cd","try_number":1,"dag_id":"conab_ingestion","task_id":"carregar","logger":"py.warnings"}
{"timestamp":"2026-07-13T22:56:57.737659Z","level":"warning","event":"The `airflow.decorators.task` attribute is deprecated. Please use `'airflow.sdk.task'`.","category":"UserWarning","filename":"/opt/airflow/dags/conab_ingestion.py","lineno":17,"map_index":15,"run_id":"scheduled__2026-07-13T03:00:00+00:00","ti_id":"019f5db2-9dd7-7732-9300-978af7e166cd","try_number":1,"dag_id":"conab_ingestion","task_id":"carregar","logger":"py.warnings"}
{"timestamp":"2026-07-13T22:56:57.803162Z","level":"info","event":"Worker startup parse complete","bundle_name":"dags-folder","bundle_version":null,"dag_file":"conab_ingestion.py","dag_id":"conab_ingestion","bundle_prepare_ms":6,"dag_file_parse_ms":2428,"map_index":15,"run_id":"scheduled__2026-07-13T03:00:00+00:00","ti_id":"019f5db2-9dd7-7732-9300-978af7e166cd","try_number":1,"task_id":"carregar","logger":"task","filename":"task_runner.py","lineno":1062}
{"timestamp":"2026-07-13T22:57:01.231490Z","level":"info","event":"::endgroup::","map_index":15,"run_id":"scheduled__2026-07-13T03:00:00+00:00","ti_id":"019f5db2-9dd7-7732-9300-978af7e166cd","try_number":1,"dag_id":"conab_ingestion","task_id":"carregar","logger":"task","filename":"task_runner.py","lineno":2107}
{"timestamp":"2026-07-13T22:57:01.258455Z","level":"info","event":"Carregado .env de: /opt/airflow/dags/spark/.env","logger":"spark.ingest","map_index":15,"run_id":"scheduled__2026-07-13T03:00:00+00:00","ti_id":"019f5db2-9dd7-7732-9300-978af7e166cd","try_number":1,"dag_id":"conab_ingestion","task_id":"carregar","filename":"ingest.py","lineno":54}
{"timestamp":"2026-07-13T22:57:01.258932Z","level":"info","event":"Catálogo configurado — URI=https://catalog.cloudflarestorage.com/515e2015338845cbadff913ac19d97a0/agrodata | warehouse=515e2015338845cbadff913ac19d97a0_agrodata | token=cfat_GNL…2c11","logger":"spark.ingest","map_index":15,"run_id":"scheduled__2026-07-13T03:00:00+00:00","ti_id":"019f5db2-9dd7-7732-9300-978af7e166cd","try_number":1,"dag_id":"conab_ingestion","task_id":"carregar","filename":"ingest.py","lineno":75}
{"timestamp":"2026-07-13T22:57:02.655697Z","level":"error","event":"WARNING: Using incubator modules: jdk.incubator.vector","logger":"task.stderr"}
{"timestamp":"2026-07-13T22:57:23.057729Z","level":"error","event":"26/07/13 22:57:23 WARN NativeCodeLoader: Unable to load native-hadoop library for your platform... using builtin-java classes where applicable","logger":"task.stderr"}
{"timestamp":"2026-07-13T22:57:25.262253Z","level":"error","event":"Using Spark's default log4j profile: org/apache/spark/log4j2-defaults.properties","logger":"task.stderr"}
{"timestamp":"2026-07-13T22:57:25.592652Z","level":"error","event":"Setting default log level to \"WARN\".","logger":"task.stderr"}
{"timestamp":"2026-07-13T22:57:25.616197Z","level":"error","event":"To adjust logging level use sc.setLogLevel(newLevel). For SparkR, use setLogLevel(newLevel).","logger":"task.stderr"}
{"timestamp":"2026-07-13T22:57:56.450737Z","level":"error","event":"26/07/13 22:57:56 WARN Executor: Issue communicating with driver in heartbeater","logger":"task.stderr"}
{"timestamp":"2026-07-13T22:57:56.467881Z","level":"error","event":"org.apache.spark.SparkException: Exception thrown in awaitResult:","logger":"task.stderr"}
{"timestamp":"2026-07-13T22:57:56.476318Z","level":"error","event":"\tat org.apache.spark.util.SparkThreadUtils$.awaitResult(SparkThreadUtils.scala:53)","logger":"task.stderr"}
{"timestamp":"2026-07-13T22:57:56.482219Z","level":"error","event":"\tat org.apache.spark.util.ThreadUtils$.awaitResult(ThreadUtils.scala:359)","logger":"task.stderr"}
{"timestamp":"2026-07-13T22:57:56.484323Z","level":"error","event":"\tat org.apache.spark.rpc.RpcTimeout.awaitResult(RpcTimeout.scala:75)","logger":"task.stderr"}
{"timestamp":"2026-07-13T22:57:56.486163Z","level":"error","event":"\tat org.apache.spark.rpc.RpcEndpointRef.askSync(RpcEndpointRef.scala:101)","logger":"task.stderr"}
{"timestamp":"2026-07-13T22:57:56.487761Z","level":"error","event":"\tat org.apache.spark.rpc.RpcEndpointRef.askSync(RpcEndpointRef.scala:85)","logger":"task.stderr"}
{"timestamp":"2026-07-13T22:57:56.488522Z","level":"error","event":"\tat org.apache.spark.storage.BlockManagerMaster.registerBlockManager(BlockManagerMaster.scala:81)","logger":"task.stderr"}
{"timestamp":"2026-07-13T22:57:56.489913Z","level":"error","event":"\tat org.apache.spark.storage.BlockManager.reregister(BlockManager.scala:674)","logger":"task.stderr"}
{"timestamp":"2026-07-13T22:57:56.491682Z","level":"error","event":"\tat org.apache.spark.executor.Executor.reportHeartBeat(Executor.scala:1530)","logger":"task.stderr"}
{"timestamp":"2026-07-13T22:57:56.498812Z","level":"error","event":"\tat org.apache.spark.executor.Executor.$anonfun$heartbeater$1(Executor.scala:483)","logger":"task.stderr"}
{"timestamp":"2026-07-13T22:57:56.501933Z","level":"error","event":"\tat scala.runtime.java8.JFunction0$mcV$sp.apply(JFunction0$mcV$sp.scala:18)","logger":"task.stderr"}
{"timestamp":"2026-07-13T22:57:56.506715Z","level":"error","event":"\tat org.apache.spark.util.Utils$.logUncaughtExceptions(Utils.scala:1941)","logger":"task.stderr"}
{"timestamp":"2026-07-13T22:57:56.509339Z","level":"error","event":"\tat org.apache.spark.Heartbeater$$anon$1.run(Heartbeater.scala:46)","logger":"task.stderr"}
{"timestamp":"2026-07-13T22:57:56.510499Z","level":"error","event":"\tat java.base/java.util.concurrent.Executors$RunnableAdapter.call(Executors.java:539)","logger":"task.stderr"}
{"timestamp":"2026-07-13T22:57:56.515515Z","level":"error","event":"\tat java.base/java.util.concurrent.FutureTask.runAndReset(FutureTask.java:305)","logger":"task.stderr"}
{"timestamp":"2026-07-13T22:57:56.517456Z","level":"error","event":"\tat java.base/java.util.concurrent.ScheduledThreadPoolExecutor$ScheduledFutureTask.run(ScheduledThreadPoolExecutor.java:305)","logger":"task.stderr"}
{"timestamp":"2026-07-13T22:57:56.520045Z","level":"error","event":"\tat java.base/java.util.concurrent.ThreadPoolExecutor.runWorker(ThreadPoolExecutor.java:1136)","logger":"task.stderr"}
{"timestamp":"2026-07-13T22:57:56.526806Z","level":"error","event":"\tat java.base/java.util.concurrent.ThreadPoolExecutor$Worker.run(ThreadPoolExecutor.java:635)","logger":"task.stderr"}
{"timestamp":"2026-07-13T22:57:56.529512Z","level":"error","event":"\tat java.base/java.lang.Thread.run(Thread.java:840)","logger":"task.stderr"}
{"timestamp":"2026-07-13T22:57:56.531563Z","level":"error","event":"Caused by: java.lang.NullPointerException: Cannot invoke \"org.apache.spark.storage.BlockManagerId.executorId()\" because \"idWithoutTopologyInfo\" is null","logger":"task.stderr"}
{"timestamp":"2026-07-13T22:57:56.533626Z","level":"error","event":"\tat org.apache.spark.storage.BlockManagerMasterEndpoint.org$apache$spark$storage$BlockManagerMasterEndpoint$$register(BlockManagerMasterEndpoint.scala:696)","logger":"task.stderr"}
{"timestamp":"2026-07-13T22:57:56.538891Z","level":"error","event":"\tat org.apache.spark.storage.BlockManagerMasterEndpoint$$anonfun$receiveAndReply$1.applyOrElse(BlockManagerMasterEndpoint.scala:141)","logger":"task.stderr"}
{"timestamp":"2026-07-13T22:57:56.542424Z","level":"error","event":"\tat org.apache.spark.rpc.netty.Inbox.$anonfun$process$1(Inbox.scala:104)","logger":"task.stderr"}
{"timestamp":"2026-07-13T22:57:56.544990Z","level":"error","event":"\tat org.apache.spark.rpc.netty.Inbox.safelyCall(Inbox.scala:216)","logger":"task.stderr"}
{"timestamp":"2026-07-13T22:57:56.556762Z","level":"error","event":"\tat org.apache.spark.rpc.netty.Inbox.process(Inbox.scala:101)","logger":"task.stderr"}
{"timestamp":"2026-07-13T22:57:56.559268Z","level":"error","event":"\tat org.apache.spark.rpc.netty.MessageLoop.org$apache$spark$rpc$netty$MessageLoop$$receiveLoop(MessageLoop.scala:76)","logger":"task.stderr"}
{"timestamp":"2026-07-13T22:57:56.565026Z","level":"error","event":"\tat org.apache.spark.rpc.netty.MessageLoop$$anon$1.run(MessageLoop.scala:42)","logger":"task.stderr"}
{"timestamp":"2026-07-13T22:57:56.567424Z","level":"error","event":"\t... 3 more","logger":"task.stderr"}
{"timestamp":"2026-07-13T22:57:56.573854Z","level":"error","event":"26/07/13 22:57:56 ERROR Inbox: Ignoring error","logger":"task.stderr"}
{"timestamp":"2026-07-13T22:57:56.580461Z","level":"error","event":"java.lang.NullPointerException: Cannot invoke \"org.apache.spark.storage.BlockManagerId.executorId()\" because \"idWithoutTopologyInfo\" is null","logger":"task.stderr"}
{"timestamp":"2026-07-13T22:57:56.586071Z","level":"error","event":"\tat org.apache.spark.storage.BlockManagerMasterEndpoint.org$apache$spark$storage$BlockManagerMasterEndpoint$$register(BlockManagerMasterEndpoint.scala:696)","logger":"task.stderr"}
{"timestamp":"2026-07-13T22:57:56.587723Z","level":"error","event":"\tat org.apache.spark.storage.BlockManagerMasterEndpoint$$anonfun$receiveAndReply$1.applyOrElse(BlockManagerMasterEndpoint.scala:141)","logger":"task.stderr"}
{"timestamp":"2026-07-13T22:57:56.590194Z","level":"error","event":"\tat org.apache.spark.rpc.netty.Inbox.$anonfun$process$1(Inbox.scala:104)","logger":"task.stderr"}
{"timestamp":"2026-07-13T22:57:56.594867Z","level":"error","event":"\tat org.apache.spark.rpc.netty.Inbox.safelyCall(Inbox.scala:216)","logger":"task.stderr"}
{"timestamp":"2026-07-13T22:57:56.604332Z","level":"error","event":"\tat org.apache.spark.rpc.netty.Inbox.process(Inbox.scala:101)","logger":"task.stderr"}
{"timestamp":"2026-07-13T22:57:56.605705Z","level":"error","event":"\tat org.apache.spark.rpc.netty.MessageLoop.org$apache$spark$rpc$netty$MessageLoop$$receiveLoop(MessageLoop.scala:76)","logger":"task.stderr"}
{"timestamp":"2026-07-13T22:57:56.606908Z","level":"error","event":"\tat org.apache.spark.rpc.netty.MessageLoop$$anon$1.run(MessageLoop.scala:42)","logger":"task.stderr"}
{"timestamp":"2026-07-13T22:57:56.608879Z","level":"error","event":"\tat java.base/java.util.concurrent.ThreadPoolExecutor.runWorker(ThreadPoolExecutor.java:1136)","logger":"task.stderr"}
{"timestamp":"2026-07-13T22:57:56.610070Z","level":"error","event":"\tat java.base/java.util.concurrent.ThreadPoolExecutor$Worker.run(ThreadPoolExecutor.java:635)","logger":"task.stderr"}
{"timestamp":"2026-07-13T22:57:56.611148Z","level":"error","event":"\tat java.base/java.lang.Thread.run(Thread.java:840)","logger":"task.stderr"}
{"timestamp":"2026-07-13T23:00:19.632320Z","level":"info","event":"Done. Returned value was: None","map_index":15,"run_id":"scheduled__2026-07-13T03:00:00+00:00","ti_id":"019f5db2-9dd7-7732-9300-978af7e166cd","try_number":1,"dag_id":"conab_ingestion","task_id":"carregar","logger":"airflow.task.operators.airflow.providers.standard.decorators.python._PythonDecoratedOperator","filename":"python.py","lineno":233}
{"timestamp":"2026-07-13T23:00:19.651591Z","level":"info","event":"::group::Post Execute","map_index":15,"run_id":"scheduled__2026-07-13T03:00:00+00:00","ti_id":"019f5db2-9dd7-7732-9300-978af7e166cd","try_number":1,"dag_id":"conab_ingestion","task_id":"carregar","logger":"task","filename":"task_runner.py","lineno":1577}
{"timestamp":"2026-07-13T23:00:19.742246Z","level":"info","event":"::endgroup::","map_index":15,"run_id":"scheduled__2026-07-13T03:00:00+00:00","ti_id":"019f5db2-9dd7-7732-9300-978af7e166cd","try_number":1,"dag_id":"conab_ingestion","task_id":"carregar","logger":"task","filename":"task_runner.py","lineno":2270}
{"timestamp":"2026-07-13T23:00:20.562311Z","level":"error","event":"\r[Stage 0:>                                                          (0 + 0) / 1]\r\r[Stage 0:>                                                          (0 + 1) / 1]\r\r                                                                                \r\r[Stage 1:>                                                          (0 + 1) / 1]\r\r                                                                                \r\r[Stage 4:>                                                          (0 + 1) / 1]","logger":"task.stderr"}
