{"timestamp":"2026-07-13T17:13:42.642964Z","level":"info","event":"::group::Pre Execute","logger":"task","filename":"task_runner.py","lineno":2303}
{"timestamp":"2026-07-13T17:13:43.020234Z","level":"info","event":"DAG bundles loaded: dags-folder","try_number":1,"map_index":11,"dag_id":"conab_ingestion","ti_id":"019f5c78-65ef-712a-a8e8-55a50261aee9","task_id":"carregar","run_id":"scheduled__2026-07-13T03:00:00+00:00","logger":"airflow.dag_processing.bundles.manager.DagBundlesManager","filename":"manager.py","lineno":271}
{"timestamp":"2026-07-13T17:13:43.023964Z","level":"info","event":"Filling up the DagBag from /opt/airflow/dags/conab_ingestion.py","try_number":1,"map_index":11,"dag_id":"conab_ingestion","ti_id":"019f5c78-65ef-712a-a8e8-55a50261aee9","task_id":"carregar","run_id":"scheduled__2026-07-13T03:00:00+00:00","logger":"airflow.dag_processing.dagbag.BundleDagBag","filename":"dagbag.py","lineno":460}
{"timestamp":"2026-07-13T17:13:44.359254Z","level":"warning","event":"The `airflow.decorators.dag` attribute is deprecated. Please use `'airflow.sdk.dag'`.","category":"UserWarning","filename":"/opt/airflow/dags/conab_ingestion.py","lineno":17,"try_number":1,"map_index":11,"dag_id":"conab_ingestion","ti_id":"019f5c78-65ef-712a-a8e8-55a50261aee9","task_id":"carregar","run_id":"scheduled__2026-07-13T03:00:00+00:00","logger":"py.warnings"}
{"timestamp":"2026-07-13T17:13:44.360070Z","level":"warning","event":"The `airflow.decorators.task` attribute is deprecated. Please use `'airflow.sdk.task'`.","category":"UserWarning","filename":"/opt/airflow/dags/conab_ingestion.py","lineno":17,"try_number":1,"map_index":11,"dag_id":"conab_ingestion","ti_id":"019f5c78-65ef-712a-a8e8-55a50261aee9","task_id":"carregar","run_id":"scheduled__2026-07-13T03:00:00+00:00","logger":"py.warnings"}
{"timestamp":"2026-07-13T17:13:44.363650Z","level":"info","event":"Worker startup parse complete","bundle_name":"dags-folder","bundle_version":null,"dag_file":"conab_ingestion.py","dag_id":"conab_ingestion","bundle_prepare_ms":5,"dag_file_parse_ms":1340,"try_number":1,"map_index":11,"ti_id":"019f5c78-65ef-712a-a8e8-55a50261aee9","task_id":"carregar","run_id":"scheduled__2026-07-13T03:00:00+00:00","logger":"task","filename":"task_runner.py","lineno":1062}
{"timestamp":"2026-07-13T17:13:44.514666Z","level":"info","event":"::endgroup::","try_number":1,"map_index":11,"dag_id":"conab_ingestion","ti_id":"019f5c78-65ef-712a-a8e8-55a50261aee9","task_id":"carregar","run_id":"scheduled__2026-07-13T03:00:00+00:00","logger":"task","filename":"task_runner.py","lineno":2107}
{"timestamp":"2026-07-13T17:13:44.535758Z","level":"info","event":"Carregado .env de: /opt/airflow/dags/spark/.env","logger":"spark.ingest","try_number":1,"map_index":11,"dag_id":"conab_ingestion","ti_id":"019f5c78-65ef-712a-a8e8-55a50261aee9","task_id":"carregar","run_id":"scheduled__2026-07-13T03:00:00+00:00","filename":"ingest.py","lineno":55}
{"timestamp":"2026-07-13T17:13:44.536515Z","level":"info","event":"Catálogo configurado — URI=https://catalog.cloudflarestorage.com/515e2015338845cbadff913ac19d97a0/agrodata | warehouse=515e2015338845cbadff913ac19d97a0_agrodata | token=cfat_GNL…2c11","logger":"spark.ingest","try_number":1,"map_index":11,"dag_id":"conab_ingestion","ti_id":"019f5c78-65ef-712a-a8e8-55a50261aee9","task_id":"carregar","run_id":"scheduled__2026-07-13T03:00:00+00:00","filename":"ingest.py","lineno":76}
{"timestamp":"2026-07-13T17:13:45.307991Z","level":"error","event":"WARNING: Using incubator modules: jdk.incubator.vector","logger":"task.stderr"}
{"timestamp":"2026-07-13T17:14:08.491769Z","level":"error","event":"26/07/13 17:14:08 WARN NativeCodeLoader: Unable to load native-hadoop library for your platform... using builtin-java classes where applicable","logger":"task.stderr"}
{"timestamp":"2026-07-13T17:14:09.518401Z","level":"error","event":"Using Spark's default log4j profile: org/apache/spark/log4j2-defaults.properties","logger":"task.stderr"}
{"timestamp":"2026-07-13T17:14:09.527132Z","level":"error","event":"Setting default log level to \"WARN\".","logger":"task.stderr"}
{"timestamp":"2026-07-13T17:14:09.528571Z","level":"error","event":"To adjust logging level use sc.setLogLevel(newLevel). For SparkR, use setLogLevel(newLevel).","logger":"task.stderr"}
{"timestamp":"2026-07-13T17:16:55.143269Z","level":"info","event":"Done. Returned value was: None","try_number":1,"map_index":11,"dag_id":"conab_ingestion","ti_id":"019f5c78-65ef-712a-a8e8-55a50261aee9","task_id":"carregar","run_id":"scheduled__2026-07-13T03:00:00+00:00","logger":"airflow.task.operators.airflow.providers.standard.decorators.python._PythonDecoratedOperator","filename":"python.py","lineno":233}
{"timestamp":"2026-07-13T17:16:55.143685Z","level":"info","event":"::group::Post Execute","try_number":1,"map_index":11,"dag_id":"conab_ingestion","ti_id":"019f5c78-65ef-712a-a8e8-55a50261aee9","task_id":"carregar","run_id":"scheduled__2026-07-13T03:00:00+00:00","logger":"task","filename":"task_runner.py","lineno":1577}
{"timestamp":"2026-07-13T17:16:55.179019Z","level":"info","event":"::endgroup::","try_number":1,"map_index":11,"dag_id":"conab_ingestion","ti_id":"019f5c78-65ef-712a-a8e8-55a50261aee9","task_id":"carregar","run_id":"scheduled__2026-07-13T03:00:00+00:00","logger":"task","filename":"task_runner.py","lineno":2270}
{"timestamp":"2026-07-13T17:16:55.706203Z","level":"error","event":"\r[Stage 0:>                                                          (0 + 0) / 1]\r\r[Stage 0:>                                                          (0 + 1) / 1]\r\r                                                                                \r\r[Stage 1:>                                                          (0 + 0) / 1]\r\r[Stage 1:>                                                          (0 + 1) / 1]\r\r                                                                                \r\r[Stage 2:>                                                          (0 + 1) / 1]\r\r[Stage 2:===========================================================(1 + 0) / 1]\r\r                                                                                \r\r[Stage 4:>                                                          (0 + 1) / 1]","logger":"task.stderr"}
{"timestamp":"2026-07-13T22:52:07.793081Z","level":"info","event":"::group::Pre Execute","logger":"task","filename":"task_runner.py","lineno":2303}
{"timestamp":"2026-07-13T22:52:08.178786Z","level":"info","event":"DAG bundles loaded: dags-folder","ti_id":"019f5dae-3ae2-756b-a8db-5bace1b68bb9","try_number":1,"dag_id":"conab_ingestion","run_id":"scheduled__2026-07-13T03:00:00+00:00","map_index":11,"task_id":"carregar","logger":"airflow.dag_processing.bundles.manager.DagBundlesManager","filename":"manager.py","lineno":271}
{"timestamp":"2026-07-13T22:52:08.192100Z","level":"info","event":"Filling up the DagBag from /opt/airflow/dags/conab_ingestion.py","ti_id":"019f5dae-3ae2-756b-a8db-5bace1b68bb9","try_number":1,"dag_id":"conab_ingestion","run_id":"scheduled__2026-07-13T03:00:00+00:00","map_index":11,"task_id":"carregar","logger":"airflow.dag_processing.dagbag.BundleDagBag","filename":"dagbag.py","lineno":460}
{"timestamp":"2026-07-13T22:52:09.857635Z","level":"warning","event":"The `airflow.decorators.dag` attribute is deprecated. Please use `'airflow.sdk.dag'`.","category":"UserWarning","filename":"/opt/airflow/dags/conab_ingestion.py","lineno":17,"ti_id":"019f5dae-3ae2-756b-a8db-5bace1b68bb9","try_number":1,"dag_id":"conab_ingestion","run_id":"scheduled__2026-07-13T03:00:00+00:00","map_index":11,"task_id":"carregar","logger":"py.warnings"}
{"timestamp":"2026-07-13T22:52:09.858501Z","level":"warning","event":"The `airflow.decorators.task` attribute is deprecated. Please use `'airflow.sdk.task'`.","category":"UserWarning","filename":"/opt/airflow/dags/conab_ingestion.py","lineno":17,"ti_id":"019f5dae-3ae2-756b-a8db-5bace1b68bb9","try_number":1,"dag_id":"conab_ingestion","run_id":"scheduled__2026-07-13T03:00:00+00:00","map_index":11,"task_id":"carregar","logger":"py.warnings"}
{"timestamp":"2026-07-13T22:52:09.862204Z","level":"info","event":"Worker startup parse complete","bundle_name":"dags-folder","bundle_version":null,"dag_file":"conab_ingestion.py","dag_id":"conab_ingestion","bundle_prepare_ms":19,"dag_file_parse_ms":1670,"ti_id":"019f5dae-3ae2-756b-a8db-5bace1b68bb9","try_number":1,"run_id":"scheduled__2026-07-13T03:00:00+00:00","map_index":11,"task_id":"carregar","logger":"task","filename":"task_runner.py","lineno":1062}
{"timestamp":"2026-07-13T22:52:13.808462Z","level":"info","event":"::endgroup::","ti_id":"019f5dae-3ae2-756b-a8db-5bace1b68bb9","try_number":1,"dag_id":"conab_ingestion","run_id":"scheduled__2026-07-13T03:00:00+00:00","map_index":11,"task_id":"carregar","logger":"task","filename":"task_runner.py","lineno":2107}
{"timestamp":"2026-07-13T22:52:13.820039Z","level":"info","event":"Carregado .env de: /opt/airflow/dags/spark/.env","logger":"spark.ingest","ti_id":"019f5dae-3ae2-756b-a8db-5bace1b68bb9","try_number":1,"dag_id":"conab_ingestion","run_id":"scheduled__2026-07-13T03:00:00+00:00","map_index":11,"task_id":"carregar","filename":"ingest.py","lineno":54}
{"timestamp":"2026-07-13T22:52:13.820395Z","level":"info","event":"Catálogo configurado — URI=https://catalog.cloudflarestorage.com/515e2015338845cbadff913ac19d97a0/agrodata | warehouse=515e2015338845cbadff913ac19d97a0_agrodata | token=cfat_GNL…2c11","logger":"spark.ingest","ti_id":"019f5dae-3ae2-756b-a8db-5bace1b68bb9","try_number":1,"dag_id":"conab_ingestion","run_id":"scheduled__2026-07-13T03:00:00+00:00","map_index":11,"task_id":"carregar","filename":"ingest.py","lineno":75}
{"timestamp":"2026-07-13T22:52:14.974858Z","level":"error","event":"WARNING: Using incubator modules: jdk.incubator.vector","logger":"task.stderr"}
{"timestamp":"2026-07-13T22:52:35.205423Z","level":"error","event":"26/07/13 22:52:35 WARN NativeCodeLoader: Unable to load native-hadoop library for your platform... using builtin-java classes where applicable","logger":"task.stderr"}
{"timestamp":"2026-07-13T22:52:39.915946Z","level":"error","event":"Using Spark's default log4j profile: org/apache/spark/log4j2-defaults.properties","logger":"task.stderr"}
{"timestamp":"2026-07-13T22:52:39.960832Z","level":"error","event":"Setting default log level to \"WARN\".","logger":"task.stderr"}
{"timestamp":"2026-07-13T22:52:39.965298Z","level":"error","event":"To adjust logging level use sc.setLogLevel(newLevel). For SparkR, use setLogLevel(newLevel).","logger":"task.stderr"}
{"timestamp":"2026-07-13T22:52:59.885469Z","level":"error","event":"Server indicated the task shouldn't be running anymore. Terminating process","detail":{"reason":"not_found","message":"Task Instance not found"},"logger":"task"}
{"timestamp":"2026-07-13T22:53:07.619975Z","level":"error","event":"26/07/13 22:53:07 ERROR SparkContext: Error initializing SparkContext.","logger":"task.stderr"}
{"timestamp":"2026-07-13T22:53:07.623148Z","level":"error","event":"java.lang.IllegalStateException: Shutdown hooks cannot be modified during shutdown.","logger":"task.stderr"}
{"timestamp":"2026-07-13T22:53:07.626066Z","level":"error","event":"\tat org.apache.spark.util.SparkShutdownHookManager.add(ShutdownHookManager.scala:212)","logger":"task.stderr"}
{"timestamp":"2026-07-13T22:53:07.627314Z","level":"error","event":"\tat org.apache.spark.util.ShutdownHookManager$.addShutdownHook(ShutdownHookManager.scala:159)","logger":"task.stderr"}
{"timestamp":"2026-07-13T22:53:07.627960Z","level":"error","event":"\tat org.apache.spark.SparkContext.<init>(SparkContext.scala:709)","logger":"task.stderr"}
{"timestamp":"2026-07-13T22:53:07.633462Z","level":"error","event":"\tat org.apache.spark.api.java.JavaSparkContext.<init>(JavaSparkContext.scala:59)","logger":"task.stderr"}
{"timestamp":"2026-07-13T22:53:07.634226Z","level":"error","event":"\tat java.base/jdk.internal.reflect.NativeConstructorAccessorImpl.newInstance0(Native Method)","logger":"task.stderr"}
{"timestamp":"2026-07-13T22:53:07.634900Z","level":"error","event":"\tat java.base/jdk.internal.reflect.NativeConstructorAccessorImpl.newInstance(NativeConstructorAccessorImpl.java:77)","logger":"task.stderr"}
{"timestamp":"2026-07-13T22:53:07.635609Z","level":"error","event":"\tat java.base/jdk.internal.reflect.DelegatingConstructorAccessorImpl.newInstance(DelegatingConstructorAccessorImpl.java:45)","logger":"task.stderr"}
{"timestamp":"2026-07-13T22:53:07.636339Z","level":"error","event":"\tat java.base/java.lang.reflect.Constructor.newInstanceWithCaller(Constructor.java:500)","logger":"task.stderr"}
{"timestamp":"2026-07-13T22:53:07.636944Z","level":"error","event":"\tat java.base/java.lang.reflect.Constructor.newInstance(Constructor.java:481)","logger":"task.stderr"}
{"timestamp":"2026-07-13T22:53:07.637516Z","level":"error","event":"\tat py4j.reflection.MethodInvoker.invoke(MethodInvoker.java:247)","logger":"task.stderr"}
{"timestamp":"2026-07-13T22:53:07.638154Z","level":"error","event":"\tat py4j.reflection.ReflectionEngine.invoke(ReflectionEngine.java:374)","logger":"task.stderr"}
{"timestamp":"2026-07-13T22:53:07.638825Z","level":"error","event":"\tat py4j.Gateway.invoke(Gateway.java:238)","logger":"task.stderr"}
{"timestamp":"2026-07-13T22:53:07.639466Z","level":"error","event":"\tat py4j.commands.ConstructorCommand.invokeConstructor(ConstructorCommand.java:80)","logger":"task.stderr"}
{"timestamp":"2026-07-13T22:53:07.639988Z","level":"error","event":"\tat py4j.commands.ConstructorCommand.execute(ConstructorCommand.java:69)","logger":"task.stderr"}
{"timestamp":"2026-07-13T22:53:07.640542Z","level":"error","event":"\tat py4j.ClientServerConnection.waitForCommands(ClientServerConnection.java:184)","logger":"task.stderr"}
{"timestamp":"2026-07-13T22:53:07.643023Z","level":"error","event":"\tat py4j.ClientServerConnection.run(ClientServerConnection.java:108)","logger":"task.stderr"}
{"timestamp":"2026-07-13T22:53:07.648786Z","level":"error","event":"\tat java.base/java.lang.Thread.run(Thread.java:840)","logger":"task.stderr"}
{"timestamp":"2026-07-13T22:53:07.650100Z","level":"error","event":"Task killed!","logger":"task"}
{"timestamp":"2026-07-13T22:56:55.118687Z","level":"info","event":"::group::Pre Execute","logger":"task","filename":"task_runner.py","lineno":2303}
{"timestamp":"2026-07-13T22:56:55.431009Z","level":"info","event":"DAG bundles loaded: dags-folder","ti_id":"019f5db2-9dd2-7c4a-af60-422bfa3846d7","map_index":11,"run_id":"scheduled__2026-07-13T03:00:00+00:00","dag_id":"conab_ingestion","try_number":1,"task_id":"carregar","logger":"airflow.dag_processing.bundles.manager.DagBundlesManager","filename":"manager.py","lineno":271}
{"timestamp":"2026-07-13T22:56:55.444081Z","level":"info","event":"Filling up the DagBag from /opt/airflow/dags/conab_ingestion.py","ti_id":"019f5db2-9dd2-7c4a-af60-422bfa3846d7","map_index":11,"run_id":"scheduled__2026-07-13T03:00:00+00:00","dag_id":"conab_ingestion","try_number":1,"task_id":"carregar","logger":"airflow.dag_processing.dagbag.BundleDagBag","filename":"dagbag.py","lineno":460}
{"timestamp":"2026-07-13T22:56:57.178071Z","level":"warning","event":"The `airflow.decorators.dag` attribute is deprecated. Please use `'airflow.sdk.dag'`.","category":"UserWarning","filename":"/opt/airflow/dags/conab_ingestion.py","lineno":17,"ti_id":"019f5db2-9dd2-7c4a-af60-422bfa3846d7","map_index":11,"run_id":"scheduled__2026-07-13T03:00:00+00:00","dag_id":"conab_ingestion","try_number":1,"task_id":"carregar","logger":"py.warnings"}
{"timestamp":"2026-07-13T22:56:57.182117Z","level":"warning","event":"The `airflow.decorators.task` attribute is deprecated. Please use `'airflow.sdk.task'`.","category":"UserWarning","filename":"/opt/airflow/dags/conab_ingestion.py","lineno":17,"ti_id":"019f5db2-9dd2-7c4a-af60-422bfa3846d7","map_index":11,"run_id":"scheduled__2026-07-13T03:00:00+00:00","dag_id":"conab_ingestion","try_number":1,"task_id":"carregar","logger":"py.warnings"}
{"timestamp":"2026-07-13T22:56:57.241600Z","level":"info","event":"Worker startup parse complete","bundle_name":"dags-folder","bundle_version":null,"dag_file":"conab_ingestion.py","dag_id":"conab_ingestion","bundle_prepare_ms":14,"dag_file_parse_ms":1789,"ti_id":"019f5db2-9dd2-7c4a-af60-422bfa3846d7","map_index":11,"run_id":"scheduled__2026-07-13T03:00:00+00:00","try_number":1,"task_id":"carregar","logger":"task","filename":"task_runner.py","lineno":1062}
{"timestamp":"2026-07-13T22:57:01.278755Z","level":"info","event":"::endgroup::","ti_id":"019f5db2-9dd2-7c4a-af60-422bfa3846d7","map_index":11,"run_id":"scheduled__2026-07-13T03:00:00+00:00","dag_id":"conab_ingestion","try_number":1,"task_id":"carregar","logger":"task","filename":"task_runner.py","lineno":2107}
{"timestamp":"2026-07-13T22:57:01.290934Z","level":"info","event":"Carregado .env de: /opt/airflow/dags/spark/.env","logger":"spark.ingest","ti_id":"019f5db2-9dd2-7c4a-af60-422bfa3846d7","map_index":11,"run_id":"scheduled__2026-07-13T03:00:00+00:00","dag_id":"conab_ingestion","try_number":1,"task_id":"carregar","filename":"ingest.py","lineno":54}
{"timestamp":"2026-07-13T22:57:01.292084Z","level":"info","event":"Catálogo configurado — URI=https://catalog.cloudflarestorage.com/515e2015338845cbadff913ac19d97a0/agrodata | warehouse=515e2015338845cbadff913ac19d97a0_agrodata | token=cfat_GNL…2c11","logger":"spark.ingest","ti_id":"019f5db2-9dd2-7c4a-af60-422bfa3846d7","map_index":11,"run_id":"scheduled__2026-07-13T03:00:00+00:00","dag_id":"conab_ingestion","try_number":1,"task_id":"carregar","filename":"ingest.py","lineno":75}
{"timestamp":"2026-07-13T22:57:02.929451Z","level":"error","event":"WARNING: Using incubator modules: jdk.incubator.vector","logger":"task.stderr"}
{"timestamp":"2026-07-13T22:57:23.071155Z","level":"error","event":"26/07/13 22:57:23 WARN NativeCodeLoader: Unable to load native-hadoop library for your platform... using builtin-java classes where applicable","logger":"task.stderr"}
{"timestamp":"2026-07-13T22:57:26.269897Z","level":"error","event":"Using Spark's default log4j profile: org/apache/spark/log4j2-defaults.properties","logger":"task.stderr"}
{"timestamp":"2026-07-13T22:57:26.566105Z","level":"error","event":"Setting default log level to \"WARN\".","logger":"task.stderr"}
{"timestamp":"2026-07-13T22:57:26.595318Z","level":"error","event":"To adjust logging level use sc.setLogLevel(newLevel). For SparkR, use setLogLevel(newLevel).","logger":"task.stderr"}
{"timestamp":"2026-07-13T22:58:03.583749Z","level":"error","event":"26/07/13 22:58:03 ERROR Inbox: Ignoring error","logger":"task.stderr"}
{"timestamp":"2026-07-13T22:58:03.587162Z","level":"error","event":"org.apache.spark.SparkException: Exception thrown in awaitResult:","logger":"task.stderr"}
{"timestamp":"2026-07-13T22:58:03.588456Z","level":"error","event":"\tat org.apache.spark.util.SparkThreadUtils$.awaitResult(SparkThreadUtils.scala:53)","logger":"task.stderr"}
{"timestamp":"2026-07-13T22:58:03.591076Z","level":"error","event":"\tat org.apache.spark.util.ThreadUtils$.awaitResult(ThreadUtils.scala:359)","logger":"task.stderr"}
{"timestamp":"2026-07-13T22:58:03.595224Z","level":"error","event":"\tat org.apache.spark.rpc.RpcTimeout.awaitResult(RpcTimeout.scala:75)","logger":"task.stderr"}
{"timestamp":"2026-07-13T22:58:03.599098Z","level":"error","event":"\tat org.apache.spark.rpc.RpcEnv.setupEndpointRefByURI(RpcEnv.scala:102)","logger":"task.stderr"}
{"timestamp":"2026-07-13T22:58:03.600276Z","level":"error","event":"\tat org.apache.spark.rpc.RpcEnv.setupEndpointRef(RpcEnv.scala:110)","logger":"task.stderr"}
{"timestamp":"2026-07-13T22:58:03.601175Z","level":"error","event":"\tat org.apache.spark.util.RpcUtils$.makeDriverRef(RpcUtils.scala:36)","logger":"task.stderr"}
{"timestamp":"2026-07-13T22:58:03.602008Z","level":"error","event":"\tat org.apache.spark.storage.BlockManagerMasterEndpoint.driverEndpoint$lzycompute(BlockManagerMasterEndpoint.scala:132)","logger":"task.stderr"}
{"timestamp":"2026-07-13T22:58:03.605110Z","level":"error","event":"\tat org.apache.spark.storage.BlockManagerMasterEndpoint.org$apache$spark$storage$BlockManagerMasterEndpoint$$driverEndpoint(BlockManagerMasterEndpoint.scala:131)","logger":"task.stderr"}
{"timestamp":"2026-07-13T22:58:03.611182Z","level":"error","event":"\tat org.apache.spark.storage.BlockManagerMasterEndpoint.isExecutorAlive$lzycompute$1(BlockManagerMasterEndpoint.scala:707)","logger":"task.stderr"}
{"timestamp":"2026-07-13T22:58:03.612411Z","level":"error","event":"\tat org.apache.spark.storage.BlockManagerMasterEndpoint.isExecutorAlive$1(BlockManagerMasterEndpoint.scala:706)","logger":"task.stderr"}
{"timestamp":"2026-07-13T22:58:03.613174Z","level":"error","event":"\tat org.apache.spark.storage.BlockManagerMasterEndpoint.org$apache$spark$storage$BlockManagerMasterEndpoint$$register(BlockManagerMasterEndpoint.scala:746)","logger":"task.stderr"}
{"timestamp":"2026-07-13T22:58:03.613914Z","level":"error","event":"\tat org.apache.spark.storage.BlockManagerMasterEndpoint$$anonfun$receiveAndReply$1.applyOrElse(BlockManagerMasterEndpoint.scala:141)","logger":"task.stderr"}
{"timestamp":"2026-07-13T22:58:03.614629Z","level":"error","event":"\tat org.apache.spark.rpc.netty.Inbox.$anonfun$process$1(Inbox.scala:104)","logger":"task.stderr"}
{"timestamp":"2026-07-13T22:58:03.615342Z","level":"error","event":"\tat org.apache.spark.rpc.netty.Inbox.safelyCall(Inbox.scala:216)","logger":"task.stderr"}
{"timestamp":"2026-07-13T22:58:03.616017Z","level":"error","event":"\tat org.apache.spark.rpc.netty.Inbox.process(Inbox.scala:101)","logger":"task.stderr"}
{"timestamp":"2026-07-13T22:58:03.619096Z","level":"error","event":"\tat org.apache.spark.rpc.netty.MessageLoop.org$apache$spark$rpc$netty$MessageLoop$$receiveLoop(MessageLoop.scala:76)","logger":"task.stderr"}
{"timestamp":"2026-07-13T22:58:03.620402Z","level":"error","event":"\tat org.apache.spark.rpc.netty.MessageLoop$$anon$1.run(MessageLoop.scala:42)","logger":"task.stderr"}
{"timestamp":"2026-07-13T22:58:03.621266Z","level":"error","event":"\tat java.base/java.util.concurrent.ThreadPoolExecutor.runWorker(ThreadPoolExecutor.java:1136)","logger":"task.stderr"}
{"timestamp":"2026-07-13T22:58:03.621988Z","level":"error","event":"\tat java.base/java.util.concurrent.ThreadPoolExecutor$Worker.run(ThreadPoolExecutor.java:635)","logger":"task.stderr"}
{"timestamp":"2026-07-13T22:58:03.622753Z","level":"error","event":"\tat java.base/java.lang.Thread.run(Thread.java:840)","logger":"task.stderr"}
{"timestamp":"2026-07-13T22:58:03.636744Z","level":"error","event":"Caused by: org.apache.spark.rpc.RpcEndpointNotFoundException: Cannot find endpoint: spark://CoarseGrainedScheduler@127.0.0.1:36559","logger":"task.stderr"}
{"timestamp":"2026-07-13T22:58:03.641567Z","level":"error","event":"\tat org.apache.spark.rpc.netty.NettyRpcEnv.$anonfun$asyncSetupEndpointRefByURI$1(NettyRpcEnv.scala:151)","logger":"task.stderr"}
{"timestamp":"2026-07-13T22:58:03.651125Z","level":"error","event":"\tat org.apache.spark.rpc.netty.NettyRpcEnv.$anonfun$asyncSetupEndpointRefByURI$1$adapted(NettyRpcEnv.scala:147)","logger":"task.stderr"}
{"timestamp":"2026-07-13T22:58:03.652199Z","level":"error","event":"\tat scala.concurrent.impl.Promise$Transformation.run(Promise.scala:503)","logger":"task.stderr"}
{"timestamp":"2026-07-13T22:58:03.652963Z","level":"error","event":"\tat org.apache.spark.util.ThreadUtils$$anon$1.execute(ThreadUtils.scala:99)","logger":"task.stderr"}
{"timestamp":"2026-07-13T22:58:03.655329Z","level":"error","event":"\tat scala.concurrent.impl.ExecutionContextImpl.execute(ExecutionContextImpl.scala:21)","logger":"task.stderr"}
{"timestamp":"2026-07-13T22:58:03.656771Z","level":"error","event":"\tat scala.concurrent.impl.Promise$Transformation.submitWithValue(Promise.scala:462)","logger":"task.stderr"}
{"timestamp":"2026-07-13T22:58:03.658003Z","level":"error","event":"\tat scala.concurrent.impl.Promise$DefaultPromise.submitWithValue(Promise.scala:371)","logger":"task.stderr"}
{"timestamp":"2026-07-13T22:58:03.663125Z","level":"error","event":"\tat scala.concurrent.impl.Promise$DefaultPromise.dispatchOrAddCallbacks(Promise.scala:322)","logger":"task.stderr"}
{"timestamp":"2026-07-13T22:58:03.665183Z","level":"error","event":"\tat scala.concurrent.impl.Promise$DefaultPromise.flatMap(Promise.scala:176)","logger":"task.stderr"}
{"timestamp":"2026-07-13T22:58:03.666262Z","level":"error","event":"\tat org.apache.spark.rpc.netty.NettyRpcEnv.asyncSetupEndpointRefByURI(NettyRpcEnv.scala:153)","logger":"task.stderr"}
{"timestamp":"2026-07-13T22:58:03.667315Z","level":"error","event":"\t... 17 more","logger":"task.stderr"}
{"timestamp":"2026-07-13T22:58:03.668871Z","level":"error","event":"26/07/13 22:58:03 WARN Executor: Issue communicating with driver in heartbeater","logger":"task.stderr"}
{"timestamp":"2026-07-13T22:58:03.672860Z","level":"error","event":"org.apache.spark.SparkException: Exception thrown in awaitResult:","logger":"task.stderr"}
{"timestamp":"2026-07-13T22:58:03.673815Z","level":"error","event":"\tat org.apache.spark.util.SparkThreadUtils$.awaitResult(SparkThreadUtils.scala:53)","logger":"task.stderr"}
{"timestamp":"2026-07-13T22:58:03.675004Z","level":"error","event":"\tat org.apache.spark.util.ThreadUtils$.awaitResult(ThreadUtils.scala:359)","logger":"task.stderr"}
{"timestamp":"2026-07-13T22:58:03.682791Z","level":"error","event":"\tat org.apache.spark.rpc.RpcTimeout.awaitResult(RpcTimeout.scala:75)","logger":"task.stderr"}
{"timestamp":"2026-07-13T22:58:03.684260Z","level":"error","event":"\tat org.apache.spark.rpc.RpcEndpointRef.askSync(RpcEndpointRef.scala:101)","logger":"task.stderr"}
{"timestamp":"2026-07-13T22:58:03.685173Z","level":"error","event":"\tat org.apache.spark.rpc.RpcEndpointRef.askSync(RpcEndpointRef.scala:85)","logger":"task.stderr"}
{"timestamp":"2026-07-13T22:58:03.685851Z","level":"error","event":"\tat org.apache.spark.storage.BlockManagerMaster.registerBlockManager(BlockManagerMaster.scala:81)","logger":"task.stderr"}
{"timestamp":"2026-07-13T22:58:03.686678Z","level":"error","event":"\tat org.apache.spark.storage.BlockManager.reregister(BlockManager.scala:674)","logger":"task.stderr"}
{"timestamp":"2026-07-13T22:58:03.687382Z","level":"error","event":"\tat org.apache.spark.executor.Executor.reportHeartBeat(Executor.scala:1530)","logger":"task.stderr"}
{"timestamp":"2026-07-13T22:58:03.688058Z","level":"error","event":"\tat org.apache.spark.executor.Executor.$anonfun$heartbeater$1(Executor.scala:483)","logger":"task.stderr"}
{"timestamp":"2026-07-13T22:58:03.688696Z","level":"error","event":"\tat scala.runtime.java8.JFunction0$mcV$sp.apply(JFunction0$mcV$sp.scala:18)","logger":"task.stderr"}
{"timestamp":"2026-07-13T22:58:03.695250Z","level":"error","event":"\tat org.apache.spark.util.Utils$.logUncaughtExceptions(Utils.scala:1941)","logger":"task.stderr"}
{"timestamp":"2026-07-13T22:58:03.696506Z","level":"error","event":"\tat org.apache.spark.Heartbeater$$anon$1.run(Heartbeater.scala:46)","logger":"task.stderr"}
{"timestamp":"2026-07-13T22:58:03.697601Z","level":"error","event":"\tat java.base/java.util.concurrent.Executors$RunnableAdapter.call(Executors.java:539)","logger":"task.stderr"}
{"timestamp":"2026-07-13T22:58:03.698622Z","level":"error","event":"\tat java.base/java.util.concurrent.FutureTask.runAndReset(FutureTask.java:305)","logger":"task.stderr"}
{"timestamp":"2026-07-13T22:58:03.699437Z","level":"error","event":"\tat java.base/java.util.concurrent.ScheduledThreadPoolExecutor$ScheduledFutureTask.run(ScheduledThreadPoolExecutor.java:305)","logger":"task.stderr"}
{"timestamp":"2026-07-13T22:58:03.700180Z","level":"error","event":"\tat java.base/java.util.concurrent.ThreadPoolExecutor.runWorker(ThreadPoolExecutor.java:1136)","logger":"task.stderr"}
{"timestamp":"2026-07-13T22:58:03.701163Z","level":"error","event":"\tat java.base/java.util.concurrent.ThreadPoolExecutor$Worker.run(ThreadPoolExecutor.java:635)","logger":"task.stderr"}
{"timestamp":"2026-07-13T22:58:03.702028Z","level":"error","event":"\tat java.base/java.lang.Thread.run(Thread.java:840)","logger":"task.stderr"}
{"timestamp":"2026-07-13T22:58:03.702842Z","level":"error","event":"Caused by: org.apache.spark.SparkException: Exception thrown in awaitResult:","logger":"task.stderr"}
{"timestamp":"2026-07-13T22:58:03.703669Z","level":"error","event":"\tat org.apache.spark.util.SparkThreadUtils$.awaitResult(SparkThreadUtils.scala:53)","logger":"task.stderr"}
{"timestamp":"2026-07-13T22:58:03.704330Z","level":"error","event":"\tat org.apache.spark.util.ThreadUtils$.awaitResult(ThreadUtils.scala:359)","logger":"task.stderr"}
{"timestamp":"2026-07-13T22:58:03.705086Z","level":"error","event":"\tat org.apache.spark.rpc.RpcTimeout.awaitResult(RpcTimeout.scala:75)","logger":"task.stderr"}
{"timestamp":"2026-07-13T22:58:03.705797Z","level":"error","event":"\tat org.apache.spark.rpc.RpcEnv.setupEndpointRefByURI(RpcEnv.scala:102)","logger":"task.stderr"}
{"timestamp":"2026-07-13T22:58:03.706475Z","level":"error","event":"\tat org.apache.spark.rpc.RpcEnv.setupEndpointRef(RpcEnv.scala:110)","logger":"task.stderr"}
{"timestamp":"2026-07-13T22:58:03.707120Z","level":"error","event":"\tat org.apache.spark.util.RpcUtils$.makeDriverRef(RpcUtils.scala:36)","logger":"task.stderr"}
{"timestamp":"2026-07-13T22:58:03.707783Z","level":"error","event":"\tat org.apache.spark.storage.BlockManagerMasterEndpoint.driverEndpoint$lzycompute(BlockManagerMasterEndpoint.scala:132)","logger":"task.stderr"}
{"timestamp":"2026-07-13T22:58:03.708538Z","level":"error","event":"\tat org.apache.spark.storage.BlockManagerMasterEndpoint.org$apache$spark$storage$BlockManagerMasterEndpoint$$driverEndpoint(BlockManagerMasterEndpoint.scala:131)","logger":"task.stderr"}
{"timestamp":"2026-07-13T22:58:03.709362Z","level":"error","event":"\tat org.apache.spark.storage.BlockManagerMasterEndpoint.isExecutorAlive$lzycompute$1(BlockManagerMasterEndpoint.scala:707)","logger":"task.stderr"}
{"timestamp":"2026-07-13T22:58:03.714032Z","level":"error","event":"\tat org.apache.spark.storage.BlockManagerMasterEndpoint.isExecutorAlive$1(BlockManagerMasterEndpoint.scala:706)","logger":"task.stderr"}
{"timestamp":"2026-07-13T22:58:03.715589Z","level":"error","event":"\tat org.apache.spark.storage.BlockManagerMasterEndpoint.org$apache$spark$storage$BlockManagerMasterEndpoint$$register(BlockManagerMasterEndpoint.scala:746)","logger":"task.stderr"}
{"timestamp":"2026-07-13T22:58:03.716739Z","level":"error","event":"\tat org.apache.spark.storage.BlockManagerMasterEndpoint$$anonfun$receiveAndReply$1.applyOrElse(BlockManagerMasterEndpoint.scala:141)","logger":"task.stderr"}
{"timestamp":"2026-07-13T22:58:03.717843Z","level":"error","event":"\tat org.apache.spark.rpc.netty.Inbox.$anonfun$process$1(Inbox.scala:104)","logger":"task.stderr"}
{"timestamp":"2026-07-13T22:58:03.719441Z","level":"error","event":"\tat org.apache.spark.rpc.netty.Inbox.safelyCall(Inbox.scala:216)","logger":"task.stderr"}
{"timestamp":"2026-07-13T22:58:03.720765Z","level":"error","event":"\tat org.apache.spark.rpc.netty.Inbox.process(Inbox.scala:101)","logger":"task.stderr"}
{"timestamp":"2026-07-13T22:58:03.722117Z","level":"error","event":"\tat org.apache.spark.rpc.netty.MessageLoop.org$apache$spark$rpc$netty$MessageLoop$$receiveLoop(MessageLoop.scala:76)","logger":"task.stderr"}
{"timestamp":"2026-07-13T22:58:03.723825Z","level":"error","event":"\tat org.apache.spark.rpc.netty.MessageLoop$$anon$1.run(MessageLoop.scala:42)","logger":"task.stderr"}
{"timestamp":"2026-07-13T22:58:03.725457Z","level":"error","event":"\t... 3 more","logger":"task.stderr"}
{"timestamp":"2026-07-13T22:58:03.727093Z","level":"error","event":"Caused by: org.apache.spark.rpc.RpcEndpointNotFoundException: Cannot find endpoint: spark://CoarseGrainedScheduler@127.0.0.1:36559","logger":"task.stderr"}
{"timestamp":"2026-07-13T22:58:03.728758Z","level":"error","event":"\tat org.apache.spark.rpc.netty.NettyRpcEnv.$anonfun$asyncSetupEndpointRefByURI$1(NettyRpcEnv.scala:151)","logger":"task.stderr"}
{"timestamp":"2026-07-13T22:58:03.732943Z","level":"error","event":"\tat org.apache.spark.rpc.netty.NettyRpcEnv.$anonfun$asyncSetupEndpointRefByURI$1$adapted(NettyRpcEnv.scala:147)","logger":"task.stderr"}
{"timestamp":"2026-07-13T22:58:03.734150Z","level":"error","event":"\tat scala.concurrent.impl.Promise$Transformation.run(Promise.scala:503)","logger":"task.stderr"}
{"timestamp":"2026-07-13T22:58:03.736182Z","level":"error","event":"\tat org.apache.spark.util.ThreadUtils$$anon$1.execute(ThreadUtils.scala:99)","logger":"task.stderr"}
{"timestamp":"2026-07-13T22:58:03.736962Z","level":"error","event":"\tat scala.concurrent.impl.ExecutionContextImpl.execute(ExecutionContextImpl.scala:21)","logger":"task.stderr"}
{"timestamp":"2026-07-13T22:58:03.738008Z","level":"error","event":"\tat scala.concurrent.impl.Promise$Transformation.submitWithValue(Promise.scala:462)","logger":"task.stderr"}
{"timestamp":"2026-07-13T22:58:03.739968Z","level":"error","event":"\tat scala.concurrent.impl.Promise$DefaultPromise.submitWithValue(Promise.scala:371)","logger":"task.stderr"}
{"timestamp":"2026-07-13T22:58:03.741364Z","level":"error","event":"\tat scala.concurrent.impl.Promise$DefaultPromise.dispatchOrAddCallbacks(Promise.scala:322)","logger":"task.stderr"}
{"timestamp":"2026-07-13T22:58:03.742980Z","level":"error","event":"\tat scala.concurrent.impl.Promise$DefaultPromise.flatMap(Promise.scala:176)","logger":"task.stderr"}
{"timestamp":"2026-07-13T22:58:03.745037Z","level":"error","event":"\tat org.apache.spark.rpc.netty.NettyRpcEnv.asyncSetupEndpointRefByURI(NettyRpcEnv.scala:153)","logger":"task.stderr"}
{"timestamp":"2026-07-13T22:58:03.746180Z","level":"error","event":"\t... 17 more","logger":"task.stderr"}
{"timestamp":"2026-07-13T23:00:26.084354Z","level":"info","event":"Done. Returned value was: None","ti_id":"019f5db2-9dd2-7c4a-af60-422bfa3846d7","map_index":11,"run_id":"scheduled__2026-07-13T03:00:00+00:00","dag_id":"conab_ingestion","try_number":1,"task_id":"carregar","logger":"airflow.task.operators.airflow.providers.standard.decorators.python._PythonDecoratedOperator","filename":"python.py","lineno":233}
{"timestamp":"2026-07-13T23:00:26.124984Z","level":"info","event":"::group::Post Execute","ti_id":"019f5db2-9dd2-7c4a-af60-422bfa3846d7","map_index":11,"run_id":"scheduled__2026-07-13T03:00:00+00:00","dag_id":"conab_ingestion","try_number":1,"task_id":"carregar","logger":"task","filename":"task_runner.py","lineno":1577}
{"timestamp":"2026-07-13T23:00:26.857339Z","level":"info","event":"::endgroup::","ti_id":"019f5db2-9dd2-7c4a-af60-422bfa3846d7","map_index":11,"run_id":"scheduled__2026-07-13T03:00:00+00:00","dag_id":"conab_ingestion","try_number":1,"task_id":"carregar","logger":"task","filename":"task_runner.py","lineno":2270}
{"timestamp":"2026-07-13T23:00:27.682462Z","level":"error","event":"\r[Stage 0:>                                                          (0 + 0) / 1]\r\r[Stage 0:>                                                          (0 + 1) / 1]\r\r[Stage 0:===========================================================(1 + 0) / 1]\r\r                                                                                \r\r[Stage 3:>                                                          (0 + 0) / 1]\r\r[Stage 3:>                                                          (0 + 1) / 1]\r\r                                                                                \r\r[Stage 4:>                                                          (0 + 1) / 1]","logger":"task.stderr"}
