{"timestamp":"2026-07-13T17:13:42.558815Z","level":"info","event":"::group::Pre Execute","logger":"task","filename":"task_runner.py","lineno":2303}
{"timestamp":"2026-07-13T17:13:42.781590Z","level":"info","event":"DAG bundles loaded: dags-folder","run_id":"scheduled__2026-07-13T03:00:00+00:00","dag_id":"conab_ingestion","map_index":6,"try_number":1,"task_id":"carregar","ti_id":"019f5c78-65e5-7566-b002-6771ce90af86","logger":"airflow.dag_processing.bundles.manager.DagBundlesManager","filename":"manager.py","lineno":271}
{"timestamp":"2026-07-13T17:13:42.784750Z","level":"info","event":"Filling up the DagBag from /opt/airflow/dags/conab_ingestion.py","run_id":"scheduled__2026-07-13T03:00:00+00:00","dag_id":"conab_ingestion","map_index":6,"try_number":1,"task_id":"carregar","ti_id":"019f5c78-65e5-7566-b002-6771ce90af86","logger":"airflow.dag_processing.dagbag.BundleDagBag","filename":"dagbag.py","lineno":460}
{"timestamp":"2026-07-13T17:13:44.589140Z","level":"warning","event":"The `airflow.decorators.dag` attribute is deprecated. Please use `'airflow.sdk.dag'`.","category":"UserWarning","filename":"/opt/airflow/dags/conab_ingestion.py","lineno":17,"run_id":"scheduled__2026-07-13T03:00:00+00:00","dag_id":"conab_ingestion","map_index":6,"try_number":1,"task_id":"carregar","ti_id":"019f5c78-65e5-7566-b002-6771ce90af86","logger":"py.warnings"}
{"timestamp":"2026-07-13T17:13:44.589632Z","level":"warning","event":"The `airflow.decorators.task` attribute is deprecated. Please use `'airflow.sdk.task'`.","category":"UserWarning","filename":"/opt/airflow/dags/conab_ingestion.py","lineno":17,"run_id":"scheduled__2026-07-13T03:00:00+00:00","dag_id":"conab_ingestion","map_index":6,"try_number":1,"task_id":"carregar","ti_id":"019f5c78-65e5-7566-b002-6771ce90af86","logger":"py.warnings"}
{"timestamp":"2026-07-13T17:13:44.597146Z","level":"info","event":"Worker startup parse complete","bundle_name":"dags-folder","bundle_version":null,"dag_file":"conab_ingestion.py","dag_id":"conab_ingestion","bundle_prepare_ms":4,"dag_file_parse_ms":1812,"run_id":"scheduled__2026-07-13T03:00:00+00:00","map_index":6,"try_number":1,"task_id":"carregar","ti_id":"019f5c78-65e5-7566-b002-6771ce90af86","logger":"task","filename":"task_runner.py","lineno":1062}
{"timestamp":"2026-07-13T17:13:45.094385Z","level":"info","event":"::endgroup::","run_id":"scheduled__2026-07-13T03:00:00+00:00","dag_id":"conab_ingestion","map_index":6,"try_number":1,"task_id":"carregar","ti_id":"019f5c78-65e5-7566-b002-6771ce90af86","logger":"task","filename":"task_runner.py","lineno":2107}
{"timestamp":"2026-07-13T17:13:45.119171Z","level":"info","event":"Carregado .env de: /opt/airflow/dags/spark/.env","logger":"spark.ingest","run_id":"scheduled__2026-07-13T03:00:00+00:00","dag_id":"conab_ingestion","map_index":6,"try_number":1,"task_id":"carregar","ti_id":"019f5c78-65e5-7566-b002-6771ce90af86","filename":"ingest.py","lineno":55}
{"timestamp":"2026-07-13T17:13:45.119843Z","level":"info","event":"Catálogo configurado — URI=https://catalog.cloudflarestorage.com/515e2015338845cbadff913ac19d97a0/agrodata | warehouse=515e2015338845cbadff913ac19d97a0_agrodata | token=cfat_GNL…2c11","logger":"spark.ingest","run_id":"scheduled__2026-07-13T03:00:00+00:00","dag_id":"conab_ingestion","map_index":6,"try_number":1,"task_id":"carregar","ti_id":"019f5c78-65e5-7566-b002-6771ce90af86","filename":"ingest.py","lineno":76}
{"timestamp":"2026-07-13T17:13:48.917683Z","level":"error","event":"WARNING: Using incubator modules: jdk.incubator.vector","logger":"task.stderr"}
{"timestamp":"2026-07-13T17:14:08.335170Z","level":"error","event":"26/07/13 17:14:08 WARN NativeCodeLoader: Unable to load native-hadoop library for your platform... using builtin-java classes where applicable","logger":"task.stderr"}
{"timestamp":"2026-07-13T17:14:09.489535Z","level":"error","event":"Using Spark's default log4j profile: org/apache/spark/log4j2-defaults.properties","logger":"task.stderr"}
{"timestamp":"2026-07-13T17:14:09.503920Z","level":"error","event":"Setting default log level to \"WARN\".","logger":"task.stderr"}
{"timestamp":"2026-07-13T17:14:09.513077Z","level":"error","event":"To adjust logging level use sc.setLogLevel(newLevel). For SparkR, use setLogLevel(newLevel).","logger":"task.stderr"}
{"timestamp":"2026-07-13T17:16:55.673481Z","level":"info","event":"Done. Returned value was: None","run_id":"scheduled__2026-07-13T03:00:00+00:00","dag_id":"conab_ingestion","map_index":6,"try_number":1,"task_id":"carregar","ti_id":"019f5c78-65e5-7566-b002-6771ce90af86","logger":"airflow.task.operators.airflow.providers.standard.decorators.python._PythonDecoratedOperator","filename":"python.py","lineno":233}
{"timestamp":"2026-07-13T17:16:55.674163Z","level":"info","event":"::group::Post Execute","run_id":"scheduled__2026-07-13T03:00:00+00:00","dag_id":"conab_ingestion","map_index":6,"try_number":1,"task_id":"carregar","ti_id":"019f5c78-65e5-7566-b002-6771ce90af86","logger":"task","filename":"task_runner.py","lineno":1577}
{"timestamp":"2026-07-13T17:16:55.741279Z","level":"info","event":"::endgroup::","run_id":"scheduled__2026-07-13T03:00:00+00:00","dag_id":"conab_ingestion","map_index":6,"try_number":1,"task_id":"carregar","ti_id":"019f5c78-65e5-7566-b002-6771ce90af86","logger":"task","filename":"task_runner.py","lineno":2270}
{"timestamp":"2026-07-13T17:16:56.328612Z","level":"error","event":"\r[Stage 0:>                                                          (0 + 0) / 1]\r\r[Stage 0:>                                                          (0 + 1) / 1]\r\r                                                                                \r\r[Stage 1:>                                                          (0 + 1) / 1]\r\r                                                                                \r\r[Stage 4:>                                                          (0 + 1) / 1]","logger":"task.stderr"}
{"timestamp":"2026-07-13T22:52:07.620662Z","level":"info","event":"::group::Pre Execute","logger":"task","filename":"task_runner.py","lineno":2303}
{"timestamp":"2026-07-13T22:52:07.828416Z","level":"info","event":"DAG bundles loaded: dags-folder","run_id":"scheduled__2026-07-13T03:00:00+00:00","dag_id":"conab_ingestion","try_number":1,"ti_id":"019f5dae-3ada-78ab-8636-6ce5ed8a53e6","task_id":"carregar","map_index":6,"logger":"airflow.dag_processing.bundles.manager.DagBundlesManager","filename":"manager.py","lineno":271}
{"timestamp":"2026-07-13T22:52:07.833537Z","level":"info","event":"Filling up the DagBag from /opt/airflow/dags/conab_ingestion.py","run_id":"scheduled__2026-07-13T03:00:00+00:00","dag_id":"conab_ingestion","try_number":1,"ti_id":"019f5dae-3ada-78ab-8636-6ce5ed8a53e6","task_id":"carregar","map_index":6,"logger":"airflow.dag_processing.dagbag.BundleDagBag","filename":"dagbag.py","lineno":460}
{"timestamp":"2026-07-13T22:52:09.568871Z","level":"warning","event":"The `airflow.decorators.dag` attribute is deprecated. Please use `'airflow.sdk.dag'`.","category":"UserWarning","filename":"/opt/airflow/dags/conab_ingestion.py","lineno":17,"run_id":"scheduled__2026-07-13T03:00:00+00:00","dag_id":"conab_ingestion","try_number":1,"ti_id":"019f5dae-3ada-78ab-8636-6ce5ed8a53e6","task_id":"carregar","map_index":6,"logger":"py.warnings"}
{"timestamp":"2026-07-13T22:52:09.569394Z","level":"warning","event":"The `airflow.decorators.task` attribute is deprecated. Please use `'airflow.sdk.task'`.","category":"UserWarning","filename":"/opt/airflow/dags/conab_ingestion.py","lineno":17,"run_id":"scheduled__2026-07-13T03:00:00+00:00","dag_id":"conab_ingestion","try_number":1,"ti_id":"019f5dae-3ada-78ab-8636-6ce5ed8a53e6","task_id":"carregar","map_index":6,"logger":"py.warnings"}
{"timestamp":"2026-07-13T22:52:09.576468Z","level":"info","event":"Worker startup parse complete","bundle_name":"dags-folder","bundle_version":null,"dag_file":"conab_ingestion.py","dag_id":"conab_ingestion","bundle_prepare_ms":6,"dag_file_parse_ms":1743,"run_id":"scheduled__2026-07-13T03:00:00+00:00","try_number":1,"ti_id":"019f5dae-3ada-78ab-8636-6ce5ed8a53e6","task_id":"carregar","map_index":6,"logger":"task","filename":"task_runner.py","lineno":1062}
{"timestamp":"2026-07-13T22:52:13.462208Z","level":"info","event":"::endgroup::","run_id":"scheduled__2026-07-13T03:00:00+00:00","dag_id":"conab_ingestion","try_number":1,"ti_id":"019f5dae-3ada-78ab-8636-6ce5ed8a53e6","task_id":"carregar","map_index":6,"logger":"task","filename":"task_runner.py","lineno":2107}
{"timestamp":"2026-07-13T22:52:13.653653Z","level":"info","event":"Carregado .env de: /opt/airflow/dags/spark/.env","logger":"spark.ingest","run_id":"scheduled__2026-07-13T03:00:00+00:00","dag_id":"conab_ingestion","try_number":1,"ti_id":"019f5dae-3ada-78ab-8636-6ce5ed8a53e6","task_id":"carregar","map_index":6,"filename":"ingest.py","lineno":54}
{"timestamp":"2026-07-13T22:52:13.660890Z","level":"info","event":"Catálogo configurado — URI=https://catalog.cloudflarestorage.com/515e2015338845cbadff913ac19d97a0/agrodata | warehouse=515e2015338845cbadff913ac19d97a0_agrodata | token=cfat_GNL…2c11","logger":"spark.ingest","run_id":"scheduled__2026-07-13T03:00:00+00:00","dag_id":"conab_ingestion","try_number":1,"ti_id":"019f5dae-3ada-78ab-8636-6ce5ed8a53e6","task_id":"carregar","map_index":6,"filename":"ingest.py","lineno":75}
{"timestamp":"2026-07-13T22:52:15.206983Z","level":"error","event":"WARNING: Using incubator modules: jdk.incubator.vector","logger":"task.stderr"}
{"timestamp":"2026-07-13T22:52:35.021665Z","level":"error","event":"26/07/13 22:52:34 WARN NativeCodeLoader: Unable to load native-hadoop library for your platform... using builtin-java classes where applicable","logger":"task.stderr"}
{"timestamp":"2026-07-13T22:52:39.699832Z","level":"error","event":"Using Spark's default log4j profile: org/apache/spark/log4j2-defaults.properties","logger":"task.stderr"}
{"timestamp":"2026-07-13T22:52:39.810732Z","level":"error","event":"Setting default log level to \"WARN\".","logger":"task.stderr"}
{"timestamp":"2026-07-13T22:52:39.819174Z","level":"error","event":"To adjust logging level use sc.setLogLevel(newLevel). For SparkR, use setLogLevel(newLevel).","logger":"task.stderr"}
{"timestamp":"2026-07-13T22:52:54.558340Z","level":"error","event":"Server indicated the task shouldn't be running anymore. Terminating process","detail":{"reason":"not_found","message":"Task Instance not found"},"logger":"task"}
{"timestamp":"2026-07-13T22:53:00.838110Z","level":"error","event":"Task killed!","logger":"task"}
{"timestamp":"2026-07-13T22:56:55.041219Z","level":"info","event":"::group::Pre Execute","logger":"task","filename":"task_runner.py","lineno":2303}
{"timestamp":"2026-07-13T22:56:55.127955Z","level":"info","event":"DAG bundles loaded: dags-folder","map_index":6,"try_number":1,"run_id":"scheduled__2026-07-13T03:00:00+00:00","task_id":"carregar","ti_id":"019f5db2-9dcd-7ca8-92eb-d7b0a6bb44d8","dag_id":"conab_ingestion","logger":"airflow.dag_processing.bundles.manager.DagBundlesManager","filename":"manager.py","lineno":271}
{"timestamp":"2026-07-13T22:56:55.139035Z","level":"info","event":"Filling up the DagBag from /opt/airflow/dags/conab_ingestion.py","map_index":6,"try_number":1,"run_id":"scheduled__2026-07-13T03:00:00+00:00","task_id":"carregar","ti_id":"019f5db2-9dcd-7ca8-92eb-d7b0a6bb44d8","dag_id":"conab_ingestion","logger":"airflow.dag_processing.dagbag.BundleDagBag","filename":"dagbag.py","lineno":460}
{"timestamp":"2026-07-13T22:56:56.392325Z","level":"warning","event":"The `airflow.decorators.dag` attribute is deprecated. Please use `'airflow.sdk.dag'`.","category":"UserWarning","filename":"/opt/airflow/dags/conab_ingestion.py","lineno":17,"map_index":6,"try_number":1,"run_id":"scheduled__2026-07-13T03:00:00+00:00","task_id":"carregar","ti_id":"019f5db2-9dcd-7ca8-92eb-d7b0a6bb44d8","dag_id":"conab_ingestion","logger":"py.warnings"}
{"timestamp":"2026-07-13T22:56:56.392686Z","level":"warning","event":"The `airflow.decorators.task` attribute is deprecated. Please use `'airflow.sdk.task'`.","category":"UserWarning","filename":"/opt/airflow/dags/conab_ingestion.py","lineno":17,"map_index":6,"try_number":1,"run_id":"scheduled__2026-07-13T03:00:00+00:00","task_id":"carregar","ti_id":"019f5db2-9dcd-7ca8-92eb-d7b0a6bb44d8","dag_id":"conab_ingestion","logger":"py.warnings"}
{"timestamp":"2026-07-13T22:56:56.406886Z","level":"info","event":"Worker startup parse complete","bundle_name":"dags-folder","bundle_version":null,"dag_file":"conab_ingestion.py","dag_id":"conab_ingestion","bundle_prepare_ms":16,"dag_file_parse_ms":1268,"map_index":6,"try_number":1,"run_id":"scheduled__2026-07-13T03:00:00+00:00","task_id":"carregar","ti_id":"019f5db2-9dcd-7ca8-92eb-d7b0a6bb44d8","logger":"task","filename":"task_runner.py","lineno":1062}
{"timestamp":"2026-07-13T22:56:56.602815Z","level":"info","event":"::endgroup::","map_index":6,"try_number":1,"run_id":"scheduled__2026-07-13T03:00:00+00:00","task_id":"carregar","ti_id":"019f5db2-9dcd-7ca8-92eb-d7b0a6bb44d8","dag_id":"conab_ingestion","logger":"task","filename":"task_runner.py","lineno":2107}
{"timestamp":"2026-07-13T22:56:56.619839Z","level":"info","event":"Carregado .env de: /opt/airflow/dags/spark/.env","logger":"spark.ingest","map_index":6,"try_number":1,"run_id":"scheduled__2026-07-13T03:00:00+00:00","task_id":"carregar","ti_id":"019f5db2-9dcd-7ca8-92eb-d7b0a6bb44d8","dag_id":"conab_ingestion","filename":"ingest.py","lineno":54}
{"timestamp":"2026-07-13T22:56:56.624505Z","level":"info","event":"Catálogo configurado — URI=https://catalog.cloudflarestorage.com/515e2015338845cbadff913ac19d97a0/agrodata | warehouse=515e2015338845cbadff913ac19d97a0_agrodata | token=cfat_GNL…2c11","logger":"spark.ingest","map_index":6,"try_number":1,"run_id":"scheduled__2026-07-13T03:00:00+00:00","task_id":"carregar","ti_id":"019f5db2-9dcd-7ca8-92eb-d7b0a6bb44d8","dag_id":"conab_ingestion","filename":"ingest.py","lineno":75}
{"timestamp":"2026-07-13T22:57:00.752423Z","level":"error","event":"WARNING: Using incubator modules: jdk.incubator.vector","logger":"task.stderr"}
{"timestamp":"2026-07-13T22:57:16.274586Z","level":"error","event":"26/07/13 22:57:16 WARN NativeCodeLoader: Unable to load native-hadoop library for your platform... using builtin-java classes where applicable","logger":"task.stderr"}
{"timestamp":"2026-07-13T22:57:21.796257Z","level":"error","event":"Using Spark's default log4j profile: org/apache/spark/log4j2-defaults.properties","logger":"task.stderr"}
{"timestamp":"2026-07-13T22:57:21.818551Z","level":"error","event":"Setting default log level to \"WARN\".","logger":"task.stderr"}
{"timestamp":"2026-07-13T22:57:21.824953Z","level":"error","event":"To adjust logging level use sc.setLogLevel(newLevel). For SparkR, use setLogLevel(newLevel).","logger":"task.stderr"}
{"timestamp":"2026-07-13T22:57:51.580899Z","level":"error","event":"26/07/13 22:57:51 ERROR Inbox: Ignoring error","logger":"task.stderr"}
{"timestamp":"2026-07-13T22:57:51.591562Z","level":"error","event":"org.apache.spark.SparkException: Exception thrown in awaitResult:","logger":"task.stderr"}
{"timestamp":"2026-07-13T22:57:51.600940Z","level":"error","event":"\tat org.apache.spark.util.SparkThreadUtils$.awaitResult(SparkThreadUtils.scala:53)","logger":"task.stderr"}
{"timestamp":"2026-07-13T22:57:51.602987Z","level":"error","event":"\tat org.apache.spark.util.ThreadUtils$.awaitResult(ThreadUtils.scala:359)","logger":"task.stderr"}
{"timestamp":"2026-07-13T22:57:51.604468Z","level":"error","event":"\tat org.apache.spark.rpc.RpcTimeout.awaitResult(RpcTimeout.scala:75)","logger":"task.stderr"}
{"timestamp":"2026-07-13T22:57:51.605799Z","level":"error","event":"\tat org.apache.spark.rpc.RpcEnv.setupEndpointRefByURI(RpcEnv.scala:102)","logger":"task.stderr"}
{"timestamp":"2026-07-13T22:57:51.608465Z","level":"error","event":"\tat org.apache.spark.rpc.RpcEnv.setupEndpointRef(RpcEnv.scala:110)","logger":"task.stderr"}
{"timestamp":"2026-07-13T22:57:51.612043Z","level":"error","event":"\tat org.apache.spark.util.RpcUtils$.makeDriverRef(RpcUtils.scala:36)","logger":"task.stderr"}
{"timestamp":"2026-07-13T22:57:51.613823Z","level":"error","event":"\tat org.apache.spark.storage.BlockManagerMasterEndpoint.driverEndpoint$lzycompute(BlockManagerMasterEndpoint.scala:132)","logger":"task.stderr"}
{"timestamp":"2026-07-13T22:57:51.615187Z","level":"error","event":"\tat org.apache.spark.storage.BlockManagerMasterEndpoint.org$apache$spark$storage$BlockManagerMasterEndpoint$$driverEndpoint(BlockManagerMasterEndpoint.scala:131)","logger":"task.stderr"}
{"timestamp":"2026-07-13T22:57:51.618097Z","level":"error","event":"\tat org.apache.spark.storage.BlockManagerMasterEndpoint.isExecutorAlive$lzycompute$1(BlockManagerMasterEndpoint.scala:707)","logger":"task.stderr"}
{"timestamp":"2026-07-13T22:57:51.619729Z","level":"error","event":"\tat org.apache.spark.storage.BlockManagerMasterEndpoint.isExecutorAlive$1(BlockManagerMasterEndpoint.scala:706)","logger":"task.stderr"}
{"timestamp":"2026-07-13T22:57:51.622183Z","level":"error","event":"\tat org.apache.spark.storage.BlockManagerMasterEndpoint.org$apache$spark$storage$BlockManagerMasterEndpoint$$register(BlockManagerMasterEndpoint.scala:746)","logger":"task.stderr"}
{"timestamp":"2026-07-13T22:57:51.625031Z","level":"error","event":"\tat org.apache.spark.storage.BlockManagerMasterEndpoint$$anonfun$receiveAndReply$1.applyOrElse(BlockManagerMasterEndpoint.scala:141)","logger":"task.stderr"}
{"timestamp":"2026-07-13T22:57:51.628056Z","level":"error","event":"\tat org.apache.spark.rpc.netty.Inbox.$anonfun$process$1(Inbox.scala:104)","logger":"task.stderr"}
{"timestamp":"2026-07-13T22:57:51.630013Z","level":"error","event":"\tat org.apache.spark.rpc.netty.Inbox.safelyCall(Inbox.scala:216)","logger":"task.stderr"}
{"timestamp":"2026-07-13T22:57:51.644630Z","level":"error","event":"\tat org.apache.spark.rpc.netty.Inbox.process(Inbox.scala:101)","logger":"task.stderr"}
{"timestamp":"2026-07-13T22:57:51.655042Z","level":"error","event":"\tat org.apache.spark.rpc.netty.MessageLoop.org$apache$spark$rpc$netty$MessageLoop$$receiveLoop(MessageLoop.scala:76)","logger":"task.stderr"}
{"timestamp":"2026-07-13T22:57:51.657229Z","level":"error","event":"\tat org.apache.spark.rpc.netty.MessageLoop$$anon$1.run(MessageLoop.scala:42)","logger":"task.stderr"}
{"timestamp":"2026-07-13T22:57:51.658949Z","level":"error","event":"\tat java.base/java.util.concurrent.ThreadPoolExecutor.runWorker(ThreadPoolExecutor.java:1136)","logger":"task.stderr"}
{"timestamp":"2026-07-13T22:57:51.660184Z","level":"error","event":"\tat java.base/java.util.concurrent.ThreadPoolExecutor$Worker.run(ThreadPoolExecutor.java:635)","logger":"task.stderr"}
{"timestamp":"2026-07-13T22:57:51.661664Z","level":"error","event":"\tat java.base/java.lang.Thread.run(Thread.java:840)","logger":"task.stderr"}
{"timestamp":"2026-07-13T22:57:51.663451Z","level":"error","event":"Caused by: org.apache.spark.rpc.RpcEndpointNotFoundException: Cannot find endpoint: spark://CoarseGrainedScheduler@127.0.0.1:43559","logger":"task.stderr"}
{"timestamp":"2026-07-13T22:57:51.675415Z","level":"error","event":"\tat org.apache.spark.rpc.netty.NettyRpcEnv.$anonfun$asyncSetupEndpointRefByURI$1(NettyRpcEnv.scala:151)","logger":"task.stderr"}
{"timestamp":"2026-07-13T22:57:51.677801Z","level":"error","event":"\tat org.apache.spark.rpc.netty.NettyRpcEnv.$anonfun$asyncSetupEndpointRefByURI$1$adapted(NettyRpcEnv.scala:147)","logger":"task.stderr"}
{"timestamp":"2026-07-13T22:57:51.679731Z","level":"error","event":"\tat scala.concurrent.impl.Promise$Transformation.run(Promise.scala:503)","logger":"task.stderr"}
{"timestamp":"2026-07-13T22:57:51.681240Z","level":"error","event":"\tat org.apache.spark.util.ThreadUtils$$anon$1.execute(ThreadUtils.scala:99)","logger":"task.stderr"}
{"timestamp":"2026-07-13T22:57:51.682690Z","level":"error","event":"\tat scala.concurrent.impl.ExecutionContextImpl.execute(ExecutionContextImpl.scala:21)","logger":"task.stderr"}
{"timestamp":"2026-07-13T22:57:51.683941Z","level":"error","event":"\tat scala.concurrent.impl.Promise$Transformation.submitWithValue(Promise.scala:462)","logger":"task.stderr"}
{"timestamp":"2026-07-13T22:57:51.685228Z","level":"error","event":"\tat scala.concurrent.impl.Promise$DefaultPromise.submitWithValue(Promise.scala:371)","logger":"task.stderr"}
{"timestamp":"2026-07-13T22:57:51.686504Z","level":"error","event":"\tat scala.concurrent.impl.Promise$DefaultPromise.dispatchOrAddCallbacks(Promise.scala:322)","logger":"task.stderr"}
{"timestamp":"2026-07-13T22:57:51.687873Z","level":"error","event":"\tat scala.concurrent.impl.Promise$DefaultPromise.flatMap(Promise.scala:176)","logger":"task.stderr"}
{"timestamp":"2026-07-13T22:57:51.694526Z","level":"error","event":"\tat org.apache.spark.rpc.netty.NettyRpcEnv.asyncSetupEndpointRefByURI(NettyRpcEnv.scala:153)","logger":"task.stderr"}
{"timestamp":"2026-07-13T22:57:51.696526Z","level":"error","event":"\t... 17 more","logger":"task.stderr"}
{"timestamp":"2026-07-13T22:57:51.698181Z","level":"error","event":"26/07/13 22:57:51 WARN Executor: Issue communicating with driver in heartbeater","logger":"task.stderr"}
{"timestamp":"2026-07-13T22:57:51.700514Z","level":"error","event":"org.apache.spark.SparkException: Exception thrown in awaitResult:","logger":"task.stderr"}
{"timestamp":"2026-07-13T22:57:51.706510Z","level":"error","event":"\tat org.apache.spark.util.SparkThreadUtils$.awaitResult(SparkThreadUtils.scala:53)","logger":"task.stderr"}
{"timestamp":"2026-07-13T22:57:51.708449Z","level":"error","event":"\tat org.apache.spark.util.ThreadUtils$.awaitResult(ThreadUtils.scala:359)","logger":"task.stderr"}
{"timestamp":"2026-07-13T22:57:51.710384Z","level":"error","event":"\tat org.apache.spark.rpc.RpcTimeout.awaitResult(RpcTimeout.scala:75)","logger":"task.stderr"}
{"timestamp":"2026-07-13T22:57:51.711647Z","level":"error","event":"\tat org.apache.spark.rpc.RpcEndpointRef.askSync(RpcEndpointRef.scala:101)","logger":"task.stderr"}
{"timestamp":"2026-07-13T22:57:51.713100Z","level":"error","event":"\tat org.apache.spark.rpc.RpcEndpointRef.askSync(RpcEndpointRef.scala:85)","logger":"task.stderr"}
{"timestamp":"2026-07-13T22:57:51.715828Z","level":"error","event":"\tat org.apache.spark.storage.BlockManagerMaster.registerBlockManager(BlockManagerMaster.scala:81)","logger":"task.stderr"}
{"timestamp":"2026-07-13T22:57:51.718574Z","level":"error","event":"\tat org.apache.spark.storage.BlockManager.reregister(BlockManager.scala:674)","logger":"task.stderr"}
{"timestamp":"2026-07-13T22:57:51.722975Z","level":"error","event":"\tat org.apache.spark.executor.Executor.reportHeartBeat(Executor.scala:1530)","logger":"task.stderr"}
{"timestamp":"2026-07-13T22:57:51.725424Z","level":"error","event":"\tat org.apache.spark.executor.Executor.$anonfun$heartbeater$1(Executor.scala:483)","logger":"task.stderr"}
{"timestamp":"2026-07-13T22:57:51.726864Z","level":"error","event":"\tat scala.runtime.java8.JFunction0$mcV$sp.apply(JFunction0$mcV$sp.scala:18)","logger":"task.stderr"}
{"timestamp":"2026-07-13T22:57:51.728378Z","level":"error","event":"\tat org.apache.spark.util.Utils$.logUncaughtExceptions(Utils.scala:1941)","logger":"task.stderr"}
{"timestamp":"2026-07-13T22:57:51.731114Z","level":"error","event":"\tat org.apache.spark.Heartbeater$$anon$1.run(Heartbeater.scala:46)","logger":"task.stderr"}
{"timestamp":"2026-07-13T22:57:51.734627Z","level":"error","event":"\tat java.base/java.util.concurrent.Executors$RunnableAdapter.call(Executors.java:539)","logger":"task.stderr"}
{"timestamp":"2026-07-13T22:57:51.739125Z","level":"error","event":"\tat java.base/java.util.concurrent.FutureTask.runAndReset(FutureTask.java:305)","logger":"task.stderr"}
{"timestamp":"2026-07-13T22:57:51.741218Z","level":"error","event":"\tat java.base/java.util.concurrent.ScheduledThreadPoolExecutor$ScheduledFutureTask.run(ScheduledThreadPoolExecutor.java:305)","logger":"task.stderr"}
{"timestamp":"2026-07-13T22:57:51.743601Z","level":"error","event":"\tat java.base/java.util.concurrent.ThreadPoolExecutor.runWorker(ThreadPoolExecutor.java:1136)","logger":"task.stderr"}
{"timestamp":"2026-07-13T22:57:51.745710Z","level":"error","event":"\tat java.base/java.util.concurrent.ThreadPoolExecutor$Worker.run(ThreadPoolExecutor.java:635)","logger":"task.stderr"}
{"timestamp":"2026-07-13T22:57:51.748472Z","level":"error","event":"\tat java.base/java.lang.Thread.run(Thread.java:840)","logger":"task.stderr"}
{"timestamp":"2026-07-13T22:57:51.753461Z","level":"error","event":"Caused by: org.apache.spark.SparkException: Exception thrown in awaitResult:","logger":"task.stderr"}
{"timestamp":"2026-07-13T22:57:51.756496Z","level":"error","event":"\tat org.apache.spark.util.SparkThreadUtils$.awaitResult(SparkThreadUtils.scala:53)","logger":"task.stderr"}
{"timestamp":"2026-07-13T22:57:51.759069Z","level":"error","event":"\tat org.apache.spark.util.ThreadUtils$.awaitResult(ThreadUtils.scala:359)","logger":"task.stderr"}
{"timestamp":"2026-07-13T22:57:51.760888Z","level":"error","event":"\tat org.apache.spark.rpc.RpcTimeout.awaitResult(RpcTimeout.scala:75)","logger":"task.stderr"}
{"timestamp":"2026-07-13T22:57:51.762503Z","level":"error","event":"\tat org.apache.spark.rpc.RpcEnv.setupEndpointRefByURI(RpcEnv.scala:102)","logger":"task.stderr"}
{"timestamp":"2026-07-13T22:57:51.764708Z","level":"error","event":"\tat org.apache.spark.rpc.RpcEnv.setupEndpointRef(RpcEnv.scala:110)","logger":"task.stderr"}
{"timestamp":"2026-07-13T22:57:51.767488Z","level":"error","event":"\tat org.apache.spark.util.RpcUtils$.makeDriverRef(RpcUtils.scala:36)","logger":"task.stderr"}
{"timestamp":"2026-07-13T22:57:51.771418Z","level":"error","event":"\tat org.apache.spark.storage.BlockManagerMasterEndpoint.driverEndpoint$lzycompute(BlockManagerMasterEndpoint.scala:132)","logger":"task.stderr"}
{"timestamp":"2026-07-13T22:57:51.774161Z","level":"error","event":"\tat org.apache.spark.storage.BlockManagerMasterEndpoint.org$apache$spark$storage$BlockManagerMasterEndpoint$$driverEndpoint(BlockManagerMasterEndpoint.scala:131)","logger":"task.stderr"}
{"timestamp":"2026-07-13T22:57:51.775968Z","level":"error","event":"\tat org.apache.spark.storage.BlockManagerMasterEndpoint.isExecutorAlive$lzycompute$1(BlockManagerMasterEndpoint.scala:707)","logger":"task.stderr"}
{"timestamp":"2026-07-13T22:57:51.777501Z","level":"error","event":"\tat org.apache.spark.storage.BlockManagerMasterEndpoint.isExecutorAlive$1(BlockManagerMasterEndpoint.scala:706)","logger":"task.stderr"}
{"timestamp":"2026-07-13T22:57:51.779489Z","level":"error","event":"\tat org.apache.spark.storage.BlockManagerMasterEndpoint.org$apache$spark$storage$BlockManagerMasterEndpoint$$register(BlockManagerMasterEndpoint.scala:746)","logger":"task.stderr"}
{"timestamp":"2026-07-13T22:57:51.783200Z","level":"error","event":"\tat org.apache.spark.storage.BlockManagerMasterEndpoint$$anonfun$receiveAndReply$1.applyOrElse(BlockManagerMasterEndpoint.scala:141)","logger":"task.stderr"}
{"timestamp":"2026-07-13T22:57:51.786517Z","level":"error","event":"\tat org.apache.spark.rpc.netty.Inbox.$anonfun$process$1(Inbox.scala:104)","logger":"task.stderr"}
{"timestamp":"2026-07-13T22:57:51.788847Z","level":"error","event":"\tat org.apache.spark.rpc.netty.Inbox.safelyCall(Inbox.scala:216)","logger":"task.stderr"}
{"timestamp":"2026-07-13T22:57:51.790893Z","level":"error","event":"\tat org.apache.spark.rpc.netty.Inbox.process(Inbox.scala:101)","logger":"task.stderr"}
{"timestamp":"2026-07-13T22:57:51.799194Z","level":"error","event":"\tat org.apache.spark.rpc.netty.MessageLoop.org$apache$spark$rpc$netty$MessageLoop$$receiveLoop(MessageLoop.scala:76)","logger":"task.stderr"}
{"timestamp":"2026-07-13T22:57:51.801142Z","level":"error","event":"\tat org.apache.spark.rpc.netty.MessageLoop$$anon$1.run(MessageLoop.scala:42)","logger":"task.stderr"}
{"timestamp":"2026-07-13T22:57:51.802504Z","level":"error","event":"\t... 3 more","logger":"task.stderr"}
{"timestamp":"2026-07-13T22:57:51.804230Z","level":"error","event":"Caused by: org.apache.spark.rpc.RpcEndpointNotFoundException: Cannot find endpoint: spark://CoarseGrainedScheduler@127.0.0.1:43559","logger":"task.stderr"}
{"timestamp":"2026-07-13T22:57:51.807170Z","level":"error","event":"\tat org.apache.spark.rpc.netty.NettyRpcEnv.$anonfun$asyncSetupEndpointRefByURI$1(NettyRpcEnv.scala:151)","logger":"task.stderr"}
{"timestamp":"2026-07-13T22:57:51.814568Z","level":"error","event":"\tat org.apache.spark.rpc.netty.NettyRpcEnv.$anonfun$asyncSetupEndpointRefByURI$1$adapted(NettyRpcEnv.scala:147)","logger":"task.stderr"}
{"timestamp":"2026-07-13T22:57:51.816631Z","level":"error","event":"\tat scala.concurrent.impl.Promise$Transformation.run(Promise.scala:503)","logger":"task.stderr"}
{"timestamp":"2026-07-13T22:57:51.817885Z","level":"error","event":"\tat org.apache.spark.util.ThreadUtils$$anon$1.execute(ThreadUtils.scala:99)","logger":"task.stderr"}
{"timestamp":"2026-07-13T22:57:51.819930Z","level":"error","event":"\tat scala.concurrent.impl.ExecutionContextImpl.execute(ExecutionContextImpl.scala:21)","logger":"task.stderr"}
{"timestamp":"2026-07-13T22:57:51.821792Z","level":"error","event":"\tat scala.concurrent.impl.Promise$Transformation.submitWithValue(Promise.scala:462)","logger":"task.stderr"}
{"timestamp":"2026-07-13T22:57:51.825437Z","level":"error","event":"\tat scala.concurrent.impl.Promise$DefaultPromise.submitWithValue(Promise.scala:371)","logger":"task.stderr"}
{"timestamp":"2026-07-13T22:57:51.826722Z","level":"error","event":"\tat scala.concurrent.impl.Promise$DefaultPromise.dispatchOrAddCallbacks(Promise.scala:322)","logger":"task.stderr"}
{"timestamp":"2026-07-13T22:57:51.828218Z","level":"error","event":"\tat scala.concurrent.impl.Promise$DefaultPromise.flatMap(Promise.scala:176)","logger":"task.stderr"}
{"timestamp":"2026-07-13T22:57:51.831743Z","level":"error","event":"\tat org.apache.spark.rpc.netty.NettyRpcEnv.asyncSetupEndpointRefByURI(NettyRpcEnv.scala:153)","logger":"task.stderr"}
{"timestamp":"2026-07-13T22:57:51.835059Z","level":"error","event":"\t... 17 more","logger":"task.stderr"}
{"timestamp":"2026-07-13T23:00:14.310595Z","level":"info","event":"Done. Returned value was: None","map_index":6,"try_number":1,"run_id":"scheduled__2026-07-13T03:00:00+00:00","task_id":"carregar","ti_id":"019f5db2-9dcd-7ca8-92eb-d7b0a6bb44d8","dag_id":"conab_ingestion","logger":"airflow.task.operators.airflow.providers.standard.decorators.python._PythonDecoratedOperator","filename":"python.py","lineno":233}
{"timestamp":"2026-07-13T23:00:14.315800Z","level":"info","event":"::group::Post Execute","map_index":6,"try_number":1,"run_id":"scheduled__2026-07-13T03:00:00+00:00","task_id":"carregar","ti_id":"019f5db2-9dcd-7ca8-92eb-d7b0a6bb44d8","dag_id":"conab_ingestion","logger":"task","filename":"task_runner.py","lineno":1577}
{"timestamp":"2026-07-13T23:00:14.420894Z","level":"info","event":"::endgroup::","map_index":6,"try_number":1,"run_id":"scheduled__2026-07-13T03:00:00+00:00","task_id":"carregar","ti_id":"019f5db2-9dcd-7ca8-92eb-d7b0a6bb44d8","dag_id":"conab_ingestion","logger":"task","filename":"task_runner.py","lineno":2270}
{"timestamp":"2026-07-13T23:00:15.720034Z","level":"error","event":"\r[Stage 0:>                                                          (0 + 1) / 1]\r\r[Stage 0:===========================================================(1 + 0) / 1]\r\r                                                                                \r\r[Stage 1:>                                                          (0 + 1) / 1]\r\r                                                                                \r\r[Stage 4:>                                                          (0 + 1) / 1]","logger":"task.stderr"}
