{"timestamp":"2026-07-13T17:13:42.575016Z","level":"info","event":"::group::Pre Execute","logger":"task","filename":"task_runner.py","lineno":2303}
{"timestamp":"2026-07-13T17:13:43.031438Z","level":"info","event":"DAG bundles loaded: dags-folder","run_id":"scheduled__2026-07-13T03:00:00+00:00","task_id":"carregar","try_number":1,"dag_id":"conab_ingestion","map_index":1,"ti_id":"019f5c78-65cb-7121-bb1e-1b336469d768","logger":"airflow.dag_processing.bundles.manager.DagBundlesManager","filename":"manager.py","lineno":271}
{"timestamp":"2026-07-13T17:13:43.034648Z","level":"info","event":"Filling up the DagBag from /opt/airflow/dags/conab_ingestion.py","run_id":"scheduled__2026-07-13T03:00:00+00:00","task_id":"carregar","try_number":1,"dag_id":"conab_ingestion","map_index":1,"ti_id":"019f5c78-65cb-7121-bb1e-1b336469d768","logger":"airflow.dag_processing.dagbag.BundleDagBag","filename":"dagbag.py","lineno":460}
{"timestamp":"2026-07-13T17:13:44.868701Z","level":"warning","event":"The `airflow.decorators.dag` attribute is deprecated. Please use `'airflow.sdk.dag'`.","category":"UserWarning","filename":"/opt/airflow/dags/conab_ingestion.py","lineno":17,"run_id":"scheduled__2026-07-13T03:00:00+00:00","task_id":"carregar","try_number":1,"dag_id":"conab_ingestion","map_index":1,"ti_id":"019f5c78-65cb-7121-bb1e-1b336469d768","logger":"py.warnings"}
{"timestamp":"2026-07-13T17:13:44.869711Z","level":"warning","event":"The `airflow.decorators.task` attribute is deprecated. Please use `'airflow.sdk.task'`.","category":"UserWarning","filename":"/opt/airflow/dags/conab_ingestion.py","lineno":17,"run_id":"scheduled__2026-07-13T03:00:00+00:00","task_id":"carregar","try_number":1,"dag_id":"conab_ingestion","map_index":1,"ti_id":"019f5c78-65cb-7121-bb1e-1b336469d768","logger":"py.warnings"}
{"timestamp":"2026-07-13T17:13:44.874412Z","level":"info","event":"Worker startup parse complete","bundle_name":"dags-folder","bundle_version":null,"dag_file":"conab_ingestion.py","dag_id":"conab_ingestion","bundle_prepare_ms":5,"dag_file_parse_ms":1839,"run_id":"scheduled__2026-07-13T03:00:00+00:00","task_id":"carregar","try_number":1,"map_index":1,"ti_id":"019f5c78-65cb-7121-bb1e-1b336469d768","logger":"task","filename":"task_runner.py","lineno":1062}
{"timestamp":"2026-07-13T17:13:49.857240Z","level":"info","event":"::endgroup::","run_id":"scheduled__2026-07-13T03:00:00+00:00","task_id":"carregar","try_number":1,"dag_id":"conab_ingestion","map_index":1,"ti_id":"019f5c78-65cb-7121-bb1e-1b336469d768","logger":"task","filename":"task_runner.py","lineno":2107}
{"timestamp":"2026-07-13T17:13:49.888340Z","level":"info","event":"Carregado .env de: /opt/airflow/dags/spark/.env","logger":"spark.ingest","run_id":"scheduled__2026-07-13T03:00:00+00:00","task_id":"carregar","try_number":1,"dag_id":"conab_ingestion","map_index":1,"ti_id":"019f5c78-65cb-7121-bb1e-1b336469d768","filename":"ingest.py","lineno":55}
{"timestamp":"2026-07-13T17:13:49.888717Z","level":"info","event":"Catálogo configurado — URI=https://catalog.cloudflarestorage.com/515e2015338845cbadff913ac19d97a0/agrodata | warehouse=515e2015338845cbadff913ac19d97a0_agrodata | token=cfat_GNL…2c11","logger":"spark.ingest","run_id":"scheduled__2026-07-13T03:00:00+00:00","task_id":"carregar","try_number":1,"dag_id":"conab_ingestion","map_index":1,"ti_id":"019f5c78-65cb-7121-bb1e-1b336469d768","filename":"ingest.py","lineno":76}
{"timestamp":"2026-07-13T17:13:54.335876Z","level":"error","event":"WARNING: Using incubator modules: jdk.incubator.vector","logger":"task.stderr"}
{"timestamp":"2026-07-13T17:14:10.832815Z","level":"error","event":"26/07/13 17:14:10 WARN NativeCodeLoader: Unable to load native-hadoop library for your platform... using builtin-java classes where applicable","logger":"task.stderr"}
{"timestamp":"2026-07-13T17:14:14.773779Z","level":"error","event":"Using Spark's default log4j profile: org/apache/spark/log4j2-defaults.properties","logger":"task.stderr"}
{"timestamp":"2026-07-13T17:14:14.806725Z","level":"error","event":"Setting default log level to \"WARN\".","logger":"task.stderr"}
{"timestamp":"2026-07-13T17:14:14.820092Z","level":"error","event":"To adjust logging level use sc.setLogLevel(newLevel). For SparkR, use setLogLevel(newLevel).","logger":"task.stderr"}
{"timestamp":"2026-07-13T17:14:35.060307Z","level":"error","event":"26/07/13 17:14:35 WARN Executor: Issue communicating with driver in heartbeater","logger":"task.stderr"}
{"timestamp":"2026-07-13T17:14:35.066836Z","level":"error","event":"org.apache.spark.SparkException: Exception thrown in awaitResult:","logger":"task.stderr"}
{"timestamp":"2026-07-13T17:14:35.069996Z","level":"error","event":"\tat org.apache.spark.util.SparkThreadUtils$.awaitResult(SparkThreadUtils.scala:53)","logger":"task.stderr"}
{"timestamp":"2026-07-13T17:14:35.073332Z","level":"error","event":"\tat org.apache.spark.util.ThreadUtils$.awaitResult(ThreadUtils.scala:359)","logger":"task.stderr"}
{"timestamp":"2026-07-13T17:14:35.077696Z","level":"error","event":"\tat org.apache.spark.rpc.RpcTimeout.awaitResult(RpcTimeout.scala:75)","logger":"task.stderr"}
{"timestamp":"2026-07-13T17:14:35.081412Z","level":"error","event":"\tat org.apache.spark.rpc.RpcEndpointRef.askSync(RpcEndpointRef.scala:101)","logger":"task.stderr"}
{"timestamp":"2026-07-13T17:14:35.088158Z","level":"error","event":"\tat org.apache.spark.rpc.RpcEndpointRef.askSync(RpcEndpointRef.scala:85)","logger":"task.stderr"}
{"timestamp":"2026-07-13T17:14:35.089730Z","level":"error","event":"\tat org.apache.spark.storage.BlockManagerMaster.registerBlockManager(BlockManagerMaster.scala:81)","logger":"task.stderr"}
{"timestamp":"2026-07-13T17:14:35.091666Z","level":"error","event":"\tat org.apache.spark.storage.BlockManager.reregister(BlockManager.scala:674)","logger":"task.stderr"}
{"timestamp":"2026-07-13T17:14:35.094035Z","level":"error","event":"\tat org.apache.spark.executor.Executor.reportHeartBeat(Executor.scala:1530)","logger":"task.stderr"}
{"timestamp":"2026-07-13T17:14:35.096654Z","level":"error","event":"\tat org.apache.spark.executor.Executor.$anonfun$heartbeater$1(Executor.scala:483)","logger":"task.stderr"}
{"timestamp":"2026-07-13T17:14:35.099001Z","level":"error","event":"\tat scala.runtime.java8.JFunction0$mcV$sp.apply(JFunction0$mcV$sp.scala:18)","logger":"task.stderr"}
{"timestamp":"2026-07-13T17:14:35.100917Z","level":"error","event":"\tat org.apache.spark.util.Utils$.logUncaughtExceptions(Utils.scala:1941)","logger":"task.stderr"}
{"timestamp":"2026-07-13T17:14:35.105437Z","level":"error","event":"\tat org.apache.spark.Heartbeater$$anon$1.run(Heartbeater.scala:46)","logger":"task.stderr"}
{"timestamp":"2026-07-13T17:14:35.111932Z","level":"error","event":"\tat java.base/java.util.concurrent.Executors$RunnableAdapter.call(Executors.java:539)","logger":"task.stderr"}
{"timestamp":"2026-07-13T17:14:35.115952Z","level":"error","event":"\tat java.base/java.util.concurrent.FutureTask.runAndReset(FutureTask.java:305)","logger":"task.stderr"}
{"timestamp":"2026-07-13T17:14:35.118712Z","level":"error","event":"\tat java.base/java.util.concurrent.ScheduledThreadPoolExecutor$ScheduledFutureTask.run(ScheduledThreadPoolExecutor.java:305)","logger":"task.stderr"}
{"timestamp":"2026-07-13T17:14:35.121739Z","level":"error","event":"\tat java.base/java.util.concurrent.ThreadPoolExecutor.runWorker(ThreadPoolExecutor.java:1136)","logger":"task.stderr"}
{"timestamp":"2026-07-13T17:14:35.124152Z","level":"error","event":"\tat java.base/java.util.concurrent.ThreadPoolExecutor$Worker.run(ThreadPoolExecutor.java:635)","logger":"task.stderr"}
{"timestamp":"2026-07-13T17:14:35.126378Z","level":"error","event":"\tat java.base/java.lang.Thread.run(Thread.java:840)","logger":"task.stderr"}
{"timestamp":"2026-07-13T17:14:35.128837Z","level":"error","event":"Caused by: java.lang.NullPointerException: Cannot invoke \"org.apache.spark.storage.BlockManagerId.executorId()\" because \"idWithoutTopologyInfo\" is null","logger":"task.stderr"}
{"timestamp":"2026-07-13T17:14:35.130360Z","level":"error","event":"\tat org.apache.spark.storage.BlockManagerMasterEndpoint.org$apache$spark$storage$BlockManagerMasterEndpoint$$register(BlockManagerMasterEndpoint.scala:696)","logger":"task.stderr"}
{"timestamp":"2026-07-13T17:14:35.135218Z","level":"error","event":"\tat org.apache.spark.storage.BlockManagerMasterEndpoint$$anonfun$receiveAndReply$1.applyOrElse(BlockManagerMasterEndpoint.scala:141)","logger":"task.stderr"}
{"timestamp":"2026-07-13T17:14:35.138554Z","level":"error","event":"\tat org.apache.spark.rpc.netty.Inbox.$anonfun$process$1(Inbox.scala:104)","logger":"task.stderr"}
{"timestamp":"2026-07-13T17:14:35.141505Z","level":"error","event":"\tat org.apache.spark.rpc.netty.Inbox.safelyCall(Inbox.scala:216)","logger":"task.stderr"}
{"timestamp":"2026-07-13T17:14:35.145734Z","level":"error","event":"\tat org.apache.spark.rpc.netty.Inbox.process(Inbox.scala:101)","logger":"task.stderr"}
{"timestamp":"2026-07-13T17:14:35.148659Z","level":"error","event":"\tat org.apache.spark.rpc.netty.MessageLoop.org$apache$spark$rpc$netty$MessageLoop$$receiveLoop(MessageLoop.scala:76)","logger":"task.stderr"}
{"timestamp":"2026-07-13T17:14:35.152287Z","level":"error","event":"\tat org.apache.spark.rpc.netty.MessageLoop$$anon$1.run(MessageLoop.scala:42)","logger":"task.stderr"}
{"timestamp":"2026-07-13T17:14:35.154505Z","level":"error","event":"\t... 3 more","logger":"task.stderr"}
{"timestamp":"2026-07-13T17:14:35.156882Z","level":"error","event":"26/07/13 17:14:35 ERROR Inbox: Ignoring error","logger":"task.stderr"}
{"timestamp":"2026-07-13T17:14:35.160017Z","level":"error","event":"java.lang.NullPointerException: Cannot invoke \"org.apache.spark.storage.BlockManagerId.executorId()\" because \"idWithoutTopologyInfo\" is null","logger":"task.stderr"}
{"timestamp":"2026-07-13T17:14:35.165023Z","level":"error","event":"\tat org.apache.spark.storage.BlockManagerMasterEndpoint.org$apache$spark$storage$BlockManagerMasterEndpoint$$register(BlockManagerMasterEndpoint.scala:696)","logger":"task.stderr"}
{"timestamp":"2026-07-13T17:14:35.168535Z","level":"error","event":"\tat org.apache.spark.storage.BlockManagerMasterEndpoint$$anonfun$receiveAndReply$1.applyOrElse(BlockManagerMasterEndpoint.scala:141)","logger":"task.stderr"}
{"timestamp":"2026-07-13T17:14:35.170854Z","level":"error","event":"\tat org.apache.spark.rpc.netty.Inbox.$anonfun$process$1(Inbox.scala:104)","logger":"task.stderr"}
{"timestamp":"2026-07-13T17:14:35.174610Z","level":"error","event":"\tat org.apache.spark.rpc.netty.Inbox.safelyCall(Inbox.scala:216)","logger":"task.stderr"}
{"timestamp":"2026-07-13T17:14:35.178472Z","level":"error","event":"\tat org.apache.spark.rpc.netty.Inbox.process(Inbox.scala:101)","logger":"task.stderr"}
{"timestamp":"2026-07-13T17:14:35.203398Z","level":"error","event":"\tat org.apache.spark.rpc.netty.MessageLoop.org$apache$spark$rpc$netty$MessageLoop$$receiveLoop(MessageLoop.scala:76)","logger":"task.stderr"}
{"timestamp":"2026-07-13T17:14:35.215004Z","level":"error","event":"\tat org.apache.spark.rpc.netty.MessageLoop$$anon$1.run(MessageLoop.scala:42)","logger":"task.stderr"}
{"timestamp":"2026-07-13T17:14:35.221469Z","level":"error","event":"\tat java.base/java.util.concurrent.ThreadPoolExecutor.runWorker(ThreadPoolExecutor.java:1136)","logger":"task.stderr"}
{"timestamp":"2026-07-13T17:14:35.225411Z","level":"error","event":"\tat java.base/java.util.concurrent.ThreadPoolExecutor$Worker.run(ThreadPoolExecutor.java:635)","logger":"task.stderr"}
{"timestamp":"2026-07-13T17:14:35.227591Z","level":"error","event":"\tat java.base/java.lang.Thread.run(Thread.java:840)","logger":"task.stderr"}
{"timestamp":"2026-07-13T17:17:02.172484Z","level":"info","event":"Done. Returned value was: None","run_id":"scheduled__2026-07-13T03:00:00+00:00","task_id":"carregar","try_number":1,"dag_id":"conab_ingestion","map_index":1,"ti_id":"019f5c78-65cb-7121-bb1e-1b336469d768","logger":"airflow.task.operators.airflow.providers.standard.decorators.python._PythonDecoratedOperator","filename":"python.py","lineno":233}
{"timestamp":"2026-07-13T17:17:02.173248Z","level":"info","event":"::group::Post Execute","run_id":"scheduled__2026-07-13T03:00:00+00:00","task_id":"carregar","try_number":1,"dag_id":"conab_ingestion","map_index":1,"ti_id":"019f5c78-65cb-7121-bb1e-1b336469d768","logger":"task","filename":"task_runner.py","lineno":1577}
{"timestamp":"2026-07-13T17:17:02.286596Z","level":"info","event":"::endgroup::","run_id":"scheduled__2026-07-13T03:00:00+00:00","task_id":"carregar","try_number":1,"dag_id":"conab_ingestion","map_index":1,"ti_id":"019f5c78-65cb-7121-bb1e-1b336469d768","logger":"task","filename":"task_runner.py","lineno":2270}
{"timestamp":"2026-07-13T17:17:03.192483Z","level":"error","event":"\r[Stage 0:>                                                          (0 + 0) / 1]\r\r[Stage 0:>                                                          (0 + 1) / 1]\r\r                                                                                \r\r[Stage 1:>                                                          (0 + 1) / 1]\r\r                                                                                \r\r[Stage 3:>                                                          (0 + 1) / 1]\r\r                                                                                \r\r[Stage 4:>                                                          (0 + 1) / 1]","logger":"task.stderr"}
{"timestamp":"2026-07-13T22:52:07.626610Z","level":"info","event":"::group::Pre Execute","logger":"task","filename":"task_runner.py","lineno":2303}
{"timestamp":"2026-07-13T22:52:07.707571Z","level":"info","event":"DAG bundles loaded: dags-folder","dag_id":"conab_ingestion","try_number":1,"map_index":1,"run_id":"scheduled__2026-07-13T03:00:00+00:00","ti_id":"019f5dae-3ad0-7373-8efa-cb86da3a22ef","task_id":"carregar","logger":"airflow.dag_processing.bundles.manager.DagBundlesManager","filename":"manager.py","lineno":271}
{"timestamp":"2026-07-13T22:52:07.711771Z","level":"info","event":"Filling up the DagBag from /opt/airflow/dags/conab_ingestion.py","dag_id":"conab_ingestion","try_number":1,"map_index":1,"run_id":"scheduled__2026-07-13T03:00:00+00:00","ti_id":"019f5dae-3ad0-7373-8efa-cb86da3a22ef","task_id":"carregar","logger":"airflow.dag_processing.dagbag.BundleDagBag","filename":"dagbag.py","lineno":460}
{"timestamp":"2026-07-13T22:52:09.212101Z","level":"warning","event":"The `airflow.decorators.dag` attribute is deprecated. Please use `'airflow.sdk.dag'`.","category":"UserWarning","filename":"/opt/airflow/dags/conab_ingestion.py","lineno":17,"dag_id":"conab_ingestion","try_number":1,"map_index":1,"run_id":"scheduled__2026-07-13T03:00:00+00:00","ti_id":"019f5dae-3ad0-7373-8efa-cb86da3a22ef","task_id":"carregar","logger":"py.warnings"}
{"timestamp":"2026-07-13T22:52:09.212592Z","level":"warning","event":"The `airflow.decorators.task` attribute is deprecated. Please use `'airflow.sdk.task'`.","category":"UserWarning","filename":"/opt/airflow/dags/conab_ingestion.py","lineno":17,"dag_id":"conab_ingestion","try_number":1,"map_index":1,"run_id":"scheduled__2026-07-13T03:00:00+00:00","ti_id":"019f5dae-3ad0-7373-8efa-cb86da3a22ef","task_id":"carregar","logger":"py.warnings"}
{"timestamp":"2026-07-13T22:52:09.217922Z","level":"info","event":"Worker startup parse complete","bundle_name":"dags-folder","bundle_version":null,"dag_file":"conab_ingestion.py","dag_id":"conab_ingestion","bundle_prepare_ms":6,"dag_file_parse_ms":1503,"try_number":1,"map_index":1,"run_id":"scheduled__2026-07-13T03:00:00+00:00","ti_id":"019f5dae-3ad0-7373-8efa-cb86da3a22ef","task_id":"carregar","logger":"task","filename":"task_runner.py","lineno":1062}
{"timestamp":"2026-07-13T22:52:09.340196Z","level":"info","event":"::endgroup::","dag_id":"conab_ingestion","try_number":1,"map_index":1,"run_id":"scheduled__2026-07-13T03:00:00+00:00","ti_id":"019f5dae-3ad0-7373-8efa-cb86da3a22ef","task_id":"carregar","logger":"task","filename":"task_runner.py","lineno":2107}
{"timestamp":"2026-07-13T22:52:09.364649Z","level":"info","event":"Carregado .env de: /opt/airflow/dags/spark/.env","logger":"spark.ingest","dag_id":"conab_ingestion","try_number":1,"map_index":1,"run_id":"scheduled__2026-07-13T03:00:00+00:00","ti_id":"019f5dae-3ad0-7373-8efa-cb86da3a22ef","task_id":"carregar","filename":"ingest.py","lineno":54}
{"timestamp":"2026-07-13T22:52:09.365063Z","level":"info","event":"Catálogo configurado — URI=https://catalog.cloudflarestorage.com/515e2015338845cbadff913ac19d97a0/agrodata | warehouse=515e2015338845cbadff913ac19d97a0_agrodata | token=cfat_GNL…2c11","logger":"spark.ingest","dag_id":"conab_ingestion","try_number":1,"map_index":1,"run_id":"scheduled__2026-07-13T03:00:00+00:00","ti_id":"019f5dae-3ad0-7373-8efa-cb86da3a22ef","task_id":"carregar","filename":"ingest.py","lineno":75}
{"timestamp":"2026-07-13T22:52:10.067760Z","level":"error","event":"WARNING: Using incubator modules: jdk.incubator.vector","logger":"task.stderr"}
{"timestamp":"2026-07-13T22:52:28.329664Z","level":"error","event":"26/07/13 22:52:28 WARN NativeCodeLoader: Unable to load native-hadoop library for your platform... using builtin-java classes where applicable","logger":"task.stderr"}
{"timestamp":"2026-07-13T22:52:32.741599Z","level":"error","event":"Using Spark's default log4j profile: org/apache/spark/log4j2-defaults.properties","logger":"task.stderr"}
{"timestamp":"2026-07-13T22:52:32.750354Z","level":"error","event":"Setting default log level to \"WARN\".","logger":"task.stderr"}
{"timestamp":"2026-07-13T22:52:32.752680Z","level":"error","event":"To adjust logging level use sc.setLogLevel(newLevel). For SparkR, use setLogLevel(newLevel).","logger":"task.stderr"}
{"timestamp":"2026-07-13T22:52:54.207374Z","level":"error","event":"Server indicated the task shouldn't be running anymore. Terminating process","detail":{"reason":"not_found","message":"Task Instance not found"},"logger":"task"}
{"timestamp":"2026-07-13T22:52:59.761108Z","level":"error","event":"Task killed!","logger":"task"}
{"timestamp":"2026-07-13T22:56:55.212613Z","level":"info","event":"::group::Pre Execute","logger":"task","filename":"task_runner.py","lineno":2303}
{"timestamp":"2026-07-13T22:56:55.495666Z","level":"info","event":"DAG bundles loaded: dags-folder","dag_id":"conab_ingestion","run_id":"scheduled__2026-07-13T03:00:00+00:00","task_id":"carregar","map_index":1,"try_number":1,"ti_id":"019f5db2-9dc0-75bc-8d90-a0aa9ba98d95","logger":"airflow.dag_processing.bundles.manager.DagBundlesManager","filename":"manager.py","lineno":271}
{"timestamp":"2026-07-13T22:56:55.498851Z","level":"info","event":"Filling up the DagBag from /opt/airflow/dags/conab_ingestion.py","dag_id":"conab_ingestion","run_id":"scheduled__2026-07-13T03:00:00+00:00","task_id":"carregar","map_index":1,"try_number":1,"ti_id":"019f5db2-9dc0-75bc-8d90-a0aa9ba98d95","logger":"airflow.dag_processing.dagbag.BundleDagBag","filename":"dagbag.py","lineno":460}
{"timestamp":"2026-07-13T22:56:57.086396Z","level":"warning","event":"The `airflow.decorators.dag` attribute is deprecated. Please use `'airflow.sdk.dag'`.","category":"UserWarning","filename":"/opt/airflow/dags/conab_ingestion.py","lineno":17,"dag_id":"conab_ingestion","run_id":"scheduled__2026-07-13T03:00:00+00:00","task_id":"carregar","map_index":1,"try_number":1,"ti_id":"019f5db2-9dc0-75bc-8d90-a0aa9ba98d95","logger":"py.warnings"}
{"timestamp":"2026-07-13T22:56:57.095282Z","level":"warning","event":"The `airflow.decorators.task` attribute is deprecated. Please use `'airflow.sdk.task'`.","category":"UserWarning","filename":"/opt/airflow/dags/conab_ingestion.py","lineno":17,"dag_id":"conab_ingestion","run_id":"scheduled__2026-07-13T03:00:00+00:00","task_id":"carregar","map_index":1,"try_number":1,"ti_id":"019f5db2-9dc0-75bc-8d90-a0aa9ba98d95","logger":"py.warnings"}
{"timestamp":"2026-07-13T22:56:57.150206Z","level":"info","event":"Worker startup parse complete","bundle_name":"dags-folder","bundle_version":null,"dag_file":"conab_ingestion.py","dag_id":"conab_ingestion","bundle_prepare_ms":4,"dag_file_parse_ms":1644,"run_id":"scheduled__2026-07-13T03:00:00+00:00","task_id":"carregar","map_index":1,"try_number":1,"ti_id":"019f5db2-9dc0-75bc-8d90-a0aa9ba98d95","logger":"task","filename":"task_runner.py","lineno":1062}
{"timestamp":"2026-07-13T22:57:01.016421Z","level":"info","event":"::endgroup::","dag_id":"conab_ingestion","run_id":"scheduled__2026-07-13T03:00:00+00:00","task_id":"carregar","map_index":1,"try_number":1,"ti_id":"019f5db2-9dc0-75bc-8d90-a0aa9ba98d95","logger":"task","filename":"task_runner.py","lineno":2107}
{"timestamp":"2026-07-13T22:57:01.037455Z","level":"info","event":"Carregado .env de: /opt/airflow/dags/spark/.env","logger":"spark.ingest","dag_id":"conab_ingestion","run_id":"scheduled__2026-07-13T03:00:00+00:00","task_id":"carregar","map_index":1,"try_number":1,"ti_id":"019f5db2-9dc0-75bc-8d90-a0aa9ba98d95","filename":"ingest.py","lineno":54}
{"timestamp":"2026-07-13T22:57:01.037990Z","level":"info","event":"Catálogo configurado — URI=https://catalog.cloudflarestorage.com/515e2015338845cbadff913ac19d97a0/agrodata | warehouse=515e2015338845cbadff913ac19d97a0_agrodata | token=cfat_GNL…2c11","logger":"spark.ingest","dag_id":"conab_ingestion","run_id":"scheduled__2026-07-13T03:00:00+00:00","task_id":"carregar","map_index":1,"try_number":1,"ti_id":"019f5db2-9dc0-75bc-8d90-a0aa9ba98d95","filename":"ingest.py","lineno":75}
{"timestamp":"2026-07-13T22:57:01.801855Z","level":"error","event":"WARNING: Using incubator modules: jdk.incubator.vector","logger":"task.stderr"}
{"timestamp":"2026-07-13T22:57:16.088033Z","level":"error","event":"26/07/13 22:57:16 WARN NativeCodeLoader: Unable to load native-hadoop library for your platform... using builtin-java classes where applicable","logger":"task.stderr"}
{"timestamp":"2026-07-13T22:57:21.795516Z","level":"error","event":"Using Spark's default log4j profile: org/apache/spark/log4j2-defaults.properties","logger":"task.stderr"}
{"timestamp":"2026-07-13T22:57:21.798701Z","level":"error","event":"Setting default log level to \"WARN\".","logger":"task.stderr"}
{"timestamp":"2026-07-13T22:57:21.812973Z","level":"error","event":"To adjust logging level use sc.setLogLevel(newLevel). For SparkR, use setLogLevel(newLevel).","logger":"task.stderr"}
{"timestamp":"2026-07-13T23:00:20.000999Z","level":"info","event":"Done. Returned value was: None","dag_id":"conab_ingestion","run_id":"scheduled__2026-07-13T03:00:00+00:00","task_id":"carregar","map_index":1,"try_number":1,"ti_id":"019f5db2-9dc0-75bc-8d90-a0aa9ba98d95","logger":"airflow.task.operators.airflow.providers.standard.decorators.python._PythonDecoratedOperator","filename":"python.py","lineno":233}
{"timestamp":"2026-07-13T23:00:20.021797Z","level":"info","event":"::group::Post Execute","dag_id":"conab_ingestion","run_id":"scheduled__2026-07-13T03:00:00+00:00","task_id":"carregar","map_index":1,"try_number":1,"ti_id":"019f5db2-9dc0-75bc-8d90-a0aa9ba98d95","logger":"task","filename":"task_runner.py","lineno":1577}
{"timestamp":"2026-07-13T23:00:20.119062Z","level":"info","event":"::endgroup::","dag_id":"conab_ingestion","run_id":"scheduled__2026-07-13T03:00:00+00:00","task_id":"carregar","map_index":1,"try_number":1,"ti_id":"019f5db2-9dc0-75bc-8d90-a0aa9ba98d95","logger":"task","filename":"task_runner.py","lineno":2270}
{"timestamp":"2026-07-13T23:00:20.861402Z","level":"error","event":"\r[Stage 0:>                                                          (0 + 0) / 1]\r\r[Stage 0:>                                                          (0 + 1) / 1]\r\r                                                                                \r\r[Stage 1:>                                                          (0 + 1) / 1]\r\r                                                                                \r\r[Stage 3:>                                                          (0 + 1) / 1]\r\r[Stage 3:===========================================================(1 + 0) / 1]\r\r                                                                                \r\r[Stage 4:>                                                          (0 + 1) / 1]","logger":"task.stderr"}
