{"timestamp":"2026-07-13T17:13:42.557310Z","level":"info","event":"::group::Pre Execute","logger":"task","filename":"task_runner.py","lineno":2303}
{"timestamp":"2026-07-13T17:13:42.797699Z","level":"info","event":"DAG bundles loaded: dags-folder","map_index":2,"task_id":"carregar","run_id":"scheduled__2026-07-13T03:00:00+00:00","ti_id":"019f5c78-65d9-700b-90ed-e22bea59a554","try_number":1,"dag_id":"conab_ingestion","logger":"airflow.dag_processing.bundles.manager.DagBundlesManager","filename":"manager.py","lineno":271}
{"timestamp":"2026-07-13T17:13:42.801182Z","level":"info","event":"Filling up the DagBag from /opt/airflow/dags/conab_ingestion.py","map_index":2,"task_id":"carregar","run_id":"scheduled__2026-07-13T03:00:00+00:00","ti_id":"019f5c78-65d9-700b-90ed-e22bea59a554","try_number":1,"dag_id":"conab_ingestion","logger":"airflow.dag_processing.dagbag.BundleDagBag","filename":"dagbag.py","lineno":460}
{"timestamp":"2026-07-13T17:13:44.436823Z","level":"warning","event":"The `airflow.decorators.dag` attribute is deprecated. Please use `'airflow.sdk.dag'`.","category":"UserWarning","filename":"/opt/airflow/dags/conab_ingestion.py","lineno":17,"map_index":2,"task_id":"carregar","run_id":"scheduled__2026-07-13T03:00:00+00:00","ti_id":"019f5c78-65d9-700b-90ed-e22bea59a554","try_number":1,"dag_id":"conab_ingestion","logger":"py.warnings"}
{"timestamp":"2026-07-13T17:13:44.438189Z","level":"warning","event":"The `airflow.decorators.task` attribute is deprecated. Please use `'airflow.sdk.task'`.","category":"UserWarning","filename":"/opt/airflow/dags/conab_ingestion.py","lineno":17,"map_index":2,"task_id":"carregar","run_id":"scheduled__2026-07-13T03:00:00+00:00","ti_id":"019f5c78-65d9-700b-90ed-e22bea59a554","try_number":1,"dag_id":"conab_ingestion","logger":"py.warnings"}
{"timestamp":"2026-07-13T17:13:44.443140Z","level":"info","event":"Worker startup parse complete","bundle_name":"dags-folder","bundle_version":null,"dag_file":"conab_ingestion.py","dag_id":"conab_ingestion","bundle_prepare_ms":5,"dag_file_parse_ms":1642,"map_index":2,"task_id":"carregar","run_id":"scheduled__2026-07-13T03:00:00+00:00","ti_id":"019f5c78-65d9-700b-90ed-e22bea59a554","try_number":1,"logger":"task","filename":"task_runner.py","lineno":1062}
{"timestamp":"2026-07-13T17:13:44.645758Z","level":"info","event":"::endgroup::","map_index":2,"task_id":"carregar","run_id":"scheduled__2026-07-13T03:00:00+00:00","ti_id":"019f5c78-65d9-700b-90ed-e22bea59a554","try_number":1,"dag_id":"conab_ingestion","logger":"task","filename":"task_runner.py","lineno":2107}
{"timestamp":"2026-07-13T17:13:44.665562Z","level":"info","event":"Carregado .env de: /opt/airflow/dags/spark/.env","logger":"spark.ingest","map_index":2,"task_id":"carregar","run_id":"scheduled__2026-07-13T03:00:00+00:00","ti_id":"019f5c78-65d9-700b-90ed-e22bea59a554","try_number":1,"dag_id":"conab_ingestion","filename":"ingest.py","lineno":55}
{"timestamp":"2026-07-13T17:13:44.665867Z","level":"info","event":"Catálogo configurado — URI=https://catalog.cloudflarestorage.com/515e2015338845cbadff913ac19d97a0/agrodata | warehouse=515e2015338845cbadff913ac19d97a0_agrodata | token=cfat_GNL…2c11","logger":"spark.ingest","map_index":2,"task_id":"carregar","run_id":"scheduled__2026-07-13T03:00:00+00:00","ti_id":"019f5c78-65d9-700b-90ed-e22bea59a554","try_number":1,"dag_id":"conab_ingestion","filename":"ingest.py","lineno":76}
{"timestamp":"2026-07-13T17:13:45.324992Z","level":"error","event":"WARNING: Using incubator modules: jdk.incubator.vector","logger":"task.stderr"}
{"timestamp":"2026-07-13T17:14:08.514263Z","level":"error","event":"26/07/13 17:14:08 WARN NativeCodeLoader: Unable to load native-hadoop library for your platform... using builtin-java classes where applicable","logger":"task.stderr"}
{"timestamp":"2026-07-13T17:14:09.418608Z","level":"error","event":"Using Spark's default log4j profile: org/apache/spark/log4j2-defaults.properties","logger":"task.stderr"}
{"timestamp":"2026-07-13T17:14:09.432346Z","level":"error","event":"Setting default log level to \"WARN\".","logger":"task.stderr"}
{"timestamp":"2026-07-13T17:14:09.445435Z","level":"error","event":"To adjust logging level use sc.setLogLevel(newLevel). For SparkR, use setLogLevel(newLevel).","logger":"task.stderr"}
{"timestamp":"2026-07-13T17:14:36.742753Z","level":"error","event":"26/07/13 17:14:36 ERROR Inbox: Ignoring error","logger":"task.stderr"}
{"timestamp":"2026-07-13T17:14:36.747756Z","level":"error","event":"org.apache.spark.SparkException: Exception thrown in awaitResult:","logger":"task.stderr"}
{"timestamp":"2026-07-13T17:14:36.749726Z","level":"error","event":"\tat org.apache.spark.util.SparkThreadUtils$.awaitResult(SparkThreadUtils.scala:53)","logger":"task.stderr"}
{"timestamp":"2026-07-13T17:14:36.755835Z","level":"error","event":"\tat org.apache.spark.util.ThreadUtils$.awaitResult(ThreadUtils.scala:359)","logger":"task.stderr"}
{"timestamp":"2026-07-13T17:14:36.768042Z","level":"error","event":"\tat org.apache.spark.rpc.RpcTimeout.awaitResult(RpcTimeout.scala:75)","logger":"task.stderr"}
{"timestamp":"2026-07-13T17:14:36.772679Z","level":"error","event":"\tat org.apache.spark.rpc.RpcEnv.setupEndpointRefByURI(RpcEnv.scala:102)","logger":"task.stderr"}
{"timestamp":"2026-07-13T17:14:36.775687Z","level":"error","event":"\tat org.apache.spark.rpc.RpcEnv.setupEndpointRef(RpcEnv.scala:110)","logger":"task.stderr"}
{"timestamp":"2026-07-13T17:14:36.777036Z","level":"error","event":"\tat org.apache.spark.util.RpcUtils$.makeDriverRef(RpcUtils.scala:36)","logger":"task.stderr"}
{"timestamp":"2026-07-13T17:14:36.778272Z","level":"error","event":"\tat org.apache.spark.storage.BlockManagerMasterEndpoint.driverEndpoint$lzycompute(BlockManagerMasterEndpoint.scala:132)","logger":"task.stderr"}
{"timestamp":"2026-07-13T17:14:36.779461Z","level":"error","event":"\tat org.apache.spark.storage.BlockManagerMasterEndpoint.org$apache$spark$storage$BlockManagerMasterEndpoint$$driverEndpoint(BlockManagerMasterEndpoint.scala:131)","logger":"task.stderr"}
{"timestamp":"2026-07-13T17:14:36.780592Z","level":"error","event":"\tat org.apache.spark.storage.BlockManagerMasterEndpoint.isExecutorAlive$lzycompute$1(BlockManagerMasterEndpoint.scala:707)","logger":"task.stderr"}
{"timestamp":"2026-07-13T17:14:36.781586Z","level":"error","event":"\tat org.apache.spark.storage.BlockManagerMasterEndpoint.isExecutorAlive$1(BlockManagerMasterEndpoint.scala:706)","logger":"task.stderr"}
{"timestamp":"2026-07-13T17:14:36.782588Z","level":"error","event":"\tat org.apache.spark.storage.BlockManagerMasterEndpoint.org$apache$spark$storage$BlockManagerMasterEndpoint$$register(BlockManagerMasterEndpoint.scala:746)","logger":"task.stderr"}
{"timestamp":"2026-07-13T17:14:36.783721Z","level":"error","event":"\tat org.apache.spark.storage.BlockManagerMasterEndpoint$$anonfun$receiveAndReply$1.applyOrElse(BlockManagerMasterEndpoint.scala:141)","logger":"task.stderr"}
{"timestamp":"2026-07-13T17:14:36.784908Z","level":"error","event":"\tat org.apache.spark.rpc.netty.Inbox.$anonfun$process$1(Inbox.scala:104)","logger":"task.stderr"}
{"timestamp":"2026-07-13T17:14:36.785961Z","level":"error","event":"\tat org.apache.spark.rpc.netty.Inbox.safelyCall(Inbox.scala:216)","logger":"task.stderr"}
{"timestamp":"2026-07-13T17:14:36.786928Z","level":"error","event":"\tat org.apache.spark.rpc.netty.Inbox.process(Inbox.scala:101)","logger":"task.stderr"}
{"timestamp":"2026-07-13T17:14:36.794005Z","level":"error","event":"\tat org.apache.spark.rpc.netty.MessageLoop.org$apache$spark$rpc$netty$MessageLoop$$receiveLoop(MessageLoop.scala:76)","logger":"task.stderr"}
{"timestamp":"2026-07-13T17:14:36.795392Z","level":"error","event":"\tat org.apache.spark.rpc.netty.MessageLoop$$anon$1.run(MessageLoop.scala:42)","logger":"task.stderr"}
{"timestamp":"2026-07-13T17:14:36.799367Z","level":"error","event":"\tat java.base/java.util.concurrent.ThreadPoolExecutor.runWorker(ThreadPoolExecutor.java:1136)","logger":"task.stderr"}
{"timestamp":"2026-07-13T17:14:36.800767Z","level":"error","event":"\tat java.base/java.util.concurrent.ThreadPoolExecutor$Worker.run(ThreadPoolExecutor.java:635)","logger":"task.stderr"}
{"timestamp":"2026-07-13T17:14:36.802413Z","level":"error","event":"\tat java.base/java.lang.Thread.run(Thread.java:840)","logger":"task.stderr"}
{"timestamp":"2026-07-13T17:14:36.803816Z","level":"error","event":"Caused by: org.apache.spark.rpc.RpcEndpointNotFoundException: Cannot find endpoint: spark://CoarseGrainedScheduler@127.0.0.1:41031","logger":"task.stderr"}
{"timestamp":"2026-07-13T17:14:36.804793Z","level":"error","event":"\tat org.apache.spark.rpc.netty.NettyRpcEnv.$anonfun$asyncSetupEndpointRefByURI$1(NettyRpcEnv.scala:151)","logger":"task.stderr"}
{"timestamp":"2026-07-13T17:14:36.805808Z","level":"error","event":"\tat org.apache.spark.rpc.netty.NettyRpcEnv.$anonfun$asyncSetupEndpointRefByURI$1$adapted(NettyRpcEnv.scala:147)","logger":"task.stderr"}
{"timestamp":"2026-07-13T17:14:36.815616Z","level":"error","event":"\tat scala.concurrent.impl.Promise$Transformation.run(Promise.scala:503)","logger":"task.stderr"}
{"timestamp":"2026-07-13T17:14:36.823257Z","level":"error","event":"\tat org.apache.spark.util.ThreadUtils$$anon$1.execute(ThreadUtils.scala:99)","logger":"task.stderr"}
{"timestamp":"2026-07-13T17:14:36.825194Z","level":"error","event":"\tat scala.concurrent.impl.ExecutionContextImpl.execute(ExecutionContextImpl.scala:21)","logger":"task.stderr"}
{"timestamp":"2026-07-13T17:14:36.830745Z","level":"error","event":"\tat scala.concurrent.impl.Promise$Transformation.submitWithValue(Promise.scala:462)","logger":"task.stderr"}
{"timestamp":"2026-07-13T17:14:36.832206Z","level":"error","event":"\tat scala.concurrent.impl.Promise$DefaultPromise.submitWithValue(Promise.scala:371)","logger":"task.stderr"}
{"timestamp":"2026-07-13T17:14:36.833433Z","level":"error","event":"\tat scala.concurrent.impl.Promise$DefaultPromise.tryComplete0(Promise.scala:295)","logger":"task.stderr"}
{"timestamp":"2026-07-13T17:14:36.834526Z","level":"error","event":"\tat scala.concurrent.impl.Promise$Transformation.run(Promise.scala:537)","logger":"task.stderr"}
{"timestamp":"2026-07-13T17:14:36.835558Z","level":"error","event":"\tat org.apache.spark.util.ThreadUtils$$anon$1.execute(ThreadUtils.scala:99)","logger":"task.stderr"}
{"timestamp":"2026-07-13T17:14:36.837364Z","level":"error","event":"\tat scala.concurrent.impl.ExecutionContextImpl.execute(ExecutionContextImpl.scala:21)","logger":"task.stderr"}
{"timestamp":"2026-07-13T17:14:36.838681Z","level":"error","event":"\tat scala.concurrent.impl.Promise$Transformation.submitWithValue(Promise.scala:462)","logger":"task.stderr"}
{"timestamp":"2026-07-13T17:14:36.839811Z","level":"error","event":"\tat scala.concurrent.impl.Promise$DefaultPromise.submitWithValue(Promise.scala:371)","logger":"task.stderr"}
{"timestamp":"2026-07-13T17:14:36.842388Z","level":"error","event":"\tat scala.concurrent.impl.Promise$DefaultPromise.tryComplete0(Promise.scala:295)","logger":"task.stderr"}
{"timestamp":"2026-07-13T17:14:36.843851Z","level":"error","event":"\tat scala.concurrent.impl.Promise$Transformation.run(Promise.scala:537)","logger":"task.stderr"}
{"timestamp":"2026-07-13T17:14:36.845354Z","level":"error","event":"\tat scala.concurrent.ExecutionContext$parasitic$.execute(ExecutionContext.scala:222)","logger":"task.stderr"}
{"timestamp":"2026-07-13T17:14:36.846567Z","level":"error","event":"\tat scala.concurrent.impl.Promise$Transformation.submitWithValue(Promise.scala:462)","logger":"task.stderr"}
{"timestamp":"2026-07-13T17:14:36.847860Z","level":"error","event":"\tat scala.concurrent.impl.Promise$DefaultPromise.submitWithValue(Promise.scala:368)","logger":"task.stderr"}
{"timestamp":"2026-07-13T17:14:36.848949Z","level":"error","event":"\tat scala.concurrent.impl.Promise$DefaultPromise.tryComplete0(Promise.scala:295)","logger":"task.stderr"}
{"timestamp":"2026-07-13T17:14:36.850016Z","level":"error","event":"\tat scala.concurrent.impl.Promise$DefaultPromise.tryComplete(Promise.scala:288)","logger":"task.stderr"}
{"timestamp":"2026-07-13T17:14:36.851199Z","level":"error","event":"\tat scala.concurrent.Promise.trySuccess(Promise.scala:99)","logger":"task.stderr"}
{"timestamp":"2026-07-13T17:14:36.852140Z","level":"error","event":"\tat scala.concurrent.Promise.trySuccess$(Promise.scala:99)","logger":"task.stderr"}
{"timestamp":"2026-07-13T17:14:36.853261Z","level":"error","event":"\tat scala.concurrent.impl.Promise$DefaultPromise.trySuccess(Promise.scala:104)","logger":"task.stderr"}
{"timestamp":"2026-07-13T17:14:36.854380Z","level":"error","event":"\tat org.apache.spark.rpc.netty.NettyRpcEnv.onSuccess$1(NettyRpcEnv.scala:228)","logger":"task.stderr"}
{"timestamp":"2026-07-13T17:14:36.857368Z","level":"error","event":"\tat org.apache.spark.rpc.netty.NettyRpcEnv.$anonfun$askAbortable$5(NettyRpcEnv.scala:242)","logger":"task.stderr"}
{"timestamp":"2026-07-13T17:14:36.859439Z","level":"error","event":"\tat org.apache.spark.rpc.netty.NettyRpcEnv.$anonfun$askAbortable$5$adapted(NettyRpcEnv.scala:241)","logger":"task.stderr"}
{"timestamp":"2026-07-13T17:14:36.860716Z","level":"error","event":"\tat scala.concurrent.impl.Promise$Transformation.run(Promise.scala:517)","logger":"task.stderr"}
{"timestamp":"2026-07-13T17:14:36.862770Z","level":"error","event":"\tat org.apache.spark.util.ThreadUtils$$anon$1.execute(ThreadUtils.scala:99)","logger":"task.stderr"}
{"timestamp":"2026-07-13T17:14:36.863869Z","level":"error","event":"\tat scala.concurrent.impl.ExecutionContextImpl.execute(ExecutionContextImpl.scala:21)","logger":"task.stderr"}
{"timestamp":"2026-07-13T17:14:36.866720Z","level":"error","event":"\tat scala.concurrent.impl.Promise$Transformation.submitWithValue(Promise.scala:462)","logger":"task.stderr"}
{"timestamp":"2026-07-13T17:14:36.868116Z","level":"error","event":"\tat scala.concurrent.impl.Promise$DefaultPromise.submitWithValue(Promise.scala:371)","logger":"task.stderr"}
{"timestamp":"2026-07-13T17:14:36.869426Z","level":"error","event":"\tat scala.concurrent.impl.Promise$DefaultPromise.tryComplete0(Promise.scala:295)","logger":"task.stderr"}
{"timestamp":"2026-07-13T17:14:36.870555Z","level":"error","event":"\tat scala.concurrent.impl.Promise$DefaultPromise.tryComplete(Promise.scala:288)","logger":"task.stderr"}
{"timestamp":"2026-07-13T17:14:36.871791Z","level":"error","event":"\tat scala.concurrent.Promise.complete(Promise.scala:57)","logger":"task.stderr"}
{"timestamp":"2026-07-13T17:14:36.872883Z","level":"error","event":"\tat scala.concurrent.Promise.complete$(Promise.scala:56)","logger":"task.stderr"}
{"timestamp":"2026-07-13T17:14:36.874042Z","level":"error","event":"\tat scala.concurrent.impl.Promise$DefaultPromise.complete(Promise.scala:104)","logger":"task.stderr"}
{"timestamp":"2026-07-13T17:14:36.877459Z","level":"error","event":"\tat scala.concurrent.Promise.success(Promise.scala:91)","logger":"task.stderr"}
{"timestamp":"2026-07-13T17:14:36.883014Z","level":"error","event":"\tat scala.concurrent.Promise.success$(Promise.scala:91)","logger":"task.stderr"}
{"timestamp":"2026-07-13T17:14:36.884298Z","level":"error","event":"\tat scala.concurrent.impl.Promise$DefaultPromise.success(Promise.scala:104)","logger":"task.stderr"}
{"timestamp":"2026-07-13T17:14:36.885376Z","level":"error","event":"\tat org.apache.spark.rpc.netty.LocalNettyRpcCallContext.send(NettyRpcCallContext.scala:50)","logger":"task.stderr"}
{"timestamp":"2026-07-13T17:14:36.886436Z","level":"error","event":"\tat org.apache.spark.rpc.netty.NettyRpcCallContext.reply(NettyRpcCallContext.scala:32)","logger":"task.stderr"}
{"timestamp":"2026-07-13T17:14:36.887401Z","level":"error","event":"\tat org.apache.spark.rpc.netty.RpcEndpointVerifier$$anonfun$receiveAndReply$1.applyOrElse(RpcEndpointVerifier.scala:31)","logger":"task.stderr"}
{"timestamp":"2026-07-13T17:14:36.888302Z","level":"error","event":"\t... 8 more","logger":"task.stderr"}
{"timestamp":"2026-07-13T17:14:36.889187Z","level":"error","event":"26/07/13 17:14:36 WARN Executor: Issue communicating with driver in heartbeater","logger":"task.stderr"}
{"timestamp":"2026-07-13T17:14:36.890146Z","level":"error","event":"org.apache.spark.SparkException: Exception thrown in awaitResult:","logger":"task.stderr"}
{"timestamp":"2026-07-13T17:14:36.891087Z","level":"error","event":"\tat org.apache.spark.util.SparkThreadUtils$.awaitResult(SparkThreadUtils.scala:53)","logger":"task.stderr"}
{"timestamp":"2026-07-13T17:14:36.892061Z","level":"error","event":"\tat org.apache.spark.util.ThreadUtils$.awaitResult(ThreadUtils.scala:359)","logger":"task.stderr"}
{"timestamp":"2026-07-13T17:14:36.892925Z","level":"error","event":"\tat org.apache.spark.rpc.RpcTimeout.awaitResult(RpcTimeout.scala:75)","logger":"task.stderr"}
{"timestamp":"2026-07-13T17:14:36.893844Z","level":"error","event":"\tat org.apache.spark.rpc.RpcEndpointRef.askSync(RpcEndpointRef.scala:101)","logger":"task.stderr"}
{"timestamp":"2026-07-13T17:14:36.902497Z","level":"error","event":"\tat org.apache.spark.rpc.RpcEndpointRef.askSync(RpcEndpointRef.scala:85)","logger":"task.stderr"}
{"timestamp":"2026-07-13T17:14:36.907128Z","level":"error","event":"\tat org.apache.spark.storage.BlockManagerMaster.registerBlockManager(BlockManagerMaster.scala:81)","logger":"task.stderr"}
{"timestamp":"2026-07-13T17:14:36.908597Z","level":"error","event":"\tat org.apache.spark.storage.BlockManager.reregister(BlockManager.scala:674)","logger":"task.stderr"}
{"timestamp":"2026-07-13T17:14:36.911806Z","level":"error","event":"\tat org.apache.spark.executor.Executor.reportHeartBeat(Executor.scala:1530)","logger":"task.stderr"}
{"timestamp":"2026-07-13T17:14:36.913029Z","level":"error","event":"\tat org.apache.spark.executor.Executor.$anonfun$heartbeater$1(Executor.scala:483)","logger":"task.stderr"}
{"timestamp":"2026-07-13T17:14:36.913947Z","level":"error","event":"\tat scala.runtime.java8.JFunction0$mcV$sp.apply(JFunction0$mcV$sp.scala:18)","logger":"task.stderr"}
{"timestamp":"2026-07-13T17:14:36.919873Z","level":"error","event":"\tat org.apache.spark.util.Utils$.logUncaughtExceptions(Utils.scala:1941)","logger":"task.stderr"}
{"timestamp":"2026-07-13T17:14:36.923302Z","level":"error","event":"\tat org.apache.spark.Heartbeater$$anon$1.run(Heartbeater.scala:46)","logger":"task.stderr"}
{"timestamp":"2026-07-13T17:14:36.926357Z","level":"error","event":"\tat java.base/java.util.concurrent.Executors$RunnableAdapter.call(Executors.java:539)","logger":"task.stderr"}
{"timestamp":"2026-07-13T17:14:36.928056Z","level":"error","event":"\tat java.base/java.util.concurrent.FutureTask.runAndReset(FutureTask.java:305)","logger":"task.stderr"}
{"timestamp":"2026-07-13T17:14:36.929246Z","level":"error","event":"\tat java.base/java.util.concurrent.ScheduledThreadPoolExecutor$ScheduledFutureTask.run(ScheduledThreadPoolExecutor.java:305)","logger":"task.stderr"}
{"timestamp":"2026-07-13T17:14:36.930329Z","level":"error","event":"\tat java.base/java.util.concurrent.ThreadPoolExecutor.runWorker(ThreadPoolExecutor.java:1136)","logger":"task.stderr"}
{"timestamp":"2026-07-13T17:14:36.931307Z","level":"error","event":"\tat java.base/java.util.concurrent.ThreadPoolExecutor$Worker.run(ThreadPoolExecutor.java:635)","logger":"task.stderr"}
{"timestamp":"2026-07-13T17:14:36.932233Z","level":"error","event":"\tat java.base/java.lang.Thread.run(Thread.java:840)","logger":"task.stderr"}
{"timestamp":"2026-07-13T17:14:36.933161Z","level":"error","event":"Caused by: org.apache.spark.SparkException: Exception thrown in awaitResult:","logger":"task.stderr"}
{"timestamp":"2026-07-13T17:14:36.934038Z","level":"error","event":"\tat org.apache.spark.util.SparkThreadUtils$.awaitResult(SparkThreadUtils.scala:53)","logger":"task.stderr"}
{"timestamp":"2026-07-13T17:14:36.938448Z","level":"error","event":"\tat org.apache.spark.util.ThreadUtils$.awaitResult(ThreadUtils.scala:359)","logger":"task.stderr"}
{"timestamp":"2026-07-13T17:14:36.940258Z","level":"error","event":"\tat org.apache.spark.rpc.RpcTimeout.awaitResult(RpcTimeout.scala:75)","logger":"task.stderr"}
{"timestamp":"2026-07-13T17:14:36.941335Z","level":"error","event":"\tat org.apache.spark.rpc.RpcEnv.setupEndpointRefByURI(RpcEnv.scala:102)","logger":"task.stderr"}
{"timestamp":"2026-07-13T17:14:36.942757Z","level":"error","event":"\tat org.apache.spark.rpc.RpcEnv.setupEndpointRef(RpcEnv.scala:110)","logger":"task.stderr"}
{"timestamp":"2026-07-13T17:14:36.943692Z","level":"error","event":"\tat org.apache.spark.util.RpcUtils$.makeDriverRef(RpcUtils.scala:36)","logger":"task.stderr"}
{"timestamp":"2026-07-13T17:14:36.944591Z","level":"error","event":"\tat org.apache.spark.storage.BlockManagerMasterEndpoint.driverEndpoint$lzycompute(BlockManagerMasterEndpoint.scala:132)","logger":"task.stderr"}
{"timestamp":"2026-07-13T17:14:36.945374Z","level":"error","event":"\tat org.apache.spark.storage.BlockManagerMasterEndpoint.org$apache$spark$storage$BlockManagerMasterEndpoint$$driverEndpoint(BlockManagerMasterEndpoint.scala:131)","logger":"task.stderr"}
{"timestamp":"2026-07-13T17:14:36.950516Z","level":"error","event":"\tat org.apache.spark.storage.BlockManagerMasterEndpoint.isExecutorAlive$lzycompute$1(BlockManagerMasterEndpoint.scala:707)","logger":"task.stderr"}
{"timestamp":"2026-07-13T17:14:36.951906Z","level":"error","event":"\tat org.apache.spark.storage.BlockManagerMasterEndpoint.isExecutorAlive$1(BlockManagerMasterEndpoint.scala:706)","logger":"task.stderr"}
{"timestamp":"2026-07-13T17:14:36.953180Z","level":"error","event":"\tat org.apache.spark.storage.BlockManagerMasterEndpoint.org$apache$spark$storage$BlockManagerMasterEndpoint$$register(BlockManagerMasterEndpoint.scala:746)","logger":"task.stderr"}
{"timestamp":"2026-07-13T17:14:36.954047Z","level":"error","event":"\tat org.apache.spark.storage.BlockManagerMasterEndpoint$$anonfun$receiveAndReply$1.applyOrElse(BlockManagerMasterEndpoint.scala:141)","logger":"task.stderr"}
{"timestamp":"2026-07-13T17:14:36.955972Z","level":"error","event":"\tat org.apache.spark.rpc.netty.Inbox.$anonfun$process$1(Inbox.scala:104)","logger":"task.stderr"}
{"timestamp":"2026-07-13T17:14:36.956873Z","level":"error","event":"\tat org.apache.spark.rpc.netty.Inbox.safelyCall(Inbox.scala:216)","logger":"task.stderr"}
{"timestamp":"2026-07-13T17:14:36.957705Z","level":"error","event":"\tat org.apache.spark.rpc.netty.Inbox.process(Inbox.scala:101)","logger":"task.stderr"}
{"timestamp":"2026-07-13T17:14:36.958514Z","level":"error","event":"\tat org.apache.spark.rpc.netty.MessageLoop.org$apache$spark$rpc$netty$MessageLoop$$receiveLoop(MessageLoop.scala:76)","logger":"task.stderr"}
{"timestamp":"2026-07-13T17:14:36.959719Z","level":"error","event":"\tat org.apache.spark.rpc.netty.MessageLoop$$anon$1.run(MessageLoop.scala:42)","logger":"task.stderr"}
{"timestamp":"2026-07-13T17:14:36.961805Z","level":"error","event":"\t... 3 more","logger":"task.stderr"}
{"timestamp":"2026-07-13T17:14:36.967426Z","level":"error","event":"Caused by: org.apache.spark.rpc.RpcEndpointNotFoundException: Cannot find endpoint: spark://CoarseGrainedScheduler@127.0.0.1:41031","logger":"task.stderr"}
{"timestamp":"2026-07-13T17:14:36.968609Z","level":"error","event":"\tat org.apache.spark.rpc.netty.NettyRpcEnv.$anonfun$asyncSetupEndpointRefByURI$1(NettyRpcEnv.scala:151)","logger":"task.stderr"}
{"timestamp":"2026-07-13T17:14:36.969522Z","level":"error","event":"\tat org.apache.spark.rpc.netty.NettyRpcEnv.$anonfun$asyncSetupEndpointRefByURI$1$adapted(NettyRpcEnv.scala:147)","logger":"task.stderr"}
{"timestamp":"2026-07-13T17:14:36.970437Z","level":"error","event":"\tat scala.concurrent.impl.Promise$Transformation.run(Promise.scala:503)","logger":"task.stderr"}
{"timestamp":"2026-07-13T17:14:36.971529Z","level":"error","event":"\tat org.apache.spark.util.ThreadUtils$$anon$1.execute(ThreadUtils.scala:99)","logger":"task.stderr"}
{"timestamp":"2026-07-13T17:14:36.972415Z","level":"error","event":"\tat scala.concurrent.impl.ExecutionContextImpl.execute(ExecutionContextImpl.scala:21)","logger":"task.stderr"}
{"timestamp":"2026-07-13T17:14:36.973243Z","level":"error","event":"\tat scala.concurrent.impl.Promise$Transformation.submitWithValue(Promise.scala:462)","logger":"task.stderr"}
{"timestamp":"2026-07-13T17:14:36.974048Z","level":"error","event":"\tat scala.concurrent.impl.Promise$DefaultPromise.submitWithValue(Promise.scala:371)","logger":"task.stderr"}
{"timestamp":"2026-07-13T17:14:36.979242Z","level":"error","event":"\tat scala.concurrent.impl.Promise$DefaultPromise.tryComplete0(Promise.scala:295)","logger":"task.stderr"}
{"timestamp":"2026-07-13T17:14:36.980431Z","level":"error","event":"\tat scala.concurrent.impl.Promise$Transformation.run(Promise.scala:537)","logger":"task.stderr"}
{"timestamp":"2026-07-13T17:14:36.981382Z","level":"error","event":"\tat org.apache.spark.util.ThreadUtils$$anon$1.execute(ThreadUtils.scala:99)","logger":"task.stderr"}
{"timestamp":"2026-07-13T17:14:37.002835Z","level":"error","event":"\tat scala.concurrent.impl.ExecutionContextImpl.execute(ExecutionContextImpl.scala:21)","logger":"task.stderr"}
{"timestamp":"2026-07-13T17:14:37.008683Z","level":"error","event":"\tat scala.concurrent.impl.Promise$Transformation.submitWithValue(Promise.scala:462)","logger":"task.stderr"}
{"timestamp":"2026-07-13T17:14:37.014647Z","level":"error","event":"\tat scala.concurrent.impl.Promise$DefaultPromise.submitWithValue(Promise.scala:371)","logger":"task.stderr"}
{"timestamp":"2026-07-13T17:14:37.016242Z","level":"error","event":"\tat scala.concurrent.impl.Promise$DefaultPromise.tryComplete0(Promise.scala:295)","logger":"task.stderr"}
{"timestamp":"2026-07-13T17:14:37.017199Z","level":"error","event":"\tat scala.concurrent.impl.Promise$Transformation.run(Promise.scala:537)","logger":"task.stderr"}
{"timestamp":"2026-07-13T17:14:37.018071Z","level":"error","event":"\tat scala.concurrent.ExecutionContext$parasitic$.execute(ExecutionContext.scala:222)","logger":"task.stderr"}
{"timestamp":"2026-07-13T17:14:37.019520Z","level":"error","event":"\tat scala.concurrent.impl.Promise$Transformation.submitWithValue(Promise.scala:462)","logger":"task.stderr"}
{"timestamp":"2026-07-13T17:14:37.020460Z","level":"error","event":"\tat scala.concurrent.impl.Promise$DefaultPromise.submitWithValue(Promise.scala:368)","logger":"task.stderr"}
{"timestamp":"2026-07-13T17:14:37.029186Z","level":"error","event":"\tat scala.concurrent.impl.Promise$DefaultPromise.tryComplete0(Promise.scala:295)","logger":"task.stderr"}
{"timestamp":"2026-07-13T17:14:37.031055Z","level":"error","event":"\tat scala.concurrent.impl.Promise$DefaultPromise.tryComplete(Promise.scala:288)","logger":"task.stderr"}
{"timestamp":"2026-07-13T17:14:37.032200Z","level":"error","event":"\tat scala.concurrent.Promise.trySuccess(Promise.scala:99)","logger":"task.stderr"}
{"timestamp":"2026-07-13T17:14:37.033378Z","level":"error","event":"\tat scala.concurrent.Promise.trySuccess$(Promise.scala:99)","logger":"task.stderr"}
{"timestamp":"2026-07-13T17:14:37.034364Z","level":"error","event":"\tat scala.concurrent.impl.Promise$DefaultPromise.trySuccess(Promise.scala:104)","logger":"task.stderr"}
{"timestamp":"2026-07-13T17:14:37.035220Z","level":"error","event":"\tat org.apache.spark.rpc.netty.NettyRpcEnv.onSuccess$1(NettyRpcEnv.scala:228)","logger":"task.stderr"}
{"timestamp":"2026-07-13T17:14:37.036109Z","level":"error","event":"\tat org.apache.spark.rpc.netty.NettyRpcEnv.$anonfun$askAbortable$5(NettyRpcEnv.scala:242)","logger":"task.stderr"}
{"timestamp":"2026-07-13T17:14:37.036960Z","level":"error","event":"\tat org.apache.spark.rpc.netty.NettyRpcEnv.$anonfun$askAbortable$5$adapted(NettyRpcEnv.scala:241)","logger":"task.stderr"}
{"timestamp":"2026-07-13T17:14:37.037748Z","level":"error","event":"\tat scala.concurrent.impl.Promise$Transformation.run(Promise.scala:517)","logger":"task.stderr"}
{"timestamp":"2026-07-13T17:14:37.038569Z","level":"error","event":"\tat org.apache.spark.util.ThreadUtils$$anon$1.execute(ThreadUtils.scala:99)","logger":"task.stderr"}
{"timestamp":"2026-07-13T17:14:37.039355Z","level":"error","event":"\tat scala.concurrent.impl.ExecutionContextImpl.execute(ExecutionContextImpl.scala:21)","logger":"task.stderr"}
{"timestamp":"2026-07-13T17:14:37.040193Z","level":"error","event":"\tat scala.concurrent.impl.Promise$Transformation.submitWithValue(Promise.scala:462)","logger":"task.stderr"}
{"timestamp":"2026-07-13T17:14:37.041063Z","level":"error","event":"\tat scala.concurrent.impl.Promise$DefaultPromise.submitWithValue(Promise.scala:371)","logger":"task.stderr"}
{"timestamp":"2026-07-13T17:14:37.041919Z","level":"error","event":"\tat scala.concurrent.impl.Promise$DefaultPromise.tryComplete0(Promise.scala:295)","logger":"task.stderr"}
{"timestamp":"2026-07-13T17:14:37.042827Z","level":"error","event":"\tat scala.concurrent.impl.Promise$DefaultPromise.tryComplete(Promise.scala:288)","logger":"task.stderr"}
{"timestamp":"2026-07-13T17:14:37.043895Z","level":"error","event":"\tat scala.concurrent.Promise.complete(Promise.scala:57)","logger":"task.stderr"}
{"timestamp":"2026-07-13T17:14:37.044758Z","level":"error","event":"\tat scala.concurrent.Promise.complete$(Promise.scala:56)","logger":"task.stderr"}
{"timestamp":"2026-07-13T17:14:37.045598Z","level":"error","event":"\tat scala.concurrent.impl.Promise$DefaultPromise.complete(Promise.scala:104)","logger":"task.stderr"}
{"timestamp":"2026-07-13T17:14:37.046590Z","level":"error","event":"\tat scala.concurrent.Promise.success(Promise.scala:91)","logger":"task.stderr"}
{"timestamp":"2026-07-13T17:14:37.049724Z","level":"error","event":"\tat scala.concurrent.Promise.success$(Promise.scala:91)","logger":"task.stderr"}
{"timestamp":"2026-07-13T17:14:37.051086Z","level":"error","event":"\tat scala.concurrent.impl.Promise$DefaultPromise.success(Promise.scala:104)","logger":"task.stderr"}
{"timestamp":"2026-07-13T17:14:37.052088Z","level":"error","event":"\tat org.apache.spark.rpc.netty.LocalNettyRpcCallContext.send(NettyRpcCallContext.scala:50)","logger":"task.stderr"}
{"timestamp":"2026-07-13T17:14:37.052970Z","level":"error","event":"\tat org.apache.spark.rpc.netty.NettyRpcCallContext.reply(NettyRpcCallContext.scala:32)","logger":"task.stderr"}
{"timestamp":"2026-07-13T17:14:37.053987Z","level":"error","event":"\tat org.apache.spark.rpc.netty.RpcEndpointVerifier$$anonfun$receiveAndReply$1.applyOrElse(RpcEndpointVerifier.scala:31)","logger":"task.stderr"}
{"timestamp":"2026-07-13T17:14:37.059960Z","level":"error","event":"\t... 8 more","logger":"task.stderr"}
{"timestamp":"2026-07-13T17:15:45.874300Z","level":"error","event":"Task failed with exception","map_index":2,"task_id":"carregar","run_id":"scheduled__2026-07-13T03:00:00+00:00","ti_id":"019f5c78-65d9-700b-90ed-e22bea59a554","try_number":1,"dag_id":"conab_ingestion","logger":"task","filename":"task_runner.py","lineno":1673,"error_detail":[{"exc_type":"Py4JJavaError","exc_value":"An error occurred while calling o93.createOrReplace.\n: org.apache.iceberg.exceptions.ServiceFailureException: Server error: DatabaseError: Error inserting table schema\n\tat org.apache.iceberg.rest.ErrorHandlers$DefaultErrorHandler.accept(ErrorHandlers.java:243)\n\tat org.apache.iceberg.rest.ErrorHandlers$TableErrorHandler.accept(ErrorHandlers.java:124)\n\tat org.apache.iceberg.rest.ErrorHandlers$TableErrorHandler.accept(ErrorHandlers.java:108)\n\tat org.apache.iceberg.rest.HTTPClient.throwFailure(HTTPClient.java:240)\n\tat org.apache.iceberg.rest.HTTPClient.execute(HTTPClient.java:336)\n\tat org.apache.iceberg.rest.HTTPClient.execute(HTTPClient.java:297)\n\tat org.apache.iceberg.rest.BaseHTTPClient.post(BaseHTTPClient.java:100)\n\tat org.apache.iceberg.rest.RESTSessionCatalog$Builder.stageCreate(RESTSessionCatalog.java:923)\n\tat org.apache.iceberg.rest.RESTSessionCatalog$Builder.createTransaction(RESTSessionCatalog.java:801)\n\tat org.apache.iceberg.rest.RESTSessionCatalog$Builder.createOrReplaceTransaction(RESTSessionCatalog.java:901)\n\tat org.apache.iceberg.CachingCatalog$CachingTableBuilder.createOrReplaceTransaction(CachingCatalog.java:302)\n\tat org.apache.iceberg.spark.SparkCatalog.stageCreateOrReplace(SparkCatalog.java:304)\n\tat org.apache.spark.sql.connector.catalog.StagingTableCatalog.stageCreateOrReplace(StagingTableCatalog.java:205)\n\tat org.apache.spark.sql.connector.catalog.StagingTableCatalog.stageCreateOrReplace(StagingTableCatalog.java:235)\n\tat org.apache.spark.sql.execution.datasources.v2.AtomicReplaceTableAsSelectExec.run(WriteToDataSourceV2Exec.scala:237)\n\tat org.apache.spark.sql.execution.datasources.v2.V2CommandExec.result$lzycompute(V2CommandExec.scala:43)\n\tat org.apache.spark.sql.execution.datasources.v2.V2CommandExec.result(V2CommandExec.scala:43)\n\tat org.apache.spark.sql.execution.datasources.v2.V2CommandExec.executeCollect(V2CommandExec.scala:49)\n\tat org.apache.spark.sql.execution.QueryExecution.$anonfun$eagerlyExecuteCommands$2(QueryExecution.scala:185)\n\tat org.apache.spark.sql.execution.SQLExecution$.$anonfun$withNewExecutionId0$8(SQLExecution.scala:177)\n\tat org.apache.spark.sql.execution.SQLExecution$.withSessionTagsApplied(SQLExecution.scala:285)\n\tat org.apache.spark.sql.execution.SQLExecution$.$anonfun$withNewExecutionId0$7(SQLExecution.scala:139)\n\tat org.apache.spark.JobArtifactSet$.withActiveJobArtifactState(JobArtifactSet.scala:94)\n\tat org.apache.spark.sql.artifact.ArtifactManager.$anonfun$withResources$1(ArtifactManager.scala:112)\n\tat org.apache.spark.sql.artifact.ArtifactManager.withClassLoaderIfNeeded(ArtifactManager.scala:106)\n\tat org.apache.spark.sql.artifact.ArtifactManager.withResources(ArtifactManager.scala:111)\n\tat org.apache.spark.sql.execution.SQLExecution$.$anonfun$withNewExecutionId0$6(SQLExecution.scala:139)\n\tat org.apache.spark.sql.execution.SQLExecution$.withSQLConfPropagated(SQLExecution.scala:308)\n\tat org.apache.spark.sql.execution.SQLExecution$.$anonfun$withNewExecutionId0$1(SQLExecution.scala:138)\n\tat org.apache.spark.sql.SparkSession.withActive(SparkSession.scala:804)\n\tat org.apache.spark.sql.execution.SQLExecution$.withNewExecutionId0(SQLExecution.scala:92)\n\tat org.apache.spark.sql.execution.SQLExecution$.withNewExecutionId(SQLExecution.scala:250)\n\tat org.apache.spark.sql.execution.QueryExecution.$anonfun$eagerlyExecuteCommands$1(QueryExecution.scala:185)\n\tat org.apache.spark.sql.execution.QueryExecution$.withInternalError(QueryExecution.scala:717)\n\tat org.apache.spark.sql.execution.QueryExecution.org$apache$spark$sql$execution$QueryExecution$$eagerlyExecute$1(QueryExecution.scala:184)\n\tat org.apache.spark.sql.execution.QueryExecution$$anonfun$eagerlyExecuteCommands$3.applyOrElse(QueryExecution.scala:201)\n\tat org.apache.spark.sql.execution.QueryExecution$$anonfun$eagerlyExecuteCommands$3.applyOrElse(QueryExecution.scala:194)\n\tat org.apache.spark.sql.catalyst.trees.TreeNode.$anonfun$transformDownWithPruning$1(TreeNode.scala:491)\n\tat org.apache.spark.sql.catalyst.trees.CurrentOrigin$.withOrigin(origin.scala:107)\n\tat org.apache.spark.sql.catalyst.trees.TreeNode.transformDownWithPruning(TreeNode.scala:491)\n\tat org.apache.spark.sql.catalyst.plans.logical.LogicalPlan.org$apache$spark$sql$catalyst$plans$logical$AnalysisHelper$$super$transformDownWithPruning(LogicalPlan.scala:37)\n\tat org.apache.spark.sql.catalyst.plans.logical.AnalysisHelper.transformDownWithPruning(AnalysisHelper.scala:360)\n\tat org.apache.spark.sql.catalyst.plans.logical.AnalysisHelper.transformDownWithPruning$(AnalysisHelper.scala:356)\n\tat org.apache.spark.sql.catalyst.plans.logical.LogicalPlan.transformDownWithPruning(LogicalPlan.scala:37)\n\tat org.apache.spark.sql.catalyst.plans.logical.LogicalPlan.transformDownWithPruning(LogicalPlan.scala:37)\n\tat org.apache.spark.sql.catalyst.trees.TreeNode.transformDown(TreeNode.scala:467)\n\tat org.apache.spark.sql.execution.QueryExecution.eagerlyExecuteCommands(QueryExecution.scala:194)\n\tat org.apache.spark.sql.execution.QueryExecution.$anonfun$lazyCommandExecuted$1(QueryExecution.scala:155)\n\tat scala.util.Try$.apply(Try.scala:217)\n\tat org.apache.spark.util.Utils$.doTryWithCallerStacktrace(Utils.scala:1392)\n\tat org.apache.spark.util.Utils$.getTryWithCallerStacktrace(Utils.scala:1453)\n\tat org.apache.spark.util.LazyTry.get(LazyTry.scala:58)\n\tat org.apache.spark.sql.execution.QueryExecution.commandExecuted(QueryExecution.scala:160)\n\tat org.apache.spark.sql.execution.QueryExecution.assertCommandExecuted(QueryExecution.scala:239)\n\tat org.apache.spark.sql.classic.DataFrameWriterV2.runCommand(DataFrameWriterV2.scala:233)\n\tat org.apache.spark.sql.classic.DataFrameWriterV2.internalReplace(DataFrameWriterV2.scala:237)\n\tat org.apache.spark.sql.classic.DataFrameWriterV2.createOrReplace(DataFrameWriterV2.scala:186)\n\tat java.base/jdk.internal.reflect.NativeMethodAccessorImpl.invoke0(Native Method)\n\tat java.base/jdk.internal.reflect.NativeMethodAccessorImpl.invoke(NativeMethodAccessorImpl.java:77)\n\tat java.base/jdk.internal.reflect.DelegatingMethodAccessorImpl.invoke(DelegatingMethodAccessorImpl.java:43)\n\tat java.base/java.lang.reflect.Method.invoke(Method.java:569)\n\tat py4j.reflection.MethodInvoker.invoke(MethodInvoker.java:244)\n\tat py4j.reflection.ReflectionEngine.invoke(ReflectionEngine.java:374)\n\tat py4j.Gateway.invoke(Gateway.java:282)\n\tat py4j.commands.AbstractCommand.invokeMethod(AbstractCommand.java:132)\n\tat py4j.commands.CallCommand.execute(CallCommand.java:79)\n\tat py4j.ClientServerConnection.waitForCommands(ClientServerConnection.java:184)\n\tat py4j.ClientServerConnection.run(ClientServerConnection.java:108)\n\tat java.base/java.lang.Thread.run(Thread.java:840)\n\tSuppressed: org.apache.spark.util.Utils$OriginalTryStackTraceException: Full stacktrace of original doTryWithCallerStacktrace caller\n\t\tat org.apache.iceberg.rest.ErrorHandlers$DefaultErrorHandler.accept(ErrorHandlers.java:243)\n\t\tat org.apache.iceberg.rest.ErrorHandlers$TableErrorHandler.accept(ErrorHandlers.java:124)\n\t\tat org.apache.iceberg.rest.ErrorHandlers$TableErrorHandler.accept(ErrorHandlers.java:108)\n\t\tat org.apache.iceberg.rest.HTTPClient.throwFailure(HTTPClient.java:240)\n\t\tat org.apache.iceberg.rest.HTTPClient.execute(HTTPClient.java:336)\n\t\tat org.apache.iceberg.rest.HTTPClient.execute(HTTPClient.java:297)\n\t\tat org.apache.iceberg.rest.BaseHTTPClient.post(BaseHTTPClient.java:100)\n\t\tat org.apache.iceberg.rest.RESTSessionCatalog$Builder.stageCreate(RESTSessionCatalog.java:923)\n\t\tat org.apache.iceberg.rest.RESTSessionCatalog$Builder.createTransaction(RESTSessionCatalog.java:801)\n\t\tat org.apache.iceberg.rest.RESTSessionCatalog$Builder.createOrReplaceTransaction(RESTSessionCatalog.java:901)\n\t\tat org.apache.iceberg.CachingCatalog$CachingTableBuilder.createOrReplaceTransaction(CachingCatalog.java:302)\n\t\tat org.apache.iceberg.spark.SparkCatalog.stageCreateOrReplace(SparkCatalog.java:304)\n\t\tat org.apache.spark.sql.connector.catalog.StagingTableCatalog.stageCreateOrReplace(StagingTableCatalog.java:205)\n\t\tat org.apache.spark.sql.connector.catalog.StagingTableCatalog.stageCreateOrReplace(StagingTableCatalog.java:235)\n\t\tat org.apache.spark.sql.execution.datasources.v2.AtomicReplaceTableAsSelectExec.run(WriteToDataSourceV2Exec.scala:237)\n\t\tat org.apache.spark.sql.execution.datasources.v2.V2CommandExec.result$lzycompute(V2CommandExec.scala:43)\n\t\tat org.apache.spark.sql.execution.datasources.v2.V2CommandExec.result(V2CommandExec.scala:43)\n\t\tat org.apache.spark.sql.execution.datasources.v2.V2CommandExec.executeCollect(V2CommandExec.scala:49)\n\t\tat org.apache.spark.sql.execution.QueryExecution.$anonfun$eagerlyExecuteCommands$2(QueryExecution.scala:185)\n\t\tat org.apache.spark.sql.execution.SQLExecution$.$anonfun$withNewExecutionId0$8(SQLExecution.scala:177)\n\t\tat org.apache.spark.sql.execution.SQLExecution$.withSessionTagsApplied(SQLExecution.scala:285)\n\t\tat org.apache.spark.sql.execution.SQLExecution$.$anonfun$withNewExecutionId0$7(SQLExecution.scala:139)\n\t\tat org.apache.spark.JobArtifactSet$.withActiveJobArtifactState(JobArtifactSet.scala:94)\n\t\tat org.apache.spark.sql.artifact.ArtifactManager.$anonfun$withResources$1(ArtifactManager.scala:112)\n\t\tat org.apache.spark.sql.artifact.ArtifactManager.withClassLoaderIfNeeded(ArtifactManager.scala:106)\n\t\tat org.apache.spark.sql.artifact.ArtifactManager.withResources(ArtifactManager.scala:111)\n\t\tat org.apache.spark.sql.execution.SQLExecution$.$anonfun$withNewExecutionId0$6(SQLExecution.scala:139)\n\t\tat org.apache.spark.sql.execution.SQLExecution$.withSQLConfPropagated(SQLExecution.scala:308)\n\t\tat org.apache.spark.sql.execution.SQLExecution$.$anonfun$withNewExecutionId0$1(SQLExecution.scala:138)\n\t\tat org.apache.spark.sql.SparkSession.withActive(SparkSession.scala:804)\n\t\tat org.apache.spark.sql.execution.SQLExecution$.withNewExecutionId0(SQLExecution.scala:92)\n\t\tat org.apache.spark.sql.execution.SQLExecution$.withNewExecutionId(SQLExecution.scala:250)\n\t\tat org.apache.spark.sql.execution.QueryExecution.$anonfun$eagerlyExecuteCommands$1(QueryExecution.scala:185)\n\t\tat org.apache.spark.sql.execution.QueryExecution$.withInternalError(QueryExecution.scala:717)\n\t\tat org.apache.spark.sql.execution.QueryExecution.org$apache$spark$sql$execution$QueryExecution$$eagerlyExecute$1(QueryExecution.scala:184)\n\t\tat org.apache.spark.sql.execution.QueryExecution$$anonfun$eagerlyExecuteCommands$3.applyOrElse(QueryExecution.scala:201)\n\t\tat org.apache.spark.sql.execution.QueryExecution$$anonfun$eagerlyExecuteCommands$3.applyOrElse(QueryExecution.scala:194)\n\t\tat org.apache.spark.sql.catalyst.trees.TreeNode.$anonfun$transformDownWithPruning$1(TreeNode.scala:491)\n\t\tat org.apache.spark.sql.catalyst.trees.CurrentOrigin$.withOrigin(origin.scala:107)\n\t\tat org.apache.spark.sql.catalyst.trees.TreeNode.transformDownWithPruning(TreeNode.scala:491)\n\t\tat org.apache.spark.sql.catalyst.plans.logical.LogicalPlan.org$apache$spark$sql$catalyst$plans$logical$AnalysisHelper$$super$transformDownWithPruning(LogicalPlan.scala:37)\n\t\tat org.apache.spark.sql.catalyst.plans.logical.AnalysisHelper.transformDownWithPruning(AnalysisHelper.scala:360)\n\t\tat org.apache.spark.sql.catalyst.plans.logical.AnalysisHelper.transformDownWithPruning$(AnalysisHelper.scala:356)\n\t\tat org.apache.spark.sql.catalyst.plans.logical.LogicalPlan.transformDownWithPruning(LogicalPlan.scala:37)\n\t\tat org.apache.spark.sql.catalyst.plans.logical.LogicalPlan.transformDownWithPruning(LogicalPlan.scala:37)\n\t\tat org.apache.spark.sql.catalyst.trees.TreeNode.transformDown(TreeNode.scala:467)\n\t\tat org.apache.spark.sql.execution.QueryExecution.eagerlyExecuteCommands(QueryExecution.scala:194)\n\t\tat org.apache.spark.sql.execution.QueryExecution.$anonfun$lazyCommandExecuted$1(QueryExecution.scala:155)\n\t\tat scala.util.Try$.apply(Try.scala:217)\n\t\tat org.apache.spark.util.Utils$.doTryWithCallerStacktrace(Utils.scala:1392)\n\t\tat org.apache.spark.util.LazyTry.tryT$lzycompute(LazyTry.scala:46)\n\t\tat org.apache.spark.util.LazyTry.tryT(LazyTry.scala:46)\n\t\t... 18 more\n","exc_notes":[],"syntax_error":null,"is_cause":false,"frames":[{"filename":"/home/airflow/.local/lib/python3.12/site-packages/airflow/sdk/execution_time/task_runner.py","lineno":1576,"name":"run"},{"filename":"/home/airflow/.local/lib/python3.12/site-packages/airflow/sdk/execution_time/task_runner.py","lineno":189,"name":"wrapper"},{"filename":"/home/airflow/.local/lib/python3.12/site-packages/airflow/sdk/execution_time/task_runner.py","lineno":2125,"name":"_execute_task"},{"filename":"/home/airflow/.local/lib/python3.12/site-packages/airflow/sdk/bases/operator.py","lineno":445,"name":"wrapper"},{"filename":"/home/airflow/.local/lib/python3.12/site-packages/airflow/sdk/bases/decorator.py","lineno":398,"name":"execute"},{"filename":"/home/airflow/.local/lib/python3.12/site-packages/airflow/sdk/bases/operator.py","lineno":445,"name":"wrapper"},{"filename":"/home/airflow/.local/lib/python3.12/site-packages/airflow/providers/standard/operators/python.py","lineno":231,"name":"execute"},{"filename":"/home/airflow/.local/lib/python3.12/site-packages/airflow/providers/standard/operators/python.py","lineno":254,"name":"execute_callable"},{"filename":"/home/airflow/.local/lib/python3.12/site-packages/airflow/sdk/execution_time/callback_runner.py","lineno":97,"name":"run"},{"filename":"/opt/airflow/dags/conab_ingestion.py","lineno":49,"name":"carregar"},{"filename":"/opt/airflow/dags/spark/ingest.py","lineno":218,"name":"ingest"},{"filename":"/home/airflow/.local/lib/python3.12/site-packages/pyspark/sql/readwriter.py","lineno":2481,"name":"createOrReplace"},{"filename":"/home/airflow/.local/lib/python3.12/site-packages/py4j/java_gateway.py","lineno":1362,"name":"__call__"},{"filename":"/home/airflow/.local/lib/python3.12/site-packages/pyspark/errors/exceptions/captured.py","lineno":263,"name":"deco"},{"filename":"/home/airflow/.local/lib/python3.12/site-packages/py4j/protocol.py","lineno":327,"name":"get_return_value"}],"is_group":false,"exceptions":[]}]}
{"timestamp":"2026-07-13T17:15:45.917697Z","level":"info","event":"::group::Post Execute","map_index":2,"task_id":"carregar","run_id":"scheduled__2026-07-13T03:00:00+00:00","ti_id":"019f5c78-65d9-700b-90ed-e22bea59a554","try_number":1,"dag_id":"conab_ingestion","logger":"task","filename":"task_runner.py","lineno":1674}
{"timestamp":"2026-07-13T17:15:46.049200Z","level":"info","event":"::endgroup::","map_index":2,"task_id":"carregar","run_id":"scheduled__2026-07-13T03:00:00+00:00","ti_id":"019f5c78-65d9-700b-90ed-e22bea59a554","try_number":1,"dag_id":"conab_ingestion","logger":"task","filename":"task_runner.py","lineno":2270}
{"timestamp":"2026-07-13T22:52:07.706775Z","level":"info","event":"::group::Pre Execute","logger":"task","filename":"task_runner.py","lineno":2303}
{"timestamp":"2026-07-13T22:52:08.067108Z","level":"info","event":"DAG bundles loaded: dags-folder","ti_id":"019f5dae-3ad5-796d-8589-6450075df2c6","dag_id":"conab_ingestion","task_id":"carregar","run_id":"scheduled__2026-07-13T03:00:00+00:00","map_index":2,"try_number":1,"logger":"airflow.dag_processing.bundles.manager.DagBundlesManager","filename":"manager.py","lineno":271}
{"timestamp":"2026-07-13T22:52:08.080847Z","level":"info","event":"Filling up the DagBag from /opt/airflow/dags/conab_ingestion.py","ti_id":"019f5dae-3ad5-796d-8589-6450075df2c6","dag_id":"conab_ingestion","task_id":"carregar","run_id":"scheduled__2026-07-13T03:00:00+00:00","map_index":2,"try_number":1,"logger":"airflow.dag_processing.dagbag.BundleDagBag","filename":"dagbag.py","lineno":460}
{"timestamp":"2026-07-13T22:52:09.872292Z","level":"warning","event":"The `airflow.decorators.dag` attribute is deprecated. Please use `'airflow.sdk.dag'`.","category":"UserWarning","filename":"/opt/airflow/dags/conab_ingestion.py","lineno":17,"ti_id":"019f5dae-3ad5-796d-8589-6450075df2c6","dag_id":"conab_ingestion","task_id":"carregar","run_id":"scheduled__2026-07-13T03:00:00+00:00","map_index":2,"try_number":1,"logger":"py.warnings"}
{"timestamp":"2026-07-13T22:52:09.873160Z","level":"warning","event":"The `airflow.decorators.task` attribute is deprecated. Please use `'airflow.sdk.task'`.","category":"UserWarning","filename":"/opt/airflow/dags/conab_ingestion.py","lineno":17,"ti_id":"019f5dae-3ad5-796d-8589-6450075df2c6","dag_id":"conab_ingestion","task_id":"carregar","run_id":"scheduled__2026-07-13T03:00:00+00:00","map_index":2,"try_number":1,"logger":"py.warnings"}
{"timestamp":"2026-07-13T22:52:09.877911Z","level":"info","event":"Worker startup parse complete","bundle_name":"dags-folder","bundle_version":null,"dag_file":"conab_ingestion.py","dag_id":"conab_ingestion","bundle_prepare_ms":11,"dag_file_parse_ms":1804,"ti_id":"019f5dae-3ad5-796d-8589-6450075df2c6","task_id":"carregar","run_id":"scheduled__2026-07-13T03:00:00+00:00","map_index":2,"try_number":1,"logger":"task","filename":"task_runner.py","lineno":1062}
{"timestamp":"2026-07-13T22:52:13.847405Z","level":"info","event":"::endgroup::","ti_id":"019f5dae-3ad5-796d-8589-6450075df2c6","dag_id":"conab_ingestion","task_id":"carregar","run_id":"scheduled__2026-07-13T03:00:00+00:00","map_index":2,"try_number":1,"logger":"task","filename":"task_runner.py","lineno":2107}
{"timestamp":"2026-07-13T22:52:13.874589Z","level":"info","event":"Carregado .env de: /opt/airflow/dags/spark/.env","logger":"spark.ingest","ti_id":"019f5dae-3ad5-796d-8589-6450075df2c6","dag_id":"conab_ingestion","task_id":"carregar","run_id":"scheduled__2026-07-13T03:00:00+00:00","map_index":2,"try_number":1,"filename":"ingest.py","lineno":54}
{"timestamp":"2026-07-13T22:52:13.874972Z","level":"info","event":"Catálogo configurado — URI=https://catalog.cloudflarestorage.com/515e2015338845cbadff913ac19d97a0/agrodata | warehouse=515e2015338845cbadff913ac19d97a0_agrodata | token=cfat_GNL…2c11","logger":"spark.ingest","ti_id":"019f5dae-3ad5-796d-8589-6450075df2c6","dag_id":"conab_ingestion","task_id":"carregar","run_id":"scheduled__2026-07-13T03:00:00+00:00","map_index":2,"try_number":1,"filename":"ingest.py","lineno":75}
{"timestamp":"2026-07-13T22:52:15.286097Z","level":"error","event":"WARNING: Using incubator modules: jdk.incubator.vector","logger":"task.stderr"}
{"timestamp":"2026-07-13T22:52:40.821650Z","level":"error","event":"26/07/13 22:52:40 WARN NativeCodeLoader: Unable to load native-hadoop library for your platform... using builtin-java classes where applicable","logger":"task.stderr"}
{"timestamp":"2026-07-13T22:52:42.053662Z","level":"error","event":"Using Spark's default log4j profile: org/apache/spark/log4j2-defaults.properties","logger":"task.stderr"}
{"timestamp":"2026-07-13T22:52:42.065962Z","level":"error","event":"Setting default log level to \"WARN\".","logger":"task.stderr"}
{"timestamp":"2026-07-13T22:52:42.072573Z","level":"error","event":"To adjust logging level use sc.setLogLevel(newLevel). For SparkR, use setLogLevel(newLevel).","logger":"task.stderr"}
{"timestamp":"2026-07-13T22:52:59.870022Z","level":"error","event":"Server indicated the task shouldn't be running anymore. Terminating process","detail":{"reason":"not_found","message":"Task Instance not found"},"logger":"task"}
{"timestamp":"2026-07-13T22:53:06.046235Z","level":"error","event":"Task killed!","logger":"task"}
{"timestamp":"2026-07-13T22:56:55.201176Z","level":"info","event":"::group::Pre Execute","logger":"task","filename":"task_runner.py","lineno":2303}
{"timestamp":"2026-07-13T22:56:55.512930Z","level":"info","event":"DAG bundles loaded: dags-folder","try_number":1,"run_id":"scheduled__2026-07-13T03:00:00+00:00","ti_id":"019f5db2-9dc6-7cc0-882e-36f8b55d760a","dag_id":"conab_ingestion","task_id":"carregar","map_index":2,"logger":"airflow.dag_processing.bundles.manager.DagBundlesManager","filename":"manager.py","lineno":271}
{"timestamp":"2026-07-13T22:56:55.515590Z","level":"info","event":"Filling up the DagBag from /opt/airflow/dags/conab_ingestion.py","try_number":1,"run_id":"scheduled__2026-07-13T03:00:00+00:00","ti_id":"019f5db2-9dc6-7cc0-882e-36f8b55d760a","dag_id":"conab_ingestion","task_id":"carregar","map_index":2,"logger":"airflow.dag_processing.dagbag.BundleDagBag","filename":"dagbag.py","lineno":460}
{"timestamp":"2026-07-13T22:56:57.657210Z","level":"warning","event":"The `airflow.decorators.dag` attribute is deprecated. Please use `'airflow.sdk.dag'`.","category":"UserWarning","filename":"/opt/airflow/dags/conab_ingestion.py","lineno":17,"try_number":1,"run_id":"scheduled__2026-07-13T03:00:00+00:00","ti_id":"019f5db2-9dc6-7cc0-882e-36f8b55d760a","dag_id":"conab_ingestion","task_id":"carregar","map_index":2,"logger":"py.warnings"}
{"timestamp":"2026-07-13T22:56:57.659389Z","level":"warning","event":"The `airflow.decorators.task` attribute is deprecated. Please use `'airflow.sdk.task'`.","category":"UserWarning","filename":"/opt/airflow/dags/conab_ingestion.py","lineno":17,"try_number":1,"run_id":"scheduled__2026-07-13T03:00:00+00:00","ti_id":"019f5db2-9dc6-7cc0-882e-36f8b55d760a","dag_id":"conab_ingestion","task_id":"carregar","map_index":2,"logger":"py.warnings"}
{"timestamp":"2026-07-13T22:56:57.720640Z","level":"info","event":"Worker startup parse complete","bundle_name":"dags-folder","bundle_version":null,"dag_file":"conab_ingestion.py","dag_id":"conab_ingestion","bundle_prepare_ms":3,"dag_file_parse_ms":2203,"try_number":1,"run_id":"scheduled__2026-07-13T03:00:00+00:00","ti_id":"019f5db2-9dc6-7cc0-882e-36f8b55d760a","task_id":"carregar","map_index":2,"logger":"task","filename":"task_runner.py","lineno":1062}
{"timestamp":"2026-07-13T22:57:01.258815Z","level":"info","event":"::endgroup::","try_number":1,"run_id":"scheduled__2026-07-13T03:00:00+00:00","ti_id":"019f5db2-9dc6-7cc0-882e-36f8b55d760a","dag_id":"conab_ingestion","task_id":"carregar","map_index":2,"logger":"task","filename":"task_runner.py","lineno":2107}
{"timestamp":"2026-07-13T22:57:01.288725Z","level":"info","event":"Carregado .env de: /opt/airflow/dags/spark/.env","logger":"spark.ingest","try_number":1,"run_id":"scheduled__2026-07-13T03:00:00+00:00","ti_id":"019f5db2-9dc6-7cc0-882e-36f8b55d760a","dag_id":"conab_ingestion","task_id":"carregar","map_index":2,"filename":"ingest.py","lineno":54}
{"timestamp":"2026-07-13T22:57:01.290365Z","level":"info","event":"Catálogo configurado — URI=https://catalog.cloudflarestorage.com/515e2015338845cbadff913ac19d97a0/agrodata | warehouse=515e2015338845cbadff913ac19d97a0_agrodata | token=cfat_GNL…2c11","logger":"spark.ingest","try_number":1,"run_id":"scheduled__2026-07-13T03:00:00+00:00","ti_id":"019f5db2-9dc6-7cc0-882e-36f8b55d760a","dag_id":"conab_ingestion","task_id":"carregar","map_index":2,"filename":"ingest.py","lineno":75}
{"timestamp":"2026-07-13T22:57:02.982773Z","level":"error","event":"WARNING: Using incubator modules: jdk.incubator.vector","logger":"task.stderr"}
{"timestamp":"2026-07-13T22:57:22.645739Z","level":"error","event":"26/07/13 22:57:22 WARN NativeCodeLoader: Unable to load native-hadoop library for your platform... using builtin-java classes where applicable","logger":"task.stderr"}
{"timestamp":"2026-07-13T22:57:23.625444Z","level":"error","event":"Using Spark's default log4j profile: org/apache/spark/log4j2-defaults.properties","logger":"task.stderr"}
{"timestamp":"2026-07-13T22:57:23.650272Z","level":"error","event":"Setting default log level to \"WARN\".","logger":"task.stderr"}
{"timestamp":"2026-07-13T22:57:23.654924Z","level":"error","event":"To adjust logging level use sc.setLogLevel(newLevel). For SparkR, use setLogLevel(newLevel).","logger":"task.stderr"}
{"timestamp":"2026-07-13T22:57:56.624269Z","level":"error","event":"26/07/13 22:57:56 ERROR Inbox: Ignoring error","logger":"task.stderr"}
{"timestamp":"2026-07-13T22:57:56.631240Z","level":"error","event":"java.lang.NullPointerException: Cannot invoke \"org.apache.spark.storage.BlockManagerId.executorId()\" because \"idWithoutTopologyInfo\" is null","logger":"task.stderr"}
{"timestamp":"2026-07-13T22:57:56.632246Z","level":"error","event":"\tat org.apache.spark.storage.BlockManagerMasterEndpoint.org$apache$spark$storage$BlockManagerMasterEndpoint$$register(BlockManagerMasterEndpoint.scala:696)","logger":"task.stderr"}
{"timestamp":"2026-07-13T22:57:56.641275Z","level":"error","event":"\tat org.apache.spark.storage.BlockManagerMasterEndpoint$$anonfun$receiveAndReply$1.applyOrElse(BlockManagerMasterEndpoint.scala:141)","logger":"task.stderr"}
{"timestamp":"2026-07-13T22:57:56.647186Z","level":"error","event":"\tat org.apache.spark.rpc.netty.Inbox.$anonfun$process$1(Inbox.scala:104)","logger":"task.stderr"}
{"timestamp":"2026-07-13T22:57:56.659989Z","level":"error","event":"\tat org.apache.spark.rpc.netty.Inbox.safelyCall(Inbox.scala:216)","logger":"task.stderr"}
{"timestamp":"2026-07-13T22:57:56.662038Z","level":"error","event":"\tat org.apache.spark.rpc.netty.Inbox.process(Inbox.scala:101)","logger":"task.stderr"}
{"timestamp":"2026-07-13T22:57:56.663006Z","level":"error","event":"\tat org.apache.spark.rpc.netty.MessageLoop.org$apache$spark$rpc$netty$MessageLoop$$receiveLoop(MessageLoop.scala:76)","logger":"task.stderr"}
{"timestamp":"2026-07-13T22:57:56.664234Z","level":"error","event":"\tat org.apache.spark.rpc.netty.MessageLoop$$anon$1.run(MessageLoop.scala:42)","logger":"task.stderr"}
{"timestamp":"2026-07-13T22:57:56.667383Z","level":"error","event":"\tat java.base/java.util.concurrent.ThreadPoolExecutor.runWorker(ThreadPoolExecutor.java:1136)","logger":"task.stderr"}
{"timestamp":"2026-07-13T22:57:56.675944Z","level":"error","event":"\tat java.base/java.util.concurrent.ThreadPoolExecutor$Worker.run(ThreadPoolExecutor.java:635)","logger":"task.stderr"}
{"timestamp":"2026-07-13T22:57:56.677043Z","level":"error","event":"\tat java.base/java.lang.Thread.run(Thread.java:840)","logger":"task.stderr"}
{"timestamp":"2026-07-13T22:57:56.678256Z","level":"error","event":"26/07/13 22:57:56 WARN Executor: Issue communicating with driver in heartbeater","logger":"task.stderr"}
{"timestamp":"2026-07-13T22:57:56.679058Z","level":"error","event":"org.apache.spark.SparkException: Exception thrown in awaitResult:","logger":"task.stderr"}
{"timestamp":"2026-07-13T22:57:56.679960Z","level":"error","event":"\tat org.apache.spark.util.SparkThreadUtils$.awaitResult(SparkThreadUtils.scala:53)","logger":"task.stderr"}
{"timestamp":"2026-07-13T22:57:56.680777Z","level":"error","event":"\tat org.apache.spark.util.ThreadUtils$.awaitResult(ThreadUtils.scala:359)","logger":"task.stderr"}
{"timestamp":"2026-07-13T22:57:56.681610Z","level":"error","event":"\tat org.apache.spark.rpc.RpcTimeout.awaitResult(RpcTimeout.scala:75)","logger":"task.stderr"}
{"timestamp":"2026-07-13T22:57:56.687022Z","level":"error","event":"\tat org.apache.spark.rpc.RpcEndpointRef.askSync(RpcEndpointRef.scala:101)","logger":"task.stderr"}
{"timestamp":"2026-07-13T22:57:56.691361Z","level":"error","event":"\tat org.apache.spark.rpc.RpcEndpointRef.askSync(RpcEndpointRef.scala:85)","logger":"task.stderr"}
{"timestamp":"2026-07-13T22:57:56.692604Z","level":"error","event":"\tat org.apache.spark.storage.BlockManagerMaster.registerBlockManager(BlockManagerMaster.scala:81)","logger":"task.stderr"}
{"timestamp":"2026-07-13T22:57:56.693623Z","level":"error","event":"\tat org.apache.spark.storage.BlockManager.reregister(BlockManager.scala:674)","logger":"task.stderr"}
{"timestamp":"2026-07-13T22:57:56.694605Z","level":"error","event":"\tat org.apache.spark.executor.Executor.reportHeartBeat(Executor.scala:1530)","logger":"task.stderr"}
{"timestamp":"2026-07-13T22:57:56.695452Z","level":"error","event":"\tat org.apache.spark.executor.Executor.$anonfun$heartbeater$1(Executor.scala:483)","logger":"task.stderr"}
{"timestamp":"2026-07-13T22:57:56.696276Z","level":"error","event":"\tat scala.runtime.java8.JFunction0$mcV$sp.apply(JFunction0$mcV$sp.scala:18)","logger":"task.stderr"}
{"timestamp":"2026-07-13T22:57:56.704040Z","level":"error","event":"\tat org.apache.spark.util.Utils$.logUncaughtExceptions(Utils.scala:1941)","logger":"task.stderr"}
{"timestamp":"2026-07-13T22:57:56.705389Z","level":"error","event":"\tat org.apache.spark.Heartbeater$$anon$1.run(Heartbeater.scala:46)","logger":"task.stderr"}
{"timestamp":"2026-07-13T22:57:56.706443Z","level":"error","event":"\tat java.base/java.util.concurrent.Executors$RunnableAdapter.call(Executors.java:539)","logger":"task.stderr"}
{"timestamp":"2026-07-13T22:57:56.707379Z","level":"error","event":"\tat java.base/java.util.concurrent.FutureTask.runAndReset(FutureTask.java:305)","logger":"task.stderr"}
{"timestamp":"2026-07-13T22:57:56.708500Z","level":"error","event":"\tat java.base/java.util.concurrent.ScheduledThreadPoolExecutor$ScheduledFutureTask.run(ScheduledThreadPoolExecutor.java:305)","logger":"task.stderr"}
{"timestamp":"2026-07-13T22:57:56.709355Z","level":"error","event":"\tat java.base/java.util.concurrent.ThreadPoolExecutor.runWorker(ThreadPoolExecutor.java:1136)","logger":"task.stderr"}
{"timestamp":"2026-07-13T22:57:56.710307Z","level":"error","event":"\tat java.base/java.util.concurrent.ThreadPoolExecutor$Worker.run(ThreadPoolExecutor.java:635)","logger":"task.stderr"}
{"timestamp":"2026-07-13T22:57:56.711275Z","level":"error","event":"\tat java.base/java.lang.Thread.run(Thread.java:840)","logger":"task.stderr"}
{"timestamp":"2026-07-13T22:57:56.712074Z","level":"error","event":"Caused by: java.lang.NullPointerException: Cannot invoke \"org.apache.spark.storage.BlockManagerId.executorId()\" because \"idWithoutTopologyInfo\" is null","logger":"task.stderr"}
{"timestamp":"2026-07-13T22:57:56.712831Z","level":"error","event":"\tat org.apache.spark.storage.BlockManagerMasterEndpoint.org$apache$spark$storage$BlockManagerMasterEndpoint$$register(BlockManagerMasterEndpoint.scala:696)","logger":"task.stderr"}
{"timestamp":"2026-07-13T22:57:56.713683Z","level":"error","event":"\tat org.apache.spark.storage.BlockManagerMasterEndpoint$$anonfun$receiveAndReply$1.applyOrElse(BlockManagerMasterEndpoint.scala:141)","logger":"task.stderr"}
{"timestamp":"2026-07-13T22:57:56.714347Z","level":"error","event":"\tat org.apache.spark.rpc.netty.Inbox.$anonfun$process$1(Inbox.scala:104)","logger":"task.stderr"}
{"timestamp":"2026-07-13T22:57:56.718509Z","level":"error","event":"\tat org.apache.spark.rpc.netty.Inbox.safelyCall(Inbox.scala:216)","logger":"task.stderr"}
{"timestamp":"2026-07-13T22:57:56.720362Z","level":"error","event":"\tat org.apache.spark.rpc.netty.Inbox.process(Inbox.scala:101)","logger":"task.stderr"}
{"timestamp":"2026-07-13T22:57:56.721422Z","level":"error","event":"\tat org.apache.spark.rpc.netty.MessageLoop.org$apache$spark$rpc$netty$MessageLoop$$receiveLoop(MessageLoop.scala:76)","logger":"task.stderr"}
{"timestamp":"2026-07-13T22:57:56.722387Z","level":"error","event":"\tat org.apache.spark.rpc.netty.MessageLoop$$anon$1.run(MessageLoop.scala:42)","logger":"task.stderr"}
{"timestamp":"2026-07-13T22:57:56.723530Z","level":"error","event":"\t... 3 more","logger":"task.stderr"}
{"timestamp":"2026-07-13T22:58:53.259202Z","level":"info","event":"Normalizando colunas do DataFrame para escrita Iceberg: {'A\\x00n\\x00o\\x00': 'a_n_o', 'U\\x00F\\x00': 'u_f', 'Q\\x00u\\x00a\\x00n\\x00t\\x00i\\x00d\\x00a\\x00d\\x00e\\x00 \\x00(\\x00m\\x00i\\x00l\\x00 \\x00t\\x00)\\x00': 'q_u_a_n_t_i_d_a_d_e_m_i_l_t'}","logger":"spark.ingest","try_number":1,"run_id":"scheduled__2026-07-13T03:00:00+00:00","ti_id":"019f5db2-9dc6-7cc0-882e-36f8b55d760a","dag_id":"conab_ingestion","task_id":"carregar","map_index":2,"filename":"ingest.py","lineno":121}
{"timestamp":"2026-07-13T23:00:20.029974Z","level":"info","event":"Done. Returned value was: None","try_number":1,"run_id":"scheduled__2026-07-13T03:00:00+00:00","ti_id":"019f5db2-9dc6-7cc0-882e-36f8b55d760a","dag_id":"conab_ingestion","task_id":"carregar","map_index":2,"logger":"airflow.task.operators.airflow.providers.standard.decorators.python._PythonDecoratedOperator","filename":"python.py","lineno":233}
{"timestamp":"2026-07-13T23:00:20.045318Z","level":"info","event":"::group::Post Execute","try_number":1,"run_id":"scheduled__2026-07-13T03:00:00+00:00","ti_id":"019f5db2-9dc6-7cc0-882e-36f8b55d760a","dag_id":"conab_ingestion","task_id":"carregar","map_index":2,"logger":"task","filename":"task_runner.py","lineno":1577}
{"timestamp":"2026-07-13T23:00:20.153187Z","level":"info","event":"::endgroup::","try_number":1,"run_id":"scheduled__2026-07-13T03:00:00+00:00","ti_id":"019f5db2-9dc6-7cc0-882e-36f8b55d760a","dag_id":"conab_ingestion","task_id":"carregar","map_index":2,"logger":"task","filename":"task_runner.py","lineno":2270}
{"timestamp":"2026-07-13T23:00:20.886750Z","level":"error","event":"\r[Stage 0:>                                                          (0 + 2) / 2]","logger":"task.stderr"}
