{"timestamp":"2026-07-13T17:13:42.649946Z","level":"info","event":"::group::Pre Execute","logger":"task","filename":"task_runner.py","lineno":2303}
{"timestamp":"2026-07-13T17:13:43.023270Z","level":"info","event":"DAG bundles loaded: dags-folder","map_index":9,"dag_id":"conab_ingestion","try_number":1,"ti_id":"019f5c78-65eb-78c0-b6b4-66a3c9834331","task_id":"carregar","run_id":"scheduled__2026-07-13T03:00:00+00:00","logger":"airflow.dag_processing.bundles.manager.DagBundlesManager","filename":"manager.py","lineno":271}
{"timestamp":"2026-07-13T17:13:43.033853Z","level":"info","event":"Filling up the DagBag from /opt/airflow/dags/conab_ingestion.py","map_index":9,"dag_id":"conab_ingestion","try_number":1,"ti_id":"019f5c78-65eb-78c0-b6b4-66a3c9834331","task_id":"carregar","run_id":"scheduled__2026-07-13T03:00:00+00:00","logger":"airflow.dag_processing.dagbag.BundleDagBag","filename":"dagbag.py","lineno":460}
{"timestamp":"2026-07-13T17:13:44.725712Z","level":"warning","event":"The `airflow.decorators.dag` attribute is deprecated. Please use `'airflow.sdk.dag'`.","category":"UserWarning","filename":"/opt/airflow/dags/conab_ingestion.py","lineno":17,"map_index":9,"dag_id":"conab_ingestion","try_number":1,"ti_id":"019f5c78-65eb-78c0-b6b4-66a3c9834331","task_id":"carregar","run_id":"scheduled__2026-07-13T03:00:00+00:00","logger":"py.warnings"}
{"timestamp":"2026-07-13T17:13:44.726531Z","level":"warning","event":"The `airflow.decorators.task` attribute is deprecated. Please use `'airflow.sdk.task'`.","category":"UserWarning","filename":"/opt/airflow/dags/conab_ingestion.py","lineno":17,"map_index":9,"dag_id":"conab_ingestion","try_number":1,"ti_id":"019f5c78-65eb-78c0-b6b4-66a3c9834331","task_id":"carregar","run_id":"scheduled__2026-07-13T03:00:00+00:00","logger":"py.warnings"}
{"timestamp":"2026-07-13T17:13:44.731861Z","level":"info","event":"Worker startup parse complete","bundle_name":"dags-folder","bundle_version":null,"dag_file":"conab_ingestion.py","dag_id":"conab_ingestion","bundle_prepare_ms":12,"dag_file_parse_ms":1697,"map_index":9,"try_number":1,"ti_id":"019f5c78-65eb-78c0-b6b4-66a3c9834331","task_id":"carregar","run_id":"scheduled__2026-07-13T03:00:00+00:00","logger":"task","filename":"task_runner.py","lineno":1062}
{"timestamp":"2026-07-13T17:13:49.365750Z","level":"info","event":"::endgroup::","map_index":9,"dag_id":"conab_ingestion","try_number":1,"ti_id":"019f5c78-65eb-78c0-b6b4-66a3c9834331","task_id":"carregar","run_id":"scheduled__2026-07-13T03:00:00+00:00","logger":"task","filename":"task_runner.py","lineno":2107}
{"timestamp":"2026-07-13T17:13:49.404838Z","level":"info","event":"Carregado .env de: /opt/airflow/dags/spark/.env","logger":"spark.ingest","map_index":9,"dag_id":"conab_ingestion","try_number":1,"ti_id":"019f5c78-65eb-78c0-b6b4-66a3c9834331","task_id":"carregar","run_id":"scheduled__2026-07-13T03:00:00+00:00","filename":"ingest.py","lineno":55}
{"timestamp":"2026-07-13T17:13:49.405587Z","level":"info","event":"Catálogo configurado — URI=https://catalog.cloudflarestorage.com/515e2015338845cbadff913ac19d97a0/agrodata | warehouse=515e2015338845cbadff913ac19d97a0_agrodata | token=cfat_GNL…2c11","logger":"spark.ingest","map_index":9,"dag_id":"conab_ingestion","try_number":1,"ti_id":"019f5c78-65eb-78c0-b6b4-66a3c9834331","task_id":"carregar","run_id":"scheduled__2026-07-13T03:00:00+00:00","filename":"ingest.py","lineno":76}
{"timestamp":"2026-07-13T17:13:54.267876Z","level":"error","event":"WARNING: Using incubator modules: jdk.incubator.vector","logger":"task.stderr"}
{"timestamp":"2026-07-13T17:14:10.904063Z","level":"error","event":"26/07/13 17:14:10 WARN NativeCodeLoader: Unable to load native-hadoop library for your platform... using builtin-java classes where applicable","logger":"task.stderr"}
{"timestamp":"2026-07-13T17:14:15.059762Z","level":"error","event":"Using Spark's default log4j profile: org/apache/spark/log4j2-defaults.properties","logger":"task.stderr"}
{"timestamp":"2026-07-13T17:14:15.117521Z","level":"error","event":"Setting default log level to \"WARN\".","logger":"task.stderr"}
{"timestamp":"2026-07-13T17:14:15.119782Z","level":"error","event":"To adjust logging level use sc.setLogLevel(newLevel). For SparkR, use setLogLevel(newLevel).","logger":"task.stderr"}
{"timestamp":"2026-07-13T17:16:54.671088Z","level":"info","event":"Done. Returned value was: None","map_index":9,"dag_id":"conab_ingestion","try_number":1,"ti_id":"019f5c78-65eb-78c0-b6b4-66a3c9834331","task_id":"carregar","run_id":"scheduled__2026-07-13T03:00:00+00:00","logger":"airflow.task.operators.airflow.providers.standard.decorators.python._PythonDecoratedOperator","filename":"python.py","lineno":233}
{"timestamp":"2026-07-13T17:16:54.671788Z","level":"info","event":"::group::Post Execute","map_index":9,"dag_id":"conab_ingestion","try_number":1,"ti_id":"019f5c78-65eb-78c0-b6b4-66a3c9834331","task_id":"carregar","run_id":"scheduled__2026-07-13T03:00:00+00:00","logger":"task","filename":"task_runner.py","lineno":1577}
{"timestamp":"2026-07-13T17:16:54.942178Z","level":"info","event":"::endgroup::","map_index":9,"dag_id":"conab_ingestion","try_number":1,"ti_id":"019f5c78-65eb-78c0-b6b4-66a3c9834331","task_id":"carregar","run_id":"scheduled__2026-07-13T03:00:00+00:00","logger":"task","filename":"task_runner.py","lineno":2270}
{"timestamp":"2026-07-13T17:16:55.436588Z","level":"error","event":"\r[Stage 0:>                                                          (0 + 0) / 1]\r\r[Stage 0:>                                                          (0 + 1) / 1]\r\r                                                                                \r\r[Stage 1:>                                                          (0 + 1) / 1]\r\r                                                                                \r\r[Stage 2:>                                                          (0 + 1) / 1]\r\r                                                                                \r\r[Stage 4:>                                                          (0 + 1) / 1]","logger":"task.stderr"}
{"timestamp":"2026-07-13T22:52:07.626412Z","level":"info","event":"::group::Pre Execute","logger":"task","filename":"task_runner.py","lineno":2303}
{"timestamp":"2026-07-13T22:52:07.940823Z","level":"info","event":"DAG bundles loaded: dags-folder","dag_id":"conab_ingestion","task_id":"carregar","ti_id":"019f5dae-3adf-7d52-b7c4-96054d7fa850","try_number":1,"map_index":9,"run_id":"scheduled__2026-07-13T03:00:00+00:00","logger":"airflow.dag_processing.bundles.manager.DagBundlesManager","filename":"manager.py","lineno":271}
{"timestamp":"2026-07-13T22:52:07.944983Z","level":"info","event":"Filling up the DagBag from /opt/airflow/dags/conab_ingestion.py","dag_id":"conab_ingestion","task_id":"carregar","ti_id":"019f5dae-3adf-7d52-b7c4-96054d7fa850","try_number":1,"map_index":9,"run_id":"scheduled__2026-07-13T03:00:00+00:00","logger":"airflow.dag_processing.dagbag.BundleDagBag","filename":"dagbag.py","lineno":460}
{"timestamp":"2026-07-13T22:52:09.493761Z","level":"warning","event":"The `airflow.decorators.dag` attribute is deprecated. Please use `'airflow.sdk.dag'`.","category":"UserWarning","filename":"/opt/airflow/dags/conab_ingestion.py","lineno":17,"dag_id":"conab_ingestion","task_id":"carregar","ti_id":"019f5dae-3adf-7d52-b7c4-96054d7fa850","try_number":1,"map_index":9,"run_id":"scheduled__2026-07-13T03:00:00+00:00","logger":"py.warnings"}
{"timestamp":"2026-07-13T22:52:09.502840Z","level":"warning","event":"The `airflow.decorators.task` attribute is deprecated. Please use `'airflow.sdk.task'`.","category":"UserWarning","filename":"/opt/airflow/dags/conab_ingestion.py","lineno":17,"dag_id":"conab_ingestion","task_id":"carregar","ti_id":"019f5dae-3adf-7d52-b7c4-96054d7fa850","try_number":1,"map_index":9,"run_id":"scheduled__2026-07-13T03:00:00+00:00","logger":"py.warnings"}
{"timestamp":"2026-07-13T22:52:09.505874Z","level":"info","event":"Worker startup parse complete","bundle_name":"dags-folder","bundle_version":null,"dag_file":"conab_ingestion.py","dag_id":"conab_ingestion","bundle_prepare_ms":5,"dag_file_parse_ms":1561,"task_id":"carregar","ti_id":"019f5dae-3adf-7d52-b7c4-96054d7fa850","try_number":1,"map_index":9,"run_id":"scheduled__2026-07-13T03:00:00+00:00","logger":"task","filename":"task_runner.py","lineno":1062}
{"timestamp":"2026-07-13T22:52:13.722758Z","level":"info","event":"::endgroup::","dag_id":"conab_ingestion","task_id":"carregar","ti_id":"019f5dae-3adf-7d52-b7c4-96054d7fa850","try_number":1,"map_index":9,"run_id":"scheduled__2026-07-13T03:00:00+00:00","logger":"task","filename":"task_runner.py","lineno":2107}
{"timestamp":"2026-07-13T22:52:13.753338Z","level":"info","event":"Carregado .env de: /opt/airflow/dags/spark/.env","logger":"spark.ingest","dag_id":"conab_ingestion","task_id":"carregar","ti_id":"019f5dae-3adf-7d52-b7c4-96054d7fa850","try_number":1,"map_index":9,"run_id":"scheduled__2026-07-13T03:00:00+00:00","filename":"ingest.py","lineno":54}
{"timestamp":"2026-07-13T22:52:13.753990Z","level":"info","event":"Catálogo configurado — URI=https://catalog.cloudflarestorage.com/515e2015338845cbadff913ac19d97a0/agrodata | warehouse=515e2015338845cbadff913ac19d97a0_agrodata | token=cfat_GNL…2c11","logger":"spark.ingest","dag_id":"conab_ingestion","task_id":"carregar","ti_id":"019f5dae-3adf-7d52-b7c4-96054d7fa850","try_number":1,"map_index":9,"run_id":"scheduled__2026-07-13T03:00:00+00:00","filename":"ingest.py","lineno":75}
{"timestamp":"2026-07-13T22:52:15.045700Z","level":"error","event":"WARNING: Using incubator modules: jdk.incubator.vector","logger":"task.stderr"}
{"timestamp":"2026-07-13T22:52:35.621731Z","level":"error","event":"26/07/13 22:52:35 WARN NativeCodeLoader: Unable to load native-hadoop library for your platform... using builtin-java classes where applicable","logger":"task.stderr"}
{"timestamp":"2026-07-13T22:52:39.948417Z","level":"error","event":"Using Spark's default log4j profile: org/apache/spark/log4j2-defaults.properties","logger":"task.stderr"}
{"timestamp":"2026-07-13T22:52:39.951445Z","level":"error","event":"Setting default log level to \"WARN\".","logger":"task.stderr"}
{"timestamp":"2026-07-13T22:52:39.958438Z","level":"error","event":"To adjust logging level use sc.setLogLevel(newLevel). For SparkR, use setLogLevel(newLevel).","logger":"task.stderr"}
{"timestamp":"2026-07-13T22:52:59.901746Z","level":"error","event":"Server indicated the task shouldn't be running anymore. Terminating process","detail":{"reason":"not_found","message":"Task Instance not found"},"logger":"task"}
{"timestamp":"2026-07-13T22:53:07.147875Z","level":"error","event":"Task killed!","logger":"task"}
{"timestamp":"2026-07-13T22:56:55.182055Z","level":"info","event":"::group::Pre Execute","logger":"task","filename":"task_runner.py","lineno":2303}
{"timestamp":"2026-07-13T22:56:55.517796Z","level":"info","event":"DAG bundles loaded: dags-folder","run_id":"scheduled__2026-07-13T03:00:00+00:00","task_id":"carregar","try_number":1,"dag_id":"conab_ingestion","map_index":9,"ti_id":"019f5db2-9dd0-715f-befb-4e875295ea91","logger":"airflow.dag_processing.bundles.manager.DagBundlesManager","filename":"manager.py","lineno":271}
{"timestamp":"2026-07-13T22:56:55.519978Z","level":"info","event":"Filling up the DagBag from /opt/airflow/dags/conab_ingestion.py","run_id":"scheduled__2026-07-13T03:00:00+00:00","task_id":"carregar","try_number":1,"dag_id":"conab_ingestion","map_index":9,"ti_id":"019f5db2-9dd0-715f-befb-4e875295ea91","logger":"airflow.dag_processing.dagbag.BundleDagBag","filename":"dagbag.py","lineno":460}
{"timestamp":"2026-07-13T22:57:00.654494Z","level":"warning","event":"The `airflow.decorators.dag` attribute is deprecated. Please use `'airflow.sdk.dag'`.","category":"UserWarning","filename":"/opt/airflow/dags/conab_ingestion.py","lineno":17,"run_id":"scheduled__2026-07-13T03:00:00+00:00","task_id":"carregar","try_number":1,"dag_id":"conab_ingestion","map_index":9,"ti_id":"019f5db2-9dd0-715f-befb-4e875295ea91","logger":"py.warnings"}
{"timestamp":"2026-07-13T22:57:00.654780Z","level":"warning","event":"The `airflow.decorators.task` attribute is deprecated. Please use `'airflow.sdk.task'`.","category":"UserWarning","filename":"/opt/airflow/dags/conab_ingestion.py","lineno":17,"run_id":"scheduled__2026-07-13T03:00:00+00:00","task_id":"carregar","try_number":1,"dag_id":"conab_ingestion","map_index":9,"ti_id":"019f5db2-9dd0-715f-befb-4e875295ea91","logger":"py.warnings"}
{"timestamp":"2026-07-13T22:57:00.662424Z","level":"info","event":"Worker startup parse complete","bundle_name":"dags-folder","bundle_version":null,"dag_file":"conab_ingestion.py","dag_id":"conab_ingestion","bundle_prepare_ms":14,"dag_file_parse_ms":5142,"run_id":"scheduled__2026-07-13T03:00:00+00:00","task_id":"carregar","try_number":1,"map_index":9,"ti_id":"019f5db2-9dd0-715f-befb-4e875295ea91","logger":"task","filename":"task_runner.py","lineno":1062}
{"timestamp":"2026-07-13T22:57:01.349670Z","level":"info","event":"::endgroup::","run_id":"scheduled__2026-07-13T03:00:00+00:00","task_id":"carregar","try_number":1,"dag_id":"conab_ingestion","map_index":9,"ti_id":"019f5db2-9dd0-715f-befb-4e875295ea91","logger":"task","filename":"task_runner.py","lineno":2107}
{"timestamp":"2026-07-13T22:57:01.381841Z","level":"info","event":"Carregado .env de: /opt/airflow/dags/spark/.env","logger":"spark.ingest","run_id":"scheduled__2026-07-13T03:00:00+00:00","task_id":"carregar","try_number":1,"dag_id":"conab_ingestion","map_index":9,"ti_id":"019f5db2-9dd0-715f-befb-4e875295ea91","filename":"ingest.py","lineno":54}
{"timestamp":"2026-07-13T22:57:01.382267Z","level":"info","event":"Catálogo configurado — URI=https://catalog.cloudflarestorage.com/515e2015338845cbadff913ac19d97a0/agrodata | warehouse=515e2015338845cbadff913ac19d97a0_agrodata | token=cfat_GNL…2c11","logger":"spark.ingest","run_id":"scheduled__2026-07-13T03:00:00+00:00","task_id":"carregar","try_number":1,"dag_id":"conab_ingestion","map_index":9,"ti_id":"019f5db2-9dd0-715f-befb-4e875295ea91","filename":"ingest.py","lineno":75}
{"timestamp":"2026-07-13T22:57:02.945344Z","level":"error","event":"WARNING: Using incubator modules: jdk.incubator.vector","logger":"task.stderr"}
{"timestamp":"2026-07-13T22:57:23.199597Z","level":"error","event":"26/07/13 22:57:23 WARN NativeCodeLoader: Unable to load native-hadoop library for your platform... using builtin-java classes where applicable","logger":"task.stderr"}
{"timestamp":"2026-07-13T22:57:28.476567Z","level":"error","event":"Using Spark's default log4j profile: org/apache/spark/log4j2-defaults.properties","logger":"task.stderr"}
{"timestamp":"2026-07-13T22:57:28.482250Z","level":"error","event":"Setting default log level to \"WARN\".","logger":"task.stderr"}
{"timestamp":"2026-07-13T22:57:28.483356Z","level":"error","event":"To adjust logging level use sc.setLogLevel(newLevel). For SparkR, use setLogLevel(newLevel).","logger":"task.stderr"}
{"timestamp":"2026-07-13T22:58:03.719269Z","level":"error","event":"26/07/13 22:58:03 ERROR Inbox: Ignoring error","logger":"task.stderr"}
{"timestamp":"2026-07-13T22:58:03.720512Z","level":"error","event":"java.lang.NullPointerException: Cannot invoke \"org.apache.spark.storage.BlockManagerId.executorId()\" because \"idWithoutTopologyInfo\" is null","logger":"task.stderr"}
{"timestamp":"2026-07-13T22:58:03.721683Z","level":"error","event":"\tat org.apache.spark.storage.BlockManagerMasterEndpoint.org$apache$spark$storage$BlockManagerMasterEndpoint$$register(BlockManagerMasterEndpoint.scala:696)","logger":"task.stderr"}
{"timestamp":"2026-07-13T22:58:03.729329Z","level":"error","event":"\tat org.apache.spark.storage.BlockManagerMasterEndpoint$$anonfun$receiveAndReply$1.applyOrElse(BlockManagerMasterEndpoint.scala:141)","logger":"task.stderr"}
{"timestamp":"2026-07-13T22:58:03.731994Z","level":"error","event":"\tat org.apache.spark.rpc.netty.Inbox.$anonfun$process$1(Inbox.scala:104)","logger":"task.stderr"}
{"timestamp":"2026-07-13T22:58:03.741938Z","level":"error","event":"\tat org.apache.spark.rpc.netty.Inbox.safelyCall(Inbox.scala:216)","logger":"task.stderr"}
{"timestamp":"2026-07-13T22:58:03.745070Z","level":"error","event":"\tat org.apache.spark.rpc.netty.Inbox.process(Inbox.scala:101)","logger":"task.stderr"}
{"timestamp":"2026-07-13T22:58:03.745828Z","level":"error","event":"\tat org.apache.spark.rpc.netty.MessageLoop.org$apache$spark$rpc$netty$MessageLoop$$receiveLoop(MessageLoop.scala:76)","logger":"task.stderr"}
{"timestamp":"2026-07-13T22:58:03.755362Z","level":"error","event":"\tat org.apache.spark.rpc.netty.MessageLoop$$anon$1.run(MessageLoop.scala:42)","logger":"task.stderr"}
{"timestamp":"2026-07-13T22:58:03.756261Z","level":"error","event":"\tat java.base/java.util.concurrent.ThreadPoolExecutor.runWorker(ThreadPoolExecutor.java:1136)","logger":"task.stderr"}
{"timestamp":"2026-07-13T22:58:03.762707Z","level":"error","event":"\tat java.base/java.util.concurrent.ThreadPoolExecutor$Worker.run(ThreadPoolExecutor.java:635)","logger":"task.stderr"}
{"timestamp":"2026-07-13T22:58:03.764146Z","level":"error","event":"\tat java.base/java.lang.Thread.run(Thread.java:840)","logger":"task.stderr"}
{"timestamp":"2026-07-13T22:58:03.765312Z","level":"error","event":"26/07/13 22:58:03 WARN Executor: Issue communicating with driver in heartbeater","logger":"task.stderr"}
{"timestamp":"2026-07-13T22:58:03.771079Z","level":"error","event":"org.apache.spark.SparkException: Exception thrown in awaitResult:","logger":"task.stderr"}
{"timestamp":"2026-07-13T22:58:03.772028Z","level":"error","event":"\tat org.apache.spark.util.SparkThreadUtils$.awaitResult(SparkThreadUtils.scala:53)","logger":"task.stderr"}
{"timestamp":"2026-07-13T22:58:03.773041Z","level":"error","event":"\tat org.apache.spark.util.ThreadUtils$.awaitResult(ThreadUtils.scala:359)","logger":"task.stderr"}
{"timestamp":"2026-07-13T22:58:03.779923Z","level":"error","event":"\tat org.apache.spark.rpc.RpcTimeout.awaitResult(RpcTimeout.scala:75)","logger":"task.stderr"}
{"timestamp":"2026-07-13T22:58:03.781529Z","level":"error","event":"\tat org.apache.spark.rpc.RpcEndpointRef.askSync(RpcEndpointRef.scala:101)","logger":"task.stderr"}
{"timestamp":"2026-07-13T22:58:03.782231Z","level":"error","event":"\tat org.apache.spark.rpc.RpcEndpointRef.askSync(RpcEndpointRef.scala:85)","logger":"task.stderr"}
{"timestamp":"2026-07-13T22:58:03.782853Z","level":"error","event":"\tat org.apache.spark.storage.BlockManagerMaster.registerBlockManager(BlockManagerMaster.scala:81)","logger":"task.stderr"}
{"timestamp":"2026-07-13T22:58:03.784518Z","level":"error","event":"\tat org.apache.spark.storage.BlockManager.reregister(BlockManager.scala:674)","logger":"task.stderr"}
{"timestamp":"2026-07-13T22:58:03.785027Z","level":"error","event":"\tat org.apache.spark.executor.Executor.reportHeartBeat(Executor.scala:1530)","logger":"task.stderr"}
{"timestamp":"2026-07-13T22:58:03.785583Z","level":"error","event":"\tat org.apache.spark.executor.Executor.$anonfun$heartbeater$1(Executor.scala:483)","logger":"task.stderr"}
{"timestamp":"2026-07-13T22:58:03.786116Z","level":"error","event":"\tat scala.runtime.java8.JFunction0$mcV$sp.apply(JFunction0$mcV$sp.scala:18)","logger":"task.stderr"}
{"timestamp":"2026-07-13T22:58:03.787023Z","level":"error","event":"\tat org.apache.spark.util.Utils$.logUncaughtExceptions(Utils.scala:1941)","logger":"task.stderr"}
{"timestamp":"2026-07-13T22:58:03.787539Z","level":"error","event":"\tat org.apache.spark.Heartbeater$$anon$1.run(Heartbeater.scala:46)","logger":"task.stderr"}
{"timestamp":"2026-07-13T22:58:03.788380Z","level":"error","event":"\tat java.base/java.util.concurrent.Executors$RunnableAdapter.call(Executors.java:539)","logger":"task.stderr"}
{"timestamp":"2026-07-13T22:58:03.788948Z","level":"error","event":"\tat java.base/java.util.concurrent.FutureTask.runAndReset(FutureTask.java:305)","logger":"task.stderr"}
{"timestamp":"2026-07-13T22:58:03.789615Z","level":"error","event":"\tat java.base/java.util.concurrent.ScheduledThreadPoolExecutor$ScheduledFutureTask.run(ScheduledThreadPoolExecutor.java:305)","logger":"task.stderr"}
{"timestamp":"2026-07-13T22:58:03.790789Z","level":"error","event":"\tat java.base/java.util.concurrent.ThreadPoolExecutor.runWorker(ThreadPoolExecutor.java:1136)","logger":"task.stderr"}
{"timestamp":"2026-07-13T22:58:03.791716Z","level":"error","event":"\tat java.base/java.util.concurrent.ThreadPoolExecutor$Worker.run(ThreadPoolExecutor.java:635)","logger":"task.stderr"}
{"timestamp":"2026-07-13T22:58:03.792624Z","level":"error","event":"\tat java.base/java.lang.Thread.run(Thread.java:840)","logger":"task.stderr"}
{"timestamp":"2026-07-13T22:58:03.794154Z","level":"error","event":"Caused by: java.lang.NullPointerException: Cannot invoke \"org.apache.spark.storage.BlockManagerId.executorId()\" because \"idWithoutTopologyInfo\" is null","logger":"task.stderr"}
{"timestamp":"2026-07-13T22:58:03.795264Z","level":"error","event":"\tat org.apache.spark.storage.BlockManagerMasterEndpoint.org$apache$spark$storage$BlockManagerMasterEndpoint$$register(BlockManagerMasterEndpoint.scala:696)","logger":"task.stderr"}
{"timestamp":"2026-07-13T22:58:03.796291Z","level":"error","event":"\tat org.apache.spark.storage.BlockManagerMasterEndpoint$$anonfun$receiveAndReply$1.applyOrElse(BlockManagerMasterEndpoint.scala:141)","logger":"task.stderr"}
{"timestamp":"2026-07-13T22:58:03.804320Z","level":"error","event":"\tat org.apache.spark.rpc.netty.Inbox.$anonfun$process$1(Inbox.scala:104)","logger":"task.stderr"}
{"timestamp":"2026-07-13T22:58:03.805257Z","level":"error","event":"\tat org.apache.spark.rpc.netty.Inbox.safelyCall(Inbox.scala:216)","logger":"task.stderr"}
{"timestamp":"2026-07-13T22:58:03.806126Z","level":"error","event":"\tat org.apache.spark.rpc.netty.Inbox.process(Inbox.scala:101)","logger":"task.stderr"}
{"timestamp":"2026-07-13T22:58:03.807094Z","level":"error","event":"\tat org.apache.spark.rpc.netty.MessageLoop.org$apache$spark$rpc$netty$MessageLoop$$receiveLoop(MessageLoop.scala:76)","logger":"task.stderr"}
{"timestamp":"2026-07-13T22:58:03.808095Z","level":"error","event":"\tat org.apache.spark.rpc.netty.MessageLoop$$anon$1.run(MessageLoop.scala:42)","logger":"task.stderr"}
{"timestamp":"2026-07-13T22:58:03.809201Z","level":"error","event":"\t... 3 more","logger":"task.stderr"}
{"timestamp":"2026-07-13T23:00:14.213839Z","level":"info","event":"Done. Returned value was: None","run_id":"scheduled__2026-07-13T03:00:00+00:00","task_id":"carregar","try_number":1,"dag_id":"conab_ingestion","map_index":9,"ti_id":"019f5db2-9dd0-715f-befb-4e875295ea91","logger":"airflow.task.operators.airflow.providers.standard.decorators.python._PythonDecoratedOperator","filename":"python.py","lineno":233}
{"timestamp":"2026-07-13T23:00:14.293912Z","level":"info","event":"::group::Post Execute","run_id":"scheduled__2026-07-13T03:00:00+00:00","task_id":"carregar","try_number":1,"dag_id":"conab_ingestion","map_index":9,"ti_id":"019f5db2-9dd0-715f-befb-4e875295ea91","logger":"task","filename":"task_runner.py","lineno":1577}
{"timestamp":"2026-07-13T23:00:14.477701Z","level":"info","event":"::endgroup::","run_id":"scheduled__2026-07-13T03:00:00+00:00","task_id":"carregar","try_number":1,"dag_id":"conab_ingestion","map_index":9,"ti_id":"019f5db2-9dd0-715f-befb-4e875295ea91","logger":"task","filename":"task_runner.py","lineno":2270}
{"timestamp":"2026-07-13T23:00:15.711950Z","level":"error","event":"\r[Stage 0:>                                                          (0 + 0) / 1]\r\r[Stage 0:>                                                          (0 + 1) / 1]\r\r                                                                                \r\r[Stage 1:>                                                          (0 + 0) / 1]\r\r[Stage 1:>                                                          (0 + 1) / 1]\r\r                                                                                \r\r[Stage 4:>                                                          (0 + 1) / 1]\r\r[Stage 4:===========================================================(1 + 0) / 1]","logger":"task.stderr"}
