{"timestamp":"2026-07-13T17:13:42.538541Z","level":"info","event":"::group::Pre Execute","logger":"task","filename":"task_runner.py","lineno":2303}
{"timestamp":"2026-07-13T17:13:42.797317Z","level":"info","event":"DAG bundles loaded: dags-folder","try_number":1,"map_index":3,"task_id":"carregar","ti_id":"019f5c78-65dc-7b0f-af74-a88836ec3ba7","run_id":"scheduled__2026-07-13T03:00:00+00:00","dag_id":"conab_ingestion","logger":"airflow.dag_processing.bundles.manager.DagBundlesManager","filename":"manager.py","lineno":271}
{"timestamp":"2026-07-13T17:13:42.801027Z","level":"info","event":"Filling up the DagBag from /opt/airflow/dags/conab_ingestion.py","try_number":1,"map_index":3,"task_id":"carregar","ti_id":"019f5c78-65dc-7b0f-af74-a88836ec3ba7","run_id":"scheduled__2026-07-13T03:00:00+00:00","dag_id":"conab_ingestion","logger":"airflow.dag_processing.dagbag.BundleDagBag","filename":"dagbag.py","lineno":460}
{"timestamp":"2026-07-13T17:13:44.573888Z","level":"warning","event":"The `airflow.decorators.dag` attribute is deprecated. Please use `'airflow.sdk.dag'`.","category":"UserWarning","filename":"/opt/airflow/dags/conab_ingestion.py","lineno":17,"try_number":1,"map_index":3,"task_id":"carregar","ti_id":"019f5c78-65dc-7b0f-af74-a88836ec3ba7","run_id":"scheduled__2026-07-13T03:00:00+00:00","dag_id":"conab_ingestion","logger":"py.warnings"}
{"timestamp":"2026-07-13T17:13:44.575465Z","level":"warning","event":"The `airflow.decorators.task` attribute is deprecated. Please use `'airflow.sdk.task'`.","category":"UserWarning","filename":"/opt/airflow/dags/conab_ingestion.py","lineno":17,"try_number":1,"map_index":3,"task_id":"carregar","ti_id":"019f5c78-65dc-7b0f-af74-a88836ec3ba7","run_id":"scheduled__2026-07-13T03:00:00+00:00","dag_id":"conab_ingestion","logger":"py.warnings"}
{"timestamp":"2026-07-13T17:13:44.582659Z","level":"info","event":"Worker startup parse complete","bundle_name":"dags-folder","bundle_version":null,"dag_file":"conab_ingestion.py","dag_id":"conab_ingestion","bundle_prepare_ms":5,"dag_file_parse_ms":1781,"try_number":1,"map_index":3,"task_id":"carregar","ti_id":"019f5c78-65dc-7b0f-af74-a88836ec3ba7","run_id":"scheduled__2026-07-13T03:00:00+00:00","logger":"task","filename":"task_runner.py","lineno":1062}
{"timestamp":"2026-07-13T17:13:45.100236Z","level":"info","event":"::endgroup::","try_number":1,"map_index":3,"task_id":"carregar","ti_id":"019f5c78-65dc-7b0f-af74-a88836ec3ba7","run_id":"scheduled__2026-07-13T03:00:00+00:00","dag_id":"conab_ingestion","logger":"task","filename":"task_runner.py","lineno":2107}
{"timestamp":"2026-07-13T17:13:45.115731Z","level":"info","event":"Carregado .env de: /opt/airflow/dags/spark/.env","logger":"spark.ingest","try_number":1,"map_index":3,"task_id":"carregar","ti_id":"019f5c78-65dc-7b0f-af74-a88836ec3ba7","run_id":"scheduled__2026-07-13T03:00:00+00:00","dag_id":"conab_ingestion","filename":"ingest.py","lineno":55}
{"timestamp":"2026-07-13T17:13:45.116345Z","level":"info","event":"Catálogo configurado — URI=https://catalog.cloudflarestorage.com/515e2015338845cbadff913ac19d97a0/agrodata | warehouse=515e2015338845cbadff913ac19d97a0_agrodata | token=cfat_GNL…2c11","logger":"spark.ingest","try_number":1,"map_index":3,"task_id":"carregar","ti_id":"019f5c78-65dc-7b0f-af74-a88836ec3ba7","run_id":"scheduled__2026-07-13T03:00:00+00:00","dag_id":"conab_ingestion","filename":"ingest.py","lineno":76}
{"timestamp":"2026-07-13T17:13:48.925133Z","level":"error","event":"WARNING: Using incubator modules: jdk.incubator.vector","logger":"task.stderr"}
{"timestamp":"2026-07-13T17:14:09.186159Z","level":"error","event":"26/07/13 17:14:09 WARN NativeCodeLoader: Unable to load native-hadoop library for your platform... using builtin-java classes where applicable","logger":"task.stderr"}
{"timestamp":"2026-07-13T17:14:10.414551Z","level":"error","event":"Using Spark's default log4j profile: org/apache/spark/log4j2-defaults.properties","logger":"task.stderr"}
{"timestamp":"2026-07-13T17:14:10.416826Z","level":"error","event":"Setting default log level to \"WARN\".","logger":"task.stderr"}
{"timestamp":"2026-07-13T17:14:10.426902Z","level":"error","event":"To adjust logging level use sc.setLogLevel(newLevel). For SparkR, use setLogLevel(newLevel).","logger":"task.stderr"}
{"timestamp":"2026-07-13T17:17:08.996215Z","level":"info","event":"Done. Returned value was: None","try_number":1,"map_index":3,"task_id":"carregar","ti_id":"019f5c78-65dc-7b0f-af74-a88836ec3ba7","run_id":"scheduled__2026-07-13T03:00:00+00:00","dag_id":"conab_ingestion","logger":"airflow.task.operators.airflow.providers.standard.decorators.python._PythonDecoratedOperator","filename":"python.py","lineno":233}
{"timestamp":"2026-07-13T17:17:09.009412Z","level":"info","event":"::group::Post Execute","try_number":1,"map_index":3,"task_id":"carregar","ti_id":"019f5c78-65dc-7b0f-af74-a88836ec3ba7","run_id":"scheduled__2026-07-13T03:00:00+00:00","dag_id":"conab_ingestion","logger":"task","filename":"task_runner.py","lineno":1577}
{"timestamp":"2026-07-13T17:17:09.270810Z","level":"info","event":"::endgroup::","try_number":1,"map_index":3,"task_id":"carregar","ti_id":"019f5c78-65dc-7b0f-af74-a88836ec3ba7","run_id":"scheduled__2026-07-13T03:00:00+00:00","dag_id":"conab_ingestion","logger":"task","filename":"task_runner.py","lineno":2270}
{"timestamp":"2026-07-13T17:17:10.037382Z","level":"error","event":"\r[Stage 0:>                                                          (0 + 0) / 1]\r\r[Stage 0:>                                                          (0 + 1) / 1]\r\r[Stage 0:===========================================================(1 + 0) / 1]\r\r                                                                                \r\r[Stage 1:>                                                          (0 + 0) / 1]\r\r[Stage 1:>                                                          (0 + 1) / 1]\r\r                                                                                \r\r[Stage 3:>                                                          (0 + 1) / 1]\r\r                                                                                \r\r[Stage 4:>                                                          (0 + 1) / 1]","logger":"task.stderr"}
{"timestamp":"2026-07-13T22:52:07.707901Z","level":"info","event":"::group::Pre Execute","logger":"task","filename":"task_runner.py","lineno":2303}
{"timestamp":"2026-07-13T22:52:07.983268Z","level":"info","event":"DAG bundles loaded: dags-folder","run_id":"scheduled__2026-07-13T03:00:00+00:00","task_id":"carregar","map_index":3,"dag_id":"conab_ingestion","ti_id":"019f5dae-3ad6-7881-aab0-f443f97fd551","try_number":1,"logger":"airflow.dag_processing.bundles.manager.DagBundlesManager","filename":"manager.py","lineno":271}
{"timestamp":"2026-07-13T22:52:07.987617Z","level":"info","event":"Filling up the DagBag from /opt/airflow/dags/conab_ingestion.py","run_id":"scheduled__2026-07-13T03:00:00+00:00","task_id":"carregar","map_index":3,"dag_id":"conab_ingestion","ti_id":"019f5dae-3ad6-7881-aab0-f443f97fd551","try_number":1,"logger":"airflow.dag_processing.dagbag.BundleDagBag","filename":"dagbag.py","lineno":460}
{"timestamp":"2026-07-13T22:52:09.850468Z","level":"warning","event":"The `airflow.decorators.dag` attribute is deprecated. Please use `'airflow.sdk.dag'`.","category":"UserWarning","filename":"/opt/airflow/dags/conab_ingestion.py","lineno":17,"run_id":"scheduled__2026-07-13T03:00:00+00:00","task_id":"carregar","map_index":3,"dag_id":"conab_ingestion","ti_id":"019f5dae-3ad6-7881-aab0-f443f97fd551","try_number":1,"logger":"py.warnings"}
{"timestamp":"2026-07-13T22:52:09.851578Z","level":"warning","event":"The `airflow.decorators.task` attribute is deprecated. Please use `'airflow.sdk.task'`.","category":"UserWarning","filename":"/opt/airflow/dags/conab_ingestion.py","lineno":17,"run_id":"scheduled__2026-07-13T03:00:00+00:00","task_id":"carregar","map_index":3,"dag_id":"conab_ingestion","ti_id":"019f5dae-3ad6-7881-aab0-f443f97fd551","try_number":1,"logger":"py.warnings"}
{"timestamp":"2026-07-13T22:52:09.854650Z","level":"info","event":"Worker startup parse complete","bundle_name":"dags-folder","bundle_version":null,"dag_file":"conab_ingestion.py","dag_id":"conab_ingestion","bundle_prepare_ms":6,"dag_file_parse_ms":1867,"run_id":"scheduled__2026-07-13T03:00:00+00:00","task_id":"carregar","map_index":3,"ti_id":"019f5dae-3ad6-7881-aab0-f443f97fd551","try_number":1,"logger":"task","filename":"task_runner.py","lineno":1062}
{"timestamp":"2026-07-13T22:52:13.409817Z","level":"info","event":"::endgroup::","run_id":"scheduled__2026-07-13T03:00:00+00:00","task_id":"carregar","map_index":3,"dag_id":"conab_ingestion","ti_id":"019f5dae-3ad6-7881-aab0-f443f97fd551","try_number":1,"logger":"task","filename":"task_runner.py","lineno":2107}
{"timestamp":"2026-07-13T22:52:13.571062Z","level":"info","event":"Carregado .env de: /opt/airflow/dags/spark/.env","logger":"spark.ingest","run_id":"scheduled__2026-07-13T03:00:00+00:00","task_id":"carregar","map_index":3,"dag_id":"conab_ingestion","ti_id":"019f5dae-3ad6-7881-aab0-f443f97fd551","try_number":1,"filename":"ingest.py","lineno":54}
{"timestamp":"2026-07-13T22:52:13.584055Z","level":"info","event":"Catálogo configurado — URI=https://catalog.cloudflarestorage.com/515e2015338845cbadff913ac19d97a0/agrodata | warehouse=515e2015338845cbadff913ac19d97a0_agrodata | token=cfat_GNL…2c11","logger":"spark.ingest","run_id":"scheduled__2026-07-13T03:00:00+00:00","task_id":"carregar","map_index":3,"dag_id":"conab_ingestion","ti_id":"019f5dae-3ad6-7881-aab0-f443f97fd551","try_number":1,"filename":"ingest.py","lineno":75}
{"timestamp":"2026-07-13T22:52:15.038214Z","level":"error","event":"WARNING: Using incubator modules: jdk.incubator.vector","logger":"task.stderr"}
{"timestamp":"2026-07-13T22:52:39.855189Z","level":"error","event":"26/07/13 22:52:39 WARN NativeCodeLoader: Unable to load native-hadoop library for your platform... using builtin-java classes where applicable","logger":"task.stderr"}
{"timestamp":"2026-07-13T22:52:40.598369Z","level":"error","event":"Using Spark's default log4j profile: org/apache/spark/log4j2-defaults.properties","logger":"task.stderr"}
{"timestamp":"2026-07-13T22:52:40.611709Z","level":"error","event":"Setting default log level to \"WARN\".","logger":"task.stderr"}
{"timestamp":"2026-07-13T22:52:40.614637Z","level":"error","event":"To adjust logging level use sc.setLogLevel(newLevel). For SparkR, use setLogLevel(newLevel).","logger":"task.stderr"}
{"timestamp":"2026-07-13T22:52:59.845019Z","level":"error","event":"Server indicated the task shouldn't be running anymore. Terminating process","detail":{"reason":"not_found","message":"Task Instance not found"},"logger":"task"}
{"timestamp":"2026-07-13T22:53:07.129785Z","level":"error","event":"Task killed!","logger":"task"}
{"timestamp":"2026-07-13T22:56:55.103760Z","level":"info","event":"::group::Pre Execute","logger":"task","filename":"task_runner.py","lineno":2303}
{"timestamp":"2026-07-13T22:56:55.487935Z","level":"info","event":"DAG bundles loaded: dags-folder","task_id":"carregar","ti_id":"019f5db2-9dc8-7ab9-89d1-dd47dd2d773c","map_index":3,"dag_id":"conab_ingestion","run_id":"scheduled__2026-07-13T03:00:00+00:00","try_number":1,"logger":"airflow.dag_processing.bundles.manager.DagBundlesManager","filename":"manager.py","lineno":271}
{"timestamp":"2026-07-13T22:56:55.497466Z","level":"info","event":"Filling up the DagBag from /opt/airflow/dags/conab_ingestion.py","task_id":"carregar","ti_id":"019f5db2-9dc8-7ab9-89d1-dd47dd2d773c","map_index":3,"dag_id":"conab_ingestion","run_id":"scheduled__2026-07-13T03:00:00+00:00","try_number":1,"logger":"airflow.dag_processing.dagbag.BundleDagBag","filename":"dagbag.py","lineno":460}
{"timestamp":"2026-07-13T22:56:57.203249Z","level":"warning","event":"The `airflow.decorators.dag` attribute is deprecated. Please use `'airflow.sdk.dag'`.","category":"UserWarning","filename":"/opt/airflow/dags/conab_ingestion.py","lineno":17,"task_id":"carregar","ti_id":"019f5db2-9dc8-7ab9-89d1-dd47dd2d773c","map_index":3,"dag_id":"conab_ingestion","run_id":"scheduled__2026-07-13T03:00:00+00:00","try_number":1,"logger":"py.warnings"}
{"timestamp":"2026-07-13T22:56:57.221452Z","level":"warning","event":"The `airflow.decorators.task` attribute is deprecated. Please use `'airflow.sdk.task'`.","category":"UserWarning","filename":"/opt/airflow/dags/conab_ingestion.py","lineno":17,"task_id":"carregar","ti_id":"019f5db2-9dc8-7ab9-89d1-dd47dd2d773c","map_index":3,"dag_id":"conab_ingestion","run_id":"scheduled__2026-07-13T03:00:00+00:00","try_number":1,"logger":"py.warnings"}
{"timestamp":"2026-07-13T22:56:57.264360Z","level":"info","event":"Worker startup parse complete","bundle_name":"dags-folder","bundle_version":null,"dag_file":"conab_ingestion.py","dag_id":"conab_ingestion","bundle_prepare_ms":10,"dag_file_parse_ms":1765,"task_id":"carregar","ti_id":"019f5db2-9dc8-7ab9-89d1-dd47dd2d773c","map_index":3,"run_id":"scheduled__2026-07-13T03:00:00+00:00","try_number":1,"logger":"task","filename":"task_runner.py","lineno":1062}
{"timestamp":"2026-07-13T22:57:00.982242Z","level":"info","event":"::endgroup::","task_id":"carregar","ti_id":"019f5db2-9dc8-7ab9-89d1-dd47dd2d773c","map_index":3,"dag_id":"conab_ingestion","run_id":"scheduled__2026-07-13T03:00:00+00:00","try_number":1,"logger":"task","filename":"task_runner.py","lineno":2107}
{"timestamp":"2026-07-13T22:57:01.002359Z","level":"info","event":"Carregado .env de: /opt/airflow/dags/spark/.env","logger":"spark.ingest","task_id":"carregar","ti_id":"019f5db2-9dc8-7ab9-89d1-dd47dd2d773c","map_index":3,"dag_id":"conab_ingestion","run_id":"scheduled__2026-07-13T03:00:00+00:00","try_number":1,"filename":"ingest.py","lineno":54}
{"timestamp":"2026-07-13T22:57:01.002798Z","level":"info","event":"Catálogo configurado — URI=https://catalog.cloudflarestorage.com/515e2015338845cbadff913ac19d97a0/agrodata | warehouse=515e2015338845cbadff913ac19d97a0_agrodata | token=cfat_GNL…2c11","logger":"spark.ingest","task_id":"carregar","ti_id":"019f5db2-9dc8-7ab9-89d1-dd47dd2d773c","map_index":3,"dag_id":"conab_ingestion","run_id":"scheduled__2026-07-13T03:00:00+00:00","try_number":1,"filename":"ingest.py","lineno":75}
{"timestamp":"2026-07-13T22:57:02.047334Z","level":"error","event":"WARNING: Using incubator modules: jdk.incubator.vector","logger":"task.stderr"}
{"timestamp":"2026-07-13T22:57:21.749683Z","level":"error","event":"26/07/13 22:57:21 WARN NativeCodeLoader: Unable to load native-hadoop library for your platform... using builtin-java classes where applicable","logger":"task.stderr"}
{"timestamp":"2026-07-13T22:57:23.093726Z","level":"error","event":"Using Spark's default log4j profile: org/apache/spark/log4j2-defaults.properties","logger":"task.stderr"}
{"timestamp":"2026-07-13T22:57:23.097122Z","level":"error","event":"Setting default log level to \"WARN\".","logger":"task.stderr"}
{"timestamp":"2026-07-13T22:57:23.101552Z","level":"error","event":"To adjust logging level use sc.setLogLevel(newLevel). For SparkR, use setLogLevel(newLevel).","logger":"task.stderr"}
{"timestamp":"2026-07-13T22:57:56.384564Z","level":"error","event":"26/07/13 22:57:56 ERROR Inbox: Ignoring error","logger":"task.stderr"}
{"timestamp":"2026-07-13T22:57:56.385750Z","level":"error","event":"java.lang.NullPointerException: Cannot invoke \"org.apache.spark.storage.BlockManagerId.executorId()\" because \"idWithoutTopologyInfo\" is null","logger":"task.stderr"}
{"timestamp":"2026-07-13T22:57:56.397910Z","level":"error","event":"\tat org.apache.spark.storage.BlockManagerMasterEndpoint.org$apache$spark$storage$BlockManagerMasterEndpoint$$register(BlockManagerMasterEndpoint.scala:696)","logger":"task.stderr"}
{"timestamp":"2026-07-13T22:57:56.401823Z","level":"error","event":"\tat org.apache.spark.storage.BlockManagerMasterEndpoint$$anonfun$receiveAndReply$1.applyOrElse(BlockManagerMasterEndpoint.scala:141)","logger":"task.stderr"}
{"timestamp":"2026-07-13T22:57:56.410117Z","level":"error","event":"\tat org.apache.spark.rpc.netty.Inbox.$anonfun$process$1(Inbox.scala:104)","logger":"task.stderr"}
{"timestamp":"2026-07-13T22:57:56.416530Z","level":"error","event":"\tat org.apache.spark.rpc.netty.Inbox.safelyCall(Inbox.scala:216)","logger":"task.stderr"}
{"timestamp":"2026-07-13T22:57:56.418509Z","level":"error","event":"\tat org.apache.spark.rpc.netty.Inbox.process(Inbox.scala:101)","logger":"task.stderr"}
{"timestamp":"2026-07-13T22:57:56.421058Z","level":"error","event":"\tat org.apache.spark.rpc.netty.MessageLoop.org$apache$spark$rpc$netty$MessageLoop$$receiveLoop(MessageLoop.scala:76)","logger":"task.stderr"}
{"timestamp":"2026-07-13T22:57:56.425519Z","level":"error","event":"\tat org.apache.spark.rpc.netty.MessageLoop$$anon$1.run(MessageLoop.scala:42)","logger":"task.stderr"}
{"timestamp":"2026-07-13T22:57:56.427831Z","level":"error","event":"\tat java.base/java.util.concurrent.ThreadPoolExecutor.runWorker(ThreadPoolExecutor.java:1136)","logger":"task.stderr"}
{"timestamp":"2026-07-13T22:57:56.435765Z","level":"error","event":"\tat java.base/java.util.concurrent.ThreadPoolExecutor$Worker.run(ThreadPoolExecutor.java:635)","logger":"task.stderr"}
{"timestamp":"2026-07-13T22:57:56.441322Z","level":"error","event":"\tat java.base/java.lang.Thread.run(Thread.java:840)","logger":"task.stderr"}
{"timestamp":"2026-07-13T22:57:56.444804Z","level":"error","event":"26/07/13 22:57:56 WARN Executor: Issue communicating with driver in heartbeater","logger":"task.stderr"}
{"timestamp":"2026-07-13T22:57:56.452343Z","level":"error","event":"org.apache.spark.SparkException: Exception thrown in awaitResult:","logger":"task.stderr"}
{"timestamp":"2026-07-13T22:57:56.463081Z","level":"error","event":"\tat org.apache.spark.util.SparkThreadUtils$.awaitResult(SparkThreadUtils.scala:53)","logger":"task.stderr"}
{"timestamp":"2026-07-13T22:57:56.467583Z","level":"error","event":"\tat org.apache.spark.util.ThreadUtils$.awaitResult(ThreadUtils.scala:359)","logger":"task.stderr"}
{"timestamp":"2026-07-13T22:57:56.474578Z","level":"error","event":"\tat org.apache.spark.rpc.RpcTimeout.awaitResult(RpcTimeout.scala:75)","logger":"task.stderr"}
{"timestamp":"2026-07-13T22:57:56.482138Z","level":"error","event":"\tat org.apache.spark.rpc.RpcEndpointRef.askSync(RpcEndpointRef.scala:101)","logger":"task.stderr"}
{"timestamp":"2026-07-13T22:57:56.487632Z","level":"error","event":"\tat org.apache.spark.rpc.RpcEndpointRef.askSync(RpcEndpointRef.scala:85)","logger":"task.stderr"}
{"timestamp":"2026-07-13T22:57:56.493702Z","level":"error","event":"\tat org.apache.spark.storage.BlockManagerMaster.registerBlockManager(BlockManagerMaster.scala:81)","logger":"task.stderr"}
{"timestamp":"2026-07-13T22:57:56.500422Z","level":"error","event":"\tat org.apache.spark.storage.BlockManager.reregister(BlockManager.scala:674)","logger":"task.stderr"}
{"timestamp":"2026-07-13T22:57:56.507825Z","level":"error","event":"\tat org.apache.spark.executor.Executor.reportHeartBeat(Executor.scala:1530)","logger":"task.stderr"}
{"timestamp":"2026-07-13T22:57:56.509724Z","level":"error","event":"\tat org.apache.spark.executor.Executor.$anonfun$heartbeater$1(Executor.scala:483)","logger":"task.stderr"}
{"timestamp":"2026-07-13T22:57:56.517722Z","level":"error","event":"\tat scala.runtime.java8.JFunction0$mcV$sp.apply(JFunction0$mcV$sp.scala:18)","logger":"task.stderr"}
{"timestamp":"2026-07-13T22:57:56.525482Z","level":"error","event":"\tat org.apache.spark.util.Utils$.logUncaughtExceptions(Utils.scala:1941)","logger":"task.stderr"}
{"timestamp":"2026-07-13T22:57:56.527986Z","level":"error","event":"\tat org.apache.spark.Heartbeater$$anon$1.run(Heartbeater.scala:46)","logger":"task.stderr"}
{"timestamp":"2026-07-13T22:57:56.530514Z","level":"error","event":"\tat java.base/java.util.concurrent.Executors$RunnableAdapter.call(Executors.java:539)","logger":"task.stderr"}
{"timestamp":"2026-07-13T22:57:56.532610Z","level":"error","event":"\tat java.base/java.util.concurrent.FutureTask.runAndReset(FutureTask.java:305)","logger":"task.stderr"}
{"timestamp":"2026-07-13T22:57:56.534150Z","level":"error","event":"\tat java.base/java.util.concurrent.ScheduledThreadPoolExecutor$ScheduledFutureTask.run(ScheduledThreadPoolExecutor.java:305)","logger":"task.stderr"}
{"timestamp":"2026-07-13T22:57:56.539781Z","level":"error","event":"\tat java.base/java.util.concurrent.ThreadPoolExecutor.runWorker(ThreadPoolExecutor.java:1136)","logger":"task.stderr"}
{"timestamp":"2026-07-13T22:57:56.542920Z","level":"error","event":"\tat java.base/java.util.concurrent.ThreadPoolExecutor$Worker.run(ThreadPoolExecutor.java:635)","logger":"task.stderr"}
{"timestamp":"2026-07-13T22:57:56.556025Z","level":"error","event":"\tat java.base/java.lang.Thread.run(Thread.java:840)","logger":"task.stderr"}
{"timestamp":"2026-07-13T22:57:56.563541Z","level":"error","event":"Caused by: java.lang.NullPointerException: Cannot invoke \"org.apache.spark.storage.BlockManagerId.executorId()\" because \"idWithoutTopologyInfo\" is null","logger":"task.stderr"}
{"timestamp":"2026-07-13T22:57:56.567849Z","level":"error","event":"\tat org.apache.spark.storage.BlockManagerMasterEndpoint.org$apache$spark$storage$BlockManagerMasterEndpoint$$register(BlockManagerMasterEndpoint.scala:696)","logger":"task.stderr"}
{"timestamp":"2026-07-13T22:57:56.573141Z","level":"error","event":"\tat org.apache.spark.storage.BlockManagerMasterEndpoint$$anonfun$receiveAndReply$1.applyOrElse(BlockManagerMasterEndpoint.scala:141)","logger":"task.stderr"}
{"timestamp":"2026-07-13T22:57:56.576537Z","level":"error","event":"\tat org.apache.spark.rpc.netty.Inbox.$anonfun$process$1(Inbox.scala:104)","logger":"task.stderr"}
{"timestamp":"2026-07-13T22:57:56.579163Z","level":"error","event":"\tat org.apache.spark.rpc.netty.Inbox.safelyCall(Inbox.scala:216)","logger":"task.stderr"}
{"timestamp":"2026-07-13T22:57:56.581988Z","level":"error","event":"\tat org.apache.spark.rpc.netty.Inbox.process(Inbox.scala:101)","logger":"task.stderr"}
{"timestamp":"2026-07-13T22:57:56.585342Z","level":"error","event":"\tat org.apache.spark.rpc.netty.MessageLoop.org$apache$spark$rpc$netty$MessageLoop$$receiveLoop(MessageLoop.scala:76)","logger":"task.stderr"}
{"timestamp":"2026-07-13T22:57:56.588639Z","level":"error","event":"\tat org.apache.spark.rpc.netty.MessageLoop$$anon$1.run(MessageLoop.scala:42)","logger":"task.stderr"}
{"timestamp":"2026-07-13T22:57:56.591466Z","level":"error","event":"\t... 3 more","logger":"task.stderr"}
{"timestamp":"2026-07-13T23:00:24.291584Z","level":"info","event":"Done. Returned value was: None","task_id":"carregar","ti_id":"019f5db2-9dc8-7ab9-89d1-dd47dd2d773c","map_index":3,"dag_id":"conab_ingestion","run_id":"scheduled__2026-07-13T03:00:00+00:00","try_number":1,"logger":"airflow.task.operators.airflow.providers.standard.decorators.python._PythonDecoratedOperator","filename":"python.py","lineno":233}
{"timestamp":"2026-07-13T23:00:24.406777Z","level":"info","event":"::group::Post Execute","task_id":"carregar","ti_id":"019f5db2-9dc8-7ab9-89d1-dd47dd2d773c","map_index":3,"dag_id":"conab_ingestion","run_id":"scheduled__2026-07-13T03:00:00+00:00","try_number":1,"logger":"task","filename":"task_runner.py","lineno":1577}
{"timestamp":"2026-07-13T23:00:26.822507Z","level":"info","event":"::endgroup::","task_id":"carregar","ti_id":"019f5db2-9dc8-7ab9-89d1-dd47dd2d773c","map_index":3,"dag_id":"conab_ingestion","run_id":"scheduled__2026-07-13T03:00:00+00:00","try_number":1,"logger":"task","filename":"task_runner.py","lineno":2270}
{"timestamp":"2026-07-13T23:00:27.509649Z","level":"error","event":"\r[Stage 0:>                                                          (0 + 0) / 1]\r\r[Stage 0:>                                                          (0 + 1) / 1]\r\r                                                                                \r\r[Stage 1:>                                                          (0 + 1) / 1]\r\r                                                                                \r\r[Stage 2:>                                                          (0 + 0) / 1]\r\r[Stage 2:>                                                          (0 + 1) / 1]\r\r                                                                                \r\r[Stage 4:>                                                          (0 + 1) / 1]","logger":"task.stderr"}
