{"timestamp":"2026-07-13T17:13:42.567249Z","level":"info","event":"::group::Pre Execute","logger":"task","filename":"task_runner.py","lineno":2303}
{"timestamp":"2026-07-13T17:13:42.824060Z","level":"info","event":"DAG bundles loaded: dags-folder","try_number":1,"map_index":5,"task_id":"carregar","ti_id":"019f5c78-65e3-7664-a09d-c04f0fa62a87","run_id":"scheduled__2026-07-13T03:00:00+00:00","dag_id":"conab_ingestion","logger":"airflow.dag_processing.bundles.manager.DagBundlesManager","filename":"manager.py","lineno":271}
{"timestamp":"2026-07-13T17:13:42.831175Z","level":"info","event":"Filling up the DagBag from /opt/airflow/dags/conab_ingestion.py","try_number":1,"map_index":5,"task_id":"carregar","ti_id":"019f5c78-65e3-7664-a09d-c04f0fa62a87","run_id":"scheduled__2026-07-13T03:00:00+00:00","dag_id":"conab_ingestion","logger":"airflow.dag_processing.dagbag.BundleDagBag","filename":"dagbag.py","lineno":460}
{"timestamp":"2026-07-13T17:13:44.651067Z","level":"warning","event":"The `airflow.decorators.dag` attribute is deprecated. Please use `'airflow.sdk.dag'`.","category":"UserWarning","filename":"/opt/airflow/dags/conab_ingestion.py","lineno":17,"try_number":1,"map_index":5,"task_id":"carregar","ti_id":"019f5c78-65e3-7664-a09d-c04f0fa62a87","run_id":"scheduled__2026-07-13T03:00:00+00:00","dag_id":"conab_ingestion","logger":"py.warnings"}
{"timestamp":"2026-07-13T17:13:44.651551Z","level":"warning","event":"The `airflow.decorators.task` attribute is deprecated. Please use `'airflow.sdk.task'`.","category":"UserWarning","filename":"/opt/airflow/dags/conab_ingestion.py","lineno":17,"try_number":1,"map_index":5,"task_id":"carregar","ti_id":"019f5c78-65e3-7664-a09d-c04f0fa62a87","run_id":"scheduled__2026-07-13T03:00:00+00:00","dag_id":"conab_ingestion","logger":"py.warnings"}
{"timestamp":"2026-07-13T17:13:44.656470Z","level":"info","event":"Worker startup parse complete","bundle_name":"dags-folder","bundle_version":null,"dag_file":"conab_ingestion.py","dag_id":"conab_ingestion","bundle_prepare_ms":8,"dag_file_parse_ms":1825,"try_number":1,"map_index":5,"task_id":"carregar","ti_id":"019f5c78-65e3-7664-a09d-c04f0fa62a87","run_id":"scheduled__2026-07-13T03:00:00+00:00","logger":"task","filename":"task_runner.py","lineno":1062}
{"timestamp":"2026-07-13T17:13:45.107910Z","level":"info","event":"::endgroup::","try_number":1,"map_index":5,"task_id":"carregar","ti_id":"019f5c78-65e3-7664-a09d-c04f0fa62a87","run_id":"scheduled__2026-07-13T03:00:00+00:00","dag_id":"conab_ingestion","logger":"task","filename":"task_runner.py","lineno":2107}
{"timestamp":"2026-07-13T17:13:45.124454Z","level":"info","event":"Carregado .env de: /opt/airflow/dags/spark/.env","logger":"spark.ingest","try_number":1,"map_index":5,"task_id":"carregar","ti_id":"019f5c78-65e3-7664-a09d-c04f0fa62a87","run_id":"scheduled__2026-07-13T03:00:00+00:00","dag_id":"conab_ingestion","filename":"ingest.py","lineno":55}
{"timestamp":"2026-07-13T17:13:45.125005Z","level":"info","event":"Catálogo configurado — URI=https://catalog.cloudflarestorage.com/515e2015338845cbadff913ac19d97a0/agrodata | warehouse=515e2015338845cbadff913ac19d97a0_agrodata | token=cfat_GNL…2c11","logger":"spark.ingest","try_number":1,"map_index":5,"task_id":"carregar","ti_id":"019f5c78-65e3-7664-a09d-c04f0fa62a87","run_id":"scheduled__2026-07-13T03:00:00+00:00","dag_id":"conab_ingestion","filename":"ingest.py","lineno":76}
{"timestamp":"2026-07-13T17:13:48.923323Z","level":"error","event":"WARNING: Using incubator modules: jdk.incubator.vector","logger":"task.stderr"}
{"timestamp":"2026-07-13T17:14:09.174612Z","level":"error","event":"26/07/13 17:14:09 WARN NativeCodeLoader: Unable to load native-hadoop library for your platform... using builtin-java classes where applicable","logger":"task.stderr"}
{"timestamp":"2026-07-13T17:14:09.986566Z","level":"error","event":"Using Spark's default log4j profile: org/apache/spark/log4j2-defaults.properties","logger":"task.stderr"}
{"timestamp":"2026-07-13T17:14:09.991881Z","level":"error","event":"Setting default log level to \"WARN\".","logger":"task.stderr"}
{"timestamp":"2026-07-13T17:14:09.993369Z","level":"error","event":"To adjust logging level use sc.setLogLevel(newLevel). For SparkR, use setLogLevel(newLevel).","logger":"task.stderr"}
{"timestamp":"2026-07-13T17:17:01.642730Z","level":"info","event":"Done. Returned value was: None","try_number":1,"map_index":5,"task_id":"carregar","ti_id":"019f5c78-65e3-7664-a09d-c04f0fa62a87","run_id":"scheduled__2026-07-13T03:00:00+00:00","dag_id":"conab_ingestion","logger":"airflow.task.operators.airflow.providers.standard.decorators.python._PythonDecoratedOperator","filename":"python.py","lineno":233}
{"timestamp":"2026-07-13T17:17:01.643385Z","level":"info","event":"::group::Post Execute","try_number":1,"map_index":5,"task_id":"carregar","ti_id":"019f5c78-65e3-7664-a09d-c04f0fa62a87","run_id":"scheduled__2026-07-13T03:00:00+00:00","dag_id":"conab_ingestion","logger":"task","filename":"task_runner.py","lineno":1577}
{"timestamp":"2026-07-13T17:17:01.769944Z","level":"info","event":"::endgroup::","try_number":1,"map_index":5,"task_id":"carregar","ti_id":"019f5c78-65e3-7664-a09d-c04f0fa62a87","run_id":"scheduled__2026-07-13T03:00:00+00:00","dag_id":"conab_ingestion","logger":"task","filename":"task_runner.py","lineno":2270}
{"timestamp":"2026-07-13T17:17:02.918942Z","level":"error","event":"\r[Stage 0:>                                                          (0 + 0) / 1]\r\r[Stage 0:>                                                          (0 + 1) / 1]\r\r                                                                                \r\r[Stage 1:>                                                          (0 + 1) / 1]\r\r                                                                                \r\r[Stage 2:>                                                          (0 + 1) / 1]\r\r                                                                                \r\r[Stage 4:>                                                          (0 + 1) / 1]","logger":"task.stderr"}
{"timestamp":"2026-07-13T22:52:07.626387Z","level":"info","event":"::group::Pre Execute","logger":"task","filename":"task_runner.py","lineno":2303}
{"timestamp":"2026-07-13T22:52:07.891522Z","level":"info","event":"DAG bundles loaded: dags-folder","try_number":1,"dag_id":"conab_ingestion","ti_id":"019f5dae-3ad9-7609-90a7-19082626789f","task_id":"carregar","map_index":5,"run_id":"scheduled__2026-07-13T03:00:00+00:00","logger":"airflow.dag_processing.bundles.manager.DagBundlesManager","filename":"manager.py","lineno":271}
{"timestamp":"2026-07-13T22:52:07.896295Z","level":"info","event":"Filling up the DagBag from /opt/airflow/dags/conab_ingestion.py","try_number":1,"dag_id":"conab_ingestion","ti_id":"019f5dae-3ad9-7609-90a7-19082626789f","task_id":"carregar","map_index":5,"run_id":"scheduled__2026-07-13T03:00:00+00:00","logger":"airflow.dag_processing.dagbag.BundleDagBag","filename":"dagbag.py","lineno":460}
{"timestamp":"2026-07-13T22:52:09.393271Z","level":"warning","event":"The `airflow.decorators.dag` attribute is deprecated. Please use `'airflow.sdk.dag'`.","category":"UserWarning","filename":"/opt/airflow/dags/conab_ingestion.py","lineno":17,"try_number":1,"dag_id":"conab_ingestion","ti_id":"019f5dae-3ad9-7609-90a7-19082626789f","task_id":"carregar","map_index":5,"run_id":"scheduled__2026-07-13T03:00:00+00:00","logger":"py.warnings"}
{"timestamp":"2026-07-13T22:52:09.394113Z","level":"warning","event":"The `airflow.decorators.task` attribute is deprecated. Please use `'airflow.sdk.task'`.","category":"UserWarning","filename":"/opt/airflow/dags/conab_ingestion.py","lineno":17,"try_number":1,"dag_id":"conab_ingestion","ti_id":"019f5dae-3ad9-7609-90a7-19082626789f","task_id":"carregar","map_index":5,"run_id":"scheduled__2026-07-13T03:00:00+00:00","logger":"py.warnings"}
{"timestamp":"2026-07-13T22:52:09.398048Z","level":"info","event":"Worker startup parse complete","bundle_name":"dags-folder","bundle_version":null,"dag_file":"conab_ingestion.py","dag_id":"conab_ingestion","bundle_prepare_ms":6,"dag_file_parse_ms":1501,"try_number":1,"ti_id":"019f5dae-3ad9-7609-90a7-19082626789f","task_id":"carregar","map_index":5,"run_id":"scheduled__2026-07-13T03:00:00+00:00","logger":"task","filename":"task_runner.py","lineno":1062}
{"timestamp":"2026-07-13T22:52:09.565864Z","level":"info","event":"::endgroup::","try_number":1,"dag_id":"conab_ingestion","ti_id":"019f5dae-3ad9-7609-90a7-19082626789f","task_id":"carregar","map_index":5,"run_id":"scheduled__2026-07-13T03:00:00+00:00","logger":"task","filename":"task_runner.py","lineno":2107}
{"timestamp":"2026-07-13T22:52:09.575897Z","level":"info","event":"Carregado .env de: /opt/airflow/dags/spark/.env","logger":"spark.ingest","try_number":1,"dag_id":"conab_ingestion","ti_id":"019f5dae-3ad9-7609-90a7-19082626789f","task_id":"carregar","map_index":5,"run_id":"scheduled__2026-07-13T03:00:00+00:00","filename":"ingest.py","lineno":54}
{"timestamp":"2026-07-13T22:52:09.576301Z","level":"info","event":"Catálogo configurado — URI=https://catalog.cloudflarestorage.com/515e2015338845cbadff913ac19d97a0/agrodata | warehouse=515e2015338845cbadff913ac19d97a0_agrodata | token=cfat_GNL…2c11","logger":"spark.ingest","try_number":1,"dag_id":"conab_ingestion","ti_id":"019f5dae-3ad9-7609-90a7-19082626789f","task_id":"carregar","map_index":5,"run_id":"scheduled__2026-07-13T03:00:00+00:00","filename":"ingest.py","lineno":75}
{"timestamp":"2026-07-13T22:52:10.071827Z","level":"error","event":"WARNING: Using incubator modules: jdk.incubator.vector","logger":"task.stderr"}
{"timestamp":"2026-07-13T22:52:27.257425Z","level":"error","event":"26/07/13 22:52:27 WARN NativeCodeLoader: Unable to load native-hadoop library for your platform... using builtin-java classes where applicable","logger":"task.stderr"}
{"timestamp":"2026-07-13T22:52:28.557604Z","level":"error","event":"Using Spark's default log4j profile: org/apache/spark/log4j2-defaults.properties","logger":"task.stderr"}
{"timestamp":"2026-07-13T22:52:28.562176Z","level":"error","event":"Setting default log level to \"WARN\".","logger":"task.stderr"}
{"timestamp":"2026-07-13T22:52:28.569976Z","level":"error","event":"To adjust logging level use sc.setLogLevel(newLevel). For SparkR, use setLogLevel(newLevel).","logger":"task.stderr"}
{"timestamp":"2026-07-13T22:52:54.436249Z","level":"error","event":"Server indicated the task shouldn't be running anymore. Terminating process","detail":{"reason":"not_found","message":"Task Instance not found"},"logger":"task"}
{"timestamp":"2026-07-13T22:53:01.221935Z","level":"error","event":"Task killed!","logger":"task"}
{"timestamp":"2026-07-13T22:56:55.090382Z","level":"info","event":"::group::Pre Execute","logger":"task","filename":"task_runner.py","lineno":2303}
{"timestamp":"2026-07-13T22:56:55.233640Z","level":"info","event":"DAG bundles loaded: dags-folder","ti_id":"019f5db2-9dcb-7edd-a3a6-587aac8cb1b3","task_id":"carregar","map_index":5,"dag_id":"conab_ingestion","try_number":1,"run_id":"scheduled__2026-07-13T03:00:00+00:00","logger":"airflow.dag_processing.bundles.manager.DagBundlesManager","filename":"manager.py","lineno":271}
{"timestamp":"2026-07-13T22:56:55.235438Z","level":"info","event":"Filling up the DagBag from /opt/airflow/dags/conab_ingestion.py","ti_id":"019f5db2-9dcb-7edd-a3a6-587aac8cb1b3","task_id":"carregar","map_index":5,"dag_id":"conab_ingestion","try_number":1,"run_id":"scheduled__2026-07-13T03:00:00+00:00","logger":"airflow.dag_processing.dagbag.BundleDagBag","filename":"dagbag.py","lineno":460}
{"timestamp":"2026-07-13T22:56:56.447843Z","level":"warning","event":"The `airflow.decorators.dag` attribute is deprecated. Please use `'airflow.sdk.dag'`.","category":"UserWarning","filename":"/opt/airflow/dags/conab_ingestion.py","lineno":17,"ti_id":"019f5db2-9dcb-7edd-a3a6-587aac8cb1b3","task_id":"carregar","map_index":5,"dag_id":"conab_ingestion","try_number":1,"run_id":"scheduled__2026-07-13T03:00:00+00:00","logger":"py.warnings"}
{"timestamp":"2026-07-13T22:56:56.448101Z","level":"warning","event":"The `airflow.decorators.task` attribute is deprecated. Please use `'airflow.sdk.task'`.","category":"UserWarning","filename":"/opt/airflow/dags/conab_ingestion.py","lineno":17,"ti_id":"019f5db2-9dcb-7edd-a3a6-587aac8cb1b3","task_id":"carregar","map_index":5,"dag_id":"conab_ingestion","try_number":1,"run_id":"scheduled__2026-07-13T03:00:00+00:00","logger":"py.warnings"}
{"timestamp":"2026-07-13T22:56:56.451384Z","level":"info","event":"Worker startup parse complete","bundle_name":"dags-folder","bundle_version":null,"dag_file":"conab_ingestion.py","dag_id":"conab_ingestion","bundle_prepare_ms":3,"dag_file_parse_ms":1216,"ti_id":"019f5db2-9dcb-7edd-a3a6-587aac8cb1b3","task_id":"carregar","map_index":5,"try_number":1,"run_id":"scheduled__2026-07-13T03:00:00+00:00","logger":"task","filename":"task_runner.py","lineno":1062}
{"timestamp":"2026-07-13T22:56:56.637963Z","level":"info","event":"::endgroup::","ti_id":"019f5db2-9dcb-7edd-a3a6-587aac8cb1b3","task_id":"carregar","map_index":5,"dag_id":"conab_ingestion","try_number":1,"run_id":"scheduled__2026-07-13T03:00:00+00:00","logger":"task","filename":"task_runner.py","lineno":2107}
{"timestamp":"2026-07-13T22:56:56.658917Z","level":"info","event":"Carregado .env de: /opt/airflow/dags/spark/.env","logger":"spark.ingest","ti_id":"019f5db2-9dcb-7edd-a3a6-587aac8cb1b3","task_id":"carregar","map_index":5,"dag_id":"conab_ingestion","try_number":1,"run_id":"scheduled__2026-07-13T03:00:00+00:00","filename":"ingest.py","lineno":54}
{"timestamp":"2026-07-13T22:56:56.660082Z","level":"info","event":"Catálogo configurado — URI=https://catalog.cloudflarestorage.com/515e2015338845cbadff913ac19d97a0/agrodata | warehouse=515e2015338845cbadff913ac19d97a0_agrodata | token=cfat_GNL…2c11","logger":"spark.ingest","ti_id":"019f5db2-9dcb-7edd-a3a6-587aac8cb1b3","task_id":"carregar","map_index":5,"dag_id":"conab_ingestion","try_number":1,"run_id":"scheduled__2026-07-13T03:00:00+00:00","filename":"ingest.py","lineno":75}
{"timestamp":"2026-07-13T22:57:00.765806Z","level":"error","event":"WARNING: Using incubator modules: jdk.incubator.vector","logger":"task.stderr"}
{"timestamp":"2026-07-13T22:57:15.291934Z","level":"error","event":"26/07/13 22:57:15 WARN NativeCodeLoader: Unable to load native-hadoop library for your platform... using builtin-java classes where applicable","logger":"task.stderr"}
{"timestamp":"2026-07-13T22:57:16.906692Z","level":"error","event":"Using Spark's default log4j profile: org/apache/spark/log4j2-defaults.properties","logger":"task.stderr"}
{"timestamp":"2026-07-13T22:57:17.136916Z","level":"error","event":"Setting default log level to \"WARN\".","logger":"task.stderr"}
{"timestamp":"2026-07-13T22:57:17.165328Z","level":"error","event":"To adjust logging level use sc.setLogLevel(newLevel). For SparkR, use setLogLevel(newLevel).","logger":"task.stderr"}
{"timestamp":"2026-07-13T22:57:56.241636Z","level":"error","event":"26/07/13 22:57:56 ERROR Inbox: Ignoring error","logger":"task.stderr"}
{"timestamp":"2026-07-13T22:57:56.253216Z","level":"error","event":"org.apache.spark.SparkException: Exception thrown in awaitResult:","logger":"task.stderr"}
{"timestamp":"2026-07-13T22:57:56.260335Z","level":"error","event":"\tat org.apache.spark.util.SparkThreadUtils$.awaitResult(SparkThreadUtils.scala:53)","logger":"task.stderr"}
{"timestamp":"2026-07-13T22:57:56.262699Z","level":"error","event":"\tat org.apache.spark.util.ThreadUtils$.awaitResult(ThreadUtils.scala:359)","logger":"task.stderr"}
{"timestamp":"2026-07-13T22:57:56.296108Z","level":"error","event":"\tat org.apache.spark.rpc.RpcTimeout.awaitResult(RpcTimeout.scala:75)","logger":"task.stderr"}
{"timestamp":"2026-07-13T22:57:56.300559Z","level":"error","event":"\tat org.apache.spark.rpc.RpcEnv.setupEndpointRefByURI(RpcEnv.scala:102)","logger":"task.stderr"}
{"timestamp":"2026-07-13T22:57:56.302623Z","level":"error","event":"\tat org.apache.spark.rpc.RpcEnv.setupEndpointRef(RpcEnv.scala:110)","logger":"task.stderr"}
{"timestamp":"2026-07-13T22:57:56.305160Z","level":"error","event":"\tat org.apache.spark.util.RpcUtils$.makeDriverRef(RpcUtils.scala:36)","logger":"task.stderr"}
{"timestamp":"2026-07-13T22:57:56.306490Z","level":"error","event":"\tat org.apache.spark.storage.BlockManagerMasterEndpoint.driverEndpoint$lzycompute(BlockManagerMasterEndpoint.scala:132)","logger":"task.stderr"}
{"timestamp":"2026-07-13T22:57:56.310953Z","level":"error","event":"\tat org.apache.spark.storage.BlockManagerMasterEndpoint.org$apache$spark$storage$BlockManagerMasterEndpoint$$driverEndpoint(BlockManagerMasterEndpoint.scala:131)","logger":"task.stderr"}
{"timestamp":"2026-07-13T22:57:56.313678Z","level":"error","event":"\tat org.apache.spark.storage.BlockManagerMasterEndpoint.isExecutorAlive$lzycompute$1(BlockManagerMasterEndpoint.scala:707)","logger":"task.stderr"}
{"timestamp":"2026-07-13T22:57:56.315108Z","level":"error","event":"\tat org.apache.spark.storage.BlockManagerMasterEndpoint.isExecutorAlive$1(BlockManagerMasterEndpoint.scala:706)","logger":"task.stderr"}
{"timestamp":"2026-07-13T22:57:56.323528Z","level":"error","event":"\tat org.apache.spark.storage.BlockManagerMasterEndpoint.org$apache$spark$storage$BlockManagerMasterEndpoint$$register(BlockManagerMasterEndpoint.scala:746)","logger":"task.stderr"}
{"timestamp":"2026-07-13T22:57:56.328745Z","level":"error","event":"\tat org.apache.spark.storage.BlockManagerMasterEndpoint$$anonfun$receiveAndReply$1.applyOrElse(BlockManagerMasterEndpoint.scala:141)","logger":"task.stderr"}
{"timestamp":"2026-07-13T22:57:56.330216Z","level":"error","event":"\tat org.apache.spark.rpc.netty.Inbox.$anonfun$process$1(Inbox.scala:104)","logger":"task.stderr"}
{"timestamp":"2026-07-13T22:57:56.333151Z","level":"error","event":"\tat org.apache.spark.rpc.netty.Inbox.safelyCall(Inbox.scala:216)","logger":"task.stderr"}
{"timestamp":"2026-07-13T22:57:56.340159Z","level":"error","event":"\tat org.apache.spark.rpc.netty.Inbox.process(Inbox.scala:101)","logger":"task.stderr"}
{"timestamp":"2026-07-13T22:57:56.352560Z","level":"error","event":"\tat org.apache.spark.rpc.netty.MessageLoop.org$apache$spark$rpc$netty$MessageLoop$$receiveLoop(MessageLoop.scala:76)","logger":"task.stderr"}
{"timestamp":"2026-07-13T22:57:56.363390Z","level":"error","event":"\tat org.apache.spark.rpc.netty.MessageLoop$$anon$1.run(MessageLoop.scala:42)","logger":"task.stderr"}
{"timestamp":"2026-07-13T22:57:56.364905Z","level":"error","event":"\tat java.base/java.util.concurrent.ThreadPoolExecutor.runWorker(ThreadPoolExecutor.java:1136)","logger":"task.stderr"}
{"timestamp":"2026-07-13T22:57:56.366067Z","level":"error","event":"\tat java.base/java.util.concurrent.ThreadPoolExecutor$Worker.run(ThreadPoolExecutor.java:635)","logger":"task.stderr"}
{"timestamp":"2026-07-13T22:57:56.367215Z","level":"error","event":"\tat java.base/java.lang.Thread.run(Thread.java:840)","logger":"task.stderr"}
{"timestamp":"2026-07-13T22:57:56.368247Z","level":"error","event":"Caused by: org.apache.spark.rpc.RpcEndpointNotFoundException: Cannot find endpoint: spark://CoarseGrainedScheduler@127.0.0.1:34845","logger":"task.stderr"}
{"timestamp":"2026-07-13T22:57:56.371175Z","level":"error","event":"\tat org.apache.spark.rpc.netty.NettyRpcEnv.$anonfun$asyncSetupEndpointRefByURI$1(NettyRpcEnv.scala:151)","logger":"task.stderr"}
{"timestamp":"2026-07-13T22:57:56.372652Z","level":"error","event":"\tat org.apache.spark.rpc.netty.NettyRpcEnv.$anonfun$asyncSetupEndpointRefByURI$1$adapted(NettyRpcEnv.scala:147)","logger":"task.stderr"}
{"timestamp":"2026-07-13T22:57:56.373739Z","level":"error","event":"\tat scala.concurrent.impl.Promise$Transformation.run(Promise.scala:503)","logger":"task.stderr"}
{"timestamp":"2026-07-13T22:57:56.379364Z","level":"error","event":"\tat org.apache.spark.util.ThreadUtils$$anon$1.execute(ThreadUtils.scala:99)","logger":"task.stderr"}
{"timestamp":"2026-07-13T22:57:56.380668Z","level":"error","event":"\tat scala.concurrent.impl.ExecutionContextImpl.execute(ExecutionContextImpl.scala:21)","logger":"task.stderr"}
{"timestamp":"2026-07-13T22:57:56.381799Z","level":"error","event":"\tat scala.concurrent.impl.Promise$Transformation.submitWithValue(Promise.scala:462)","logger":"task.stderr"}
{"timestamp":"2026-07-13T22:57:56.382793Z","level":"error","event":"\tat scala.concurrent.impl.Promise$DefaultPromise.submitWithValue(Promise.scala:371)","logger":"task.stderr"}
{"timestamp":"2026-07-13T22:57:56.383867Z","level":"error","event":"\tat scala.concurrent.impl.Promise$DefaultPromise.dispatchOrAddCallbacks(Promise.scala:322)","logger":"task.stderr"}
{"timestamp":"2026-07-13T22:57:56.384736Z","level":"error","event":"\tat scala.concurrent.impl.Promise$DefaultPromise.flatMap(Promise.scala:176)","logger":"task.stderr"}
{"timestamp":"2026-07-13T22:57:56.395827Z","level":"error","event":"\tat org.apache.spark.rpc.netty.NettyRpcEnv.asyncSetupEndpointRefByURI(NettyRpcEnv.scala:153)","logger":"task.stderr"}
{"timestamp":"2026-07-13T22:57:56.398850Z","level":"error","event":"\t... 17 more","logger":"task.stderr"}
{"timestamp":"2026-07-13T22:57:56.403085Z","level":"error","event":"26/07/13 22:57:56 WARN Executor: Issue communicating with driver in heartbeater","logger":"task.stderr"}
{"timestamp":"2026-07-13T22:57:56.407589Z","level":"error","event":"org.apache.spark.SparkException: Exception thrown in awaitResult:","logger":"task.stderr"}
{"timestamp":"2026-07-13T22:57:56.415378Z","level":"error","event":"\tat org.apache.spark.util.SparkThreadUtils$.awaitResult(SparkThreadUtils.scala:53)","logger":"task.stderr"}
{"timestamp":"2026-07-13T22:57:56.416627Z","level":"error","event":"\tat org.apache.spark.util.ThreadUtils$.awaitResult(ThreadUtils.scala:359)","logger":"task.stderr"}
{"timestamp":"2026-07-13T22:57:56.417508Z","level":"error","event":"\tat org.apache.spark.rpc.RpcTimeout.awaitResult(RpcTimeout.scala:75)","logger":"task.stderr"}
{"timestamp":"2026-07-13T22:57:56.418319Z","level":"error","event":"\tat org.apache.spark.rpc.RpcEndpointRef.askSync(RpcEndpointRef.scala:101)","logger":"task.stderr"}
{"timestamp":"2026-07-13T22:57:56.419138Z","level":"error","event":"\tat org.apache.spark.rpc.RpcEndpointRef.askSync(RpcEndpointRef.scala:85)","logger":"task.stderr"}
{"timestamp":"2026-07-13T22:57:56.420064Z","level":"error","event":"\tat org.apache.spark.storage.BlockManagerMaster.registerBlockManager(BlockManagerMaster.scala:81)","logger":"task.stderr"}
{"timestamp":"2026-07-13T22:57:56.422889Z","level":"error","event":"\tat org.apache.spark.storage.BlockManager.reregister(BlockManager.scala:674)","logger":"task.stderr"}
{"timestamp":"2026-07-13T22:57:56.426925Z","level":"error","event":"\tat org.apache.spark.executor.Executor.reportHeartBeat(Executor.scala:1530)","logger":"task.stderr"}
{"timestamp":"2026-07-13T22:57:56.430906Z","level":"error","event":"\tat org.apache.spark.executor.Executor.$anonfun$heartbeater$1(Executor.scala:483)","logger":"task.stderr"}
{"timestamp":"2026-07-13T22:57:56.433340Z","level":"error","event":"\tat scala.runtime.java8.JFunction0$mcV$sp.apply(JFunction0$mcV$sp.scala:18)","logger":"task.stderr"}
{"timestamp":"2026-07-13T22:57:56.436987Z","level":"error","event":"\tat org.apache.spark.util.Utils$.logUncaughtExceptions(Utils.scala:1941)","logger":"task.stderr"}
{"timestamp":"2026-07-13T22:57:56.444628Z","level":"error","event":"\tat org.apache.spark.Heartbeater$$anon$1.run(Heartbeater.scala:46)","logger":"task.stderr"}
{"timestamp":"2026-07-13T22:57:56.452607Z","level":"error","event":"\tat java.base/java.util.concurrent.Executors$RunnableAdapter.call(Executors.java:539)","logger":"task.stderr"}
{"timestamp":"2026-07-13T22:57:56.456174Z","level":"error","event":"\tat java.base/java.util.concurrent.FutureTask.runAndReset(FutureTask.java:305)","logger":"task.stderr"}
{"timestamp":"2026-07-13T22:57:56.457989Z","level":"error","event":"\tat java.base/java.util.concurrent.ScheduledThreadPoolExecutor$ScheduledFutureTask.run(ScheduledThreadPoolExecutor.java:305)","logger":"task.stderr"}
{"timestamp":"2026-07-13T22:57:56.459650Z","level":"error","event":"\tat java.base/java.util.concurrent.ThreadPoolExecutor.runWorker(ThreadPoolExecutor.java:1136)","logger":"task.stderr"}
{"timestamp":"2026-07-13T22:57:56.467322Z","level":"error","event":"\tat java.base/java.util.concurrent.ThreadPoolExecutor$Worker.run(ThreadPoolExecutor.java:635)","logger":"task.stderr"}
{"timestamp":"2026-07-13T22:57:56.468577Z","level":"error","event":"\tat java.base/java.lang.Thread.run(Thread.java:840)","logger":"task.stderr"}
{"timestamp":"2026-07-13T22:57:56.476146Z","level":"error","event":"Caused by: org.apache.spark.SparkException: Exception thrown in awaitResult:","logger":"task.stderr"}
{"timestamp":"2026-07-13T22:57:56.483379Z","level":"error","event":"\tat org.apache.spark.util.SparkThreadUtils$.awaitResult(SparkThreadUtils.scala:53)","logger":"task.stderr"}
{"timestamp":"2026-07-13T22:57:56.485304Z","level":"error","event":"\tat org.apache.spark.util.ThreadUtils$.awaitResult(ThreadUtils.scala:359)","logger":"task.stderr"}
{"timestamp":"2026-07-13T22:57:56.487057Z","level":"error","event":"\tat org.apache.spark.rpc.RpcTimeout.awaitResult(RpcTimeout.scala:75)","logger":"task.stderr"}
{"timestamp":"2026-07-13T22:57:56.489220Z","level":"error","event":"\tat org.apache.spark.rpc.RpcEnv.setupEndpointRefByURI(RpcEnv.scala:102)","logger":"task.stderr"}
{"timestamp":"2026-07-13T22:57:56.490540Z","level":"error","event":"\tat org.apache.spark.rpc.RpcEnv.setupEndpointRef(RpcEnv.scala:110)","logger":"task.stderr"}
{"timestamp":"2026-07-13T22:57:56.492976Z","level":"error","event":"\tat org.apache.spark.util.RpcUtils$.makeDriverRef(RpcUtils.scala:36)","logger":"task.stderr"}
{"timestamp":"2026-07-13T22:57:56.502241Z","level":"error","event":"\tat org.apache.spark.storage.BlockManagerMasterEndpoint.driverEndpoint$lzycompute(BlockManagerMasterEndpoint.scala:132)","logger":"task.stderr"}
{"timestamp":"2026-07-13T22:57:56.508910Z","level":"error","event":"\tat org.apache.spark.storage.BlockManagerMasterEndpoint.org$apache$spark$storage$BlockManagerMasterEndpoint$$driverEndpoint(BlockManagerMasterEndpoint.scala:131)","logger":"task.stderr"}
{"timestamp":"2026-07-13T22:57:56.510894Z","level":"error","event":"\tat org.apache.spark.storage.BlockManagerMasterEndpoint.isExecutorAlive$lzycompute$1(BlockManagerMasterEndpoint.scala:707)","logger":"task.stderr"}
{"timestamp":"2026-07-13T22:57:56.516675Z","level":"error","event":"\tat org.apache.spark.storage.BlockManagerMasterEndpoint.isExecutorAlive$1(BlockManagerMasterEndpoint.scala:706)","logger":"task.stderr"}
{"timestamp":"2026-07-13T22:57:56.518410Z","level":"error","event":"\tat org.apache.spark.storage.BlockManagerMasterEndpoint.org$apache$spark$storage$BlockManagerMasterEndpoint$$register(BlockManagerMasterEndpoint.scala:746)","logger":"task.stderr"}
{"timestamp":"2026-07-13T22:57:56.520480Z","level":"error","event":"\tat org.apache.spark.storage.BlockManagerMasterEndpoint$$anonfun$receiveAndReply$1.applyOrElse(BlockManagerMasterEndpoint.scala:141)","logger":"task.stderr"}
{"timestamp":"2026-07-13T22:57:56.527248Z","level":"error","event":"\tat org.apache.spark.rpc.netty.Inbox.$anonfun$process$1(Inbox.scala:104)","logger":"task.stderr"}
{"timestamp":"2026-07-13T22:57:56.530654Z","level":"error","event":"\tat org.apache.spark.rpc.netty.Inbox.safelyCall(Inbox.scala:216)","logger":"task.stderr"}
{"timestamp":"2026-07-13T22:57:56.535303Z","level":"error","event":"\tat org.apache.spark.rpc.netty.Inbox.process(Inbox.scala:101)","logger":"task.stderr"}
{"timestamp":"2026-07-13T22:57:56.546449Z","level":"error","event":"\tat org.apache.spark.rpc.netty.MessageLoop.org$apache$spark$rpc$netty$MessageLoop$$receiveLoop(MessageLoop.scala:76)","logger":"task.stderr"}
{"timestamp":"2026-07-13T22:57:56.548965Z","level":"error","event":"\tat org.apache.spark.rpc.netty.MessageLoop$$anon$1.run(MessageLoop.scala:42)","logger":"task.stderr"}
{"timestamp":"2026-07-13T22:57:56.554482Z","level":"error","event":"\t... 3 more","logger":"task.stderr"}
{"timestamp":"2026-07-13T22:57:56.558182Z","level":"error","event":"Caused by: org.apache.spark.rpc.RpcEndpointNotFoundException: Cannot find endpoint: spark://CoarseGrainedScheduler@127.0.0.1:34845","logger":"task.stderr"}
{"timestamp":"2026-07-13T22:57:56.566836Z","level":"error","event":"\tat org.apache.spark.rpc.netty.NettyRpcEnv.$anonfun$asyncSetupEndpointRefByURI$1(NettyRpcEnv.scala:151)","logger":"task.stderr"}
{"timestamp":"2026-07-13T22:57:56.571236Z","level":"error","event":"\tat org.apache.spark.rpc.netty.NettyRpcEnv.$anonfun$asyncSetupEndpointRefByURI$1$adapted(NettyRpcEnv.scala:147)","logger":"task.stderr"}
{"timestamp":"2026-07-13T22:57:56.572734Z","level":"error","event":"\tat scala.concurrent.impl.Promise$Transformation.run(Promise.scala:503)","logger":"task.stderr"}
{"timestamp":"2026-07-13T22:57:56.574164Z","level":"error","event":"\tat org.apache.spark.util.ThreadUtils$$anon$1.execute(ThreadUtils.scala:99)","logger":"task.stderr"}
{"timestamp":"2026-07-13T22:57:56.575190Z","level":"error","event":"\tat scala.concurrent.impl.ExecutionContextImpl.execute(ExecutionContextImpl.scala:21)","logger":"task.stderr"}
{"timestamp":"2026-07-13T22:57:56.576486Z","level":"error","event":"\tat scala.concurrent.impl.Promise$Transformation.submitWithValue(Promise.scala:462)","logger":"task.stderr"}
{"timestamp":"2026-07-13T22:57:56.577914Z","level":"error","event":"\tat scala.concurrent.impl.Promise$DefaultPromise.submitWithValue(Promise.scala:371)","logger":"task.stderr"}
{"timestamp":"2026-07-13T22:57:56.581379Z","level":"error","event":"\tat scala.concurrent.impl.Promise$DefaultPromise.dispatchOrAddCallbacks(Promise.scala:322)","logger":"task.stderr"}
{"timestamp":"2026-07-13T22:57:56.585450Z","level":"error","event":"\tat scala.concurrent.impl.Promise$DefaultPromise.flatMap(Promise.scala:176)","logger":"task.stderr"}
{"timestamp":"2026-07-13T22:57:56.588060Z","level":"error","event":"\tat org.apache.spark.rpc.netty.NettyRpcEnv.asyncSetupEndpointRefByURI(NettyRpcEnv.scala:153)","logger":"task.stderr"}
{"timestamp":"2026-07-13T22:57:56.589968Z","level":"error","event":"\t... 17 more","logger":"task.stderr"}
{"timestamp":"2026-07-13T23:00:19.809261Z","level":"info","event":"Done. Returned value was: None","ti_id":"019f5db2-9dcb-7edd-a3a6-587aac8cb1b3","task_id":"carregar","map_index":5,"dag_id":"conab_ingestion","try_number":1,"run_id":"scheduled__2026-07-13T03:00:00+00:00","logger":"airflow.task.operators.airflow.providers.standard.decorators.python._PythonDecoratedOperator","filename":"python.py","lineno":233}
{"timestamp":"2026-07-13T23:00:19.811434Z","level":"info","event":"::group::Post Execute","ti_id":"019f5db2-9dcb-7edd-a3a6-587aac8cb1b3","task_id":"carregar","map_index":5,"dag_id":"conab_ingestion","try_number":1,"run_id":"scheduled__2026-07-13T03:00:00+00:00","logger":"task","filename":"task_runner.py","lineno":1577}
{"timestamp":"2026-07-13T23:00:19.916818Z","level":"info","event":"::endgroup::","ti_id":"019f5db2-9dcb-7edd-a3a6-587aac8cb1b3","task_id":"carregar","map_index":5,"dag_id":"conab_ingestion","try_number":1,"run_id":"scheduled__2026-07-13T03:00:00+00:00","logger":"task","filename":"task_runner.py","lineno":2270}
{"timestamp":"2026-07-13T23:00:20.705651Z","level":"error","event":"\r[Stage 0:>                                                          (0 + 0) / 1]\r\r[Stage 0:>                                                          (0 + 1) / 1]\r\r                                                                                \r\r[Stage 1:>                                                          (0 + 1) / 1]\r\r                                                                                \r\r[Stage 4:>                                                          (0 + 1) / 1]","logger":"task.stderr"}
