{"timestamp":"2026-07-13T17:13:42.536267Z","level":"info","event":"::group::Pre Execute","logger":"task","filename":"task_runner.py","lineno":2303}
{"timestamp":"2026-07-13T17:13:42.561165Z","level":"info","event":"DAG bundles loaded: dags-folder","run_id":"scheduled__2026-07-13T03:00:00+00:00","map_index":8,"try_number":1,"dag_id":"conab_ingestion","task_id":"carregar","ti_id":"019f5c78-65e9-7cde-8c03-771baab74802","logger":"airflow.dag_processing.bundles.manager.DagBundlesManager","filename":"manager.py","lineno":271}
{"timestamp":"2026-07-13T17:13:42.567469Z","level":"info","event":"Filling up the DagBag from /opt/airflow/dags/conab_ingestion.py","run_id":"scheduled__2026-07-13T03:00:00+00:00","map_index":8,"try_number":1,"dag_id":"conab_ingestion","task_id":"carregar","ti_id":"019f5c78-65e9-7cde-8c03-771baab74802","logger":"airflow.dag_processing.dagbag.BundleDagBag","filename":"dagbag.py","lineno":460}
{"timestamp":"2026-07-13T17:13:43.498036Z","level":"warning","event":"The `airflow.decorators.dag` attribute is deprecated. Please use `'airflow.sdk.dag'`.","category":"UserWarning","filename":"/opt/airflow/dags/conab_ingestion.py","lineno":17,"run_id":"scheduled__2026-07-13T03:00:00+00:00","map_index":8,"try_number":1,"dag_id":"conab_ingestion","task_id":"carregar","ti_id":"019f5c78-65e9-7cde-8c03-771baab74802","logger":"py.warnings"}
{"timestamp":"2026-07-13T17:13:43.498275Z","level":"warning","event":"The `airflow.decorators.task` attribute is deprecated. Please use `'airflow.sdk.task'`.","category":"UserWarning","filename":"/opt/airflow/dags/conab_ingestion.py","lineno":17,"run_id":"scheduled__2026-07-13T03:00:00+00:00","map_index":8,"try_number":1,"dag_id":"conab_ingestion","task_id":"carregar","ti_id":"019f5c78-65e9-7cde-8c03-771baab74802","logger":"py.warnings"}
{"timestamp":"2026-07-13T17:13:43.509648Z","level":"info","event":"Worker startup parse complete","bundle_name":"dags-folder","bundle_version":null,"dag_file":"conab_ingestion.py","dag_id":"conab_ingestion","bundle_prepare_ms":7,"dag_file_parse_ms":933,"run_id":"scheduled__2026-07-13T03:00:00+00:00","map_index":8,"try_number":1,"task_id":"carregar","ti_id":"019f5c78-65e9-7cde-8c03-771baab74802","logger":"task","filename":"task_runner.py","lineno":1062}
{"timestamp":"2026-07-13T17:13:43.612550Z","level":"info","event":"::endgroup::","run_id":"scheduled__2026-07-13T03:00:00+00:00","map_index":8,"try_number":1,"dag_id":"conab_ingestion","task_id":"carregar","ti_id":"019f5c78-65e9-7cde-8c03-771baab74802","logger":"task","filename":"task_runner.py","lineno":2107}
{"timestamp":"2026-07-13T17:13:43.640293Z","level":"info","event":"Carregado .env de: /opt/airflow/dags/spark/.env","logger":"spark.ingest","run_id":"scheduled__2026-07-13T03:00:00+00:00","map_index":8,"try_number":1,"dag_id":"conab_ingestion","task_id":"carregar","ti_id":"019f5c78-65e9-7cde-8c03-771baab74802","filename":"ingest.py","lineno":55}
{"timestamp":"2026-07-13T17:13:43.644347Z","level":"info","event":"Catálogo configurado — URI=https://catalog.cloudflarestorage.com/515e2015338845cbadff913ac19d97a0/agrodata | warehouse=515e2015338845cbadff913ac19d97a0_agrodata | token=cfat_GNL…2c11","logger":"spark.ingest","run_id":"scheduled__2026-07-13T03:00:00+00:00","map_index":8,"try_number":1,"dag_id":"conab_ingestion","task_id":"carregar","ti_id":"019f5c78-65e9-7cde-8c03-771baab74802","filename":"ingest.py","lineno":76}
{"timestamp":"2026-07-13T17:13:45.042573Z","level":"error","event":"WARNING: Using incubator modules: jdk.incubator.vector","logger":"task.stderr"}
{"timestamp":"2026-07-13T17:14:08.698580Z","level":"error","event":"26/07/13 17:14:08 WARN NativeCodeLoader: Unable to load native-hadoop library for your platform... using builtin-java classes where applicable","logger":"task.stderr"}
{"timestamp":"2026-07-13T17:14:09.820167Z","level":"error","event":"Using Spark's default log4j profile: org/apache/spark/log4j2-defaults.properties","logger":"task.stderr"}
{"timestamp":"2026-07-13T17:14:09.830544Z","level":"error","event":"Setting default log level to \"WARN\".","logger":"task.stderr"}
{"timestamp":"2026-07-13T17:14:09.832376Z","level":"error","event":"To adjust logging level use sc.setLogLevel(newLevel). For SparkR, use setLogLevel(newLevel).","logger":"task.stderr"}
{"timestamp":"2026-07-13T17:17:02.073864Z","level":"info","event":"Done. Returned value was: None","run_id":"scheduled__2026-07-13T03:00:00+00:00","map_index":8,"try_number":1,"dag_id":"conab_ingestion","task_id":"carregar","ti_id":"019f5c78-65e9-7cde-8c03-771baab74802","logger":"airflow.task.operators.airflow.providers.standard.decorators.python._PythonDecoratedOperator","filename":"python.py","lineno":233}
{"timestamp":"2026-07-13T17:17:02.075595Z","level":"info","event":"::group::Post Execute","run_id":"scheduled__2026-07-13T03:00:00+00:00","map_index":8,"try_number":1,"dag_id":"conab_ingestion","task_id":"carregar","ti_id":"019f5c78-65e9-7cde-8c03-771baab74802","logger":"task","filename":"task_runner.py","lineno":1577}
{"timestamp":"2026-07-13T17:17:02.153401Z","level":"info","event":"::endgroup::","run_id":"scheduled__2026-07-13T03:00:00+00:00","map_index":8,"try_number":1,"dag_id":"conab_ingestion","task_id":"carregar","ti_id":"019f5c78-65e9-7cde-8c03-771baab74802","logger":"task","filename":"task_runner.py","lineno":2270}
{"timestamp":"2026-07-13T17:17:03.190501Z","level":"error","event":"\r[Stage 0:>                                                          (0 + 0) / 1]\r\r[Stage 0:>                                                          (0 + 1) / 1]\r\r                                                                                \r\r[Stage 1:>                                                          (0 + 0) / 2]\r\r[Stage 1:>                                                          (0 + 1) / 2]\r\r[Stage 1:>                                                          (0 + 2) / 2]\r\r[Stage 1:=============================>                             (1 + 1) / 2]\r\r                                                                                \r\r[Stage 3:=============================>                             (1 + 1) / 2]\r\r                                                                                \r\r[Stage 4:>                                                          (0 + 2) / 2]\r\r[Stage 4:=============================>                             (1 + 1) / 2]","logger":"task.stderr"}
{"timestamp":"2026-07-13T22:52:07.760023Z","level":"info","event":"::group::Pre Execute","logger":"task","filename":"task_runner.py","lineno":2303}
{"timestamp":"2026-07-13T22:52:08.139168Z","level":"info","event":"DAG bundles loaded: dags-folder","try_number":1,"ti_id":"019f5dae-3ade-7cdb-815c-f12e7f5d114e","run_id":"scheduled__2026-07-13T03:00:00+00:00","map_index":8,"task_id":"carregar","dag_id":"conab_ingestion","logger":"airflow.dag_processing.bundles.manager.DagBundlesManager","filename":"manager.py","lineno":271}
{"timestamp":"2026-07-13T22:52:08.141519Z","level":"info","event":"Filling up the DagBag from /opt/airflow/dags/conab_ingestion.py","try_number":1,"ti_id":"019f5dae-3ade-7cdb-815c-f12e7f5d114e","run_id":"scheduled__2026-07-13T03:00:00+00:00","map_index":8,"task_id":"carregar","dag_id":"conab_ingestion","logger":"airflow.dag_processing.dagbag.BundleDagBag","filename":"dagbag.py","lineno":460}
{"timestamp":"2026-07-13T22:52:09.919243Z","level":"warning","event":"The `airflow.decorators.dag` attribute is deprecated. Please use `'airflow.sdk.dag'`.","category":"UserWarning","filename":"/opt/airflow/dags/conab_ingestion.py","lineno":17,"try_number":1,"ti_id":"019f5dae-3ade-7cdb-815c-f12e7f5d114e","run_id":"scheduled__2026-07-13T03:00:00+00:00","map_index":8,"task_id":"carregar","dag_id":"conab_ingestion","logger":"py.warnings"}
{"timestamp":"2026-07-13T22:52:09.919592Z","level":"warning","event":"The `airflow.decorators.task` attribute is deprecated. Please use `'airflow.sdk.task'`.","category":"UserWarning","filename":"/opt/airflow/dags/conab_ingestion.py","lineno":17,"try_number":1,"ti_id":"019f5dae-3ade-7cdb-815c-f12e7f5d114e","run_id":"scheduled__2026-07-13T03:00:00+00:00","map_index":8,"task_id":"carregar","dag_id":"conab_ingestion","logger":"py.warnings"}
{"timestamp":"2026-07-13T22:52:09.923312Z","level":"info","event":"Worker startup parse complete","bundle_name":"dags-folder","bundle_version":null,"dag_file":"conab_ingestion.py","dag_id":"conab_ingestion","bundle_prepare_ms":5,"dag_file_parse_ms":1782,"try_number":1,"ti_id":"019f5dae-3ade-7cdb-815c-f12e7f5d114e","run_id":"scheduled__2026-07-13T03:00:00+00:00","map_index":8,"task_id":"carregar","logger":"task","filename":"task_runner.py","lineno":1062}
{"timestamp":"2026-07-13T22:52:13.648972Z","level":"info","event":"::endgroup::","try_number":1,"ti_id":"019f5dae-3ade-7cdb-815c-f12e7f5d114e","run_id":"scheduled__2026-07-13T03:00:00+00:00","map_index":8,"task_id":"carregar","dag_id":"conab_ingestion","logger":"task","filename":"task_runner.py","lineno":2107}
{"timestamp":"2026-07-13T22:52:13.742057Z","level":"info","event":"Carregado .env de: /opt/airflow/dags/spark/.env","logger":"spark.ingest","try_number":1,"ti_id":"019f5dae-3ade-7cdb-815c-f12e7f5d114e","run_id":"scheduled__2026-07-13T03:00:00+00:00","map_index":8,"task_id":"carregar","dag_id":"conab_ingestion","filename":"ingest.py","lineno":54}
{"timestamp":"2026-07-13T22:52:13.742990Z","level":"info","event":"Catálogo configurado — URI=https://catalog.cloudflarestorage.com/515e2015338845cbadff913ac19d97a0/agrodata | warehouse=515e2015338845cbadff913ac19d97a0_agrodata | token=cfat_GNL…2c11","logger":"spark.ingest","try_number":1,"ti_id":"019f5dae-3ade-7cdb-815c-f12e7f5d114e","run_id":"scheduled__2026-07-13T03:00:00+00:00","map_index":8,"task_id":"carregar","dag_id":"conab_ingestion","filename":"ingest.py","lineno":75}
{"timestamp":"2026-07-13T22:52:15.323275Z","level":"error","event":"WARNING: Using incubator modules: jdk.incubator.vector","logger":"task.stderr"}
{"timestamp":"2026-07-13T22:52:39.644952Z","level":"error","event":"26/07/13 22:52:39 WARN NativeCodeLoader: Unable to load native-hadoop library for your platform... using builtin-java classes where applicable","logger":"task.stderr"}
{"timestamp":"2026-07-13T22:52:40.966917Z","level":"error","event":"Using Spark's default log4j profile: org/apache/spark/log4j2-defaults.properties","logger":"task.stderr"}
{"timestamp":"2026-07-13T22:52:40.968117Z","level":"error","event":"Setting default log level to \"WARN\".","logger":"task.stderr"}
{"timestamp":"2026-07-13T22:52:40.969049Z","level":"error","event":"To adjust logging level use sc.setLogLevel(newLevel). For SparkR, use setLogLevel(newLevel).","logger":"task.stderr"}
{"timestamp":"2026-07-13T22:52:59.920758Z","level":"error","event":"Server indicated the task shouldn't be running anymore. Terminating process","detail":{"reason":"not_found","message":"Task Instance not found"},"logger":"task"}
{"timestamp":"2026-07-13T22:53:06.298758Z","level":"error","event":"Task killed!","logger":"task"}
{"timestamp":"2026-07-13T22:53:07.308227Z","level":"error","event":"26/07/13 22:53:07 ERROR SparkContext: Error initializing SparkContext.","logger":"task.stderr"}
{"timestamp":"2026-07-13T22:53:07.309617Z","level":"error","event":"java.lang.IllegalStateException: Shutdown hooks cannot be modified during shutdown.","logger":"task.stderr"}
{"timestamp":"2026-07-13T22:53:07.312066Z","level":"error","event":"\tat org.apache.spark.util.SparkShutdownHookManager.add(ShutdownHookManager.scala:212)","logger":"task.stderr"}
{"timestamp":"2026-07-13T22:53:07.313252Z","level":"error","event":"\tat org.apache.spark.util.ShutdownHookManager$.addShutdownHook(ShutdownHookManager.scala:159)","logger":"task.stderr"}
{"timestamp":"2026-07-13T22:53:07.316263Z","level":"error","event":"\tat org.apache.spark.SparkContext.<init>(SparkContext.scala:709)","logger":"task.stderr"}
{"timestamp":"2026-07-13T22:53:07.318136Z","level":"error","event":"\tat org.apache.spark.api.java.JavaSparkContext.<init>(JavaSparkContext.scala:59)","logger":"task.stderr"}
{"timestamp":"2026-07-13T22:53:07.320962Z","level":"error","event":"\tat java.base/jdk.internal.reflect.NativeConstructorAccessorImpl.newInstance0(Native Method)","logger":"task.stderr"}
{"timestamp":"2026-07-13T22:53:07.325329Z","level":"error","event":"\tat java.base/jdk.internal.reflect.NativeConstructorAccessorImpl.newInstance(NativeConstructorAccessorImpl.java:77)","logger":"task.stderr"}
{"timestamp":"2026-07-13T22:53:07.329799Z","level":"error","event":"\tat java.base/jdk.internal.reflect.DelegatingConstructorAccessorImpl.newInstance(DelegatingConstructorAccessorImpl.java:45)","logger":"task.stderr"}
{"timestamp":"2026-07-13T22:53:07.331703Z","level":"error","event":"\tat java.base/java.lang.reflect.Constructor.newInstanceWithCaller(Constructor.java:500)","logger":"task.stderr"}
{"timestamp":"2026-07-13T22:53:07.335587Z","level":"error","event":"\tat java.base/java.lang.reflect.Constructor.newInstance(Constructor.java:481)","logger":"task.stderr"}
{"timestamp":"2026-07-13T22:53:07.338822Z","level":"error","event":"\tat py4j.reflection.MethodInvoker.invoke(MethodInvoker.java:247)","logger":"task.stderr"}
{"timestamp":"2026-07-13T22:53:07.341703Z","level":"error","event":"\tat py4j.reflection.ReflectionEngine.invoke(ReflectionEngine.java:374)","logger":"task.stderr"}
{"timestamp":"2026-07-13T22:53:07.349159Z","level":"error","event":"\tat py4j.Gateway.invoke(Gateway.java:238)","logger":"task.stderr"}
{"timestamp":"2026-07-13T22:53:07.352104Z","level":"error","event":"\tat py4j.commands.ConstructorCommand.invokeConstructor(ConstructorCommand.java:80)","logger":"task.stderr"}
{"timestamp":"2026-07-13T22:53:07.354273Z","level":"error","event":"\tat py4j.commands.ConstructorCommand.execute(ConstructorCommand.java:69)","logger":"task.stderr"}
{"timestamp":"2026-07-13T22:53:07.356261Z","level":"error","event":"\tat py4j.ClientServerConnection.waitForCommands(ClientServerConnection.java:184)","logger":"task.stderr"}
{"timestamp":"2026-07-13T22:53:07.357747Z","level":"error","event":"\tat py4j.ClientServerConnection.run(ClientServerConnection.java:108)","logger":"task.stderr"}
{"timestamp":"2026-07-13T22:53:07.390397Z","level":"error","event":"\tat java.base/java.lang.Thread.run(Thread.java:840)","logger":"task.stderr"}
{"timestamp":"2026-07-13T22:56:55.180180Z","level":"info","event":"::group::Pre Execute","logger":"task","filename":"task_runner.py","lineno":2303}
{"timestamp":"2026-07-13T22:56:55.549356Z","level":"info","event":"DAG bundles loaded: dags-folder","map_index":8,"dag_id":"conab_ingestion","task_id":"carregar","ti_id":"019f5db2-9dcf-70b5-a537-b916059dbea9","run_id":"scheduled__2026-07-13T03:00:00+00:00","try_number":1,"logger":"airflow.dag_processing.bundles.manager.DagBundlesManager","filename":"manager.py","lineno":271}
{"timestamp":"2026-07-13T22:56:55.557823Z","level":"info","event":"Filling up the DagBag from /opt/airflow/dags/conab_ingestion.py","map_index":8,"dag_id":"conab_ingestion","task_id":"carregar","ti_id":"019f5db2-9dcf-70b5-a537-b916059dbea9","run_id":"scheduled__2026-07-13T03:00:00+00:00","try_number":1,"logger":"airflow.dag_processing.dagbag.BundleDagBag","filename":"dagbag.py","lineno":460}
{"timestamp":"2026-07-13T22:56:59.973049Z","level":"warning","event":"The `airflow.decorators.dag` attribute is deprecated. Please use `'airflow.sdk.dag'`.","category":"UserWarning","filename":"/opt/airflow/dags/conab_ingestion.py","lineno":17,"map_index":8,"dag_id":"conab_ingestion","task_id":"carregar","ti_id":"019f5db2-9dcf-70b5-a537-b916059dbea9","run_id":"scheduled__2026-07-13T03:00:00+00:00","try_number":1,"logger":"py.warnings"}
{"timestamp":"2026-07-13T22:56:59.982135Z","level":"warning","event":"The `airflow.decorators.task` attribute is deprecated. Please use `'airflow.sdk.task'`.","category":"UserWarning","filename":"/opt/airflow/dags/conab_ingestion.py","lineno":17,"map_index":8,"dag_id":"conab_ingestion","task_id":"carregar","ti_id":"019f5db2-9dcf-70b5-a537-b916059dbea9","run_id":"scheduled__2026-07-13T03:00:00+00:00","try_number":1,"logger":"py.warnings"}
{"timestamp":"2026-07-13T22:57:00.016479Z","level":"info","event":"Worker startup parse complete","bundle_name":"dags-folder","bundle_version":null,"dag_file":"conab_ingestion.py","dag_id":"conab_ingestion","bundle_prepare_ms":20,"dag_file_parse_ms":4457,"map_index":8,"task_id":"carregar","ti_id":"019f5db2-9dcf-70b5-a537-b916059dbea9","run_id":"scheduled__2026-07-13T03:00:00+00:00","try_number":1,"logger":"task","filename":"task_runner.py","lineno":1062}
{"timestamp":"2026-07-13T22:57:01.355671Z","level":"info","event":"::endgroup::","map_index":8,"dag_id":"conab_ingestion","task_id":"carregar","ti_id":"019f5db2-9dcf-70b5-a537-b916059dbea9","run_id":"scheduled__2026-07-13T03:00:00+00:00","try_number":1,"logger":"task","filename":"task_runner.py","lineno":2107}
{"timestamp":"2026-07-13T22:57:01.372730Z","level":"info","event":"Carregado .env de: /opt/airflow/dags/spark/.env","logger":"spark.ingest","map_index":8,"dag_id":"conab_ingestion","task_id":"carregar","ti_id":"019f5db2-9dcf-70b5-a537-b916059dbea9","run_id":"scheduled__2026-07-13T03:00:00+00:00","try_number":1,"filename":"ingest.py","lineno":54}
{"timestamp":"2026-07-13T22:57:01.373883Z","level":"info","event":"Catálogo configurado — URI=https://catalog.cloudflarestorage.com/515e2015338845cbadff913ac19d97a0/agrodata | warehouse=515e2015338845cbadff913ac19d97a0_agrodata | token=cfat_GNL…2c11","logger":"spark.ingest","map_index":8,"dag_id":"conab_ingestion","task_id":"carregar","ti_id":"019f5db2-9dcf-70b5-a537-b916059dbea9","run_id":"scheduled__2026-07-13T03:00:00+00:00","try_number":1,"filename":"ingest.py","lineno":75}
{"timestamp":"2026-07-13T22:57:03.063165Z","level":"error","event":"WARNING: Using incubator modules: jdk.incubator.vector","logger":"task.stderr"}
{"timestamp":"2026-07-13T22:57:23.201351Z","level":"error","event":"26/07/13 22:57:23 WARN NativeCodeLoader: Unable to load native-hadoop library for your platform... using builtin-java classes where applicable","logger":"task.stderr"}
{"timestamp":"2026-07-13T22:57:26.226176Z","level":"error","event":"Using Spark's default log4j profile: org/apache/spark/log4j2-defaults.properties","logger":"task.stderr"}
{"timestamp":"2026-07-13T22:57:26.528951Z","level":"error","event":"Setting default log level to \"WARN\".","logger":"task.stderr"}
{"timestamp":"2026-07-13T22:57:26.558061Z","level":"error","event":"To adjust logging level use sc.setLogLevel(newLevel). For SparkR, use setLogLevel(newLevel).","logger":"task.stderr"}
{"timestamp":"2026-07-13T23:00:22.849586Z","level":"info","event":"Done. Returned value was: None","map_index":8,"dag_id":"conab_ingestion","task_id":"carregar","ti_id":"019f5db2-9dcf-70b5-a537-b916059dbea9","run_id":"scheduled__2026-07-13T03:00:00+00:00","try_number":1,"logger":"airflow.task.operators.airflow.providers.standard.decorators.python._PythonDecoratedOperator","filename":"python.py","lineno":233}
{"timestamp":"2026-07-13T23:00:23.079465Z","level":"info","event":"::group::Post Execute","map_index":8,"dag_id":"conab_ingestion","task_id":"carregar","ti_id":"019f5db2-9dcf-70b5-a537-b916059dbea9","run_id":"scheduled__2026-07-13T03:00:00+00:00","try_number":1,"logger":"task","filename":"task_runner.py","lineno":1577}
{"timestamp":"2026-07-13T23:00:25.533618Z","level":"info","event":"::endgroup::","map_index":8,"dag_id":"conab_ingestion","task_id":"carregar","ti_id":"019f5db2-9dcf-70b5-a537-b916059dbea9","run_id":"scheduled__2026-07-13T03:00:00+00:00","try_number":1,"logger":"task","filename":"task_runner.py","lineno":2270}
{"timestamp":"2026-07-13T23:00:27.223359Z","level":"error","event":"\r[Stage 0:>                                                          (0 + 0) / 1]\r\r[Stage 0:>                                                          (0 + 1) / 1]\r\r                                                                                \r\r[Stage 1:>                                                          (0 + 2) / 2]\r\r[Stage 1:=============================>                             (1 + 1) / 2]\r\r                                                                                \r\r[Stage 3:>                                                          (0 + 2) / 2]\r\r[Stage 3:=============================>                             (1 + 1) / 2]\r\r                                                                                \r\r[Stage 4:>                                                          (0 + 2) / 2]","logger":"task.stderr"}
