{"timestamp":"2026-07-13T18:43:16.892804Z","level":"info","event":"::group::Pre Execute","logger":"task","filename":"task_runner.py","lineno":2303}
{"timestamp":"2026-07-13T18:43:17.392348Z","level":"info","event":"DAG bundles loaded: dags-folder","ti_id":"019f5cca-666b-7df1-9924-923ef6e808a7","try_number":1,"run_id":"manual__2026-07-13T18:43:08.129469+00:00","dag_id":"conab_ingestion","map_index":6,"task_id":"carregar","logger":"airflow.dag_processing.bundles.manager.DagBundlesManager","filename":"manager.py","lineno":271}
{"timestamp":"2026-07-13T18:43:17.403976Z","level":"info","event":"Filling up the DagBag from /opt/airflow/dags/conab_ingestion.py","ti_id":"019f5cca-666b-7df1-9924-923ef6e808a7","try_number":1,"run_id":"manual__2026-07-13T18:43:08.129469+00:00","dag_id":"conab_ingestion","map_index":6,"task_id":"carregar","logger":"airflow.dag_processing.dagbag.BundleDagBag","filename":"dagbag.py","lineno":460}
{"timestamp":"2026-07-13T18:43:19.807995Z","level":"warning","event":"The `airflow.decorators.dag` attribute is deprecated. Please use `'airflow.sdk.dag'`.","category":"UserWarning","filename":"/opt/airflow/dags/conab_ingestion.py","lineno":17,"ti_id":"019f5cca-666b-7df1-9924-923ef6e808a7","try_number":1,"run_id":"manual__2026-07-13T18:43:08.129469+00:00","dag_id":"conab_ingestion","map_index":6,"task_id":"carregar","logger":"py.warnings"}
{"timestamp":"2026-07-13T18:43:19.808356Z","level":"warning","event":"The `airflow.decorators.task` attribute is deprecated. Please use `'airflow.sdk.task'`.","category":"UserWarning","filename":"/opt/airflow/dags/conab_ingestion.py","lineno":17,"ti_id":"019f5cca-666b-7df1-9924-923ef6e808a7","try_number":1,"run_id":"manual__2026-07-13T18:43:08.129469+00:00","dag_id":"conab_ingestion","map_index":6,"task_id":"carregar","logger":"py.warnings"}
{"timestamp":"2026-07-13T18:43:19.832179Z","level":"info","event":"Worker startup parse complete","bundle_name":"dags-folder","bundle_version":null,"dag_file":"conab_ingestion.py","dag_id":"conab_ingestion","bundle_prepare_ms":13,"dag_file_parse_ms":2428,"ti_id":"019f5cca-666b-7df1-9924-923ef6e808a7","try_number":1,"run_id":"manual__2026-07-13T18:43:08.129469+00:00","map_index":6,"task_id":"carregar","logger":"task","filename":"task_runner.py","lineno":1062}
{"timestamp":"2026-07-13T18:43:20.251656Z","level":"info","event":"::endgroup::","ti_id":"019f5cca-666b-7df1-9924-923ef6e808a7","try_number":1,"run_id":"manual__2026-07-13T18:43:08.129469+00:00","dag_id":"conab_ingestion","map_index":6,"task_id":"carregar","logger":"task","filename":"task_runner.py","lineno":2107}
{"timestamp":"2026-07-13T18:43:20.282310Z","level":"info","event":"Carregado .env de: /opt/airflow/dags/spark/.env","logger":"spark.ingest","ti_id":"019f5cca-666b-7df1-9924-923ef6e808a7","try_number":1,"run_id":"manual__2026-07-13T18:43:08.129469+00:00","dag_id":"conab_ingestion","map_index":6,"task_id":"carregar","filename":"ingest.py","lineno":57}
{"timestamp":"2026-07-13T18:43:20.282746Z","level":"info","event":"Catálogo configurado — URI=https://catalog.cloudflarestorage.com/515e2015338845cbadff913ac19d97a0/agrodata | warehouse=515e2015338845cbadff913ac19d97a0_agrodata | token=cfat_GNL…2c11","logger":"spark.ingest","ti_id":"019f5cca-666b-7df1-9924-923ef6e808a7","try_number":1,"run_id":"manual__2026-07-13T18:43:08.129469+00:00","dag_id":"conab_ingestion","map_index":6,"task_id":"carregar","filename":"ingest.py","lineno":78}
{"timestamp":"2026-07-13T18:43:21.831886Z","level":"error","event":"WARNING: Using incubator modules: jdk.incubator.vector","logger":"task.stderr"}
{"timestamp":"2026-07-13T18:43:33.997909Z","level":"error","event":"26/07/13 18:43:33 WARN NativeCodeLoader: Unable to load native-hadoop library for your platform... using builtin-java classes where applicable","logger":"task.stderr"}
{"timestamp":"2026-07-13T18:43:34.692873Z","level":"error","event":"Using Spark's default log4j profile: org/apache/spark/log4j2-defaults.properties","logger":"task.stderr"}
{"timestamp":"2026-07-13T18:43:34.698482Z","level":"error","event":"Setting default log level to \"WARN\".","logger":"task.stderr"}
{"timestamp":"2026-07-13T18:43:34.700371Z","level":"error","event":"To adjust logging level use sc.setLogLevel(newLevel). For SparkR, use setLogLevel(newLevel).","logger":"task.stderr"}
{"timestamp":"2026-07-13T18:43:58.012251Z","level":"error","event":"26/07/13 18:43:54 ERROR Inbox: Ignoring error","logger":"task.stderr"}
{"timestamp":"2026-07-13T18:43:58.029144Z","level":"error","event":"java.lang.NullPointerException: Cannot invoke \"org.apache.spark.storage.BlockManagerId.executorId()\" because \"idWithoutTopologyInfo\" is null","logger":"task.stderr"}
{"timestamp":"2026-07-13T18:43:58.032503Z","level":"error","event":"\tat org.apache.spark.storage.BlockManagerMasterEndpoint.org$apache$spark$storage$BlockManagerMasterEndpoint$$register(BlockManagerMasterEndpoint.scala:696)","logger":"task.stderr"}
{"timestamp":"2026-07-13T18:43:58.034465Z","level":"error","event":"\tat org.apache.spark.storage.BlockManagerMasterEndpoint$$anonfun$receiveAndReply$1.applyOrElse(BlockManagerMasterEndpoint.scala:141)","logger":"task.stderr"}
{"timestamp":"2026-07-13T18:43:58.035935Z","level":"error","event":"\tat org.apache.spark.rpc.netty.Inbox.$anonfun$process$1(Inbox.scala:104)","logger":"task.stderr"}
{"timestamp":"2026-07-13T18:43:58.039370Z","level":"error","event":"\tat org.apache.spark.rpc.netty.Inbox.safelyCall(Inbox.scala:216)","logger":"task.stderr"}
{"timestamp":"2026-07-13T18:43:58.065247Z","level":"error","event":"\tat org.apache.spark.rpc.netty.Inbox.process(Inbox.scala:101)","logger":"task.stderr"}
{"timestamp":"2026-07-13T18:43:58.070580Z","level":"error","event":"\tat org.apache.spark.rpc.netty.MessageLoop.org$apache$spark$rpc$netty$MessageLoop$$receiveLoop(MessageLoop.scala:76)","logger":"task.stderr"}
{"timestamp":"2026-07-13T18:43:58.085430Z","level":"error","event":"\tat org.apache.spark.rpc.netty.MessageLoop$$anon$1.run(MessageLoop.scala:42)","logger":"task.stderr"}
{"timestamp":"2026-07-13T18:43:58.088990Z","level":"error","event":"\tat java.base/java.util.concurrent.ThreadPoolExecutor.runWorker(ThreadPoolExecutor.java:1136)","logger":"task.stderr"}
{"timestamp":"2026-07-13T18:43:58.091075Z","level":"error","event":"\tat java.base/java.util.concurrent.ThreadPoolExecutor$Worker.run(ThreadPoolExecutor.java:635)","logger":"task.stderr"}
{"timestamp":"2026-07-13T18:43:58.092368Z","level":"error","event":"\tat java.base/java.lang.Thread.run(Thread.java:840)","logger":"task.stderr"}
{"timestamp":"2026-07-13T18:43:58.093592Z","level":"error","event":"26/07/13 18:43:54 WARN Executor: Issue communicating with driver in heartbeater","logger":"task.stderr"}
{"timestamp":"2026-07-13T18:43:58.129294Z","level":"error","event":"org.apache.spark.SparkException: Exception thrown in awaitResult:","logger":"task.stderr"}
{"timestamp":"2026-07-13T18:43:58.178995Z","level":"error","event":"\tat org.apache.spark.util.SparkThreadUtils$.awaitResult(SparkThreadUtils.scala:53)","logger":"task.stderr"}
{"timestamp":"2026-07-13T18:43:58.183358Z","level":"error","event":"\tat org.apache.spark.util.ThreadUtils$.awaitResult(ThreadUtils.scala:359)","logger":"task.stderr"}
{"timestamp":"2026-07-13T18:43:58.185223Z","level":"error","event":"\tat org.apache.spark.rpc.RpcTimeout.awaitResult(RpcTimeout.scala:75)","logger":"task.stderr"}
{"timestamp":"2026-07-13T18:43:58.186312Z","level":"error","event":"\tat org.apache.spark.rpc.RpcEndpointRef.askSync(RpcEndpointRef.scala:101)","logger":"task.stderr"}
{"timestamp":"2026-07-13T18:43:58.187283Z","level":"error","event":"\tat org.apache.spark.rpc.RpcEndpointRef.askSync(RpcEndpointRef.scala:85)","logger":"task.stderr"}
{"timestamp":"2026-07-13T18:43:58.188256Z","level":"error","event":"\tat org.apache.spark.storage.BlockManagerMaster.registerBlockManager(BlockManagerMaster.scala:81)","logger":"task.stderr"}
{"timestamp":"2026-07-13T18:43:58.189227Z","level":"error","event":"\tat org.apache.spark.storage.BlockManager.reregister(BlockManager.scala:674)","logger":"task.stderr"}
{"timestamp":"2026-07-13T18:43:58.190318Z","level":"error","event":"\tat org.apache.spark.executor.Executor.reportHeartBeat(Executor.scala:1530)","logger":"task.stderr"}
{"timestamp":"2026-07-13T18:43:58.191222Z","level":"error","event":"\tat org.apache.spark.executor.Executor.$anonfun$heartbeater$1(Executor.scala:483)","logger":"task.stderr"}
{"timestamp":"2026-07-13T18:43:58.192088Z","level":"error","event":"\tat scala.runtime.java8.JFunction0$mcV$sp.apply(JFunction0$mcV$sp.scala:18)","logger":"task.stderr"}
{"timestamp":"2026-07-13T18:43:58.192967Z","level":"error","event":"\tat org.apache.spark.util.Utils$.logUncaughtExceptions(Utils.scala:1941)","logger":"task.stderr"}
{"timestamp":"2026-07-13T18:43:58.193901Z","level":"error","event":"\tat org.apache.spark.Heartbeater$$anon$1.run(Heartbeater.scala:46)","logger":"task.stderr"}
{"timestamp":"2026-07-13T18:43:58.200937Z","level":"error","event":"\tat java.base/java.util.concurrent.Executors$RunnableAdapter.call(Executors.java:539)","logger":"task.stderr"}
{"timestamp":"2026-07-13T18:43:58.202551Z","level":"error","event":"\tat java.base/java.util.concurrent.FutureTask.runAndReset(FutureTask.java:305)","logger":"task.stderr"}
{"timestamp":"2026-07-13T18:43:58.203813Z","level":"error","event":"\tat java.base/java.util.concurrent.ScheduledThreadPoolExecutor$ScheduledFutureTask.run(ScheduledThreadPoolExecutor.java:305)","logger":"task.stderr"}
{"timestamp":"2026-07-13T18:43:58.204944Z","level":"error","event":"\tat java.base/java.util.concurrent.ThreadPoolExecutor.runWorker(ThreadPoolExecutor.java:1136)","logger":"task.stderr"}
{"timestamp":"2026-07-13T18:43:58.206190Z","level":"error","event":"\tat java.base/java.util.concurrent.ThreadPoolExecutor$Worker.run(ThreadPoolExecutor.java:635)","logger":"task.stderr"}
{"timestamp":"2026-07-13T18:43:58.207253Z","level":"error","event":"\tat java.base/java.lang.Thread.run(Thread.java:840)","logger":"task.stderr"}
{"timestamp":"2026-07-13T18:43:58.208138Z","level":"error","event":"Caused by: java.lang.NullPointerException: Cannot invoke \"org.apache.spark.storage.BlockManagerId.executorId()\" because \"idWithoutTopologyInfo\" is null","logger":"task.stderr"}
{"timestamp":"2026-07-13T18:43:58.209065Z","level":"error","event":"\tat org.apache.spark.storage.BlockManagerMasterEndpoint.org$apache$spark$storage$BlockManagerMasterEndpoint$$register(BlockManagerMasterEndpoint.scala:696)","logger":"task.stderr"}
{"timestamp":"2026-07-13T18:43:58.209923Z","level":"error","event":"\tat org.apache.spark.storage.BlockManagerMasterEndpoint$$anonfun$receiveAndReply$1.applyOrElse(BlockManagerMasterEndpoint.scala:141)","logger":"task.stderr"}
{"timestamp":"2026-07-13T18:43:58.210793Z","level":"error","event":"\tat org.apache.spark.rpc.netty.Inbox.$anonfun$process$1(Inbox.scala:104)","logger":"task.stderr"}
{"timestamp":"2026-07-13T18:43:58.211639Z","level":"error","event":"\tat org.apache.spark.rpc.netty.Inbox.safelyCall(Inbox.scala:216)","logger":"task.stderr"}
{"timestamp":"2026-07-13T18:43:58.212677Z","level":"error","event":"\tat org.apache.spark.rpc.netty.Inbox.process(Inbox.scala:101)","logger":"task.stderr"}
{"timestamp":"2026-07-13T18:43:58.215552Z","level":"error","event":"\tat org.apache.spark.rpc.netty.MessageLoop.org$apache$spark$rpc$netty$MessageLoop$$receiveLoop(MessageLoop.scala:76)","logger":"task.stderr"}
{"timestamp":"2026-07-13T18:43:58.220735Z","level":"error","event":"\tat org.apache.spark.rpc.netty.MessageLoop$$anon$1.run(MessageLoop.scala:42)","logger":"task.stderr"}
{"timestamp":"2026-07-13T18:43:58.222686Z","level":"error","event":"\t... 3 more","logger":"task.stderr"}
{"timestamp":"2026-07-13T18:44:55.514566Z","level":"info","event":"Done. Returned value was: None","ti_id":"019f5cca-666b-7df1-9924-923ef6e808a7","try_number":1,"run_id":"manual__2026-07-13T18:43:08.129469+00:00","dag_id":"conab_ingestion","map_index":6,"task_id":"carregar","logger":"airflow.task.operators.airflow.providers.standard.decorators.python._PythonDecoratedOperator","filename":"python.py","lineno":233}
{"timestamp":"2026-07-13T18:44:55.516197Z","level":"info","event":"::group::Post Execute","ti_id":"019f5cca-666b-7df1-9924-923ef6e808a7","try_number":1,"run_id":"manual__2026-07-13T18:43:08.129469+00:00","dag_id":"conab_ingestion","map_index":6,"task_id":"carregar","logger":"task","filename":"task_runner.py","lineno":1577}
{"timestamp":"2026-07-13T18:44:55.579613Z","level":"info","event":"::endgroup::","ti_id":"019f5cca-666b-7df1-9924-923ef6e808a7","try_number":1,"run_id":"manual__2026-07-13T18:43:08.129469+00:00","dag_id":"conab_ingestion","map_index":6,"task_id":"carregar","logger":"task","filename":"task_runner.py","lineno":2270}
{"timestamp":"2026-07-13T18:44:56.307235Z","level":"error","event":"\r[Stage 0:>                                                          (0 + 0) / 1]\r\r[Stage 0:>                                                          (0 + 1) / 1]\r\r[Stage 0:===========================================================(1 + 0) / 1]\r\r                                                                                \r\r[Stage 1:>                                                          (0 + 1) / 1]\r\r                                                                                \r\r[Stage 3:>                                                          (0 + 1) / 1]\r\r                                                                                \r\r[Stage 4:>                                                          (0 + 1) / 1]","logger":"task.stderr"}
