{"timestamp":"2026-07-13T17:13:42.637893Z","level":"info","event":"::group::Pre Execute","logger":"task","filename":"task_runner.py","lineno":2303}
{"timestamp":"2026-07-13T17:13:43.027961Z","level":"info","event":"DAG bundles loaded: dags-folder","try_number":1,"ti_id":"019f5c78-65f0-790c-852a-31af7bbf04c6","dag_id":"conab_ingestion","map_index":12,"run_id":"scheduled__2026-07-13T03:00:00+00:00","task_id":"carregar","logger":"airflow.dag_processing.bundles.manager.DagBundlesManager","filename":"manager.py","lineno":271}
{"timestamp":"2026-07-13T17:13:43.052656Z","level":"info","event":"Filling up the DagBag from /opt/airflow/dags/conab_ingestion.py","try_number":1,"ti_id":"019f5c78-65f0-790c-852a-31af7bbf04c6","dag_id":"conab_ingestion","map_index":12,"run_id":"scheduled__2026-07-13T03:00:00+00:00","task_id":"carregar","logger":"airflow.dag_processing.dagbag.BundleDagBag","filename":"dagbag.py","lineno":460}
{"timestamp":"2026-07-13T17:13:44.912589Z","level":"warning","event":"The `airflow.decorators.dag` attribute is deprecated. Please use `'airflow.sdk.dag'`.","category":"UserWarning","filename":"/opt/airflow/dags/conab_ingestion.py","lineno":17,"try_number":1,"ti_id":"019f5c78-65f0-790c-852a-31af7bbf04c6","dag_id":"conab_ingestion","map_index":12,"run_id":"scheduled__2026-07-13T03:00:00+00:00","task_id":"carregar","logger":"py.warnings"}
{"timestamp":"2026-07-13T17:13:44.913066Z","level":"warning","event":"The `airflow.decorators.task` attribute is deprecated. Please use `'airflow.sdk.task'`.","category":"UserWarning","filename":"/opt/airflow/dags/conab_ingestion.py","lineno":17,"try_number":1,"ti_id":"019f5c78-65f0-790c-852a-31af7bbf04c6","dag_id":"conab_ingestion","map_index":12,"run_id":"scheduled__2026-07-13T03:00:00+00:00","task_id":"carregar","logger":"py.warnings"}
{"timestamp":"2026-07-13T17:13:44.917050Z","level":"info","event":"Worker startup parse complete","bundle_name":"dags-folder","bundle_version":null,"dag_file":"conab_ingestion.py","dag_id":"conab_ingestion","bundle_prepare_ms":19,"dag_file_parse_ms":1870,"try_number":1,"ti_id":"019f5c78-65f0-790c-852a-31af7bbf04c6","map_index":12,"run_id":"scheduled__2026-07-13T03:00:00+00:00","task_id":"carregar","logger":"task","filename":"task_runner.py","lineno":1062}
{"timestamp":"2026-07-13T17:13:50.263628Z","level":"info","event":"::endgroup::","try_number":1,"ti_id":"019f5c78-65f0-790c-852a-31af7bbf04c6","dag_id":"conab_ingestion","map_index":12,"run_id":"scheduled__2026-07-13T03:00:00+00:00","task_id":"carregar","logger":"task","filename":"task_runner.py","lineno":2107}
{"timestamp":"2026-07-13T17:13:50.342175Z","level":"info","event":"Carregado .env de: /opt/airflow/dags/spark/.env","logger":"spark.ingest","try_number":1,"ti_id":"019f5c78-65f0-790c-852a-31af7bbf04c6","dag_id":"conab_ingestion","map_index":12,"run_id":"scheduled__2026-07-13T03:00:00+00:00","task_id":"carregar","filename":"ingest.py","lineno":55}
{"timestamp":"2026-07-13T17:13:50.342714Z","level":"info","event":"Catálogo configurado — URI=https://catalog.cloudflarestorage.com/515e2015338845cbadff913ac19d97a0/agrodata | warehouse=515e2015338845cbadff913ac19d97a0_agrodata | token=cfat_GNL…2c11","logger":"spark.ingest","try_number":1,"ti_id":"019f5c78-65f0-790c-852a-31af7bbf04c6","dag_id":"conab_ingestion","map_index":12,"run_id":"scheduled__2026-07-13T03:00:00+00:00","task_id":"carregar","filename":"ingest.py","lineno":76}
{"timestamp":"2026-07-13T17:13:54.586741Z","level":"error","event":"WARNING: Using incubator modules: jdk.incubator.vector","logger":"task.stderr"}
{"timestamp":"2026-07-13T17:14:15.138822Z","level":"error","event":"26/07/13 17:14:15 WARN NativeCodeLoader: Unable to load native-hadoop library for your platform... using builtin-java classes where applicable","logger":"task.stderr"}
{"timestamp":"2026-07-13T17:14:15.997336Z","level":"error","event":"Using Spark's default log4j profile: org/apache/spark/log4j2-defaults.properties","logger":"task.stderr"}
{"timestamp":"2026-07-13T17:14:16.000525Z","level":"error","event":"Setting default log level to \"WARN\".","logger":"task.stderr"}
{"timestamp":"2026-07-13T17:14:16.002621Z","level":"error","event":"To adjust logging level use sc.setLogLevel(newLevel). For SparkR, use setLogLevel(newLevel).","logger":"task.stderr"}
{"timestamp":"2026-07-13T17:17:02.056710Z","level":"info","event":"Done. Returned value was: None","try_number":1,"ti_id":"019f5c78-65f0-790c-852a-31af7bbf04c6","dag_id":"conab_ingestion","map_index":12,"run_id":"scheduled__2026-07-13T03:00:00+00:00","task_id":"carregar","logger":"airflow.task.operators.airflow.providers.standard.decorators.python._PythonDecoratedOperator","filename":"python.py","lineno":233}
{"timestamp":"2026-07-13T17:17:02.061714Z","level":"info","event":"::group::Post Execute","try_number":1,"ti_id":"019f5c78-65f0-790c-852a-31af7bbf04c6","dag_id":"conab_ingestion","map_index":12,"run_id":"scheduled__2026-07-13T03:00:00+00:00","task_id":"carregar","logger":"task","filename":"task_runner.py","lineno":1577}
{"timestamp":"2026-07-13T17:17:02.160813Z","level":"info","event":"::endgroup::","try_number":1,"ti_id":"019f5c78-65f0-790c-852a-31af7bbf04c6","dag_id":"conab_ingestion","map_index":12,"run_id":"scheduled__2026-07-13T03:00:00+00:00","task_id":"carregar","logger":"task","filename":"task_runner.py","lineno":2270}
{"timestamp":"2026-07-13T17:17:03.049877Z","level":"error","event":"\r[Stage 0:>                                                          (0 + 0) / 1]\r\r[Stage 0:>                                                          (0 + 1) / 1]\r\r                                                                                \r\r[Stage 1:>                                                          (0 + 1) / 1]\r\r                                                                                \r\r[Stage 3:>                                                          (0 + 1) / 1]\r\r                                                                                \r\r[Stage 4:>                                                          (0 + 1) / 1]","logger":"task.stderr"}
{"timestamp":"2026-07-13T22:52:07.757044Z","level":"info","event":"::group::Pre Execute","logger":"task","filename":"task_runner.py","lineno":2303}
{"timestamp":"2026-07-13T22:52:08.173790Z","level":"info","event":"DAG bundles loaded: dags-folder","dag_id":"conab_ingestion","try_number":1,"ti_id":"019f5dae-3ae3-78a1-ae9e-88338ca6cce1","map_index":12,"task_id":"carregar","run_id":"scheduled__2026-07-13T03:00:00+00:00","logger":"airflow.dag_processing.bundles.manager.DagBundlesManager","filename":"manager.py","lineno":271}
{"timestamp":"2026-07-13T22:52:08.184612Z","level":"info","event":"Filling up the DagBag from /opt/airflow/dags/conab_ingestion.py","dag_id":"conab_ingestion","try_number":1,"ti_id":"019f5dae-3ae3-78a1-ae9e-88338ca6cce1","map_index":12,"task_id":"carregar","run_id":"scheduled__2026-07-13T03:00:00+00:00","logger":"airflow.dag_processing.dagbag.BundleDagBag","filename":"dagbag.py","lineno":460}
{"timestamp":"2026-07-13T22:52:09.677194Z","level":"warning","event":"The `airflow.decorators.dag` attribute is deprecated. Please use `'airflow.sdk.dag'`.","category":"UserWarning","filename":"/opt/airflow/dags/conab_ingestion.py","lineno":17,"dag_id":"conab_ingestion","try_number":1,"ti_id":"019f5dae-3ae3-78a1-ae9e-88338ca6cce1","map_index":12,"task_id":"carregar","run_id":"scheduled__2026-07-13T03:00:00+00:00","logger":"py.warnings"}
{"timestamp":"2026-07-13T22:52:09.678061Z","level":"warning","event":"The `airflow.decorators.task` attribute is deprecated. Please use `'airflow.sdk.task'`.","category":"UserWarning","filename":"/opt/airflow/dags/conab_ingestion.py","lineno":17,"dag_id":"conab_ingestion","try_number":1,"ti_id":"019f5dae-3ae3-78a1-ae9e-88338ca6cce1","map_index":12,"task_id":"carregar","run_id":"scheduled__2026-07-13T03:00:00+00:00","logger":"py.warnings"}
{"timestamp":"2026-07-13T22:52:09.680977Z","level":"info","event":"Worker startup parse complete","bundle_name":"dags-folder","bundle_version":null,"dag_file":"conab_ingestion.py","dag_id":"conab_ingestion","bundle_prepare_ms":12,"dag_file_parse_ms":1496,"try_number":1,"ti_id":"019f5dae-3ae3-78a1-ae9e-88338ca6cce1","map_index":12,"task_id":"carregar","run_id":"scheduled__2026-07-13T03:00:00+00:00","logger":"task","filename":"task_runner.py","lineno":1062}
{"timestamp":"2026-07-13T22:52:13.761124Z","level":"info","event":"::endgroup::","dag_id":"conab_ingestion","try_number":1,"ti_id":"019f5dae-3ae3-78a1-ae9e-88338ca6cce1","map_index":12,"task_id":"carregar","run_id":"scheduled__2026-07-13T03:00:00+00:00","logger":"task","filename":"task_runner.py","lineno":2107}
{"timestamp":"2026-07-13T22:52:13.775989Z","level":"info","event":"Carregado .env de: /opt/airflow/dags/spark/.env","logger":"spark.ingest","dag_id":"conab_ingestion","try_number":1,"ti_id":"019f5dae-3ae3-78a1-ae9e-88338ca6cce1","map_index":12,"task_id":"carregar","run_id":"scheduled__2026-07-13T03:00:00+00:00","filename":"ingest.py","lineno":54}
{"timestamp":"2026-07-13T22:52:13.776340Z","level":"info","event":"Catálogo configurado — URI=https://catalog.cloudflarestorage.com/515e2015338845cbadff913ac19d97a0/agrodata | warehouse=515e2015338845cbadff913ac19d97a0_agrodata | token=cfat_GNL…2c11","logger":"spark.ingest","dag_id":"conab_ingestion","try_number":1,"ti_id":"019f5dae-3ae3-78a1-ae9e-88338ca6cce1","map_index":12,"task_id":"carregar","run_id":"scheduled__2026-07-13T03:00:00+00:00","filename":"ingest.py","lineno":75}
{"timestamp":"2026-07-13T22:52:15.079381Z","level":"error","event":"WARNING: Using incubator modules: jdk.incubator.vector","logger":"task.stderr"}
{"timestamp":"2026-07-13T22:52:35.661752Z","level":"error","event":"26/07/13 22:52:35 WARN NativeCodeLoader: Unable to load native-hadoop library for your platform... using builtin-java classes where applicable","logger":"task.stderr"}
{"timestamp":"2026-07-13T22:52:40.673598Z","level":"error","event":"Using Spark's default log4j profile: org/apache/spark/log4j2-defaults.properties","logger":"task.stderr"}
{"timestamp":"2026-07-13T22:52:40.678252Z","level":"error","event":"Setting default log level to \"WARN\".","logger":"task.stderr"}
{"timestamp":"2026-07-13T22:52:40.689039Z","level":"error","event":"To adjust logging level use sc.setLogLevel(newLevel). For SparkR, use setLogLevel(newLevel).","logger":"task.stderr"}
{"timestamp":"2026-07-13T22:52:59.857145Z","level":"error","event":"Server indicated the task shouldn't be running anymore. Terminating process","detail":{"reason":"not_found","message":"Task Instance not found"},"logger":"task"}
{"timestamp":"2026-07-13T22:53:05.852584Z","level":"error","event":"Task killed!","logger":"task"}
{"timestamp":"2026-07-13T22:56:55.190250Z","level":"info","event":"::group::Pre Execute","logger":"task","filename":"task_runner.py","lineno":2303}
{"timestamp":"2026-07-13T22:56:55.508032Z","level":"info","event":"DAG bundles loaded: dags-folder","try_number":1,"ti_id":"019f5db2-9dd3-7f95-a070-8977356f09c7","dag_id":"conab_ingestion","run_id":"scheduled__2026-07-13T03:00:00+00:00","task_id":"carregar","map_index":12,"logger":"airflow.dag_processing.bundles.manager.DagBundlesManager","filename":"manager.py","lineno":271}
{"timestamp":"2026-07-13T22:56:55.514993Z","level":"info","event":"Filling up the DagBag from /opt/airflow/dags/conab_ingestion.py","try_number":1,"ti_id":"019f5db2-9dd3-7f95-a070-8977356f09c7","dag_id":"conab_ingestion","run_id":"scheduled__2026-07-13T03:00:00+00:00","task_id":"carregar","map_index":12,"logger":"airflow.dag_processing.dagbag.BundleDagBag","filename":"dagbag.py","lineno":460}
{"timestamp":"2026-07-13T22:56:56.926472Z","level":"warning","event":"The `airflow.decorators.dag` attribute is deprecated. Please use `'airflow.sdk.dag'`.","category":"UserWarning","filename":"/opt/airflow/dags/conab_ingestion.py","lineno":17,"try_number":1,"ti_id":"019f5db2-9dd3-7f95-a070-8977356f09c7","dag_id":"conab_ingestion","run_id":"scheduled__2026-07-13T03:00:00+00:00","task_id":"carregar","map_index":12,"logger":"py.warnings"}
{"timestamp":"2026-07-13T22:56:56.927303Z","level":"warning","event":"The `airflow.decorators.task` attribute is deprecated. Please use `'airflow.sdk.task'`.","category":"UserWarning","filename":"/opt/airflow/dags/conab_ingestion.py","lineno":17,"try_number":1,"ti_id":"019f5db2-9dd3-7f95-a070-8977356f09c7","dag_id":"conab_ingestion","run_id":"scheduled__2026-07-13T03:00:00+00:00","task_id":"carregar","map_index":12,"logger":"py.warnings"}
{"timestamp":"2026-07-13T22:56:56.931374Z","level":"info","event":"Worker startup parse complete","bundle_name":"dags-folder","bundle_version":null,"dag_file":"conab_ingestion.py","dag_id":"conab_ingestion","bundle_prepare_ms":8,"dag_file_parse_ms":1416,"try_number":1,"ti_id":"019f5db2-9dd3-7f95-a070-8977356f09c7","run_id":"scheduled__2026-07-13T03:00:00+00:00","task_id":"carregar","map_index":12,"logger":"task","filename":"task_runner.py","lineno":1062}
{"timestamp":"2026-07-13T22:56:58.490231Z","level":"info","event":"::endgroup::","try_number":1,"ti_id":"019f5db2-9dd3-7f95-a070-8977356f09c7","dag_id":"conab_ingestion","run_id":"scheduled__2026-07-13T03:00:00+00:00","task_id":"carregar","map_index":12,"logger":"task","filename":"task_runner.py","lineno":2107}
{"timestamp":"2026-07-13T22:56:58.722526Z","level":"info","event":"Carregado .env de: /opt/airflow/dags/spark/.env","logger":"spark.ingest","try_number":1,"ti_id":"019f5db2-9dd3-7f95-a070-8977356f09c7","dag_id":"conab_ingestion","run_id":"scheduled__2026-07-13T03:00:00+00:00","task_id":"carregar","map_index":12,"filename":"ingest.py","lineno":54}
{"timestamp":"2026-07-13T22:56:58.730742Z","level":"info","event":"Catálogo configurado — URI=https://catalog.cloudflarestorage.com/515e2015338845cbadff913ac19d97a0/agrodata | warehouse=515e2015338845cbadff913ac19d97a0_agrodata | token=cfat_GNL…2c11","logger":"spark.ingest","try_number":1,"ti_id":"019f5db2-9dd3-7f95-a070-8977356f09c7","dag_id":"conab_ingestion","run_id":"scheduled__2026-07-13T03:00:00+00:00","task_id":"carregar","map_index":12,"filename":"ingest.py","lineno":75}
{"timestamp":"2026-07-13T22:57:01.074443Z","level":"error","event":"WARNING: Using incubator modules: jdk.incubator.vector","logger":"task.stderr"}
{"timestamp":"2026-07-13T22:57:21.741364Z","level":"error","event":"26/07/13 22:57:21 WARN NativeCodeLoader: Unable to load native-hadoop library for your platform... using builtin-java classes where applicable","logger":"task.stderr"}
{"timestamp":"2026-07-13T22:57:22.697989Z","level":"error","event":"Using Spark's default log4j profile: org/apache/spark/log4j2-defaults.properties","logger":"task.stderr"}
{"timestamp":"2026-07-13T22:57:22.703148Z","level":"error","event":"Setting default log level to \"WARN\".","logger":"task.stderr"}
{"timestamp":"2026-07-13T22:57:22.704222Z","level":"error","event":"To adjust logging level use sc.setLogLevel(newLevel). For SparkR, use setLogLevel(newLevel).","logger":"task.stderr"}
{"timestamp":"2026-07-13T22:57:56.524664Z","level":"error","event":"26/07/13 22:57:56 ERROR Inbox: Ignoring error","logger":"task.stderr"}
{"timestamp":"2026-07-13T22:57:56.529192Z","level":"error","event":"java.lang.NullPointerException: Cannot invoke \"org.apache.spark.storage.BlockManagerId.executorId()\" because \"idWithoutTopologyInfo\" is null","logger":"task.stderr"}
{"timestamp":"2026-07-13T22:57:56.532947Z","level":"error","event":"\tat org.apache.spark.storage.BlockManagerMasterEndpoint.org$apache$spark$storage$BlockManagerMasterEndpoint$$register(BlockManagerMasterEndpoint.scala:696)","logger":"task.stderr"}
{"timestamp":"2026-07-13T22:57:56.535212Z","level":"error","event":"\tat org.apache.spark.storage.BlockManagerMasterEndpoint$$anonfun$receiveAndReply$1.applyOrElse(BlockManagerMasterEndpoint.scala:141)","logger":"task.stderr"}
{"timestamp":"2026-07-13T22:57:56.540976Z","level":"error","event":"\tat org.apache.spark.rpc.netty.Inbox.$anonfun$process$1(Inbox.scala:104)","logger":"task.stderr"}
{"timestamp":"2026-07-13T22:57:56.543600Z","level":"error","event":"\tat org.apache.spark.rpc.netty.Inbox.safelyCall(Inbox.scala:216)","logger":"task.stderr"}
{"timestamp":"2026-07-13T22:57:56.545655Z","level":"error","event":"\tat org.apache.spark.rpc.netty.Inbox.process(Inbox.scala:101)","logger":"task.stderr"}
{"timestamp":"2026-07-13T22:57:56.548012Z","level":"error","event":"\tat org.apache.spark.rpc.netty.MessageLoop.org$apache$spark$rpc$netty$MessageLoop$$receiveLoop(MessageLoop.scala:76)","logger":"task.stderr"}
{"timestamp":"2026-07-13T22:57:56.549248Z","level":"error","event":"\tat org.apache.spark.rpc.netty.MessageLoop$$anon$1.run(MessageLoop.scala:42)","logger":"task.stderr"}
{"timestamp":"2026-07-13T22:57:56.550053Z","level":"error","event":"\tat java.base/java.util.concurrent.ThreadPoolExecutor.runWorker(ThreadPoolExecutor.java:1136)","logger":"task.stderr"}
{"timestamp":"2026-07-13T22:57:56.552753Z","level":"error","event":"\tat java.base/java.util.concurrent.ThreadPoolExecutor$Worker.run(ThreadPoolExecutor.java:635)","logger":"task.stderr"}
{"timestamp":"2026-07-13T22:57:56.555001Z","level":"error","event":"\tat java.base/java.lang.Thread.run(Thread.java:840)","logger":"task.stderr"}
{"timestamp":"2026-07-13T22:57:56.556506Z","level":"error","event":"26/07/13 22:57:56 WARN Executor: Issue communicating with driver in heartbeater","logger":"task.stderr"}
{"timestamp":"2026-07-13T22:57:56.557871Z","level":"error","event":"org.apache.spark.SparkException: Exception thrown in awaitResult:","logger":"task.stderr"}
{"timestamp":"2026-07-13T22:57:56.558858Z","level":"error","event":"\tat org.apache.spark.util.SparkThreadUtils$.awaitResult(SparkThreadUtils.scala:53)","logger":"task.stderr"}
{"timestamp":"2026-07-13T22:57:56.560025Z","level":"error","event":"\tat org.apache.spark.util.ThreadUtils$.awaitResult(ThreadUtils.scala:359)","logger":"task.stderr"}
{"timestamp":"2026-07-13T22:57:56.561059Z","level":"error","event":"\tat org.apache.spark.rpc.RpcTimeout.awaitResult(RpcTimeout.scala:75)","logger":"task.stderr"}
{"timestamp":"2026-07-13T22:57:56.562137Z","level":"error","event":"\tat org.apache.spark.rpc.RpcEndpointRef.askSync(RpcEndpointRef.scala:101)","logger":"task.stderr"}
{"timestamp":"2026-07-13T22:57:56.572365Z","level":"error","event":"\tat org.apache.spark.rpc.RpcEndpointRef.askSync(RpcEndpointRef.scala:85)","logger":"task.stderr"}
{"timestamp":"2026-07-13T22:57:56.573545Z","level":"error","event":"\tat org.apache.spark.storage.BlockManagerMaster.registerBlockManager(BlockManagerMaster.scala:81)","logger":"task.stderr"}
{"timestamp":"2026-07-13T22:57:56.574782Z","level":"error","event":"\tat org.apache.spark.storage.BlockManager.reregister(BlockManager.scala:674)","logger":"task.stderr"}
{"timestamp":"2026-07-13T22:57:56.575781Z","level":"error","event":"\tat org.apache.spark.executor.Executor.reportHeartBeat(Executor.scala:1530)","logger":"task.stderr"}
{"timestamp":"2026-07-13T22:57:56.578026Z","level":"error","event":"\tat org.apache.spark.executor.Executor.$anonfun$heartbeater$1(Executor.scala:483)","logger":"task.stderr"}
{"timestamp":"2026-07-13T22:57:56.579220Z","level":"error","event":"\tat scala.runtime.java8.JFunction0$mcV$sp.apply(JFunction0$mcV$sp.scala:18)","logger":"task.stderr"}
{"timestamp":"2026-07-13T22:57:56.584348Z","level":"error","event":"\tat org.apache.spark.util.Utils$.logUncaughtExceptions(Utils.scala:1941)","logger":"task.stderr"}
{"timestamp":"2026-07-13T22:57:56.585447Z","level":"error","event":"\tat org.apache.spark.Heartbeater$$anon$1.run(Heartbeater.scala:46)","logger":"task.stderr"}
{"timestamp":"2026-07-13T22:57:56.586700Z","level":"error","event":"\tat java.base/java.util.concurrent.Executors$RunnableAdapter.call(Executors.java:539)","logger":"task.stderr"}
{"timestamp":"2026-07-13T22:57:56.590027Z","level":"error","event":"\tat java.base/java.util.concurrent.FutureTask.runAndReset(FutureTask.java:305)","logger":"task.stderr"}
{"timestamp":"2026-07-13T22:57:56.594366Z","level":"error","event":"\tat java.base/java.util.concurrent.ScheduledThreadPoolExecutor$ScheduledFutureTask.run(ScheduledThreadPoolExecutor.java:305)","logger":"task.stderr"}
{"timestamp":"2026-07-13T22:57:56.604329Z","level":"error","event":"\tat java.base/java.util.concurrent.ThreadPoolExecutor.runWorker(ThreadPoolExecutor.java:1136)","logger":"task.stderr"}
{"timestamp":"2026-07-13T22:57:56.609148Z","level":"error","event":"\tat java.base/java.util.concurrent.ThreadPoolExecutor$Worker.run(ThreadPoolExecutor.java:635)","logger":"task.stderr"}
{"timestamp":"2026-07-13T22:57:56.611440Z","level":"error","event":"\tat java.base/java.lang.Thread.run(Thread.java:840)","logger":"task.stderr"}
{"timestamp":"2026-07-13T22:57:56.622625Z","level":"error","event":"Caused by: java.lang.NullPointerException: Cannot invoke \"org.apache.spark.storage.BlockManagerId.executorId()\" because \"idWithoutTopologyInfo\" is null","logger":"task.stderr"}
{"timestamp":"2026-07-13T22:57:56.624204Z","level":"error","event":"\tat org.apache.spark.storage.BlockManagerMasterEndpoint.org$apache$spark$storage$BlockManagerMasterEndpoint$$register(BlockManagerMasterEndpoint.scala:696)","logger":"task.stderr"}
{"timestamp":"2026-07-13T22:57:56.629528Z","level":"error","event":"\tat org.apache.spark.storage.BlockManagerMasterEndpoint$$anonfun$receiveAndReply$1.applyOrElse(BlockManagerMasterEndpoint.scala:141)","logger":"task.stderr"}
{"timestamp":"2026-07-13T22:57:56.632222Z","level":"error","event":"\tat org.apache.spark.rpc.netty.Inbox.$anonfun$process$1(Inbox.scala:104)","logger":"task.stderr"}
{"timestamp":"2026-07-13T22:57:56.636205Z","level":"error","event":"\tat org.apache.spark.rpc.netty.Inbox.safelyCall(Inbox.scala:216)","logger":"task.stderr"}
{"timestamp":"2026-07-13T22:57:56.647948Z","level":"error","event":"\tat org.apache.spark.rpc.netty.Inbox.process(Inbox.scala:101)","logger":"task.stderr"}
{"timestamp":"2026-07-13T22:57:56.659388Z","level":"error","event":"\tat org.apache.spark.rpc.netty.MessageLoop.org$apache$spark$rpc$netty$MessageLoop$$receiveLoop(MessageLoop.scala:76)","logger":"task.stderr"}
{"timestamp":"2026-07-13T22:57:56.660915Z","level":"error","event":"\tat org.apache.spark.rpc.netty.MessageLoop$$anon$1.run(MessageLoop.scala:42)","logger":"task.stderr"}
{"timestamp":"2026-07-13T22:57:56.663234Z","level":"error","event":"\t... 3 more","logger":"task.stderr"}
{"timestamp":"2026-07-13T23:00:19.522152Z","level":"info","event":"Done. Returned value was: None","try_number":1,"ti_id":"019f5db2-9dd3-7f95-a070-8977356f09c7","dag_id":"conab_ingestion","run_id":"scheduled__2026-07-13T03:00:00+00:00","task_id":"carregar","map_index":12,"logger":"airflow.task.operators.airflow.providers.standard.decorators.python._PythonDecoratedOperator","filename":"python.py","lineno":233}
{"timestamp":"2026-07-13T23:00:19.537696Z","level":"info","event":"::group::Post Execute","try_number":1,"ti_id":"019f5db2-9dd3-7f95-a070-8977356f09c7","dag_id":"conab_ingestion","run_id":"scheduled__2026-07-13T03:00:00+00:00","task_id":"carregar","map_index":12,"logger":"task","filename":"task_runner.py","lineno":1577}
{"timestamp":"2026-07-13T23:00:19.629392Z","level":"info","event":"::endgroup::","try_number":1,"ti_id":"019f5db2-9dd3-7f95-a070-8977356f09c7","dag_id":"conab_ingestion","run_id":"scheduled__2026-07-13T03:00:00+00:00","task_id":"carregar","map_index":12,"logger":"task","filename":"task_runner.py","lineno":2270}
{"timestamp":"2026-07-13T23:00:20.580888Z","level":"error","event":"\r[Stage 0:>                                                          (0 + 0) / 1]\r\r[Stage 0:>                                                          (0 + 1) / 1]\r\r[Stage 0:===========================================================(1 + 0) / 1]\r\r                                                                                \r\r[Stage 1:>                                                          (0 + 1) / 1]\r\r                                                                                \r\r[Stage 3:>                                                          (0 + 1) / 1]\r\r                                                                                \r\r[Stage 4:>                                                          (0 + 1) / 1]","logger":"task.stderr"}
